<?xml version="1.0" encoding="utf-8"?>
<TestRun id="8950b2a8-6b51-46c4-95e6-4b5fb0fc0141" name="sferrari@PC-SFERRARI 2021-07-26 14:33:34" runUser="PC-SFERRARI\sferrari" xmlns="http://microsoft.com/schemas/VisualStudio/TeamTest/2010">
  <Times creation="2021-07-26T14:33:34.9592673+02:00" queuing="2021-07-26T14:33:34.9592688+02:00" start="2021-07-26T14:33:32.4115318+02:00" finish="2021-07-26T14:33:35.5179480+02:00" />
  <TestSettings name="default" id="0401edbf-77ea-4f1b-a8d6-09df4310d426">
    <Deployment runDeploymentRoot="sferrari_PC-SFERRARI_2021-07-26_14_33_34" />
  </TestSettings>
  <Results>
    <UnitTestResult executionId="ea9991b7-692c-496e-8253-45f861932605" testId="ee8d823d-73ed-4d89-a813-8b4af69b154d" testName="GetPagedAsyncWhereSelect" computerName="PC-SFERRARI" duration="00:00:00.0046468" startTime="2021-07-26T14:33:35.1500505+02:00" endTime="2021-07-26T14:33:35.1547888+02:00" testType="13cdc9d9-ddb5-4fa4-a97d-d965ccfc6d4b" outcome="Passed" testListId="8c84fa94-04c1-424b-9868-57a2d4851a1d" relativeResultsDirectory="ea9991b7-692c-496e-8253-45f861932605" />
    <UnitTestResult executionId="0b190e76-6019-47e0-a0e6-f4117afa1e7d" testId="3da5121c-9566-43b2-9b04-fe48f9101bb9" testName="GetPagedAsyncWhere" computerName="PC-SFERRARI" duration="00:00:00.0018659" startTime="2021-07-26T14:33:35.1201948+02:00" endTime="2021-07-26T14:33:35.1221539+02:00" testType="13cdc9d9-ddb5-4fa4-a97d-d965ccfc6d4b" outcome="Passed" testListId="8c84fa94-04c1-424b-9868-57a2d4851a1d" relativeResultsDirectory="0b190e76-6019-47e0-a0e6-f4117afa1e7d" />
    <UnitTestResult executionId="22177b79-bd4a-4395-9583-1276d8c9a788" testId="a84b0303-d1f9-4658-ac51-9e45c62132c6" testName="AddRange" computerName="PC-SFERRARI" duration="00:00:00.0101813" startTime="2021-07-26T14:33:35.2297925+02:00" endTime="2021-07-26T14:33:35.2400692+02:00" testType="13cdc9d9-ddb5-4fa4-a97d-d965ccfc6d4b" outcome="Passed" testListId="8c84fa94-04c1-424b-9868-57a2d4851a1d" relativeResultsDirectory="22177b79-bd4a-4395-9583-1276d8c9a788" />
    <UnitTestResult executionId="b2c2edf2-d61d-4e42-ab3e-a561f03190e7" testId="c85d60fc-804f-4565-b189-e68d41a78f8b" testName="GetAllWhere" computerName="PC-SFERRARI" duration="00:00:00.0075131" startTime="2021-07-26T14:33:35.0496683+02:00" endTime="2021-07-26T14:33:35.0572924+02:00" testType="13cdc9d9-ddb5-4fa4-a97d-d965ccfc6d4b" outcome="Passed" testListId="8c84fa94-04c1-424b-9868-57a2d4851a1d" relativeResultsDirectory="b2c2edf2-d61d-4e42-ab3e-a561f03190e7" />
    <UnitTestResult executionId="56562829-2b2c-4539-80cf-ab33b9ec9c90" testId="ed1081bd-436c-43e1-a4f0-1f309ec54d87" testName="Delete" computerName="PC-SFERRARI" duration="00:00:00.0068896" startTime="2021-07-26T14:33:35.2933956+02:00" endTime="2021-07-26T14:33:35.3003762+02:00" testType="13cdc9d9-ddb5-4fa4-a97d-d965ccfc6d4b" outcome="Passed" testListId="8c84fa94-04c1-424b-9868-57a2d4851a1d" relativeResultsDirectory="56562829-2b2c-4539-80cf-ab33b9ec9c90" />
    <UnitTestResult executionId="da5fb7d0-72a8-4f79-b81c-8f7a93c5165b" testId="e0204079-420a-48cc-bc99-c9b31a3fbe8f" testName="UpdateAsynchronous" computerName="PC-SFERRARI" duration="00:00:00.0017656" startTime="2021-07-26T14:33:35.2870439+02:00" endTime="2021-07-26T14:33:35.2889312+02:00" testType="13cdc9d9-ddb5-4fa4-a97d-d965ccfc6d4b" outcome="Passed" testListId="8c84fa94-04c1-424b-9868-57a2d4851a1d" relativeResultsDirectory="da5fb7d0-72a8-4f79-b81c-8f7a93c5165b" />
    <UnitTestResult executionId="8a0cc488-b51e-47fa-b72c-20d471e55291" testId="159672dc-e5c6-4458-99fb-32c475acf7e6" testName="NameConvert" computerName="PC-SFERRARI" duration="00:00:00.0037042" startTime="2021-07-26T14:33:33.7082338+02:00" endTime="2021-07-26T14:33:33.7120291+02:00" testType="13cdc9d9-ddb5-4fa4-a97d-d965ccfc6d4b" outcome="Passed" testListId="8c84fa94-04c1-424b-9868-57a2d4851a1d" relativeResultsDirectory="8a0cc488-b51e-47fa-b72c-20d471e55291" />
    <UnitTestResult executionId="afe2df51-a304-452e-bba8-8e384149742a" testId="627d45d5-5f04-4525-b5b3-a0c2148a0b44" testName="GetPaged" computerName="PC-SFERRARI" duration="00:00:00.0061620" startTime="2021-07-26T14:33:35.1023646+02:00" endTime="2021-07-26T14:33:35.1086393+02:00" testType="13cdc9d9-ddb5-4fa4-a97d-d965ccfc6d4b" outcome="Passed" testListId="8c84fa94-04c1-424b-9868-57a2d4851a1d" relativeResultsDirectory="afe2df51-a304-452e-bba8-8e384149742a" />
    <UnitTestResult executionId="4d082370-c914-4243-8422-f66b9243e941" testId="35460d85-4745-40aa-88be-89907f11f278" testName="GetAllWhereIncludes" computerName="PC-SFERRARI" duration="00:00:00.0078977" startTime="2021-07-26T14:33:35.0676468+02:00" endTime="2021-07-26T14:33:35.0756431+02:00" testType="13cdc9d9-ddb5-4fa4-a97d-d965ccfc6d4b" outcome="Passed" testListId="8c84fa94-04c1-424b-9868-57a2d4851a1d" relativeResultsDirectory="4d082370-c914-4243-8422-f66b9243e941" />
    <UnitTestResult executionId="4fd88356-5f14-49a4-be39-9dc8a246c09f" testId="a70e4fe8-b2f0-46f0-b4c4-c38079a37856" testName="SubdomainConvert" computerName="PC-SFERRARI" duration="00:00:00.0019762" startTime="2021-07-26T14:33:33.7120935+02:00" endTime="2021-07-26T14:33:33.7141650+02:00" testType="13cdc9d9-ddb5-4fa4-a97d-d965ccfc6d4b" outcome="Passed" testListId="8c84fa94-04c1-424b-9868-57a2d4851a1d" relativeResultsDirectory="4fd88356-5f14-49a4-be39-9dc8a246c09f" />
    <UnitTestResult executionId="42c00f1a-7272-488b-ac50-16e82de06ca2" testId="852acf56-9108-46e9-b595-a27eca95a2a1" testName="DeleteAsynchronous" computerName="PC-SFERRARI" duration="00:00:00.0020947" startTime="2021-07-26T14:33:35.3004501+02:00" endTime="2021-07-26T14:33:35.3026420+02:00" testType="13cdc9d9-ddb5-4fa4-a97d-d965ccfc6d4b" outcome="Passed" testListId="8c84fa94-04c1-424b-9868-57a2d4851a1d" relativeResultsDirectory="42c00f1a-7272-488b-ac50-16e82de06ca2" />
    <UnitTestResult executionId="a80dbf41-0f14-46df-aed3-22d64aded45b" testId="15ea98fa-6ba4-4073-9ba6-bdcb3221e6a5" testName="GetAllAsyncWhereIncludesSelect" computerName="PC-SFERRARI" duration="00:00:00.0029462" startTime="2021-07-26T14:33:35.0979150+02:00" endTime="2021-07-26T14:33:35.1009427+02:00" testType="13cdc9d9-ddb5-4fa4-a97d-d965ccfc6d4b" outcome="Passed" testListId="8c84fa94-04c1-424b-9868-57a2d4851a1d" relativeResultsDirectory="a80dbf41-0f14-46df-aed3-22d64aded45b" />
    <UnitTestResult executionId="f1e2a088-b151-4308-9ead-cc6f3dbc4606" testId="833304df-ad03-4146-8d83-24851ec45ea6" testName="GetOnetWhereIncludesSelect" computerName="PC-SFERRARI" duration="00:00:00.0074000" startTime="2021-07-26T14:33:35.0088159+02:00" endTime="2021-07-26T14:33:35.0163227+02:00" testType="13cdc9d9-ddb5-4fa4-a97d-d965ccfc6d4b" outcome="Passed" testListId="8c84fa94-04c1-424b-9868-57a2d4851a1d" relativeResultsDirectory="f1e2a088-b151-4308-9ead-cc6f3dbc4606" />
    <UnitTestResult executionId="4d7066b3-d85f-48b4-ae4a-fbb81604c865" testId="db0cb10a-b148-4ab2-bdbc-c34f3d090c22" testName="GetAllAsync" computerName="PC-SFERRARI" duration="00:00:00.0153229" startTime="2021-07-26T14:33:35.0341805+02:00" endTime="2021-07-26T14:33:35.0496100+02:00" testType="13cdc9d9-ddb5-4fa4-a97d-d965ccfc6d4b" outcome="Passed" testListId="8c84fa94-04c1-424b-9868-57a2d4851a1d" relativeResultsDirectory="4d7066b3-d85f-48b4-ae4a-fbb81604c865" />
    <UnitTestResult executionId="452a84d1-c9d8-4533-aead-881e7f4b1a8f" testId="6f0ff471-bde6-47d4-bd9e-7a7db3e5afa3" testName="GetOneAsyncWhereSelect" computerName="PC-SFERRARI" duration="00:00:00.0098548" startTime="2021-07-26T14:33:34.9987722+02:00" endTime="2021-07-26T14:33:35.0087502+02:00" testType="13cdc9d9-ddb5-4fa4-a97d-d965ccfc6d4b" outcome="Passed" testListId="8c84fa94-04c1-424b-9868-57a2d4851a1d" relativeResultsDirectory="452a84d1-c9d8-4533-aead-881e7f4b1a8f" />
    <UnitTestResult executionId="3dd933f3-f600-4b81-a427-afd4f74892af" testId="23866984-4e94-4a03-9df3-3bd1da705920" testName="UpdateValueObject" computerName="PC-SFERRARI" duration="00:00:00.0018035" startTime="2021-07-26T14:33:35.2914343+02:00" endTime="2021-07-26T14:33:35.2933438+02:00" testType="13cdc9d9-ddb5-4fa4-a97d-d965ccfc6d4b" outcome="Passed" testListId="8c84fa94-04c1-424b-9868-57a2d4851a1d" relativeResultsDirectory="3dd933f3-f600-4b81-a427-afd4f74892af" />
    <UnitTestResult executionId="46fc5195-5eb2-42de-b30d-4990748d97ca" testId="6c7e9f01-85c8-48e0-823a-e48c88132f15" testName="GetOnetWhereSelect" computerName="PC-SFERRARI" duration="00:00:00.0121351" startTime="2021-07-26T14:33:34.9864021+02:00" endTime="2021-07-26T14:33:34.9986647+02:00" testType="13cdc9d9-ddb5-4fa4-a97d-d965ccfc6d4b" outcome="Passed" testListId="8c84fa94-04c1-424b-9868-57a2d4851a1d" relativeResultsDirectory="46fc5195-5eb2-42de-b30d-4990748d97ca" />
    <UnitTestResult executionId="209b6d5c-2f81-41f0-88b9-d0ea77e634f3" testId="a605a0ed-41ed-43a8-b2d3-f3fbcde01899" testName="GetPagedAsyncWhereIncludesSelect" computerName="PC-SFERRARI" duration="00:00:00.0019036" startTime="2021-07-26T14:33:35.1616747+02:00" endTime="2021-07-26T14:33:35.1636906+02:00" testType="13cdc9d9-ddb5-4fa4-a97d-d965ccfc6d4b" outcome="Passed" testListId="8c84fa94-04c1-424b-9868-57a2d4851a1d" relativeResultsDirectory="209b6d5c-2f81-41f0-88b9-d0ea77e634f3" />
    <UnitTestResult executionId="d420313e-fd87-48b5-90c5-4965406176b4" testId="8ad8d8cc-ddf0-4553-893e-f6faadca5d9a" testName="EnumConvertName" computerName="PC-SFERRARI" duration="00:00:00.1242007" startTime="2021-07-26T14:33:33.5231199+02:00" endTime="2021-07-26T14:33:33.6748442+02:00" testType="13cdc9d9-ddb5-4fa4-a97d-d965ccfc6d4b" outcome="Passed" testListId="8c84fa94-04c1-424b-9868-57a2d4851a1d" relativeResultsDirectory="d420313e-fd87-48b5-90c5-4965406176b4" />
    <UnitTestResult executionId="08544ec8-3247-4468-b67c-03d26b10e5a8" testId="faf38971-838c-44b4-a4bf-97d05bd88c80" testName="Find" computerName="PC-SFERRARI" duration="00:00:00.0154263" startTime="2021-07-26T14:33:35.1852904+02:00" endTime="2021-07-26T14:33:35.2008152+02:00" testType="13cdc9d9-ddb5-4fa4-a97d-d965ccfc6d4b" outcome="Passed" testListId="8c84fa94-04c1-424b-9868-57a2d4851a1d" relativeResultsDirectory="08544ec8-3247-4468-b67c-03d26b10e5a8" />
    <UnitTestResult executionId="1015b2fd-fb7b-4c7a-87e3-041c7b43f0ae" testId="54d303dc-57aa-4be3-98e6-25f5dbb728b8" testName="GetOneAsyncWhere" computerName="PC-SFERRARI" duration="00:00:00.0438245" startTime="2021-07-26T14:33:34.8808346+02:00" endTime="2021-07-26T14:33:34.9247984+02:00" testType="13cdc9d9-ddb5-4fa4-a97d-d965ccfc6d4b" outcome="Passed" testListId="8c84fa94-04c1-424b-9868-57a2d4851a1d" relativeResultsDirectory="1015b2fd-fb7b-4c7a-87e3-041c7b43f0ae" />
    <UnitTestResult executionId="55f4bca9-e753-49a4-b930-0fd91cfa7f1a" testId="f522ebc7-f13f-4fa1-8c82-9dfc39f9756a" testName="Update" computerName="PC-SFERRARI" duration="00:00:00.0387405" startTime="2021-07-26T14:33:35.2455822+02:00" endTime="2021-07-26T14:33:35.2844257+02:00" testType="13cdc9d9-ddb5-4fa4-a97d-d965ccfc6d4b" outcome="Passed" testListId="8c84fa94-04c1-424b-9868-57a2d4851a1d" relativeResultsDirectory="55f4bca9-e753-49a4-b930-0fd91cfa7f1a" />
    <UnitTestResult executionId="268c33d9-0c5f-4924-a4ec-0e474531ff1d" testId="ae8f8439-e933-4b20-af08-bfe0f1208779" testName="Add" computerName="PC-SFERRARI" duration="00:00:00.0012458" startTime="2021-07-26T14:33:35.2130679+02:00" endTime="2021-07-26T14:33:35.2144060+02:00" testType="13cdc9d9-ddb5-4fa4-a97d-d965ccfc6d4b" outcome="Passed" testListId="8c84fa94-04c1-424b-9868-57a2d4851a1d" relativeResultsDirectory="268c33d9-0c5f-4924-a4ec-0e474531ff1d" />
    <UnitTestResult executionId="f3b8f62e-0bbc-476b-85d4-4acc08d47784" testId="ae699d50-afb1-4154-8904-48b0e5a2f0fc" testName="AddAsync" computerName="PC-SFERRARI" duration="00:00:00.0152039" startTime="2021-07-26T14:33:35.2144507+02:00" endTime="2021-07-26T14:33:35.2297393+02:00" testType="13cdc9d9-ddb5-4fa4-a97d-d965ccfc6d4b" outcome="Passed" testListId="8c84fa94-04c1-424b-9868-57a2d4851a1d" relativeResultsDirectory="f3b8f62e-0bbc-476b-85d4-4acc08d47784" />
    <UnitTestResult executionId="c7253373-86d6-4f85-8169-5c028563814a" testId="9c0fcc27-0a42-4843-8016-749378a40fad" testName="EmailConvert" computerName="PC-SFERRARI" duration="00:00:00.0164826" startTime="2021-07-26T14:33:33.6916054+02:00" endTime="2021-07-26T14:33:33.7081596+02:00" testType="13cdc9d9-ddb5-4fa4-a97d-d965ccfc6d4b" outcome="Passed" testListId="8c84fa94-04c1-424b-9868-57a2d4851a1d" relativeResultsDirectory="c7253373-86d6-4f85-8169-5c028563814a" />
    <UnitTestResult executionId="3ba7b393-7cbd-4703-92fd-c2e69e8b67e8" testId="36835da3-98ca-4647-9d3f-dd6b622d164f" testName="AddRangeAsync" computerName="PC-SFERRARI" duration="00:00:00.0039498" startTime="2021-07-26T14:33:35.2414608+02:00" endTime="2021-07-26T14:33:35.2455283+02:00" testType="13cdc9d9-ddb5-4fa4-a97d-d965ccfc6d4b" outcome="Passed" testListId="8c84fa94-04c1-424b-9868-57a2d4851a1d" relativeResultsDirectory="3ba7b393-7cbd-4703-92fd-c2e69e8b67e8" />
    <UnitTestResult executionId="47a90a1c-02b2-431f-b8c9-46b452346f1c" testId="a259bb74-2c46-4579-af9e-7744f9163742" testName="CountWhere" computerName="PC-SFERRARI" duration="00:00:00.0043092" startTime="2021-07-26T14:33:35.3628299+02:00" endTime="2021-07-26T14:33:35.3673651+02:00" testType="13cdc9d9-ddb5-4fa4-a97d-d965ccfc6d4b" outcome="Passed" testListId="8c84fa94-04c1-424b-9868-57a2d4851a1d" relativeResultsDirectory="47a90a1c-02b2-431f-b8c9-46b452346f1c" />
    <UnitTestResult executionId="da58ea8b-6767-459a-b06b-05a1c4b5deca" testId="3811fc92-44b1-4be5-8ff8-cd4139eaec5d" testName="UpdateSelect" computerName="PC-SFERRARI" duration="00:00:00.0023940" startTime="2021-07-26T14:33:35.2844879+02:00" endTime="2021-07-26T14:33:35.2869893+02:00" testType="13cdc9d9-ddb5-4fa4-a97d-d965ccfc6d4b" outcome="Passed" testListId="8c84fa94-04c1-424b-9868-57a2d4851a1d" relativeResultsDirectory="da58ea8b-6767-459a-b06b-05a1c4b5deca" />
    <UnitTestResult executionId="f82f90e5-2779-49d7-86c7-ce92509445f0" testId="87544fbe-0c3b-4554-a0c9-caab1692201a" testName="GetPagedWhereIncludes" computerName="PC-SFERRARI" duration="00:00:00.0210145" startTime="2021-07-26T14:33:35.1222223+02:00" endTime="2021-07-26T14:33:35.1433299+02:00" testType="13cdc9d9-ddb5-4fa4-a97d-d965ccfc6d4b" outcome="Passed" testListId="8c84fa94-04c1-424b-9868-57a2d4851a1d" relativeResultsDirectory="f82f90e5-2779-49d7-86c7-ce92509445f0" />
    <UnitTestResult executionId="0de0b9e0-bed5-4cf0-ab53-eb37f8632eab" testId="a4dc8ba6-d898-4518-85c0-859f2ec44194" testName="CountWhereAsync" computerName="PC-SFERRARI" duration="00:00:00.0038662" startTime="2021-07-26T14:33:35.3674191+02:00" endTime="2021-07-26T14:33:35.3713839+02:00" testType="13cdc9d9-ddb5-4fa4-a97d-d965ccfc6d4b" outcome="Passed" testListId="8c84fa94-04c1-424b-9868-57a2d4851a1d" relativeResultsDirectory="0de0b9e0-bed5-4cf0-ab53-eb37f8632eab" />
    <UnitTestResult executionId="3bfa648f-75d5-4521-bf1b-eba2c465a5e8" testId="98f87da8-d646-4952-a2e6-3c35eed93cf5" testName="GetPagedSelectOrderByNavigationProperty" computerName="PC-SFERRARI" duration="00:00:00.0034460" startTime="2021-07-26T14:33:35.1637497+02:00" endTime="2021-07-26T14:33:35.1672893+02:00" testType="13cdc9d9-ddb5-4fa4-a97d-d965ccfc6d4b" outcome="Passed" testListId="8c84fa94-04c1-424b-9868-57a2d4851a1d" relativeResultsDirectory="3bfa648f-75d5-4521-bf1b-eba2c465a5e8" />
    <UnitTestResult executionId="bea729c5-a015-4a92-bcc0-bfb16a2119d4" testId="e63db974-8f19-4860-8ec1-16baaf581926" testName="DeleteWhereAsynchronous" computerName="PC-SFERRARI" duration="00:00:00.0191585" startTime="2021-07-26T14:33:35.3198099+02:00" endTime="2021-07-26T14:33:35.3391170+02:00" testType="13cdc9d9-ddb5-4fa4-a97d-d965ccfc6d4b" outcome="Passed" testListId="8c84fa94-04c1-424b-9868-57a2d4851a1d" relativeResultsDirectory="bea729c5-a015-4a92-bcc0-bfb16a2119d4" />
    <UnitTestResult executionId="0d66e3c8-373e-4a8e-9901-ccdb3fe0ce93" testId="1f9b2e40-4ce2-48df-8ca2-844f74e1d09e" testName="QueryableOrderByDescending" computerName="PC-SFERRARI" duration="00:00:00.0150288" startTime="2021-07-26T14:33:35.1701084+02:00" endTime="2021-07-26T14:33:35.1852347+02:00" testType="13cdc9d9-ddb5-4fa4-a97d-d965ccfc6d4b" outcome="Passed" testListId="8c84fa94-04c1-424b-9868-57a2d4851a1d" relativeResultsDirectory="0d66e3c8-373e-4a8e-9901-ccdb3fe0ce93" />
    <UnitTestResult executionId="44ee0fa8-9d15-4e1e-a289-1bf749458d6a" testId="30e2b823-71ea-4cea-8080-1f65dd44cf2f" testName="GetOneAsyncWhereInclude" computerName="PC-SFERRARI" duration="00:00:00.0130985" startTime="2021-07-26T14:33:34.9731222+02:00" endTime="2021-07-26T14:33:34.9863409+02:00" testType="13cdc9d9-ddb5-4fa4-a97d-d965ccfc6d4b" outcome="Passed" testListId="8c84fa94-04c1-424b-9868-57a2d4851a1d" relativeResultsDirectory="44ee0fa8-9d15-4e1e-a289-1bf749458d6a" />
    <UnitTestResult executionId="f9f4793a-1b0c-47f9-b885-cd8e89ddd44d" testId="c614d7a0-f1ea-4202-88bb-a0a5ea6169ac" testName="UpdatePartial" computerName="PC-SFERRARI" duration="00:00:00.0022964" startTime="2021-07-26T14:33:35.2889844+02:00" endTime="2021-07-26T14:33:35.2913760+02:00" testType="13cdc9d9-ddb5-4fa4-a97d-d965ccfc6d4b" outcome="Passed" testListId="8c84fa94-04c1-424b-9868-57a2d4851a1d" relativeResultsDirectory="f9f4793a-1b0c-47f9-b885-cd8e89ddd44d" />
    <UnitTestResult executionId="02debdbc-294d-40fc-8a1d-bc55154a7eb3" testId="1a95afd6-df8e-4ed6-83d6-6f6fddaf3efd" testName="GetOneAsyncWhereIncludesSelect" computerName="PC-SFERRARI" duration="00:00:00.0067862" startTime="2021-07-26T14:33:35.0163820+02:00" endTime="2021-07-26T14:33:35.0232834+02:00" testType="13cdc9d9-ddb5-4fa4-a97d-d965ccfc6d4b" outcome="Passed" testListId="8c84fa94-04c1-424b-9868-57a2d4851a1d" relativeResultsDirectory="02debdbc-294d-40fc-8a1d-bc55154a7eb3" />
    <UnitTestResult executionId="3229c23e-a643-47bd-8c6c-b5ab29fc8a2d" testId="261eaaaa-bbb3-41c0-a2fa-959449054334" testName="GetOneWhereInclude" computerName="PC-SFERRARI" duration="00:00:00.0480634" startTime="2021-07-26T14:33:34.9248672+02:00" endTime="2021-07-26T14:33:34.9730486+02:00" testType="13cdc9d9-ddb5-4fa4-a97d-d965ccfc6d4b" outcome="Passed" testListId="8c84fa94-04c1-424b-9868-57a2d4851a1d" relativeResultsDirectory="3229c23e-a643-47bd-8c6c-b5ab29fc8a2d" />
    <UnitTestResult executionId="8952df1c-f65a-473a-84d8-8d2030172a48" testId="4bbb676a-972e-4d60-96a3-6ec8bce3d283" testName="DeleteWhere" computerName="PC-SFERRARI" duration="00:00:00.0146634" startTime="2021-07-26T14:33:35.3026924+02:00" endTime="2021-07-26T14:33:35.3174469+02:00" testType="13cdc9d9-ddb5-4fa4-a97d-d965ccfc6d4b" outcome="Passed" testListId="8c84fa94-04c1-424b-9868-57a2d4851a1d" relativeResultsDirectory="8952df1c-f65a-473a-84d8-8d2030172a48" />
    <UnitTestResult executionId="9e5e6fd3-c082-4e4a-9f68-b6de70f20e3a" testId="c35463b7-6b8e-405e-b70d-bd52500df4bd" testName="StatusInactiveConvert" computerName="PC-SFERRARI" duration="00:00:00.0003887" startTime="2021-07-26T14:33:33.6911011+02:00" endTime="2021-07-26T14:33:33.6915761+02:00" testType="13cdc9d9-ddb5-4fa4-a97d-d965ccfc6d4b" outcome="Passed" testListId="8c84fa94-04c1-424b-9868-57a2d4851a1d" relativeResultsDirectory="9e5e6fd3-c082-4e4a-9f68-b6de70f20e3a" />
    <UnitTestResult executionId="72f08209-4a87-4f8f-89b6-59d8e9fdafc6" testId="c33eb741-9cb8-4c06-912d-803c0335758f" testName="GetAllAsyncWhereSelect" computerName="PC-SFERRARI" duration="00:00:00.0104176" startTime="2021-07-26T14:33:35.0862963+02:00" endTime="2021-07-26T14:33:35.0967983+02:00" testType="13cdc9d9-ddb5-4fa4-a97d-d965ccfc6d4b" outcome="Passed" testListId="8c84fa94-04c1-424b-9868-57a2d4851a1d" relativeResultsDirectory="72f08209-4a87-4f8f-89b6-59d8e9fdafc6" />
    <UnitTestResult executionId="df5d3c00-304a-4889-9ee3-0182d12ff44f" testId="5de09a37-b517-4e19-9bc1-c7da06910738" testName="FindAsync" computerName="PC-SFERRARI" duration="00:00:00.0120273" startTime="2021-07-26T14:33:35.2008689+02:00" endTime="2021-07-26T14:33:35.2130041+02:00" testType="13cdc9d9-ddb5-4fa4-a97d-d965ccfc6d4b" outcome="Passed" testListId="8c84fa94-04c1-424b-9868-57a2d4851a1d" relativeResultsDirectory="df5d3c00-304a-4889-9ee3-0182d12ff44f" />
    <UnitTestResult executionId="2c20214b-ea2b-4c82-9663-90d95bdc7610" testId="aa374003-2da7-4aac-ab3a-d4ba941f0a0a" testName="CountAsync" computerName="PC-SFERRARI" duration="00:00:00.0059355" startTime="2021-07-26T14:33:35.3567509+02:00" endTime="2021-07-26T14:33:35.3627700+02:00" testType="13cdc9d9-ddb5-4fa4-a97d-d965ccfc6d4b" outcome="Passed" testListId="8c84fa94-04c1-424b-9868-57a2d4851a1d" relativeResultsDirectory="2c20214b-ea2b-4c82-9663-90d95bdc7610" />
    <UnitTestResult executionId="8f36e68d-f868-4043-a53f-61cfe9d1f5f8" testId="7b6697ca-b426-413b-bbd9-6b4d4741f53d" testName="GetPagedWhereIncludesSelect" computerName="PC-SFERRARI" duration="00:00:00.0053043" startTime="2021-07-26T14:33:35.1548443+02:00" endTime="2021-07-26T14:33:35.1602441+02:00" testType="13cdc9d9-ddb5-4fa4-a97d-d965ccfc6d4b" outcome="Passed" testListId="8c84fa94-04c1-424b-9868-57a2d4851a1d" relativeResultsDirectory="8f36e68d-f868-4043-a53f-61cfe9d1f5f8" />
    <UnitTestResult executionId="b6998178-b72b-4e10-a277-4a66bdf0ad7a" testId="aa730c66-574a-4eed-81d1-7e15c8812b4b" testName="Count" computerName="PC-SFERRARI" duration="00:00:00.0007193" startTime="2021-07-26T14:33:35.3558975+02:00" endTime="2021-07-26T14:33:35.3567110+02:00" testType="13cdc9d9-ddb5-4fa4-a97d-d965ccfc6d4b" outcome="Passed" testListId="8c84fa94-04c1-424b-9868-57a2d4851a1d" relativeResultsDirectory="b6998178-b72b-4e10-a277-4a66bdf0ad7a" />
    <UnitTestResult executionId="e45f34e2-6bc8-4275-aad2-52a9432c3301" testId="14455b1e-7669-4fda-b5dd-98e09e6f77ca" testName="GetPagedSelectOrderByProperty" computerName="PC-SFERRARI" duration="00:00:00.0026158" startTime="2021-07-26T14:33:35.1673425+02:00" endTime="2021-07-26T14:33:35.1700526+02:00" testType="13cdc9d9-ddb5-4fa4-a97d-d965ccfc6d4b" outcome="Passed" testListId="8c84fa94-04c1-424b-9868-57a2d4851a1d" relativeResultsDirectory="e45f34e2-6bc8-4275-aad2-52a9432c3301" />
    <UnitTestResult executionId="ba4b3a34-694f-47bf-9e05-f71fbd292e12" testId="a7925bdd-3fad-45a3-9ee7-5a6f123bf372" testName="Any" computerName="PC-SFERRARI" duration="00:00:00.0027824" startTime="2021-07-26T14:33:35.3391700+02:00" endTime="2021-07-26T14:33:35.3420522+02:00" testType="13cdc9d9-ddb5-4fa4-a97d-d965ccfc6d4b" outcome="Passed" testListId="8c84fa94-04c1-424b-9868-57a2d4851a1d" relativeResultsDirectory="ba4b3a34-694f-47bf-9e05-f71fbd292e12" />
    <UnitTestResult executionId="1afaba37-2fba-423a-8534-523e3312d970" testId="63aff9d1-b4a7-43eb-8ef5-88b5b7da9d2a" testName="StatusActiveConvert" computerName="PC-SFERRARI" duration="00:00:00.0019949" startTime="2021-07-26T14:33:33.6889089+02:00" endTime="2021-07-26T14:33:33.6910507+02:00" testType="13cdc9d9-ddb5-4fa4-a97d-d965ccfc6d4b" outcome="Passed" testListId="8c84fa94-04c1-424b-9868-57a2d4851a1d" relativeResultsDirectory="1afaba37-2fba-423a-8534-523e3312d970" />
    <UnitTestResult executionId="c47e863e-8cd6-463d-a50b-c6fe51bc173a" testId="4dd850d7-0a25-4633-b34b-cc63af690c0c" testName="GetAllAsyncWhereIncludes" computerName="PC-SFERRARI" duration="00:00:00.0087642" startTime="2021-07-26T14:33:35.0756961+02:00" endTime="2021-07-26T14:33:35.0845552+02:00" testType="13cdc9d9-ddb5-4fa4-a97d-d965ccfc6d4b" outcome="Passed" testListId="8c84fa94-04c1-424b-9868-57a2d4851a1d" relativeResultsDirectory="c47e863e-8cd6-463d-a50b-c6fe51bc173a" />
    <UnitTestResult executionId="d5e3c4f6-a298-4815-abc6-2f061197158e" testId="71117feb-b340-4dfe-98f6-1bb0bac02f2c" testName="GetAllWhereSelect" computerName="PC-SFERRARI" duration="00:00:00.0015380" startTime="2021-07-26T14:33:35.0846104+02:00" endTime="2021-07-26T14:33:35.0862485+02:00" testType="13cdc9d9-ddb5-4fa4-a97d-d965ccfc6d4b" outcome="Passed" testListId="8c84fa94-04c1-424b-9868-57a2d4851a1d" relativeResultsDirectory="d5e3c4f6-a298-4815-abc6-2f061197158e" />
    <UnitTestResult executionId="55abb702-95ab-418b-9cb8-f559eb00656c" testId="b30dfabd-0a00-400b-b454-3d1da18801e5" testName="GetAllWhereIncludesSelect" computerName="PC-SFERRARI" duration="00:00:00.0009348" startTime="2021-07-26T14:33:35.0968554+02:00" endTime="2021-07-26T14:33:35.0978775+02:00" testType="13cdc9d9-ddb5-4fa4-a97d-d965ccfc6d4b" outcome="Passed" testListId="8c84fa94-04c1-424b-9868-57a2d4851a1d" relativeResultsDirectory="55abb702-95ab-418b-9cb8-f559eb00656c" />
    <UnitTestResult executionId="0b9db8ed-1d24-4d48-9939-d7bf1447c885" testId="6b119a01-f7c3-4566-9ed5-71e714b8b602" testName="GetAllAsyncWhere" computerName="PC-SFERRARI" duration="00:00:00.0101542" startTime="2021-07-26T14:33:35.0573431+02:00" endTime="2021-07-26T14:33:35.0675907+02:00" testType="13cdc9d9-ddb5-4fa4-a97d-d965ccfc6d4b" outcome="Passed" testListId="8c84fa94-04c1-424b-9868-57a2d4851a1d" relativeResultsDirectory="0b9db8ed-1d24-4d48-9939-d7bf1447c885" />
    <UnitTestResult executionId="a2a06d6a-832a-4bdc-b2cd-a6c67ea30163" testId="a57c64d5-f779-4443-bdf9-24d03469e56b" testName="EnumConvertValue" computerName="PC-SFERRARI" duration="00:00:00.0048817" startTime="2021-07-26T14:33:33.6836795+02:00" endTime="2021-07-26T14:33:33.6887250+02:00" testType="13cdc9d9-ddb5-4fa4-a97d-d965ccfc6d4b" outcome="Passed" testListId="8c84fa94-04c1-424b-9868-57a2d4851a1d" relativeResultsDirectory="a2a06d6a-832a-4bdc-b2cd-a6c67ea30163" />
    <UnitTestResult executionId="7c7db4d1-8382-4b18-b45c-062d0a4c3daf" testId="0a13576a-6827-4ced-97f9-dbbb48c773d5" testName="GetAll" computerName="PC-SFERRARI" duration="00:00:00.0091226" startTime="2021-07-26T14:33:35.0233384+02:00" endTime="2021-07-26T14:33:35.0325584+02:00" testType="13cdc9d9-ddb5-4fa4-a97d-d965ccfc6d4b" outcome="Passed" testListId="8c84fa94-04c1-424b-9868-57a2d4851a1d" relativeResultsDirectory="7c7db4d1-8382-4b18-b45c-062d0a4c3daf" />
    <UnitTestResult executionId="330f15e4-1c6f-4d23-ba5d-dff70a291408" testId="c488c284-79d0-4921-8dd3-17fc96a537e7" testName="AnyWhere" computerName="PC-SFERRARI" duration="00:00:00.0037140" startTime="2021-07-26T14:33:35.3480046+02:00" endTime="2021-07-26T14:33:35.3518399+02:00" testType="13cdc9d9-ddb5-4fa4-a97d-d965ccfc6d4b" outcome="Passed" testListId="8c84fa94-04c1-424b-9868-57a2d4851a1d" relativeResultsDirectory="330f15e4-1c6f-4d23-ba5d-dff70a291408" />
    <UnitTestResult executionId="37021051-c07d-441c-8d93-b907d3f778ee" testId="15d63101-2814-4d44-860a-0d86fdcef041" testName="GetOneWhere" computerName="PC-SFERRARI" duration="00:00:01.1661422" startTime="2021-07-26T14:33:33.7142276+02:00" endTime="2021-07-26T14:33:34.8807686+02:00" testType="13cdc9d9-ddb5-4fa4-a97d-d965ccfc6d4b" outcome="Passed" testListId="8c84fa94-04c1-424b-9868-57a2d4851a1d" relativeResultsDirectory="37021051-c07d-441c-8d93-b907d3f778ee" />
    <UnitTestResult executionId="7fed3bfe-afce-4f9d-993c-9ba6f9832940" testId="856fc939-d021-4ca0-9f14-5812aff728cd" testName="GetPagedAsyncWhereIncludes" computerName="PC-SFERRARI" duration="00:00:00.0016145" startTime="2021-07-26T14:33:35.1433838+02:00" endTime="2021-07-26T14:33:35.1450936+02:00" testType="13cdc9d9-ddb5-4fa4-a97d-d965ccfc6d4b" outcome="Passed" testListId="8c84fa94-04c1-424b-9868-57a2d4851a1d" relativeResultsDirectory="7fed3bfe-afce-4f9d-993c-9ba6f9832940" />
    <UnitTestResult executionId="9aeb88be-2345-4e12-9432-a59a4cbacd68" testId="62a91abe-b493-4485-95b5-cc6c5d0a4334" testName="AnyWhereAsync" computerName="PC-SFERRARI" duration="00:00:00.0038422" startTime="2021-07-26T14:33:35.3518950+02:00" endTime="2021-07-26T14:33:35.3558440+02:00" testType="13cdc9d9-ddb5-4fa4-a97d-d965ccfc6d4b" outcome="Passed" testListId="8c84fa94-04c1-424b-9868-57a2d4851a1d" relativeResultsDirectory="9aeb88be-2345-4e12-9432-a59a4cbacd68" />
    <UnitTestResult executionId="68da4b33-ff1f-4d64-9f56-e650112b5206" testId="a15b736f-ed7f-4699-91bc-bde53ffea844" testName="GetPagedWhereSelect" computerName="PC-SFERRARI" duration="00:00:00.0047746" startTime="2021-07-26T14:33:35.1451368+02:00" endTime="2021-07-26T14:33:35.1499978+02:00" testType="13cdc9d9-ddb5-4fa4-a97d-d965ccfc6d4b" outcome="Passed" testListId="8c84fa94-04c1-424b-9868-57a2d4851a1d" relativeResultsDirectory="68da4b33-ff1f-4d64-9f56-e650112b5206" />
    <UnitTestResult executionId="160d1178-ea44-45eb-a814-ee2dfe06eeec" testId="3dbc9ef5-9a91-490e-bc90-6de9b1e10c23" testName="GetPagedAsync" computerName="PC-SFERRARI" duration="00:00:00.0076572" startTime="2021-07-26T14:33:35.1086956+02:00" endTime="2021-07-26T14:33:35.1164649+02:00" testType="13cdc9d9-ddb5-4fa4-a97d-d965ccfc6d4b" outcome="Passed" testListId="8c84fa94-04c1-424b-9868-57a2d4851a1d" relativeResultsDirectory="160d1178-ea44-45eb-a814-ee2dfe06eeec" />
    <UnitTestResult executionId="8ffeeff0-094d-418e-ad3b-358622c68bca" testId="97def279-0a02-4e29-b126-25c14a885c4a" testName="AnyAsync" computerName="PC-SFERRARI" duration="00:00:00.0056527" startTime="2021-07-26T14:33:35.3421188+02:00" endTime="2021-07-26T14:33:35.3478915+02:00" testType="13cdc9d9-ddb5-4fa4-a97d-d965ccfc6d4b" outcome="Passed" testListId="8c84fa94-04c1-424b-9868-57a2d4851a1d" relativeResultsDirectory="8ffeeff0-094d-418e-ad3b-358622c68bca" />
    <UnitTestResult executionId="716b8a04-a233-4870-b4e9-fd9261dc37a2" testId="3878373b-ee28-4fb9-a7ae-35bf663e36a2" testName="GetPagedWhere" computerName="PC-SFERRARI" duration="00:00:00.0034759" startTime="2021-07-26T14:33:35.1165341+02:00" endTime="2021-07-26T14:33:35.1201435+02:00" testType="13cdc9d9-ddb5-4fa4-a97d-d965ccfc6d4b" outcome="Passed" testListId="8c84fa94-04c1-424b-9868-57a2d4851a1d" relativeResultsDirectory="716b8a04-a233-4870-b4e9-fd9261dc37a2" />
  </Results>
  <TestDefinitions>
    <UnitTest name="DeleteWhereAsynchronous" storage="d:\sferrari\01 - trabajo\repos\netcore\libs\template-netcore-entityframework\kitpymes.core.entityframework.tests\bin\release\net5.0\kitpymes.core.entityframework.tests.dll" id="e63db974-8f19-4860-8ec1-16baaf581926">
      <Execution id="bea729c5-a015-4a92-bcc0-bfb16a2119d4" />
      <TestMethod codeBase="D:\SFERRARI\01 - TRABAJO\repos\netcore\libs\template-netcore-entityframework\Kitpymes.Core.EntityFramework.Tests\bin\Release\net5.0\Kitpymes.Core.EntityFramework.Tests.dll" adapterTypeName="executor://mstestadapter/v2" className="Kitpymes.Core.EntityFramework.Tests.EntityFrameworkRepositoryTests" name="DeleteWhereAsynchronous" />
    </UnitTest>
    <UnitTest name="GetPagedAsyncWhereIncludesSelect" storage="d:\sferrari\01 - trabajo\repos\netcore\libs\template-netcore-entityframework\kitpymes.core.entityframework.tests\bin\release\net5.0\kitpymes.core.entityframework.tests.dll" id="a605a0ed-41ed-43a8-b2d3-f3fbcde01899">
      <Execution id="209b6d5c-2f81-41f0-88b9-d0ea77e634f3" />
      <TestMethod codeBase="D:\SFERRARI\01 - TRABAJO\repos\netcore\libs\template-netcore-entityframework\Kitpymes.Core.EntityFramework.Tests\bin\Release\net5.0\Kitpymes.Core.EntityFramework.Tests.dll" adapterTypeName="executor://mstestadapter/v2" className="Kitpymes.Core.EntityFramework.Tests.EntityFrameworkRepositoryTests" name="GetPagedAsyncWhereIncludesSelect" />
    </UnitTest>
    <UnitTest name="GetAllWhereIncludes" storage="d:\sferrari\01 - trabajo\repos\netcore\libs\template-netcore-entityframework\kitpymes.core.entityframework.tests\bin\release\net5.0\kitpymes.core.entityframework.tests.dll" id="35460d85-4745-40aa-88be-89907f11f278">
      <Execution id="4d082370-c914-4243-8422-f66b9243e941" />
      <TestMethod codeBase="D:\SFERRARI\01 - TRABAJO\repos\netcore\libs\template-netcore-entityframework\Kitpymes.Core.EntityFramework.Tests\bin\Release\net5.0\Kitpymes.Core.EntityFramework.Tests.dll" adapterTypeName="executor://mstestadapter/v2" className="Kitpymes.Core.EntityFramework.Tests.EntityFrameworkRepositoryTests" name="GetAllWhereIncludes" />
    </UnitTest>
    <UnitTest name="Add" storage="d:\sferrari\01 - trabajo\repos\netcore\libs\template-netcore-entityframework\kitpymes.core.entityframework.tests\bin\release\net5.0\kitpymes.core.entityframework.tests.dll" id="ae8f8439-e933-4b20-af08-bfe0f1208779">
      <Execution id="268c33d9-0c5f-4924-a4ec-0e474531ff1d" />
      <TestMethod codeBase="D:\SFERRARI\01 - TRABAJO\repos\netcore\libs\template-netcore-entityframework\Kitpymes.Core.EntityFramework.Tests\bin\Release\net5.0\Kitpymes.Core.EntityFramework.Tests.dll" adapterTypeName="executor://mstestadapter/v2" className="Kitpymes.Core.EntityFramework.Tests.EntityFrameworkRepositoryTests" name="Add" />
    </UnitTest>
    <UnitTest name="GetPagedWhereSelect" storage="d:\sferrari\01 - trabajo\repos\netcore\libs\template-netcore-entityframework\kitpymes.core.entityframework.tests\bin\release\net5.0\kitpymes.core.entityframework.tests.dll" id="a15b736f-ed7f-4699-91bc-bde53ffea844">
      <Execution id="68da4b33-ff1f-4d64-9f56-e650112b5206" />
      <TestMethod codeBase="D:\SFERRARI\01 - TRABAJO\repos\netcore\libs\template-netcore-entityframework\Kitpymes.Core.EntityFramework.Tests\bin\Release\net5.0\Kitpymes.Core.EntityFramework.Tests.dll" adapterTypeName="executor://mstestadapter/v2" className="Kitpymes.Core.EntityFramework.Tests.EntityFrameworkRepositoryTests" name="GetPagedWhereSelect" />
    </UnitTest>
    <UnitTest name="GetPagedSelectOrderByNavigationProperty" storage="d:\sferrari\01 - trabajo\repos\netcore\libs\template-netcore-entityframework\kitpymes.core.entityframework.tests\bin\release\net5.0\kitpymes.core.entityframework.tests.dll" id="98f87da8-d646-4952-a2e6-3c35eed93cf5">
      <Execution id="3bfa648f-75d5-4521-bf1b-eba2c465a5e8" />
      <TestMethod codeBase="D:\SFERRARI\01 - TRABAJO\repos\netcore\libs\template-netcore-entityframework\Kitpymes.Core.EntityFramework.Tests\bin\Release\net5.0\Kitpymes.Core.EntityFramework.Tests.dll" adapterTypeName="executor://mstestadapter/v2" className="Kitpymes.Core.EntityFramework.Tests.EntityFrameworkRepositoryTests" name="GetPagedSelectOrderByNavigationProperty" />
    </UnitTest>
    <UnitTest name="NameConvert" storage="d:\sferrari\01 - trabajo\repos\netcore\libs\template-netcore-entityframework\kitpymes.core.entityframework.tests\bin\release\net5.0\kitpymes.core.entityframework.tests.dll" id="159672dc-e5c6-4458-99fb-32c475acf7e6">
      <Execution id="8a0cc488-b51e-47fa-b72c-20d471e55291" />
      <TestMethod codeBase="D:\SFERRARI\01 - TRABAJO\repos\netcore\libs\template-netcore-entityframework\Kitpymes.Core.EntityFramework.Tests\bin\Release\net5.0\Kitpymes.Core.EntityFramework.Tests.dll" adapterTypeName="executor://mstestadapter/v2" className="Kitpymes.Core.EntityFramework.Tests.EntityFrameworkConverterTests" name="NameConvert" />
    </UnitTest>
    <UnitTest name="DeleteAsynchronous" storage="d:\sferrari\01 - trabajo\repos\netcore\libs\template-netcore-entityframework\kitpymes.core.entityframework.tests\bin\release\net5.0\kitpymes.core.entityframework.tests.dll" id="852acf56-9108-46e9-b595-a27eca95a2a1">
      <Execution id="42c00f1a-7272-488b-ac50-16e82de06ca2" />
      <TestMethod codeBase="D:\SFERRARI\01 - TRABAJO\repos\netcore\libs\template-netcore-entityframework\Kitpymes.Core.EntityFramework.Tests\bin\Release\net5.0\Kitpymes.Core.EntityFramework.Tests.dll" adapterTypeName="executor://mstestadapter/v2" className="Kitpymes.Core.EntityFramework.Tests.EntityFrameworkRepositoryTests" name="DeleteAsynchronous" />
    </UnitTest>
    <UnitTest name="GetOneWhereInclude" storage="d:\sferrari\01 - trabajo\repos\netcore\libs\template-netcore-entityframework\kitpymes.core.entityframework.tests\bin\release\net5.0\kitpymes.core.entityframework.tests.dll" id="261eaaaa-bbb3-41c0-a2fa-959449054334">
      <Execution id="3229c23e-a643-47bd-8c6c-b5ab29fc8a2d" />
      <TestMethod codeBase="D:\SFERRARI\01 - TRABAJO\repos\netcore\libs\template-netcore-entityframework\Kitpymes.Core.EntityFramework.Tests\bin\Release\net5.0\Kitpymes.Core.EntityFramework.Tests.dll" adapterTypeName="executor://mstestadapter/v2" className="Kitpymes.Core.EntityFramework.Tests.EntityFrameworkRepositoryTests" name="GetOneWhereInclude" />
    </UnitTest>
    <UnitTest name="GetOnetWhereSelect" storage="d:\sferrari\01 - trabajo\repos\netcore\libs\template-netcore-entityframework\kitpymes.core.entityframework.tests\bin\release\net5.0\kitpymes.core.entityframework.tests.dll" id="6c7e9f01-85c8-48e0-823a-e48c88132f15">
      <Execution id="46fc5195-5eb2-42de-b30d-4990748d97ca" />
      <TestMethod codeBase="D:\SFERRARI\01 - TRABAJO\repos\netcore\libs\template-netcore-entityframework\Kitpymes.Core.EntityFramework.Tests\bin\Release\net5.0\Kitpymes.Core.EntityFramework.Tests.dll" adapterTypeName="executor://mstestadapter/v2" className="Kitpymes.Core.EntityFramework.Tests.EntityFrameworkRepositoryTests" name="GetOnetWhereSelect" />
    </UnitTest>
    <UnitTest name="GetPagedWhereIncludes" storage="d:\sferrari\01 - trabajo\repos\netcore\libs\template-netcore-entityframework\kitpymes.core.entityframework.tests\bin\release\net5.0\kitpymes.core.entityframework.tests.dll" id="87544fbe-0c3b-4554-a0c9-caab1692201a">
      <Execution id="f82f90e5-2779-49d7-86c7-ce92509445f0" />
      <TestMethod codeBase="D:\SFERRARI\01 - TRABAJO\repos\netcore\libs\template-netcore-entityframework\Kitpymes.Core.EntityFramework.Tests\bin\Release\net5.0\Kitpymes.Core.EntityFramework.Tests.dll" adapterTypeName="executor://mstestadapter/v2" className="Kitpymes.Core.EntityFramework.Tests.EntityFrameworkRepositoryTests" name="GetPagedWhereIncludes" />
    </UnitTest>
    <UnitTest name="GetAllAsyncWhere" storage="d:\sferrari\01 - trabajo\repos\netcore\libs\template-netcore-entityframework\kitpymes.core.entityframework.tests\bin\release\net5.0\kitpymes.core.entityframework.tests.dll" id="6b119a01-f7c3-4566-9ed5-71e714b8b602">
      <Execution id="0b9db8ed-1d24-4d48-9939-d7bf1447c885" />
      <TestMethod codeBase="D:\SFERRARI\01 - TRABAJO\repos\netcore\libs\template-netcore-entityframework\Kitpymes.Core.EntityFramework.Tests\bin\Release\net5.0\Kitpymes.Core.EntityFramework.Tests.dll" adapterTypeName="executor://mstestadapter/v2" className="Kitpymes.Core.EntityFramework.Tests.EntityFrameworkRepositoryTests" name="GetAllAsyncWhere" />
    </UnitTest>
    <UnitTest name="AnyWhereAsync" storage="d:\sferrari\01 - trabajo\repos\netcore\libs\template-netcore-entityframework\kitpymes.core.entityframework.tests\bin\release\net5.0\kitpymes.core.entityframework.tests.dll" id="62a91abe-b493-4485-95b5-cc6c5d0a4334">
      <Execution id="9aeb88be-2345-4e12-9432-a59a4cbacd68" />
      <TestMethod codeBase="D:\SFERRARI\01 - TRABAJO\repos\netcore\libs\template-netcore-entityframework\Kitpymes.Core.EntityFramework.Tests\bin\Release\net5.0\Kitpymes.Core.EntityFramework.Tests.dll" adapterTypeName="executor://mstestadapter/v2" className="Kitpymes.Core.EntityFramework.Tests.EntityFrameworkRepositoryTests" name="AnyWhereAsync" />
    </UnitTest>
    <UnitTest name="SubdomainConvert" storage="d:\sferrari\01 - trabajo\repos\netcore\libs\template-netcore-entityframework\kitpymes.core.entityframework.tests\bin\release\net5.0\kitpymes.core.entityframework.tests.dll" id="a70e4fe8-b2f0-46f0-b4c4-c38079a37856">
      <Execution id="4fd88356-5f14-49a4-be39-9dc8a246c09f" />
      <TestMethod codeBase="D:\SFERRARI\01 - TRABAJO\repos\netcore\libs\template-netcore-entityframework\Kitpymes.Core.EntityFramework.Tests\bin\Release\net5.0\Kitpymes.Core.EntityFramework.Tests.dll" adapterTypeName="executor://mstestadapter/v2" className="Kitpymes.Core.EntityFramework.Tests.EntityFrameworkConverterTests" name="SubdomainConvert" />
    </UnitTest>
    <UnitTest name="GetPagedAsync" storage="d:\sferrari\01 - trabajo\repos\netcore\libs\template-netcore-entityframework\kitpymes.core.entityframework.tests\bin\release\net5.0\kitpymes.core.entityframework.tests.dll" id="3dbc9ef5-9a91-490e-bc90-6de9b1e10c23">
      <Execution id="160d1178-ea44-45eb-a814-ee2dfe06eeec" />
      <TestMethod codeBase="D:\SFERRARI\01 - TRABAJO\repos\netcore\libs\template-netcore-entityframework\Kitpymes.Core.EntityFramework.Tests\bin\Release\net5.0\Kitpymes.Core.EntityFramework.Tests.dll" adapterTypeName="executor://mstestadapter/v2" className="Kitpymes.Core.EntityFramework.Tests.EntityFrameworkRepositoryTests" name="GetPagedAsync" />
    </UnitTest>
    <UnitTest name="AnyWhere" storage="d:\sferrari\01 - trabajo\repos\netcore\libs\template-netcore-entityframework\kitpymes.core.entityframework.tests\bin\release\net5.0\kitpymes.core.entityframework.tests.dll" id="c488c284-79d0-4921-8dd3-17fc96a537e7">
      <Execution id="330f15e4-1c6f-4d23-ba5d-dff70a291408" />
      <TestMethod codeBase="D:\SFERRARI\01 - TRABAJO\repos\netcore\libs\template-netcore-entityframework\Kitpymes.Core.EntityFramework.Tests\bin\Release\net5.0\Kitpymes.Core.EntityFramework.Tests.dll" adapterTypeName="executor://mstestadapter/v2" className="Kitpymes.Core.EntityFramework.Tests.EntityFrameworkRepositoryTests" name="AnyWhere" />
    </UnitTest>
    <UnitTest name="GetPaged" storage="d:\sferrari\01 - trabajo\repos\netcore\libs\template-netcore-entityframework\kitpymes.core.entityframework.tests\bin\release\net5.0\kitpymes.core.entityframework.tests.dll" id="627d45d5-5f04-4525-b5b3-a0c2148a0b44">
      <Execution id="afe2df51-a304-452e-bba8-8e384149742a" />
      <TestMethod codeBase="D:\SFERRARI\01 - TRABAJO\repos\netcore\libs\template-netcore-entityframework\Kitpymes.Core.EntityFramework.Tests\bin\Release\net5.0\Kitpymes.Core.EntityFramework.Tests.dll" adapterTypeName="executor://mstestadapter/v2" className="Kitpymes.Core.EntityFramework.Tests.EntityFrameworkRepositoryTests" name="GetPaged" />
    </UnitTest>
    <UnitTest name="FindAsync" storage="d:\sferrari\01 - trabajo\repos\netcore\libs\template-netcore-entityframework\kitpymes.core.entityframework.tests\bin\release\net5.0\kitpymes.core.entityframework.tests.dll" id="5de09a37-b517-4e19-9bc1-c7da06910738">
      <Execution id="df5d3c00-304a-4889-9ee3-0182d12ff44f" />
      <TestMethod codeBase="D:\SFERRARI\01 - TRABAJO\repos\netcore\libs\template-netcore-entityframework\Kitpymes.Core.EntityFramework.Tests\bin\Release\net5.0\Kitpymes.Core.EntityFramework.Tests.dll" adapterTypeName="executor://mstestadapter/v2" className="Kitpymes.Core.EntityFramework.Tests.EntityFrameworkRepositoryTests" name="FindAsync" />
    </UnitTest>
    <UnitTest name="UpdatePartial" storage="d:\sferrari\01 - trabajo\repos\netcore\libs\template-netcore-entityframework\kitpymes.core.entityframework.tests\bin\release\net5.0\kitpymes.core.entityframework.tests.dll" id="c614d7a0-f1ea-4202-88bb-a0a5ea6169ac">
      <Execution id="f9f4793a-1b0c-47f9-b885-cd8e89ddd44d" />
      <TestMethod codeBase="D:\SFERRARI\01 - TRABAJO\repos\netcore\libs\template-netcore-entityframework\Kitpymes.Core.EntityFramework.Tests\bin\Release\net5.0\Kitpymes.Core.EntityFramework.Tests.dll" adapterTypeName="executor://mstestadapter/v2" className="Kitpymes.Core.EntityFramework.Tests.EntityFrameworkRepositoryTests" name="UpdatePartial" />
    </UnitTest>
    <UnitTest name="UpdateSelect" storage="d:\sferrari\01 - trabajo\repos\netcore\libs\template-netcore-entityframework\kitpymes.core.entityframework.tests\bin\release\net5.0\kitpymes.core.entityframework.tests.dll" id="3811fc92-44b1-4be5-8ff8-cd4139eaec5d">
      <Execution id="da58ea8b-6767-459a-b06b-05a1c4b5deca" />
      <TestMethod codeBase="D:\SFERRARI\01 - TRABAJO\repos\netcore\libs\template-netcore-entityframework\Kitpymes.Core.EntityFramework.Tests\bin\Release\net5.0\Kitpymes.Core.EntityFramework.Tests.dll" adapterTypeName="executor://mstestadapter/v2" className="Kitpymes.Core.EntityFramework.Tests.EntityFrameworkRepositoryTests" name="UpdateSelect" />
    </UnitTest>
    <UnitTest name="CountAsync" storage="d:\sferrari\01 - trabajo\repos\netcore\libs\template-netcore-entityframework\kitpymes.core.entityframework.tests\bin\release\net5.0\kitpymes.core.entityframework.tests.dll" id="aa374003-2da7-4aac-ab3a-d4ba941f0a0a">
      <Execution id="2c20214b-ea2b-4c82-9663-90d95bdc7610" />
      <TestMethod codeBase="D:\SFERRARI\01 - TRABAJO\repos\netcore\libs\template-netcore-entityframework\Kitpymes.Core.EntityFramework.Tests\bin\Release\net5.0\Kitpymes.Core.EntityFramework.Tests.dll" adapterTypeName="executor://mstestadapter/v2" className="Kitpymes.Core.EntityFramework.Tests.EntityFrameworkRepositoryTests" name="CountAsync" />
    </UnitTest>
    <UnitTest name="GetOneAsyncWhere" storage="d:\sferrari\01 - trabajo\repos\netcore\libs\template-netcore-entityframework\kitpymes.core.entityframework.tests\bin\release\net5.0\kitpymes.core.entityframework.tests.dll" id="54d303dc-57aa-4be3-98e6-25f5dbb728b8">
      <Execution id="1015b2fd-fb7b-4c7a-87e3-041c7b43f0ae" />
      <TestMethod codeBase="D:\SFERRARI\01 - TRABAJO\repos\netcore\libs\template-netcore-entityframework\Kitpymes.Core.EntityFramework.Tests\bin\Release\net5.0\Kitpymes.Core.EntityFramework.Tests.dll" adapterTypeName="executor://mstestadapter/v2" className="Kitpymes.Core.EntityFramework.Tests.EntityFrameworkRepositoryTests" name="GetOneAsyncWhere" />
    </UnitTest>
    <UnitTest name="UpdateAsynchronous" storage="d:\sferrari\01 - trabajo\repos\netcore\libs\template-netcore-entityframework\kitpymes.core.entityframework.tests\bin\release\net5.0\kitpymes.core.entityframework.tests.dll" id="e0204079-420a-48cc-bc99-c9b31a3fbe8f">
      <Execution id="da5fb7d0-72a8-4f79-b81c-8f7a93c5165b" />
      <TestMethod codeBase="D:\SFERRARI\01 - TRABAJO\repos\netcore\libs\template-netcore-entityframework\Kitpymes.Core.EntityFramework.Tests\bin\Release\net5.0\Kitpymes.Core.EntityFramework.Tests.dll" adapterTypeName="executor://mstestadapter/v2" className="Kitpymes.Core.EntityFramework.Tests.EntityFrameworkRepositoryTests" name="UpdateAsynchronous" />
    </UnitTest>
    <UnitTest name="AddAsync" storage="d:\sferrari\01 - trabajo\repos\netcore\libs\template-netcore-entityframework\kitpymes.core.entityframework.tests\bin\release\net5.0\kitpymes.core.entityframework.tests.dll" id="ae699d50-afb1-4154-8904-48b0e5a2f0fc">
      <Execution id="f3b8f62e-0bbc-476b-85d4-4acc08d47784" />
      <TestMethod codeBase="D:\SFERRARI\01 - TRABAJO\repos\netcore\libs\template-netcore-entityframework\Kitpymes.Core.EntityFramework.Tests\bin\Release\net5.0\Kitpymes.Core.EntityFramework.Tests.dll" adapterTypeName="executor://mstestadapter/v2" className="Kitpymes.Core.EntityFramework.Tests.EntityFrameworkRepositoryTests" name="AddAsync" />
    </UnitTest>
    <UnitTest name="GetPagedSelectOrderByProperty" storage="d:\sferrari\01 - trabajo\repos\netcore\libs\template-netcore-entityframework\kitpymes.core.entityframework.tests\bin\release\net5.0\kitpymes.core.entityframework.tests.dll" id="14455b1e-7669-4fda-b5dd-98e09e6f77ca">
      <Execution id="e45f34e2-6bc8-4275-aad2-52a9432c3301" />
      <TestMethod codeBase="D:\SFERRARI\01 - TRABAJO\repos\netcore\libs\template-netcore-entityframework\Kitpymes.Core.EntityFramework.Tests\bin\Release\net5.0\Kitpymes.Core.EntityFramework.Tests.dll" adapterTypeName="executor://mstestadapter/v2" className="Kitpymes.Core.EntityFramework.Tests.EntityFrameworkRepositoryTests" name="GetPagedSelectOrderByProperty" />
    </UnitTest>
    <UnitTest name="EnumConvertValue" storage="d:\sferrari\01 - trabajo\repos\netcore\libs\template-netcore-entityframework\kitpymes.core.entityframework.tests\bin\release\net5.0\kitpymes.core.entityframework.tests.dll" id="a57c64d5-f779-4443-bdf9-24d03469e56b">
      <Execution id="a2a06d6a-832a-4bdc-b2cd-a6c67ea30163" />
      <TestMethod codeBase="D:\SFERRARI\01 - TRABAJO\repos\netcore\libs\template-netcore-entityframework\Kitpymes.Core.EntityFramework.Tests\bin\Release\net5.0\Kitpymes.Core.EntityFramework.Tests.dll" adapterTypeName="executor://mstestadapter/v2" className="Kitpymes.Core.EntityFramework.Tests.EntityFrameworkConverterTests" name="EnumConvertValue" />
    </UnitTest>
    <UnitTest name="GetAllWhereIncludesSelect" storage="d:\sferrari\01 - trabajo\repos\netcore\libs\template-netcore-entityframework\kitpymes.core.entityframework.tests\bin\release\net5.0\kitpymes.core.entityframework.tests.dll" id="b30dfabd-0a00-400b-b454-3d1da18801e5">
      <Execution id="55abb702-95ab-418b-9cb8-f559eb00656c" />
      <TestMethod codeBase="D:\SFERRARI\01 - TRABAJO\repos\netcore\libs\template-netcore-entityframework\Kitpymes.Core.EntityFramework.Tests\bin\Release\net5.0\Kitpymes.Core.EntityFramework.Tests.dll" adapterTypeName="executor://mstestadapter/v2" className="Kitpymes.Core.EntityFramework.Tests.EntityFrameworkRepositoryTests" name="GetAllWhereIncludesSelect" />
    </UnitTest>
    <UnitTest name="GetPagedWhere" storage="d:\sferrari\01 - trabajo\repos\netcore\libs\template-netcore-entityframework\kitpymes.core.entityframework.tests\bin\release\net5.0\kitpymes.core.entityframework.tests.dll" id="3878373b-ee28-4fb9-a7ae-35bf663e36a2">
      <Execution id="716b8a04-a233-4870-b4e9-fd9261dc37a2" />
      <TestMethod codeBase="D:\SFERRARI\01 - TRABAJO\repos\netcore\libs\template-netcore-entityframework\Kitpymes.Core.EntityFramework.Tests\bin\Release\net5.0\Kitpymes.Core.EntityFramework.Tests.dll" adapterTypeName="executor://mstestadapter/v2" className="Kitpymes.Core.EntityFramework.Tests.EntityFrameworkRepositoryTests" name="GetPagedWhere" />
    </UnitTest>
    <UnitTest name="GetAllAsync" storage="d:\sferrari\01 - trabajo\repos\netcore\libs\template-netcore-entityframework\kitpymes.core.entityframework.tests\bin\release\net5.0\kitpymes.core.entityframework.tests.dll" id="db0cb10a-b148-4ab2-bdbc-c34f3d090c22">
      <Execution id="4d7066b3-d85f-48b4-ae4a-fbb81604c865" />
      <TestMethod codeBase="D:\SFERRARI\01 - TRABAJO\repos\netcore\libs\template-netcore-entityframework\Kitpymes.Core.EntityFramework.Tests\bin\Release\net5.0\Kitpymes.Core.EntityFramework.Tests.dll" adapterTypeName="executor://mstestadapter/v2" className="Kitpymes.Core.EntityFramework.Tests.EntityFrameworkRepositoryTests" name="GetAllAsync" />
    </UnitTest>
    <UnitTest name="AddRange" storage="d:\sferrari\01 - trabajo\repos\netcore\libs\template-netcore-entityframework\kitpymes.core.entityframework.tests\bin\release\net5.0\kitpymes.core.entityframework.tests.dll" id="a84b0303-d1f9-4658-ac51-9e45c62132c6">
      <Execution id="22177b79-bd4a-4395-9583-1276d8c9a788" />
      <TestMethod codeBase="D:\SFERRARI\01 - TRABAJO\repos\netcore\libs\template-netcore-entityframework\Kitpymes.Core.EntityFramework.Tests\bin\Release\net5.0\Kitpymes.Core.EntityFramework.Tests.dll" adapterTypeName="executor://mstestadapter/v2" className="Kitpymes.Core.EntityFramework.Tests.EntityFrameworkRepositoryTests" name="AddRange" />
    </UnitTest>
    <UnitTest name="CountWhereAsync" storage="d:\sferrari\01 - trabajo\repos\netcore\libs\template-netcore-entityframework\kitpymes.core.entityframework.tests\bin\release\net5.0\kitpymes.core.entityframework.tests.dll" id="a4dc8ba6-d898-4518-85c0-859f2ec44194">
      <Execution id="0de0b9e0-bed5-4cf0-ab53-eb37f8632eab" />
      <TestMethod codeBase="D:\SFERRARI\01 - TRABAJO\repos\netcore\libs\template-netcore-entityframework\Kitpymes.Core.EntityFramework.Tests\bin\Release\net5.0\Kitpymes.Core.EntityFramework.Tests.dll" adapterTypeName="executor://mstestadapter/v2" className="Kitpymes.Core.EntityFramework.Tests.EntityFrameworkRepositoryTests" name="CountWhereAsync" />
    </UnitTest>
    <UnitTest name="DeleteWhere" storage="d:\sferrari\01 - trabajo\repos\netcore\libs\template-netcore-entityframework\kitpymes.core.entityframework.tests\bin\release\net5.0\kitpymes.core.entityframework.tests.dll" id="4bbb676a-972e-4d60-96a3-6ec8bce3d283">
      <Execution id="8952df1c-f65a-473a-84d8-8d2030172a48" />
      <TestMethod codeBase="D:\SFERRARI\01 - TRABAJO\repos\netcore\libs\template-netcore-entityframework\Kitpymes.Core.EntityFramework.Tests\bin\Release\net5.0\Kitpymes.Core.EntityFramework.Tests.dll" adapterTypeName="executor://mstestadapter/v2" className="Kitpymes.Core.EntityFramework.Tests.EntityFrameworkRepositoryTests" name="DeleteWhere" />
    </UnitTest>
    <UnitTest name="GetOneAsyncWhereInclude" storage="d:\sferrari\01 - trabajo\repos\netcore\libs\template-netcore-entityframework\kitpymes.core.entityframework.tests\bin\release\net5.0\kitpymes.core.entityframework.tests.dll" id="30e2b823-71ea-4cea-8080-1f65dd44cf2f">
      <Execution id="44ee0fa8-9d15-4e1e-a289-1bf749458d6a" />
      <TestMethod codeBase="D:\SFERRARI\01 - TRABAJO\repos\netcore\libs\template-netcore-entityframework\Kitpymes.Core.EntityFramework.Tests\bin\Release\net5.0\Kitpymes.Core.EntityFramework.Tests.dll" adapterTypeName="executor://mstestadapter/v2" className="Kitpymes.Core.EntityFramework.Tests.EntityFrameworkRepositoryTests" name="GetOneAsyncWhereInclude" />
    </UnitTest>
    <UnitTest name="Count" storage="d:\sferrari\01 - trabajo\repos\netcore\libs\template-netcore-entityframework\kitpymes.core.entityframework.tests\bin\release\net5.0\kitpymes.core.entityframework.tests.dll" id="aa730c66-574a-4eed-81d1-7e15c8812b4b">
      <Execution id="b6998178-b72b-4e10-a277-4a66bdf0ad7a" />
      <TestMethod codeBase="D:\SFERRARI\01 - TRABAJO\repos\netcore\libs\template-netcore-entityframework\Kitpymes.Core.EntityFramework.Tests\bin\Release\net5.0\Kitpymes.Core.EntityFramework.Tests.dll" adapterTypeName="executor://mstestadapter/v2" className="Kitpymes.Core.EntityFramework.Tests.EntityFrameworkRepositoryTests" name="Count" />
    </UnitTest>
    <UnitTest name="AddRangeAsync" storage="d:\sferrari\01 - trabajo\repos\netcore\libs\template-netcore-entityframework\kitpymes.core.entityframework.tests\bin\release\net5.0\kitpymes.core.entityframework.tests.dll" id="36835da3-98ca-4647-9d3f-dd6b622d164f">
      <Execution id="3ba7b393-7cbd-4703-92fd-c2e69e8b67e8" />
      <TestMethod codeBase="D:\SFERRARI\01 - TRABAJO\repos\netcore\libs\template-netcore-entityframework\Kitpymes.Core.EntityFramework.Tests\bin\Release\net5.0\Kitpymes.Core.EntityFramework.Tests.dll" adapterTypeName="executor://mstestadapter/v2" className="Kitpymes.Core.EntityFramework.Tests.EntityFrameworkRepositoryTests" name="AddRangeAsync" />
    </UnitTest>
    <UnitTest name="Delete" storage="d:\sferrari\01 - trabajo\repos\netcore\libs\template-netcore-entityframework\kitpymes.core.entityframework.tests\bin\release\net5.0\kitpymes.core.entityframework.tests.dll" id="ed1081bd-436c-43e1-a4f0-1f309ec54d87">
      <Execution id="56562829-2b2c-4539-80cf-ab33b9ec9c90" />
      <TestMethod codeBase="D:\SFERRARI\01 - TRABAJO\repos\netcore\libs\template-netcore-entityframework\Kitpymes.Core.EntityFramework.Tests\bin\Release\net5.0\Kitpymes.Core.EntityFramework.Tests.dll" adapterTypeName="executor://mstestadapter/v2" className="Kitpymes.Core.EntityFramework.Tests.EntityFrameworkRepositoryTests" name="Delete" />
    </UnitTest>
    <UnitTest name="StatusActiveConvert" storage="d:\sferrari\01 - trabajo\repos\netcore\libs\template-netcore-entityframework\kitpymes.core.entityframework.tests\bin\release\net5.0\kitpymes.core.entityframework.tests.dll" id="63aff9d1-b4a7-43eb-8ef5-88b5b7da9d2a">
      <Execution id="1afaba37-2fba-423a-8534-523e3312d970" />
      <TestMethod codeBase="D:\SFERRARI\01 - TRABAJO\repos\netcore\libs\template-netcore-entityframework\Kitpymes.Core.EntityFramework.Tests\bin\Release\net5.0\Kitpymes.Core.EntityFramework.Tests.dll" adapterTypeName="executor://mstestadapter/v2" className="Kitpymes.Core.EntityFramework.Tests.EntityFrameworkConverterTests" name="StatusActiveConvert" />
    </UnitTest>
    <UnitTest name="StatusInactiveConvert" storage="d:\sferrari\01 - trabajo\repos\netcore\libs\template-netcore-entityframework\kitpymes.core.entityframework.tests\bin\release\net5.0\kitpymes.core.entityframework.tests.dll" id="c35463b7-6b8e-405e-b70d-bd52500df4bd">
      <Execution id="9e5e6fd3-c082-4e4a-9f68-b6de70f20e3a" />
      <TestMethod codeBase="D:\SFERRARI\01 - TRABAJO\repos\netcore\libs\template-netcore-entityframework\Kitpymes.Core.EntityFramework.Tests\bin\Release\net5.0\Kitpymes.Core.EntityFramework.Tests.dll" adapterTypeName="executor://mstestadapter/v2" className="Kitpymes.Core.EntityFramework.Tests.EntityFrameworkConverterTests" name="StatusInactiveConvert" />
    </UnitTest>
    <UnitTest name="GetAll" storage="d:\sferrari\01 - trabajo\repos\netcore\libs\template-netcore-entityframework\kitpymes.core.entityframework.tests\bin\release\net5.0\kitpymes.core.entityframework.tests.dll" id="0a13576a-6827-4ced-97f9-dbbb48c773d5">
      <Execution id="7c7db4d1-8382-4b18-b45c-062d0a4c3daf" />
      <TestMethod codeBase="D:\SFERRARI\01 - TRABAJO\repos\netcore\libs\template-netcore-entityframework\Kitpymes.Core.EntityFramework.Tests\bin\Release\net5.0\Kitpymes.Core.EntityFramework.Tests.dll" adapterTypeName="executor://mstestadapter/v2" className="Kitpymes.Core.EntityFramework.Tests.EntityFrameworkRepositoryTests" name="GetAll" />
    </UnitTest>
    <UnitTest name="EnumConvertName" storage="d:\sferrari\01 - trabajo\repos\netcore\libs\template-netcore-entityframework\kitpymes.core.entityframework.tests\bin\release\net5.0\kitpymes.core.entityframework.tests.dll" id="8ad8d8cc-ddf0-4553-893e-f6faadca5d9a">
      <Execution id="d420313e-fd87-48b5-90c5-4965406176b4" />
      <TestMethod codeBase="D:\SFERRARI\01 - TRABAJO\repos\netcore\libs\template-netcore-entityframework\Kitpymes.Core.EntityFramework.Tests\bin\Release\net5.0\Kitpymes.Core.EntityFramework.Tests.dll" adapterTypeName="executor://mstestadapter/v2" className="Kitpymes.Core.EntityFramework.Tests.EntityFrameworkConverterTests" name="EnumConvertName" />
    </UnitTest>
    <UnitTest name="GetPagedWhereIncludesSelect" storage="d:\sferrari\01 - trabajo\repos\netcore\libs\template-netcore-entityframework\kitpymes.core.entityframework.tests\bin\release\net5.0\kitpymes.core.entityframework.tests.dll" id="7b6697ca-b426-413b-bbd9-6b4d4741f53d">
      <Execution id="8f36e68d-f868-4043-a53f-61cfe9d1f5f8" />
      <TestMethod codeBase="D:\SFERRARI\01 - TRABAJO\repos\netcore\libs\template-netcore-entityframework\Kitpymes.Core.EntityFramework.Tests\bin\Release\net5.0\Kitpymes.Core.EntityFramework.Tests.dll" adapterTypeName="executor://mstestadapter/v2" className="Kitpymes.Core.EntityFramework.Tests.EntityFrameworkRepositoryTests" name="GetPagedWhereIncludesSelect" />
    </UnitTest>
    <UnitTest name="CountWhere" storage="d:\sferrari\01 - trabajo\repos\netcore\libs\template-netcore-entityframework\kitpymes.core.entityframework.tests\bin\release\net5.0\kitpymes.core.entityframework.tests.dll" id="a259bb74-2c46-4579-af9e-7744f9163742">
      <Execution id="47a90a1c-02b2-431f-b8c9-46b452346f1c" />
      <TestMethod codeBase="D:\SFERRARI\01 - TRABAJO\repos\netcore\libs\template-netcore-entityframework\Kitpymes.Core.EntityFramework.Tests\bin\Release\net5.0\Kitpymes.Core.EntityFramework.Tests.dll" adapterTypeName="executor://mstestadapter/v2" className="Kitpymes.Core.EntityFramework.Tests.EntityFrameworkRepositoryTests" name="CountWhere" />
    </UnitTest>
    <UnitTest name="GetOneAsyncWhereSelect" storage="d:\sferrari\01 - trabajo\repos\netcore\libs\template-netcore-entityframework\kitpymes.core.entityframework.tests\bin\release\net5.0\kitpymes.core.entityframework.tests.dll" id="6f0ff471-bde6-47d4-bd9e-7a7db3e5afa3">
      <Execution id="452a84d1-c9d8-4533-aead-881e7f4b1a8f" />
      <TestMethod codeBase="D:\SFERRARI\01 - TRABAJO\repos\netcore\libs\template-netcore-entityframework\Kitpymes.Core.EntityFramework.Tests\bin\Release\net5.0\Kitpymes.Core.EntityFramework.Tests.dll" adapterTypeName="executor://mstestadapter/v2" className="Kitpymes.Core.EntityFramework.Tests.EntityFrameworkRepositoryTests" name="GetOneAsyncWhereSelect" />
    </UnitTest>
    <UnitTest name="GetPagedAsyncWhereIncludes" storage="d:\sferrari\01 - trabajo\repos\netcore\libs\template-netcore-entityframework\kitpymes.core.entityframework.tests\bin\release\net5.0\kitpymes.core.entityframework.tests.dll" id="856fc939-d021-4ca0-9f14-5812aff728cd">
      <Execution id="7fed3bfe-afce-4f9d-993c-9ba6f9832940" />
      <TestMethod codeBase="D:\SFERRARI\01 - TRABAJO\repos\netcore\libs\template-netcore-entityframework\Kitpymes.Core.EntityFramework.Tests\bin\Release\net5.0\Kitpymes.Core.EntityFramework.Tests.dll" adapterTypeName="executor://mstestadapter/v2" className="Kitpymes.Core.EntityFramework.Tests.EntityFrameworkRepositoryTests" name="GetPagedAsyncWhereIncludes" />
    </UnitTest>
    <UnitTest name="GetOnetWhereIncludesSelect" storage="d:\sferrari\01 - trabajo\repos\netcore\libs\template-netcore-entityframework\kitpymes.core.entityframework.tests\bin\release\net5.0\kitpymes.core.entityframework.tests.dll" id="833304df-ad03-4146-8d83-24851ec45ea6">
      <Execution id="f1e2a088-b151-4308-9ead-cc6f3dbc4606" />
      <TestMethod codeBase="D:\SFERRARI\01 - TRABAJO\repos\netcore\libs\template-netcore-entityframework\Kitpymes.Core.EntityFramework.Tests\bin\Release\net5.0\Kitpymes.Core.EntityFramework.Tests.dll" adapterTypeName="executor://mstestadapter/v2" className="Kitpymes.Core.EntityFramework.Tests.EntityFrameworkRepositoryTests" name="GetOnetWhereIncludesSelect" />
    </UnitTest>
    <UnitTest name="GetOneAsyncWhereIncludesSelect" storage="d:\sferrari\01 - trabajo\repos\netcore\libs\template-netcore-entityframework\kitpymes.core.entityframework.tests\bin\release\net5.0\kitpymes.core.entityframework.tests.dll" id="1a95afd6-df8e-4ed6-83d6-6f6fddaf3efd">
      <Execution id="02debdbc-294d-40fc-8a1d-bc55154a7eb3" />
      <TestMethod codeBase="D:\SFERRARI\01 - TRABAJO\repos\netcore\libs\template-netcore-entityframework\Kitpymes.Core.EntityFramework.Tests\bin\Release\net5.0\Kitpymes.Core.EntityFramework.Tests.dll" adapterTypeName="executor://mstestadapter/v2" className="Kitpymes.Core.EntityFramework.Tests.EntityFrameworkRepositoryTests" name="GetOneAsyncWhereIncludesSelect" />
    </UnitTest>
    <UnitTest name="GetAllAsyncWhereIncludes" storage="d:\sferrari\01 - trabajo\repos\netcore\libs\template-netcore-entityframework\kitpymes.core.entityframework.tests\bin\release\net5.0\kitpymes.core.entityframework.tests.dll" id="4dd850d7-0a25-4633-b34b-cc63af690c0c">
      <Execution id="c47e863e-8cd6-463d-a50b-c6fe51bc173a" />
      <TestMethod codeBase="D:\SFERRARI\01 - TRABAJO\repos\netcore\libs\template-netcore-entityframework\Kitpymes.Core.EntityFramework.Tests\bin\Release\net5.0\Kitpymes.Core.EntityFramework.Tests.dll" adapterTypeName="executor://mstestadapter/v2" className="Kitpymes.Core.EntityFramework.Tests.EntityFrameworkRepositoryTests" name="GetAllAsyncWhereIncludes" />
    </UnitTest>
    <UnitTest name="GetAllAsyncWhereSelect" storage="d:\sferrari\01 - trabajo\repos\netcore\libs\template-netcore-entityframework\kitpymes.core.entityframework.tests\bin\release\net5.0\kitpymes.core.entityframework.tests.dll" id="c33eb741-9cb8-4c06-912d-803c0335758f">
      <Execution id="72f08209-4a87-4f8f-89b6-59d8e9fdafc6" />
      <TestMethod codeBase="D:\SFERRARI\01 - TRABAJO\repos\netcore\libs\template-netcore-entityframework\Kitpymes.Core.EntityFramework.Tests\bin\Release\net5.0\Kitpymes.Core.EntityFramework.Tests.dll" adapterTypeName="executor://mstestadapter/v2" className="Kitpymes.Core.EntityFramework.Tests.EntityFrameworkRepositoryTests" name="GetAllAsyncWhereSelect" />
    </UnitTest>
    <UnitTest name="GetOneWhere" storage="d:\sferrari\01 - trabajo\repos\netcore\libs\template-netcore-entityframework\kitpymes.core.entityframework.tests\bin\release\net5.0\kitpymes.core.entityframework.tests.dll" id="15d63101-2814-4d44-860a-0d86fdcef041">
      <Execution id="37021051-c07d-441c-8d93-b907d3f778ee" />
      <TestMethod codeBase="D:\SFERRARI\01 - TRABAJO\repos\netcore\libs\template-netcore-entityframework\Kitpymes.Core.EntityFramework.Tests\bin\Release\net5.0\Kitpymes.Core.EntityFramework.Tests.dll" adapterTypeName="executor://mstestadapter/v2" className="Kitpymes.Core.EntityFramework.Tests.EntityFrameworkRepositoryTests" name="GetOneWhere" />
    </UnitTest>
    <UnitTest name="EmailConvert" storage="d:\sferrari\01 - trabajo\repos\netcore\libs\template-netcore-entityframework\kitpymes.core.entityframework.tests\bin\release\net5.0\kitpymes.core.entityframework.tests.dll" id="9c0fcc27-0a42-4843-8016-749378a40fad">
      <Execution id="c7253373-86d6-4f85-8169-5c028563814a" />
      <TestMethod codeBase="D:\SFERRARI\01 - TRABAJO\repos\netcore\libs\template-netcore-entityframework\Kitpymes.Core.EntityFramework.Tests\bin\Release\net5.0\Kitpymes.Core.EntityFramework.Tests.dll" adapterTypeName="executor://mstestadapter/v2" className="Kitpymes.Core.EntityFramework.Tests.EntityFrameworkConverterTests" name="EmailConvert" />
    </UnitTest>
    <UnitTest name="Find" storage="d:\sferrari\01 - trabajo\repos\netcore\libs\template-netcore-entityframework\kitpymes.core.entityframework.tests\bin\release\net5.0\kitpymes.core.entityframework.tests.dll" id="faf38971-838c-44b4-a4bf-97d05bd88c80">
      <Execution id="08544ec8-3247-4468-b67c-03d26b10e5a8" />
      <TestMethod codeBase="D:\SFERRARI\01 - TRABAJO\repos\netcore\libs\template-netcore-entityframework\Kitpymes.Core.EntityFramework.Tests\bin\Release\net5.0\Kitpymes.Core.EntityFramework.Tests.dll" adapterTypeName="executor://mstestadapter/v2" className="Kitpymes.Core.EntityFramework.Tests.EntityFrameworkRepositoryTests" name="Find" />
    </UnitTest>
    <UnitTest name="GetPagedAsyncWhere" storage="d:\sferrari\01 - trabajo\repos\netcore\libs\template-netcore-entityframework\kitpymes.core.entityframework.tests\bin\release\net5.0\kitpymes.core.entityframework.tests.dll" id="3da5121c-9566-43b2-9b04-fe48f9101bb9">
      <Execution id="0b190e76-6019-47e0-a0e6-f4117afa1e7d" />
      <TestMethod codeBase="D:\SFERRARI\01 - TRABAJO\repos\netcore\libs\template-netcore-entityframework\Kitpymes.Core.EntityFramework.Tests\bin\Release\net5.0\Kitpymes.Core.EntityFramework.Tests.dll" adapterTypeName="executor://mstestadapter/v2" className="Kitpymes.Core.EntityFramework.Tests.EntityFrameworkRepositoryTests" name="GetPagedAsyncWhere" />
    </UnitTest>
    <UnitTest name="AnyAsync" storage="d:\sferrari\01 - trabajo\repos\netcore\libs\template-netcore-entityframework\kitpymes.core.entityframework.tests\bin\release\net5.0\kitpymes.core.entityframework.tests.dll" id="97def279-0a02-4e29-b126-25c14a885c4a">
      <Execution id="8ffeeff0-094d-418e-ad3b-358622c68bca" />
      <TestMethod codeBase="D:\SFERRARI\01 - TRABAJO\repos\netcore\libs\template-netcore-entityframework\Kitpymes.Core.EntityFramework.Tests\bin\Release\net5.0\Kitpymes.Core.EntityFramework.Tests.dll" adapterTypeName="executor://mstestadapter/v2" className="Kitpymes.Core.EntityFramework.Tests.EntityFrameworkRepositoryTests" name="AnyAsync" />
    </UnitTest>
    <UnitTest name="GetAllAsyncWhereIncludesSelect" storage="d:\sferrari\01 - trabajo\repos\netcore\libs\template-netcore-entityframework\kitpymes.core.entityframework.tests\bin\release\net5.0\kitpymes.core.entityframework.tests.dll" id="15ea98fa-6ba4-4073-9ba6-bdcb3221e6a5">
      <Execution id="a80dbf41-0f14-46df-aed3-22d64aded45b" />
      <TestMethod codeBase="D:\SFERRARI\01 - TRABAJO\repos\netcore\libs\template-netcore-entityframework\Kitpymes.Core.EntityFramework.Tests\bin\Release\net5.0\Kitpymes.Core.EntityFramework.Tests.dll" adapterTypeName="executor://mstestadapter/v2" className="Kitpymes.Core.EntityFramework.Tests.EntityFrameworkRepositoryTests" name="GetAllAsyncWhereIncludesSelect" />
    </UnitTest>
    <UnitTest name="Update" storage="d:\sferrari\01 - trabajo\repos\netcore\libs\template-netcore-entityframework\kitpymes.core.entityframework.tests\bin\release\net5.0\kitpymes.core.entityframework.tests.dll" id="f522ebc7-f13f-4fa1-8c82-9dfc39f9756a">
      <Execution id="55f4bca9-e753-49a4-b930-0fd91cfa7f1a" />
      <TestMethod codeBase="D:\SFERRARI\01 - TRABAJO\repos\netcore\libs\template-netcore-entityframework\Kitpymes.Core.EntityFramework.Tests\bin\Release\net5.0\Kitpymes.Core.EntityFramework.Tests.dll" adapterTypeName="executor://mstestadapter/v2" className="Kitpymes.Core.EntityFramework.Tests.EntityFrameworkRepositoryTests" name="Update" />
    </UnitTest>
    <UnitTest name="GetAllWhere" storage="d:\sferrari\01 - trabajo\repos\netcore\libs\template-netcore-entityframework\kitpymes.core.entityframework.tests\bin\release\net5.0\kitpymes.core.entityframework.tests.dll" id="c85d60fc-804f-4565-b189-e68d41a78f8b">
      <Execution id="b2c2edf2-d61d-4e42-ab3e-a561f03190e7" />
      <TestMethod codeBase="D:\SFERRARI\01 - TRABAJO\repos\netcore\libs\template-netcore-entityframework\Kitpymes.Core.EntityFramework.Tests\bin\Release\net5.0\Kitpymes.Core.EntityFramework.Tests.dll" adapterTypeName="executor://mstestadapter/v2" className="Kitpymes.Core.EntityFramework.Tests.EntityFrameworkRepositoryTests" name="GetAllWhere" />
    </UnitTest>
    <UnitTest name="UpdateValueObject" storage="d:\sferrari\01 - trabajo\repos\netcore\libs\template-netcore-entityframework\kitpymes.core.entityframework.tests\bin\release\net5.0\kitpymes.core.entityframework.tests.dll" id="23866984-4e94-4a03-9df3-3bd1da705920">
      <Execution id="3dd933f3-f600-4b81-a427-afd4f74892af" />
      <TestMethod codeBase="D:\SFERRARI\01 - TRABAJO\repos\netcore\libs\template-netcore-entityframework\Kitpymes.Core.EntityFramework.Tests\bin\Release\net5.0\Kitpymes.Core.EntityFramework.Tests.dll" adapterTypeName="executor://mstestadapter/v2" className="Kitpymes.Core.EntityFramework.Tests.EntityFrameworkRepositoryTests" name="UpdateValueObject" />
    </UnitTest>
    <UnitTest name="QueryableOrderByDescending" storage="d:\sferrari\01 - trabajo\repos\netcore\libs\template-netcore-entityframework\kitpymes.core.entityframework.tests\bin\release\net5.0\kitpymes.core.entityframework.tests.dll" id="1f9b2e40-4ce2-48df-8ca2-844f74e1d09e">
      <Execution id="0d66e3c8-373e-4a8e-9901-ccdb3fe0ce93" />
      <TestMethod codeBase="D:\SFERRARI\01 - TRABAJO\repos\netcore\libs\template-netcore-entityframework\Kitpymes.Core.EntityFramework.Tests\bin\Release\net5.0\Kitpymes.Core.EntityFramework.Tests.dll" adapterTypeName="executor://mstestadapter/v2" className="Kitpymes.Core.EntityFramework.Tests.EntityFrameworkRepositoryTests" name="QueryableOrderByDescending" />
    </UnitTest>
    <UnitTest name="Any" storage="d:\sferrari\01 - trabajo\repos\netcore\libs\template-netcore-entityframework\kitpymes.core.entityframework.tests\bin\release\net5.0\kitpymes.core.entityframework.tests.dll" id="a7925bdd-3fad-45a3-9ee7-5a6f123bf372">
      <Execution id="ba4b3a34-694f-47bf-9e05-f71fbd292e12" />
      <TestMethod codeBase="D:\SFERRARI\01 - TRABAJO\repos\netcore\libs\template-netcore-entityframework\Kitpymes.Core.EntityFramework.Tests\bin\Release\net5.0\Kitpymes.Core.EntityFramework.Tests.dll" adapterTypeName="executor://mstestadapter/v2" className="Kitpymes.Core.EntityFramework.Tests.EntityFrameworkRepositoryTests" name="Any" />
    </UnitTest>
    <UnitTest name="GetPagedAsyncWhereSelect" storage="d:\sferrari\01 - trabajo\repos\netcore\libs\template-netcore-entityframework\kitpymes.core.entityframework.tests\bin\release\net5.0\kitpymes.core.entityframework.tests.dll" id="ee8d823d-73ed-4d89-a813-8b4af69b154d">
      <Execution id="ea9991b7-692c-496e-8253-45f861932605" />
      <TestMethod codeBase="D:\SFERRARI\01 - TRABAJO\repos\netcore\libs\template-netcore-entityframework\Kitpymes.Core.EntityFramework.Tests\bin\Release\net5.0\Kitpymes.Core.EntityFramework.Tests.dll" adapterTypeName="executor://mstestadapter/v2" className="Kitpymes.Core.EntityFramework.Tests.EntityFrameworkRepositoryTests" name="GetPagedAsyncWhereSelect" />
    </UnitTest>
    <UnitTest name="GetAllWhereSelect" storage="d:\sferrari\01 - trabajo\repos\netcore\libs\template-netcore-entityframework\kitpymes.core.entityframework.tests\bin\release\net5.0\kitpymes.core.entityframework.tests.dll" id="71117feb-b340-4dfe-98f6-1bb0bac02f2c">
      <Execution id="d5e3c4f6-a298-4815-abc6-2f061197158e" />
      <TestMethod codeBase="D:\SFERRARI\01 - TRABAJO\repos\netcore\libs\template-netcore-entityframework\Kitpymes.Core.EntityFramework.Tests\bin\Release\net5.0\Kitpymes.Core.EntityFramework.Tests.dll" adapterTypeName="executor://mstestadapter/v2" className="Kitpymes.Core.EntityFramework.Tests.EntityFrameworkRepositoryTests" name="GetAllWhereSelect" />
    </UnitTest>
  </TestDefinitions>
  <TestEntries>
    <TestEntry testId="ee8d823d-73ed-4d89-a813-8b4af69b154d" executionId="ea9991b7-692c-496e-8253-45f861932605" testListId="8c84fa94-04c1-424b-9868-57a2d4851a1d" />
    <TestEntry testId="3da5121c-9566-43b2-9b04-fe48f9101bb9" executionId="0b190e76-6019-47e0-a0e6-f4117afa1e7d" testListId="8c84fa94-04c1-424b-9868-57a2d4851a1d" />
    <TestEntry testId="a84b0303-d1f9-4658-ac51-9e45c62132c6" executionId="22177b79-bd4a-4395-9583-1276d8c9a788" testListId="8c84fa94-04c1-424b-9868-57a2d4851a1d" />
    <TestEntry testId="c85d60fc-804f-4565-b189-e68d41a78f8b" executionId="b2c2edf2-d61d-4e42-ab3e-a561f03190e7" testListId="8c84fa94-04c1-424b-9868-57a2d4851a1d" />
    <TestEntry testId="ed1081bd-436c-43e1-a4f0-1f309ec54d87" executionId="56562829-2b2c-4539-80cf-ab33b9ec9c90" testListId="8c84fa94-04c1-424b-9868-57a2d4851a1d" />
    <TestEntry testId="e0204079-420a-48cc-bc99-c9b31a3fbe8f" executionId="da5fb7d0-72a8-4f79-b81c-8f7a93c5165b" testListId="8c84fa94-04c1-424b-9868-57a2d4851a1d" />
    <TestEntry testId="159672dc-e5c6-4458-99fb-32c475acf7e6" executionId="8a0cc488-b51e-47fa-b72c-20d471e55291" testListId="8c84fa94-04c1-424b-9868-57a2d4851a1d" />
    <TestEntry testId="627d45d5-5f04-4525-b5b3-a0c2148a0b44" executionId="afe2df51-a304-452e-bba8-8e384149742a" testListId="8c84fa94-04c1-424b-9868-57a2d4851a1d" />
    <TestEntry testId="35460d85-4745-40aa-88be-89907f11f278" executionId="4d082370-c914-4243-8422-f66b9243e941" testListId="8c84fa94-04c1-424b-9868-57a2d4851a1d" />
    <TestEntry testId="a70e4fe8-b2f0-46f0-b4c4-c38079a37856" executionId="4fd88356-5f14-49a4-be39-9dc8a246c09f" testListId="8c84fa94-04c1-424b-9868-57a2d4851a1d" />
    <TestEntry testId="852acf56-9108-46e9-b595-a27eca95a2a1" executionId="42c00f1a-7272-488b-ac50-16e82de06ca2" testListId="8c84fa94-04c1-424b-9868-57a2d4851a1d" />
    <TestEntry testId="15ea98fa-6ba4-4073-9ba6-bdcb3221e6a5" executionId="a80dbf41-0f14-46df-aed3-22d64aded45b" testListId="8c84fa94-04c1-424b-9868-57a2d4851a1d" />
    <TestEntry testId="833304df-ad03-4146-8d83-24851ec45ea6" executionId="f1e2a088-b151-4308-9ead-cc6f3dbc4606" testListId="8c84fa94-04c1-424b-9868-57a2d4851a1d" />
    <TestEntry testId="db0cb10a-b148-4ab2-bdbc-c34f3d090c22" executionId="4d7066b3-d85f-48b4-ae4a-fbb81604c865" testListId="8c84fa94-04c1-424b-9868-57a2d4851a1d" />
    <TestEntry testId="6f0ff471-bde6-47d4-bd9e-7a7db3e5afa3" executionId="452a84d1-c9d8-4533-aead-881e7f4b1a8f" testListId="8c84fa94-04c1-424b-9868-57a2d4851a1d" />
    <TestEntry testId="23866984-4e94-4a03-9df3-3bd1da705920" executionId="3dd933f3-f600-4b81-a427-afd4f74892af" testListId="8c84fa94-04c1-424b-9868-57a2d4851a1d" />
    <TestEntry testId="6c7e9f01-85c8-48e0-823a-e48c88132f15" executionId="46fc5195-5eb2-42de-b30d-4990748d97ca" testListId="8c84fa94-04c1-424b-9868-57a2d4851a1d" />
    <TestEntry testId="a605a0ed-41ed-43a8-b2d3-f3fbcde01899" executionId="209b6d5c-2f81-41f0-88b9-d0ea77e634f3" testListId="8c84fa94-04c1-424b-9868-57a2d4851a1d" />
    <TestEntry testId="8ad8d8cc-ddf0-4553-893e-f6faadca5d9a" executionId="d420313e-fd87-48b5-90c5-4965406176b4" testListId="8c84fa94-04c1-424b-9868-57a2d4851a1d" />
    <TestEntry testId="faf38971-838c-44b4-a4bf-97d05bd88c80" executionId="08544ec8-3247-4468-b67c-03d26b10e5a8" testListId="8c84fa94-04c1-424b-9868-57a2d4851a1d" />
    <TestEntry testId="54d303dc-57aa-4be3-98e6-25f5dbb728b8" executionId="1015b2fd-fb7b-4c7a-87e3-041c7b43f0ae" testListId="8c84fa94-04c1-424b-9868-57a2d4851a1d" />
    <TestEntry testId="f522ebc7-f13f-4fa1-8c82-9dfc39f9756a" executionId="55f4bca9-e753-49a4-b930-0fd91cfa7f1a" testListId="8c84fa94-04c1-424b-9868-57a2d4851a1d" />
    <TestEntry testId="ae8f8439-e933-4b20-af08-bfe0f1208779" executionId="268c33d9-0c5f-4924-a4ec-0e474531ff1d" testListId="8c84fa94-04c1-424b-9868-57a2d4851a1d" />
    <TestEntry testId="ae699d50-afb1-4154-8904-48b0e5a2f0fc" executionId="f3b8f62e-0bbc-476b-85d4-4acc08d47784" testListId="8c84fa94-04c1-424b-9868-57a2d4851a1d" />
    <TestEntry testId="9c0fcc27-0a42-4843-8016-749378a40fad" executionId="c7253373-86d6-4f85-8169-5c028563814a" testListId="8c84fa94-04c1-424b-9868-57a2d4851a1d" />
    <TestEntry testId="36835da3-98ca-4647-9d3f-dd6b622d164f" executionId="3ba7b393-7cbd-4703-92fd-c2e69e8b67e8" testListId="8c84fa94-04c1-424b-9868-57a2d4851a1d" />
    <TestEntry testId="a259bb74-2c46-4579-af9e-7744f9163742" executionId="47a90a1c-02b2-431f-b8c9-46b452346f1c" testListId="8c84fa94-04c1-424b-9868-57a2d4851a1d" />
    <TestEntry testId="3811fc92-44b1-4be5-8ff8-cd4139eaec5d" executionId="da58ea8b-6767-459a-b06b-05a1c4b5deca" testListId="8c84fa94-04c1-424b-9868-57a2d4851a1d" />
    <TestEntry testId="87544fbe-0c3b-4554-a0c9-caab1692201a" executionId="f82f90e5-2779-49d7-86c7-ce92509445f0" testListId="8c84fa94-04c1-424b-9868-57a2d4851a1d" />
    <TestEntry testId="a4dc8ba6-d898-4518-85c0-859f2ec44194" executionId="0de0b9e0-bed5-4cf0-ab53-eb37f8632eab" testListId="8c84fa94-04c1-424b-9868-57a2d4851a1d" />
    <TestEntry testId="98f87da8-d646-4952-a2e6-3c35eed93cf5" executionId="3bfa648f-75d5-4521-bf1b-eba2c465a5e8" testListId="8c84fa94-04c1-424b-9868-57a2d4851a1d" />
    <TestEntry testId="e63db974-8f19-4860-8ec1-16baaf581926" executionId="bea729c5-a015-4a92-bcc0-bfb16a2119d4" testListId="8c84fa94-04c1-424b-9868-57a2d4851a1d" />
    <TestEntry testId="1f9b2e40-4ce2-48df-8ca2-844f74e1d09e" executionId="0d66e3c8-373e-4a8e-9901-ccdb3fe0ce93" testListId="8c84fa94-04c1-424b-9868-57a2d4851a1d" />
    <TestEntry testId="30e2b823-71ea-4cea-8080-1f65dd44cf2f" executionId="44ee0fa8-9d15-4e1e-a289-1bf749458d6a" testListId="8c84fa94-04c1-424b-9868-57a2d4851a1d" />
    <TestEntry testId="c614d7a0-f1ea-4202-88bb-a0a5ea6169ac" executionId="f9f4793a-1b0c-47f9-b885-cd8e89ddd44d" testListId="8c84fa94-04c1-424b-9868-57a2d4851a1d" />
    <TestEntry testId="1a95afd6-df8e-4ed6-83d6-6f6fddaf3efd" executionId="02debdbc-294d-40fc-8a1d-bc55154a7eb3" testListId="8c84fa94-04c1-424b-9868-57a2d4851a1d" />
    <TestEntry testId="261eaaaa-bbb3-41c0-a2fa-959449054334" executionId="3229c23e-a643-47bd-8c6c-b5ab29fc8a2d" testListId="8c84fa94-04c1-424b-9868-57a2d4851a1d" />
    <TestEntry testId="4bbb676a-972e-4d60-96a3-6ec8bce3d283" executionId="8952df1c-f65a-473a-84d8-8d2030172a48" testListId="8c84fa94-04c1-424b-9868-57a2d4851a1d" />
    <TestEntry testId="c35463b7-6b8e-405e-b70d-bd52500df4bd" executionId="9e5e6fd3-c082-4e4a-9f68-b6de70f20e3a" testListId="8c84fa94-04c1-424b-9868-57a2d4851a1d" />
    <TestEntry testId="c33eb741-9cb8-4c06-912d-803c0335758f" executionId="72f08209-4a87-4f8f-89b6-59d8e9fdafc6" testListId="8c84fa94-04c1-424b-9868-57a2d4851a1d" />
    <TestEntry testId="5de09a37-b517-4e19-9bc1-c7da06910738" executionId="df5d3c00-304a-4889-9ee3-0182d12ff44f" testListId="8c84fa94-04c1-424b-9868-57a2d4851a1d" />
    <TestEntry testId="aa374003-2da7-4aac-ab3a-d4ba941f0a0a" executionId="2c20214b-ea2b-4c82-9663-90d95bdc7610" testListId="8c84fa94-04c1-424b-9868-57a2d4851a1d" />
    <TestEntry testId="7b6697ca-b426-413b-bbd9-6b4d4741f53d" executionId="8f36e68d-f868-4043-a53f-61cfe9d1f5f8" testListId="8c84fa94-04c1-424b-9868-57a2d4851a1d" />
    <TestEntry testId="aa730c66-574a-4eed-81d1-7e15c8812b4b" executionId="b6998178-b72b-4e10-a277-4a66bdf0ad7a" testListId="8c84fa94-04c1-424b-9868-57a2d4851a1d" />
    <TestEntry testId="14455b1e-7669-4fda-b5dd-98e09e6f77ca" executionId="e45f34e2-6bc8-4275-aad2-52a9432c3301" testListId="8c84fa94-04c1-424b-9868-57a2d4851a1d" />
    <TestEntry testId="a7925bdd-3fad-45a3-9ee7-5a6f123bf372" executionId="ba4b3a34-694f-47bf-9e05-f71fbd292e12" testListId="8c84fa94-04c1-424b-9868-57a2d4851a1d" />
    <TestEntry testId="63aff9d1-b4a7-43eb-8ef5-88b5b7da9d2a" executionId="1afaba37-2fba-423a-8534-523e3312d970" testListId="8c84fa94-04c1-424b-9868-57a2d4851a1d" />
    <TestEntry testId="4dd850d7-0a25-4633-b34b-cc63af690c0c" executionId="c47e863e-8cd6-463d-a50b-c6fe51bc173a" testListId="8c84fa94-04c1-424b-9868-57a2d4851a1d" />
    <TestEntry testId="71117feb-b340-4dfe-98f6-1bb0bac02f2c" executionId="d5e3c4f6-a298-4815-abc6-2f061197158e" testListId="8c84fa94-04c1-424b-9868-57a2d4851a1d" />
    <TestEntry testId="b30dfabd-0a00-400b-b454-3d1da18801e5" executionId="55abb702-95ab-418b-9cb8-f559eb00656c" testListId="8c84fa94-04c1-424b-9868-57a2d4851a1d" />
    <TestEntry testId="6b119a01-f7c3-4566-9ed5-71e714b8b602" executionId="0b9db8ed-1d24-4d48-9939-d7bf1447c885" testListId="8c84fa94-04c1-424b-9868-57a2d4851a1d" />
    <TestEntry testId="a57c64d5-f779-4443-bdf9-24d03469e56b" executionId="a2a06d6a-832a-4bdc-b2cd-a6c67ea30163" testListId="8c84fa94-04c1-424b-9868-57a2d4851a1d" />
    <TestEntry testId="0a13576a-6827-4ced-97f9-dbbb48c773d5" executionId="7c7db4d1-8382-4b18-b45c-062d0a4c3daf" testListId="8c84fa94-04c1-424b-9868-57a2d4851a1d" />
    <TestEntry testId="c488c284-79d0-4921-8dd3-17fc96a537e7" executionId="330f15e4-1c6f-4d23-ba5d-dff70a291408" testListId="8c84fa94-04c1-424b-9868-57a2d4851a1d" />
    <TestEntry testId="15d63101-2814-4d44-860a-0d86fdcef041" executionId="37021051-c07d-441c-8d93-b907d3f778ee" testListId="8c84fa94-04c1-424b-9868-57a2d4851a1d" />
    <TestEntry testId="856fc939-d021-4ca0-9f14-5812aff728cd" executionId="7fed3bfe-afce-4f9d-993c-9ba6f9832940" testListId="8c84fa94-04c1-424b-9868-57a2d4851a1d" />
    <TestEntry testId="62a91abe-b493-4485-95b5-cc6c5d0a4334" executionId="9aeb88be-2345-4e12-9432-a59a4cbacd68" testListId="8c84fa94-04c1-424b-9868-57a2d4851a1d" />
    <TestEntry testId="a15b736f-ed7f-4699-91bc-bde53ffea844" executionId="68da4b33-ff1f-4d64-9f56-e650112b5206" testListId="8c84fa94-04c1-424b-9868-57a2d4851a1d" />
    <TestEntry testId="3dbc9ef5-9a91-490e-bc90-6de9b1e10c23" executionId="160d1178-ea44-45eb-a814-ee2dfe06eeec" testListId="8c84fa94-04c1-424b-9868-57a2d4851a1d" />
    <TestEntry testId="97def279-0a02-4e29-b126-25c14a885c4a" executionId="8ffeeff0-094d-418e-ad3b-358622c68bca" testListId="8c84fa94-04c1-424b-9868-57a2d4851a1d" />
    <TestEntry testId="3878373b-ee28-4fb9-a7ae-35bf663e36a2" executionId="716b8a04-a233-4870-b4e9-fd9261dc37a2" testListId="8c84fa94-04c1-424b-9868-57a2d4851a1d" />
  </TestEntries>
  <TestLists>
    <TestList name="Resultados sin formato de lista" id="8c84fa94-04c1-424b-9868-57a2d4851a1d" />
    <TestList name="Todos los resultados cargados" id="19431567-8539-422a-85d7-44ee4e166bda" />
  </TestLists>
  <ResultSummary outcome="Completed">
    <Counters total="61" executed="61" passed="61" failed="0" error="0" timeout="0" aborted="0" inconclusive="0" passedButRunAborted="0" notRunnable="0" notExecuted="0" disconnected="0" warning="0" completed="0" inProgress="0" pending="0" />
  </ResultSummary>
</TestRun>