<?xml version="1.0" encoding="utf-8"?>
<TestRun id="d8e0eefe-fb29-4fdc-9892-2adf7970efd5" name="sferrari@PC-SFERRARI 2020-09-11 18:23:43" runUser="PC-SFERRARI\sferrari" xmlns="http://microsoft.com/schemas/VisualStudio/TeamTest/2010">
  <Times creation="2020-09-11T18:23:43.4722761+01:00" queuing="2020-09-11T18:23:43.4722761+01:00" start="2020-09-11T18:23:40.3873030+01:00" finish="2020-09-11T18:23:45.1219826+01:00" />
  <TestSettings name="default" id="62ecf181-13a1-47fd-ab56-de10dcd550ba">
    <Deployment runDeploymentRoot="sferrari_PC-SFERRARI_2020-09-11_18_23_43" />
  </TestSettings>
  <Results>
    <UnitTestResult executionId="ab3978f1-3a66-43d2-acfa-7e0b602c788c" testId="8fc0fc53-61cd-25ef-1dff-484ebd40d1f5" testName="QueryableOrderByDescending" computerName="PC-SFERRARI" duration="00:00:00.0732090" startTime="2020-09-11T18:23:44.6993116+01:00" endTime="2020-09-11T18:23:44.7726500+01:00" testType="13cdc9d9-ddb5-4fa4-a97d-d965ccfc6d4b" outcome="Passed" testListId="8c84fa94-04c1-424b-9868-57a2d4851a1d" relativeResultsDirectory="ab3978f1-3a66-43d2-acfa-7e0b602c788c" />
    <UnitTestResult executionId="c896794e-002a-4b0c-aaaa-4b71eb3d5f1f" testId="0e07d823-c921-f6f8-2317-1b63ed7638ac" testName="StatusActiveConvert" computerName="PC-SFERRARI" duration="00:00:00.0064899" startTime="2020-09-11T18:23:41.8441774+01:00" endTime="2020-09-11T18:23:41.8507869+01:00" testType="13cdc9d9-ddb5-4fa4-a97d-d965ccfc6d4b" outcome="Passed" testListId="8c84fa94-04c1-424b-9868-57a2d4851a1d" relativeResultsDirectory="c896794e-002a-4b0c-aaaa-4b71eb3d5f1f" />
    <UnitTestResult executionId="483968d0-f897-49d6-8dd0-d3c6cf1ac0ac" testId="d2bcb9fa-a18a-460e-46dd-5ff81bc4280c" testName="GetAllAsyncWhereIncludes" computerName="PC-SFERRARI" duration="00:00:00.0180758" startTime="2020-09-11T18:23:44.0694562+01:00" endTime="2020-09-11T18:23:44.0876881+01:00" testType="13cdc9d9-ddb5-4fa4-a97d-d965ccfc6d4b" outcome="Passed" testListId="8c84fa94-04c1-424b-9868-57a2d4851a1d" relativeResultsDirectory="483968d0-f897-49d6-8dd0-d3c6cf1ac0ac" />
    <UnitTestResult executionId="71427e23-e410-4f5d-b05a-fb67d7599f64" testId="aacbc091-cac6-472d-7a62-95f0e276eb96" testName="Count" computerName="PC-SFERRARI" duration="00:00:00.0009748" startTime="2020-09-11T18:23:43.7180487+01:00" endTime="2020-09-11T18:23:43.7191513+01:00" testType="13cdc9d9-ddb5-4fa4-a97d-d965ccfc6d4b" outcome="Passed" testListId="8c84fa94-04c1-424b-9868-57a2d4851a1d" relativeResultsDirectory="71427e23-e410-4f5d-b05a-fb67d7599f64" />
    <UnitTestResult executionId="f4411f01-c2e3-4a4a-91ab-804dfb92a83e" testId="2a859b64-8fef-e44f-496e-d0960bb4e811" testName="CountWhereAsync" computerName="PC-SFERRARI" duration="00:00:00.0051391" startTime="2020-09-11T18:23:43.7617537+01:00" endTime="2020-09-11T18:23:43.7670460+01:00" testType="13cdc9d9-ddb5-4fa4-a97d-d965ccfc6d4b" outcome="Passed" testListId="8c84fa94-04c1-424b-9868-57a2d4851a1d" relativeResultsDirectory="f4411f01-c2e3-4a4a-91ab-804dfb92a83e" />
    <UnitTestResult executionId="da5da92d-ee9e-47c1-b0e5-e93772ee7375" testId="dc2640e2-1199-2f27-9a1c-21a3988c0548" testName="GetAll" computerName="PC-SFERRARI" duration="00:00:00.0139713" startTime="2020-09-11T18:23:43.9795040+01:00" endTime="2020-09-11T18:23:43.9936354+01:00" testType="13cdc9d9-ddb5-4fa4-a97d-d965ccfc6d4b" outcome="Passed" testListId="8c84fa94-04c1-424b-9868-57a2d4851a1d" relativeResultsDirectory="da5da92d-ee9e-47c1-b0e5-e93772ee7375" />
    <UnitTestResult executionId="7da1613d-2521-4be8-89bb-9f801ad1f064" testId="04aa4e1e-17b4-adeb-34e0-ccb0d168f316" testName="AnyWhere" computerName="PC-SFERRARI" duration="00:00:00.0581967" startTime="2020-09-11T18:23:43.6537960+01:00" endTime="2020-09-11T18:23:43.7121615+01:00" testType="13cdc9d9-ddb5-4fa4-a97d-d965ccfc6d4b" outcome="Passed" testListId="8c84fa94-04c1-424b-9868-57a2d4851a1d" relativeResultsDirectory="7da1613d-2521-4be8-89bb-9f801ad1f064" />
    <UnitTestResult executionId="b814232e-ea10-4623-9f5d-6aaec3be0961" testId="67347929-ada1-2a19-d343-348502d3744d" testName="AddRangeAsync" computerName="PC-SFERRARI" duration="00:00:00.0035940" startTime="2020-09-11T18:23:43.6336669+01:00" endTime="2020-09-11T18:23:43.6374108+01:00" testType="13cdc9d9-ddb5-4fa4-a97d-d965ccfc6d4b" outcome="Passed" testListId="8c84fa94-04c1-424b-9868-57a2d4851a1d" relativeResultsDirectory="b814232e-ea10-4623-9f5d-6aaec3be0961" />
    <UnitTestResult executionId="7450626e-921a-44b5-97bc-ceb93f25cba2" testId="415af2c2-48c5-83e3-6a66-9f97dfd3ca3b" testName="GetPagedWhereIncludes" computerName="PC-SFERRARI" duration="00:00:00.0048726" startTime="2020-09-11T18:23:44.6595911+01:00" endTime="2020-09-11T18:23:44.6645888+01:00" testType="13cdc9d9-ddb5-4fa4-a97d-d965ccfc6d4b" outcome="Passed" testListId="8c84fa94-04c1-424b-9868-57a2d4851a1d" relativeResultsDirectory="7450626e-921a-44b5-97bc-ceb93f25cba2" />
    <UnitTestResult executionId="bbcfbd34-63b3-496d-9644-720a3ee6b82e" testId="547b74f5-af3d-4901-099f-9b71e2cf95a8" testName="AnyAsync" computerName="PC-SFERRARI" duration="00:00:00.0123535" startTime="2020-09-11T18:23:43.6412500+01:00" endTime="2020-09-11T18:23:43.6537538+01:00" testType="13cdc9d9-ddb5-4fa4-a97d-d965ccfc6d4b" outcome="Passed" testListId="8c84fa94-04c1-424b-9868-57a2d4851a1d" relativeResultsDirectory="bbcfbd34-63b3-496d-9644-720a3ee6b82e" />
    <UnitTestResult executionId="0b4dbd32-8480-4ffb-99a0-415b25bf231d" testId="f1b19c33-afce-6c0a-78e7-550904287f78" testName="UpdatePartial" computerName="PC-SFERRARI" duration="00:00:00.0031181" startTime="2020-09-11T18:23:44.8499342+01:00" endTime="2020-09-11T18:23:44.8532277+01:00" testType="13cdc9d9-ddb5-4fa4-a97d-d965ccfc6d4b" outcome="Passed" testListId="8c84fa94-04c1-424b-9868-57a2d4851a1d" relativeResultsDirectory="0b4dbd32-8480-4ffb-99a0-415b25bf231d" />
    <UnitTestResult executionId="315f028d-751d-48e5-9cac-c1f706080c89" testId="7c6a19db-2e0f-7e4b-e125-c757ac778264" testName="AddRange" computerName="PC-SFERRARI" duration="00:00:00.0609131" startTime="2020-09-11T18:23:43.5725529+01:00" endTime="2020-09-11T18:23:43.6336279+01:00" testType="13cdc9d9-ddb5-4fa4-a97d-d965ccfc6d4b" outcome="Passed" testListId="8c84fa94-04c1-424b-9868-57a2d4851a1d" relativeResultsDirectory="315f028d-751d-48e5-9cac-c1f706080c89" />
    <UnitTestResult executionId="5be38a57-71c7-4c1c-9eb5-827e0d7dcbb7" testId="6da9ed80-28cc-d39a-2a5f-ae945961186e" testName="GetAllWhere" computerName="PC-SFERRARI" duration="00:00:00.0181490" startTime="2020-09-11T18:23:44.1362664+01:00" endTime="2020-09-11T18:23:44.1545576+01:00" testType="13cdc9d9-ddb5-4fa4-a97d-d965ccfc6d4b" outcome="Passed" testListId="8c84fa94-04c1-424b-9868-57a2d4851a1d" relativeResultsDirectory="5be38a57-71c7-4c1c-9eb5-827e0d7dcbb7" />
    <UnitTestResult executionId="c19c7f65-0166-450c-be05-69402aad2617" testId="eb1a9c41-91a8-fcc6-e850-a4d9acf34975" testName="GetPagedAsyncWhereSelect" computerName="PC-SFERRARI" duration="00:00:00.0067237" startTime="2020-09-11T18:23:44.6190557+01:00" endTime="2020-09-11T18:23:44.6259283+01:00" testType="13cdc9d9-ddb5-4fa4-a97d-d965ccfc6d4b" outcome="Passed" testListId="8c84fa94-04c1-424b-9868-57a2d4851a1d" relativeResultsDirectory="c19c7f65-0166-450c-be05-69402aad2617" />
    <UnitTestResult executionId="f647be55-1c9c-4183-bdec-c2fdd0fef503" testId="1d634575-eacb-5b74-f59b-3f918b61f3e1" testName="NameConvert" computerName="PC-SFERRARI" duration="00:00:00.0049227" startTime="2020-09-11T18:23:41.8391092+01:00" endTime="2020-09-11T18:23:41.8441457+01:00" testType="13cdc9d9-ddb5-4fa4-a97d-d965ccfc6d4b" outcome="Passed" testListId="8c84fa94-04c1-424b-9868-57a2d4851a1d" relativeResultsDirectory="f647be55-1c9c-4183-bdec-c2fdd0fef503" />
    <UnitTestResult executionId="dac44f2d-e4f5-4bac-9879-c5bf9145bdf9" testId="ef63a22f-9706-f5ab-a12a-6b7f3e67e062" testName="UpdateValueObject" computerName="PC-SFERRARI" duration="00:00:00.0030966" startTime="2020-09-11T18:23:44.8561290+01:00" endTime="2020-09-11T18:23:44.8593659+01:00" testType="13cdc9d9-ddb5-4fa4-a97d-d965ccfc6d4b" outcome="Passed" testListId="8c84fa94-04c1-424b-9868-57a2d4851a1d" relativeResultsDirectory="dac44f2d-e4f5-4bac-9879-c5bf9145bdf9" />
    <UnitTestResult executionId="3275f155-c06b-47f0-b65a-834c236b9a75" testId="072ccf06-0d25-885d-29bf-a00924e8fa84" testName="GetAllWhereSelect" computerName="PC-SFERRARI" duration="00:00:00.0012037" startTime="2020-09-11T18:23:44.2222055+01:00" endTime="2020-09-11T18:23:44.2235258+01:00" testType="13cdc9d9-ddb5-4fa4-a97d-d965ccfc6d4b" outcome="Passed" testListId="8c84fa94-04c1-424b-9868-57a2d4851a1d" relativeResultsDirectory="3275f155-c06b-47f0-b65a-834c236b9a75" />
    <UnitTestResult executionId="a5b0b624-d0f9-493e-9ccb-d621948ac688" testId="6043b47e-9b08-206d-8d03-25bac9107c46" testName="GetPagedWhereIncludesSelect" computerName="PC-SFERRARI" duration="00:00:00.0054856" startTime="2020-09-11T18:23:44.6915579+01:00" endTime="2020-09-11T18:23:44.6972562+01:00" testType="13cdc9d9-ddb5-4fa4-a97d-d965ccfc6d4b" outcome="Passed" testListId="8c84fa94-04c1-424b-9868-57a2d4851a1d" relativeResultsDirectory="a5b0b624-d0f9-493e-9ccb-d621948ac688" />
    <UnitTestResult executionId="a47644f0-99e7-434f-b24a-12539abd67ba" testId="2904dada-b209-1961-24d7-8d0a33434707" testName="EnumConvertValue" computerName="PC-SFERRARI" duration="00:00:00.0039484" startTime="2020-09-11T18:23:41.8350012+01:00" endTime="2020-09-11T18:23:41.8390783+01:00" testType="13cdc9d9-ddb5-4fa4-a97d-d965ccfc6d4b" outcome="Passed" testListId="8c84fa94-04c1-424b-9868-57a2d4851a1d" relativeResultsDirectory="a47644f0-99e7-434f-b24a-12539abd67ba" />
    <UnitTestResult executionId="16ea88a3-41e5-4385-b9b8-f2daccba416a" testId="5260acf7-43e7-d56b-bb11-234b6abb4fc9" testName="GetOnetWhereIncludesSelect" computerName="PC-SFERRARI" duration="00:00:00.0178153" startTime="2020-09-11T18:23:44.5052206+01:00" endTime="2020-09-11T18:23:44.5231873+01:00" testType="13cdc9d9-ddb5-4fa4-a97d-d965ccfc6d4b" outcome="Passed" testListId="8c84fa94-04c1-424b-9868-57a2d4851a1d" relativeResultsDirectory="16ea88a3-41e5-4385-b9b8-f2daccba416a" />
    <UnitTestResult executionId="4f366009-bb94-4d5e-9120-2444c056f200" testId="6bd2f9a0-66a6-2a6f-d86d-74477d673d54" testName="GetAllAsync" computerName="PC-SFERRARI" duration="00:00:00.0189394" startTime="2020-09-11T18:23:44.0169094+01:00" endTime="2020-09-11T18:23:44.0360660+01:00" testType="13cdc9d9-ddb5-4fa4-a97d-d965ccfc6d4b" outcome="Passed" testListId="8c84fa94-04c1-424b-9868-57a2d4851a1d" relativeResultsDirectory="4f366009-bb94-4d5e-9120-2444c056f200" />
    <UnitTestResult executionId="3fa4043d-2f15-4cb5-8bd3-e798ede9f2f6" testId="2af74153-e33d-5a06-b5a0-4f03d73a67ed" testName="GetAllWhereIncludesSelect" computerName="PC-SFERRARI" duration="00:00:00.0017704" startTime="2020-09-11T18:23:44.2202502+01:00" endTime="2020-09-11T18:23:44.2221705+01:00" testType="13cdc9d9-ddb5-4fa4-a97d-d965ccfc6d4b" outcome="Passed" testListId="8c84fa94-04c1-424b-9868-57a2d4851a1d" relativeResultsDirectory="3fa4043d-2f15-4cb5-8bd3-e798ede9f2f6" />
    <UnitTestResult executionId="918f715c-0698-4bba-948f-533cb21cce48" testId="201d395d-f163-4974-d9af-e5ce77839475" testName="Find" computerName="PC-SFERRARI" duration="00:00:00.0019530" startTime="2020-09-11T18:23:43.9468121+01:00" endTime="2020-09-11T18:23:43.9488960+01:00" testType="13cdc9d9-ddb5-4fa4-a97d-d965ccfc6d4b" outcome="Passed" testListId="8c84fa94-04c1-424b-9868-57a2d4851a1d" relativeResultsDirectory="918f715c-0698-4bba-948f-533cb21cce48" />
    <UnitTestResult executionId="8dbfa49c-c17f-4daf-921d-84dc7c6ca74b" testId="ba758f1a-bd5d-4526-b492-51aa9cd4ef94" testName="CountAsync" computerName="PC-SFERRARI" duration="00:00:00.0089704" startTime="2020-09-11T18:23:43.7191814+01:00" endTime="2020-09-11T18:23:43.7282707+01:00" testType="13cdc9d9-ddb5-4fa4-a97d-d965ccfc6d4b" outcome="Passed" testListId="8c84fa94-04c1-424b-9868-57a2d4851a1d" relativeResultsDirectory="8dbfa49c-c17f-4daf-921d-84dc7c6ca74b" />
    <UnitTestResult executionId="45e16e6a-df08-4ef7-8494-73e59cc714b0" testId="ea63432c-e9ba-8117-eb9e-c228c8eb32e3" testName="DeleteWhereAsynchronous" computerName="PC-SFERRARI" duration="00:00:00.0221466" startTime="2020-09-11T18:23:43.9244805+01:00" endTime="2020-09-11T18:23:43.9467756+01:00" testType="13cdc9d9-ddb5-4fa4-a97d-d965ccfc6d4b" outcome="Passed" testListId="8c84fa94-04c1-424b-9868-57a2d4851a1d" relativeResultsDirectory="45e16e6a-df08-4ef7-8494-73e59cc714b0" />
    <UnitTestResult executionId="8692c7e1-1cf6-47ad-b87d-f95e04bea246" testId="80cf2e6d-51fa-dc95-be21-b256f75b0e62" testName="GetAllWhereIncludes" computerName="PC-SFERRARI" duration="00:00:00.0654307" startTime="2020-09-11T18:23:44.1546051+01:00" endTime="2020-09-11T18:23:44.2202046+01:00" testType="13cdc9d9-ddb5-4fa4-a97d-d965ccfc6d4b" outcome="Passed" testListId="8c84fa94-04c1-424b-9868-57a2d4851a1d" relativeResultsDirectory="8692c7e1-1cf6-47ad-b87d-f95e04bea246" />
    <UnitTestResult executionId="02b288b5-c46d-4c78-a738-4046ba69a06e" testId="a03ae96c-6c38-25f6-9090-1aeea469d720" testName="UpdateAsynchronous" computerName="PC-SFERRARI" duration="00:00:00.0584578" startTime="2020-09-11T18:23:44.7912518+01:00" endTime="2020-09-11T18:23:44.8498824+01:00" testType="13cdc9d9-ddb5-4fa4-a97d-d965ccfc6d4b" outcome="Passed" testListId="8c84fa94-04c1-424b-9868-57a2d4851a1d" relativeResultsDirectory="02b288b5-c46d-4c78-a738-4046ba69a06e" />
    <UnitTestResult executionId="d7171fe2-84b0-4d5a-82d4-c4f573c6d68a" testId="f7b3f1d7-b3a9-14e3-de6d-190a6ba30b90" testName="AddAsync" computerName="PC-SFERRARI" duration="00:00:00.0988735" startTime="2020-09-11T18:23:43.4734223+01:00" endTime="2020-09-11T18:23:43.5725130+01:00" testType="13cdc9d9-ddb5-4fa4-a97d-d965ccfc6d4b" outcome="Passed" testListId="8c84fa94-04c1-424b-9868-57a2d4851a1d" relativeResultsDirectory="d7171fe2-84b0-4d5a-82d4-c4f573c6d68a" />
    <UnitTestResult executionId="13997573-2934-443a-95a3-fb12b7afa7b9" testId="80dc4908-905b-f38a-b5ec-758697553c91" testName="Delete" computerName="PC-SFERRARI" duration="00:00:00.1290301" startTime="2020-09-11T18:23:43.7670822+01:00" endTime="2020-09-11T18:23:43.8962654+01:00" testType="13cdc9d9-ddb5-4fa4-a97d-d965ccfc6d4b" outcome="Passed" testListId="8c84fa94-04c1-424b-9868-57a2d4851a1d" relativeResultsDirectory="13997573-2934-443a-95a3-fb12b7afa7b9" />
    <UnitTestResult executionId="c27cd06d-1e42-4bda-840a-d51acc9a599b" testId="96d7f7f9-87b7-83da-bd92-36d8216849da" testName="GetPagedAsyncWhereIncludesSelect" computerName="PC-SFERRARI" duration="00:00:00.0081071" startTime="2020-09-11T18:23:44.6107662+01:00" endTime="2020-09-11T18:23:44.6190164+01:00" testType="13cdc9d9-ddb5-4fa4-a97d-d965ccfc6d4b" outcome="Passed" testListId="8c84fa94-04c1-424b-9868-57a2d4851a1d" relativeResultsDirectory="c27cd06d-1e42-4bda-840a-d51acc9a599b" />
    <UnitTestResult executionId="fdf7d8bc-ef95-4cb6-bbb4-d5718434c4d3" testId="8e12190f-46f0-473e-48e7-dce493d198a6" testName="Add" computerName="PC-SFERRARI" duration="00:00:01.5428614" startTime="2020-09-11T18:23:41.8543025+01:00" endTime="2020-09-11T18:23:43.3979188+01:00" testType="13cdc9d9-ddb5-4fa4-a97d-d965ccfc6d4b" outcome="Passed" testListId="8c84fa94-04c1-424b-9868-57a2d4851a1d" relativeResultsDirectory="fdf7d8bc-ef95-4cb6-bbb4-d5718434c4d3" />
    <UnitTestResult executionId="c12fc13a-61c1-4d4b-8596-ef1fdaf11afa" testId="ee33180c-19d8-3ead-e8a1-108c53d1cb5d" testName="AnyWhereAsync" computerName="PC-SFERRARI" duration="00:00:00.0056530" startTime="2020-09-11T18:23:43.7122065+01:00" endTime="2020-09-11T18:23:43.7180112+01:00" testType="13cdc9d9-ddb5-4fa4-a97d-d965ccfc6d4b" outcome="Passed" testListId="8c84fa94-04c1-424b-9868-57a2d4851a1d" relativeResultsDirectory="c12fc13a-61c1-4d4b-8596-ef1fdaf11afa" />
    <UnitTestResult executionId="c2d30b28-fd50-44c6-87ee-d07ad097b2c9" testId="430152d5-4073-d77f-e2ee-53a6c3d62288" testName="FindAsync" computerName="PC-SFERRARI" duration="00:00:00.0303981" startTime="2020-09-11T18:23:43.9489298+01:00" endTime="2020-09-11T18:23:43.9794574+01:00" testType="13cdc9d9-ddb5-4fa4-a97d-d965ccfc6d4b" outcome="Passed" testListId="8c84fa94-04c1-424b-9868-57a2d4851a1d" relativeResultsDirectory="c2d30b28-fd50-44c6-87ee-d07ad097b2c9" />
    <UnitTestResult executionId="3f666c18-25c4-4e69-b9f1-80fa3e5eab97" testId="7f962fc1-c7df-4430-6a53-51cc5fa60478" testName="EnumConvertName" computerName="PC-SFERRARI" duration="00:00:00.0092907" startTime="2020-09-11T18:23:41.8254051+01:00" endTime="2020-09-11T18:23:41.8349456+01:00" testType="13cdc9d9-ddb5-4fa4-a97d-d965ccfc6d4b" outcome="Passed" testListId="8c84fa94-04c1-424b-9868-57a2d4851a1d" relativeResultsDirectory="3f666c18-25c4-4e69-b9f1-80fa3e5eab97" />
    <UnitTestResult executionId="3f83b86a-b6e5-4f02-962d-89da1ae2e099" testId="c3f07b32-627e-c6ba-6d6d-4bf8eea8cf4b" testName="Any" computerName="PC-SFERRARI" duration="00:00:00.0036309" startTime="2020-09-11T18:23:43.6374449+01:00" endTime="2020-09-11T18:23:43.6412026+01:00" testType="13cdc9d9-ddb5-4fa4-a97d-d965ccfc6d4b" outcome="Passed" testListId="8c84fa94-04c1-424b-9868-57a2d4851a1d" relativeResultsDirectory="3f83b86a-b6e5-4f02-962d-89da1ae2e099" />
    <UnitTestResult executionId="e0ce7ebb-87d3-4de6-b463-39db97c78b41" testId="aeb29584-5757-c8d5-ba00-a6e2def67d93" testName="DeleteWhere" computerName="PC-SFERRARI" duration="00:00:00.0185382" startTime="2020-09-11T18:23:43.9057558+01:00" endTime="2020-09-11T18:23:43.9244280+01:00" testType="13cdc9d9-ddb5-4fa4-a97d-d965ccfc6d4b" outcome="Passed" testListId="8c84fa94-04c1-424b-9868-57a2d4851a1d" relativeResultsDirectory="e0ce7ebb-87d3-4de6-b463-39db97c78b41" />
    <UnitTestResult executionId="f299fb7e-0e9e-49f1-b40c-4089ba10eac1" testId="d73d5371-3160-f8c9-be64-a3ff374de612" testName="GetOneWhere" computerName="PC-SFERRARI" duration="00:00:00.0161488" startTime="2020-09-11T18:23:44.4677958+01:00" endTime="2020-09-11T18:23:44.4841056+01:00" testType="13cdc9d9-ddb5-4fa4-a97d-d965ccfc6d4b" outcome="Passed" testListId="8c84fa94-04c1-424b-9868-57a2d4851a1d" relativeResultsDirectory="f299fb7e-0e9e-49f1-b40c-4089ba10eac1" />
    <UnitTestResult executionId="f4fe8b2e-9367-48b2-acd5-8f7ec163294b" testId="422d7082-1203-53e5-1057-bff919c73d99" testName="UpdateSelect" computerName="PC-SFERRARI" duration="00:00:00.0026934" startTime="2020-09-11T18:23:44.8532725+01:00" endTime="2020-09-11T18:23:44.8560968+01:00" testType="13cdc9d9-ddb5-4fa4-a97d-d965ccfc6d4b" outcome="Passed" testListId="8c84fa94-04c1-424b-9868-57a2d4851a1d" relativeResultsDirectory="f4fe8b2e-9367-48b2-acd5-8f7ec163294b" />
    <UnitTestResult executionId="f0037b33-98f5-4bdd-815b-2e27ba3a3d69" testId="efde178d-8304-a068-9dd4-333218c96a66" testName="GetOneAsyncWhereIncludesSelect" computerName="PC-SFERRARI" duration="00:00:00.0296584" startTime="2020-09-11T18:23:44.4185487+01:00" endTime="2020-09-11T18:23:44.4483997+01:00" testType="13cdc9d9-ddb5-4fa4-a97d-d965ccfc6d4b" outcome="Passed" testListId="8c84fa94-04c1-424b-9868-57a2d4851a1d" relativeResultsDirectory="f0037b33-98f5-4bdd-815b-2e27ba3a3d69" />
    <UnitTestResult executionId="6b3bbaa2-4c8b-47cf-9a54-f05ff7e6847b" testId="6c2f2404-94f9-827b-b6a9-1809a4e2cdda" testName="GetOneAsyncWhereInclude" computerName="PC-SFERRARI" duration="00:00:00.1378898" startTime="2020-09-11T18:23:44.2804240+01:00" endTime="2020-09-11T18:23:44.4184970+01:00" testType="13cdc9d9-ddb5-4fa4-a97d-d965ccfc6d4b" outcome="Passed" testListId="8c84fa94-04c1-424b-9868-57a2d4851a1d" relativeResultsDirectory="6b3bbaa2-4c8b-47cf-9a54-f05ff7e6847b" />
    <UnitTestResult executionId="02d48482-52a9-41a7-b8f2-c461f9118d94" testId="a5b363eb-4063-13b0-3940-dbd797fb33e6" testName="GetPaged" computerName="PC-SFERRARI" duration="00:00:00.0050568" startTime="2020-09-11T18:23:44.5355628+01:00" endTime="2020-09-11T18:23:44.5407665+01:00" testType="13cdc9d9-ddb5-4fa4-a97d-d965ccfc6d4b" outcome="Passed" testListId="8c84fa94-04c1-424b-9868-57a2d4851a1d" relativeResultsDirectory="02d48482-52a9-41a7-b8f2-c461f9118d94" />
    <UnitTestResult executionId="28c562f2-3157-4f46-9b61-2af248e1d707" testId="54adf2ba-1f81-5c34-8f16-1b1e9af7a4da" testName="GetPagedSelectOrderByNavigationProperty" computerName="PC-SFERRARI" duration="00:00:00.0268485" startTime="2020-09-11T18:23:44.6259691+01:00" endTime="2020-09-11T18:23:44.6529598+01:00" testType="13cdc9d9-ddb5-4fa4-a97d-d965ccfc6d4b" outcome="Passed" testListId="8c84fa94-04c1-424b-9868-57a2d4851a1d" relativeResultsDirectory="28c562f2-3157-4f46-9b61-2af248e1d707" />
    <UnitTestResult executionId="408a2390-a611-451a-849f-17cc4b0b8dff" testId="5ba747ad-1019-b721-43b2-f142ffc120a4" testName="GetPagedWhereSelect" computerName="PC-SFERRARI" duration="00:00:00.0018472" startTime="2020-09-11T18:23:44.6972964+01:00" endTime="2020-09-11T18:23:44.6992806+01:00" testType="13cdc9d9-ddb5-4fa4-a97d-d965ccfc6d4b" outcome="Passed" testListId="8c84fa94-04c1-424b-9868-57a2d4851a1d" relativeResultsDirectory="408a2390-a611-451a-849f-17cc4b0b8dff" />
    <UnitTestResult executionId="7a0d0ed7-5fb6-4e58-a885-60d25b79ef13" testId="144b21a3-bf36-64c0-5d61-fb1f5f807601" testName="GetAllAsyncWhereSelect" computerName="PC-SFERRARI" duration="00:00:00.0042159" startTime="2020-09-11T18:23:44.1318601+01:00" endTime="2020-09-11T18:23:44.1362276+01:00" testType="13cdc9d9-ddb5-4fa4-a97d-d965ccfc6d4b" outcome="Passed" testListId="8c84fa94-04c1-424b-9868-57a2d4851a1d" relativeResultsDirectory="7a0d0ed7-5fb6-4e58-a885-60d25b79ef13" />
    <UnitTestResult executionId="3248cf5f-3a19-4b7d-b505-a44cc583986e" testId="716b4372-94af-086a-4429-af7c705f625c" testName="SubdomainConvert" computerName="PC-SFERRARI" duration="00:00:00.0026537" startTime="2020-09-11T18:23:41.8515243+01:00" endTime="2020-09-11T18:23:41.8542752+01:00" testType="13cdc9d9-ddb5-4fa4-a97d-d965ccfc6d4b" outcome="Passed" testListId="8c84fa94-04c1-424b-9868-57a2d4851a1d" relativeResultsDirectory="3248cf5f-3a19-4b7d-b505-a44cc583986e" />
    <UnitTestResult executionId="c421dfa7-27bb-4b15-9411-5f54aaee70a0" testId="30bb456b-8c24-fe13-fd9f-bdcafc3b9b0c" testName="Update" computerName="PC-SFERRARI" duration="00:00:00.0183519" startTime="2020-09-11T18:23:44.7726997+01:00" endTime="2020-09-11T18:23:44.7912085+01:00" testType="13cdc9d9-ddb5-4fa4-a97d-d965ccfc6d4b" outcome="Passed" testListId="8c84fa94-04c1-424b-9868-57a2d4851a1d" relativeResultsDirectory="c421dfa7-27bb-4b15-9411-5f54aaee70a0" />
    <UnitTestResult executionId="61a95d58-35f2-44e2-8198-2d42e3beb957" testId="b1b1d371-f854-2591-5573-5df6eea9e240" testName="GetPagedAsync" computerName="PC-SFERRARI" duration="00:00:00.0049704" startTime="2020-09-11T18:23:44.5693256+01:00" endTime="2020-09-11T18:23:44.5745032+01:00" testType="13cdc9d9-ddb5-4fa4-a97d-d965ccfc6d4b" outcome="Passed" testListId="8c84fa94-04c1-424b-9868-57a2d4851a1d" relativeResultsDirectory="61a95d58-35f2-44e2-8198-2d42e3beb957" />
    <UnitTestResult executionId="06801c6b-0cea-4266-bb74-6f9cd015c18c" testId="08d796e4-3805-05c9-6b90-8e054e547aab" testName="CountWhere" computerName="PC-SFERRARI" duration="00:00:00.0106998" startTime="2020-09-11T18:23:43.7508138+01:00" endTime="2020-09-11T18:23:43.7617118+01:00" testType="13cdc9d9-ddb5-4fa4-a97d-d965ccfc6d4b" outcome="Passed" testListId="8c84fa94-04c1-424b-9868-57a2d4851a1d" relativeResultsDirectory="06801c6b-0cea-4266-bb74-6f9cd015c18c" />
    <UnitTestResult executionId="db5aa8a5-52b6-4af6-83be-62e952c87874" testId="ec221792-3703-943d-75b0-ffc511f23ece" testName="GetPagedAsyncWhere" computerName="PC-SFERRARI" duration="00:00:00.0163553" startTime="2020-09-11T18:23:44.5745441+01:00" endTime="2020-09-11T18:23:44.5910409+01:00" testType="13cdc9d9-ddb5-4fa4-a97d-d965ccfc6d4b" outcome="Passed" testListId="8c84fa94-04c1-424b-9868-57a2d4851a1d" relativeResultsDirectory="db5aa8a5-52b6-4af6-83be-62e952c87874" />
    <UnitTestResult executionId="24901c0c-1e4d-47b6-86b1-50679ad25f72" testId="0f152de7-4e3f-447b-bff4-9ddb954e4fca" testName="GetPagedWhere" computerName="PC-SFERRARI" duration="00:00:00.0019756" startTime="2020-09-11T18:23:44.6574531+01:00" endTime="2020-09-11T18:23:44.6595574+01:00" testType="13cdc9d9-ddb5-4fa4-a97d-d965ccfc6d4b" outcome="Passed" testListId="8c84fa94-04c1-424b-9868-57a2d4851a1d" relativeResultsDirectory="24901c0c-1e4d-47b6-86b1-50679ad25f72" />
    <UnitTestResult executionId="3b9a39bd-399d-40cd-867f-ba0756596dfe" testId="950b479a-3777-3956-e04c-abf562004bfb" testName="GetOneAsyncWhere" computerName="PC-SFERRARI" duration="00:00:00.0203497" startTime="2020-09-11T18:23:44.2598006+01:00" endTime="2020-09-11T18:23:44.2803756+01:00" testType="13cdc9d9-ddb5-4fa4-a97d-d965ccfc6d4b" outcome="Passed" testListId="8c84fa94-04c1-424b-9868-57a2d4851a1d" relativeResultsDirectory="3b9a39bd-399d-40cd-867f-ba0756596dfe" />
    <UnitTestResult executionId="1798dc6f-635c-4a7c-a74e-2301446331c1" testId="81baf7fe-c54e-1f13-b5bf-a984adecb526" testName="GetPagedSelectOrderByProperty" computerName="PC-SFERRARI" duration="00:00:00.0042664" startTime="2020-09-11T18:23:44.6529973+01:00" endTime="2020-09-11T18:23:44.6574000+01:00" testType="13cdc9d9-ddb5-4fa4-a97d-d965ccfc6d4b" outcome="Passed" testListId="8c84fa94-04c1-424b-9868-57a2d4851a1d" relativeResultsDirectory="1798dc6f-635c-4a7c-a74e-2301446331c1" />
    <UnitTestResult executionId="1a0af1b5-771a-4403-bab7-af8b30b4b70e" testId="fe080451-4d74-df2d-1ea1-c9dc74796e3c" testName="StatusInactiveConvert" computerName="PC-SFERRARI" duration="00:00:00.0005342" startTime="2020-09-11T18:23:41.8508293+01:00" endTime="2020-09-11T18:23:41.8515016+01:00" testType="13cdc9d9-ddb5-4fa4-a97d-d965ccfc6d4b" outcome="Passed" testListId="8c84fa94-04c1-424b-9868-57a2d4851a1d" relativeResultsDirectory="1a0af1b5-771a-4403-bab7-af8b30b4b70e" />
    <UnitTestResult executionId="32f2e224-755f-478e-b1da-15efb00844ad" testId="64dd75c6-39da-d392-b807-ecc669cb2f59" testName="GetOneWhereInclude" computerName="PC-SFERRARI" duration="00:00:00.0208446" startTime="2020-09-11T18:23:44.4841551+01:00" endTime="2020-09-11T18:23:44.5051748+01:00" testType="13cdc9d9-ddb5-4fa4-a97d-d965ccfc6d4b" outcome="Passed" testListId="8c84fa94-04c1-424b-9868-57a2d4851a1d" relativeResultsDirectory="32f2e224-755f-478e-b1da-15efb00844ad" />
    <UnitTestResult executionId="5960cea9-2e81-4ba4-a47a-b6a8fb299e11" testId="edffe8a4-7adf-0dbf-8ddc-968b66627820" testName="GetAllAsyncWhere" computerName="PC-SFERRARI" duration="00:00:00.0331565" startTime="2020-09-11T18:23:44.0361079+01:00" endTime="2020-09-11T18:23:44.0694124+01:00" testType="13cdc9d9-ddb5-4fa4-a97d-d965ccfc6d4b" outcome="Passed" testListId="8c84fa94-04c1-424b-9868-57a2d4851a1d" relativeResultsDirectory="5960cea9-2e81-4ba4-a47a-b6a8fb299e11" />
    <UnitTestResult executionId="73e2d3c4-adf9-4d0a-84e5-987046451410" testId="cc25d743-4885-4920-7249-bebbafd31696" testName="GetPagedAsyncWhereIncludes" computerName="PC-SFERRARI" duration="00:00:00.0195054" startTime="2020-09-11T18:23:44.5910794+01:00" endTime="2020-09-11T18:23:44.6107245+01:00" testType="13cdc9d9-ddb5-4fa4-a97d-d965ccfc6d4b" outcome="Passed" testListId="8c84fa94-04c1-424b-9868-57a2d4851a1d" relativeResultsDirectory="73e2d3c4-adf9-4d0a-84e5-987046451410" />
    <UnitTestResult executionId="4563f696-8fb5-4ccb-a64d-0cf83f980256" testId="03da262a-bfa4-5ae4-c1c4-084aedef8bcf" testName="GetOneAsyncWhereSelect" computerName="PC-SFERRARI" duration="00:00:00.0191355" startTime="2020-09-11T18:23:44.4484497+01:00" endTime="2020-09-11T18:23:44.4677475+01:00" testType="13cdc9d9-ddb5-4fa4-a97d-d965ccfc6d4b" outcome="Passed" testListId="8c84fa94-04c1-424b-9868-57a2d4851a1d" relativeResultsDirectory="4563f696-8fb5-4ccb-a64d-0cf83f980256" />
    <UnitTestResult executionId="52a7d294-0d7c-4d87-a981-e66dac7dc7a5" testId="42f1eda2-3af3-ae42-311a-2b53ffd7bce1" testName="EmailConvert" computerName="PC-SFERRARI" duration="00:00:00.0350833" startTime="2020-09-11T18:23:41.7100351+01:00" endTime="2020-09-11T18:23:41.8157010+01:00" testType="13cdc9d9-ddb5-4fa4-a97d-d965ccfc6d4b" outcome="Passed" testListId="8c84fa94-04c1-424b-9868-57a2d4851a1d" relativeResultsDirectory="52a7d294-0d7c-4d87-a981-e66dac7dc7a5" />
    <UnitTestResult executionId="8fed7f5b-8882-44b7-88e7-788b8ac22825" testId="85e02974-23a2-ec37-3b31-58c24a4310f3" testName="GetAllAsyncWhereIncludesSelect" computerName="PC-SFERRARI" duration="00:00:00.0438807" startTime="2020-09-11T18:23:44.0877515+01:00" endTime="2020-09-11T18:23:44.1317959+01:00" testType="13cdc9d9-ddb5-4fa4-a97d-d965ccfc6d4b" outcome="Passed" testListId="8c84fa94-04c1-424b-9868-57a2d4851a1d" relativeResultsDirectory="8fed7f5b-8882-44b7-88e7-788b8ac22825" />
    <UnitTestResult executionId="8d96c37e-9cd6-446e-94d2-677d6549cfdd" testId="f103257a-f450-c0d5-64d8-7e6c84413865" testName="DeleteAsynchronous" computerName="PC-SFERRARI" duration="00:00:00.0092529" startTime="2020-09-11T18:23:43.8963151+01:00" endTime="2020-09-11T18:23:43.9057197+01:00" testType="13cdc9d9-ddb5-4fa4-a97d-d965ccfc6d4b" outcome="Passed" testListId="8c84fa94-04c1-424b-9868-57a2d4851a1d" relativeResultsDirectory="8d96c37e-9cd6-446e-94d2-677d6549cfdd" />
    <UnitTestResult executionId="0d073860-9d06-4d5f-bf85-537659a4e7a6" testId="449cdc03-81fa-03c4-0e19-c951601f590c" testName="GetOnetWhereSelect" computerName="PC-SFERRARI" duration="00:00:00.0121326" startTime="2020-09-11T18:23:44.5232286+01:00" endTime="2020-09-11T18:23:44.5355220+01:00" testType="13cdc9d9-ddb5-4fa4-a97d-d965ccfc6d4b" outcome="Passed" testListId="8c84fa94-04c1-424b-9868-57a2d4851a1d" relativeResultsDirectory="0d073860-9d06-4d5f-bf85-537659a4e7a6" />
  </Results>
  <TestDefinitions>
    <UnitTest name="CountWhere" storage="d:\sferrari\01 - trabajo\repos\netcore\template-netcore-entityframework\kitpymes.core.entityframework.tests\bin\debug\netcoreapp3.0\kitpymes.core.entityframework.tests.dll" id="08d796e4-3805-05c9-6b90-8e054e547aab">
      <Execution id="06801c6b-0cea-4266-bb74-6f9cd015c18c" />
      <TestMethod codeBase="D:\SFERRARI\01 - TRABAJO\REPOS\netcore\template-netcore-entityframework\Kitpymes.Core.EntityFramework.Tests\bin\Debug\netcoreapp3.0\Kitpymes.Core.EntityFramework.Tests.dll" adapterTypeName="executor://mstestadapter/v2" className="Kitpymes.Core.EntityFramework.Tests.EntityFrameworkRepositoryTests" name="CountWhere" />
    </UnitTest>
    <UnitTest name="NameConvert" storage="d:\sferrari\01 - trabajo\repos\netcore\template-netcore-entityframework\kitpymes.core.entityframework.tests\bin\debug\netcoreapp3.0\kitpymes.core.entityframework.tests.dll" id="1d634575-eacb-5b74-f59b-3f918b61f3e1">
      <Execution id="f647be55-1c9c-4183-bdec-c2fdd0fef503" />
      <TestMethod codeBase="D:\SFERRARI\01 - TRABAJO\REPOS\netcore\template-netcore-entityframework\Kitpymes.Core.EntityFramework.Tests\bin\Debug\netcoreapp3.0\Kitpymes.Core.EntityFramework.Tests.dll" adapterTypeName="executor://mstestadapter/v2" className="Kitpymes.Core.EntityFramework.Tests.EntityFrameworkConverterTests" name="NameConvert" />
    </UnitTest>
    <UnitTest name="UpdatePartial" storage="d:\sferrari\01 - trabajo\repos\netcore\template-netcore-entityframework\kitpymes.core.entityframework.tests\bin\debug\netcoreapp3.0\kitpymes.core.entityframework.tests.dll" id="f1b19c33-afce-6c0a-78e7-550904287f78">
      <Execution id="0b4dbd32-8480-4ffb-99a0-415b25bf231d" />
      <TestMethod codeBase="D:\SFERRARI\01 - TRABAJO\REPOS\netcore\template-netcore-entityframework\Kitpymes.Core.EntityFramework.Tests\bin\Debug\netcoreapp3.0\Kitpymes.Core.EntityFramework.Tests.dll" adapterTypeName="executor://mstestadapter/v2" className="Kitpymes.Core.EntityFramework.Tests.EntityFrameworkRepositoryTests" name="UpdatePartial" />
    </UnitTest>
    <UnitTest name="GetPagedWhereIncludesSelect" storage="d:\sferrari\01 - trabajo\repos\netcore\template-netcore-entityframework\kitpymes.core.entityframework.tests\bin\debug\netcoreapp3.0\kitpymes.core.entityframework.tests.dll" id="6043b47e-9b08-206d-8d03-25bac9107c46">
      <Execution id="a5b0b624-d0f9-493e-9ccb-d621948ac688" />
      <TestMethod codeBase="D:\SFERRARI\01 - TRABAJO\REPOS\netcore\template-netcore-entityframework\Kitpymes.Core.EntityFramework.Tests\bin\Debug\netcoreapp3.0\Kitpymes.Core.EntityFramework.Tests.dll" adapterTypeName="executor://mstestadapter/v2" className="Kitpymes.Core.EntityFramework.Tests.EntityFrameworkRepositoryTests" name="GetPagedWhereIncludesSelect" />
    </UnitTest>
    <UnitTest name="GetPagedAsync" storage="d:\sferrari\01 - trabajo\repos\netcore\template-netcore-entityframework\kitpymes.core.entityframework.tests\bin\debug\netcoreapp3.0\kitpymes.core.entityframework.tests.dll" id="b1b1d371-f854-2591-5573-5df6eea9e240">
      <Execution id="61a95d58-35f2-44e2-8198-2d42e3beb957" />
      <TestMethod codeBase="D:\SFERRARI\01 - TRABAJO\REPOS\netcore\template-netcore-entityframework\Kitpymes.Core.EntityFramework.Tests\bin\Debug\netcoreapp3.0\Kitpymes.Core.EntityFramework.Tests.dll" adapterTypeName="executor://mstestadapter/v2" className="Kitpymes.Core.EntityFramework.Tests.EntityFrameworkRepositoryTests" name="GetPagedAsync" />
    </UnitTest>
    <UnitTest name="GetPagedAsyncWhere" storage="d:\sferrari\01 - trabajo\repos\netcore\template-netcore-entityframework\kitpymes.core.entityframework.tests\bin\debug\netcoreapp3.0\kitpymes.core.entityframework.tests.dll" id="ec221792-3703-943d-75b0-ffc511f23ece">
      <Execution id="db5aa8a5-52b6-4af6-83be-62e952c87874" />
      <TestMethod codeBase="D:\SFERRARI\01 - TRABAJO\REPOS\netcore\template-netcore-entityframework\Kitpymes.Core.EntityFramework.Tests\bin\Debug\netcoreapp3.0\Kitpymes.Core.EntityFramework.Tests.dll" adapterTypeName="executor://mstestadapter/v2" className="Kitpymes.Core.EntityFramework.Tests.EntityFrameworkRepositoryTests" name="GetPagedAsyncWhere" />
    </UnitTest>
    <UnitTest name="SubdomainConvert" storage="d:\sferrari\01 - trabajo\repos\netcore\template-netcore-entityframework\kitpymes.core.entityframework.tests\bin\debug\netcoreapp3.0\kitpymes.core.entityframework.tests.dll" id="716b4372-94af-086a-4429-af7c705f625c">
      <Execution id="3248cf5f-3a19-4b7d-b505-a44cc583986e" />
      <TestMethod codeBase="D:\SFERRARI\01 - TRABAJO\REPOS\netcore\template-netcore-entityframework\Kitpymes.Core.EntityFramework.Tests\bin\Debug\netcoreapp3.0\Kitpymes.Core.EntityFramework.Tests.dll" adapterTypeName="executor://mstestadapter/v2" className="Kitpymes.Core.EntityFramework.Tests.EntityFrameworkConverterTests" name="SubdomainConvert" />
    </UnitTest>
    <UnitTest name="Any" storage="d:\sferrari\01 - trabajo\repos\netcore\template-netcore-entityframework\kitpymes.core.entityframework.tests\bin\debug\netcoreapp3.0\kitpymes.core.entityframework.tests.dll" id="c3f07b32-627e-c6ba-6d6d-4bf8eea8cf4b">
      <Execution id="3f83b86a-b6e5-4f02-962d-89da1ae2e099" />
      <TestMethod codeBase="D:\SFERRARI\01 - TRABAJO\REPOS\netcore\template-netcore-entityframework\Kitpymes.Core.EntityFramework.Tests\bin\Debug\netcoreapp3.0\Kitpymes.Core.EntityFramework.Tests.dll" adapterTypeName="executor://mstestadapter/v2" className="Kitpymes.Core.EntityFramework.Tests.EntityFrameworkRepositoryTests" name="Any" />
    </UnitTest>
    <UnitTest name="GetPagedWhereSelect" storage="d:\sferrari\01 - trabajo\repos\netcore\template-netcore-entityframework\kitpymes.core.entityframework.tests\bin\debug\netcoreapp3.0\kitpymes.core.entityframework.tests.dll" id="5ba747ad-1019-b721-43b2-f142ffc120a4">
      <Execution id="408a2390-a611-451a-849f-17cc4b0b8dff" />
      <TestMethod codeBase="D:\SFERRARI\01 - TRABAJO\REPOS\netcore\template-netcore-entityframework\Kitpymes.Core.EntityFramework.Tests\bin\Debug\netcoreapp3.0\Kitpymes.Core.EntityFramework.Tests.dll" adapterTypeName="executor://mstestadapter/v2" className="Kitpymes.Core.EntityFramework.Tests.EntityFrameworkRepositoryTests" name="GetPagedWhereSelect" />
    </UnitTest>
    <UnitTest name="GetOneAsyncWhereSelect" storage="d:\sferrari\01 - trabajo\repos\netcore\template-netcore-entityframework\kitpymes.core.entityframework.tests\bin\debug\netcoreapp3.0\kitpymes.core.entityframework.tests.dll" id="03da262a-bfa4-5ae4-c1c4-084aedef8bcf">
      <Execution id="4563f696-8fb5-4ccb-a64d-0cf83f980256" />
      <TestMethod codeBase="D:\SFERRARI\01 - TRABAJO\REPOS\netcore\template-netcore-entityframework\Kitpymes.Core.EntityFramework.Tests\bin\Debug\netcoreapp3.0\Kitpymes.Core.EntityFramework.Tests.dll" adapterTypeName="executor://mstestadapter/v2" className="Kitpymes.Core.EntityFramework.Tests.EntityFrameworkRepositoryTests" name="GetOneAsyncWhereSelect" />
    </UnitTest>
    <UnitTest name="GetAllWhereIncludesSelect" storage="d:\sferrari\01 - trabajo\repos\netcore\template-netcore-entityframework\kitpymes.core.entityframework.tests\bin\debug\netcoreapp3.0\kitpymes.core.entityframework.tests.dll" id="2af74153-e33d-5a06-b5a0-4f03d73a67ed">
      <Execution id="3fa4043d-2f15-4cb5-8bd3-e798ede9f2f6" />
      <TestMethod codeBase="D:\SFERRARI\01 - TRABAJO\REPOS\netcore\template-netcore-entityframework\Kitpymes.Core.EntityFramework.Tests\bin\Debug\netcoreapp3.0\Kitpymes.Core.EntityFramework.Tests.dll" adapterTypeName="executor://mstestadapter/v2" className="Kitpymes.Core.EntityFramework.Tests.EntityFrameworkRepositoryTests" name="GetAllWhereIncludesSelect" />
    </UnitTest>
    <UnitTest name="QueryableOrderByDescending" storage="d:\sferrari\01 - trabajo\repos\netcore\template-netcore-entityframework\kitpymes.core.entityframework.tests\bin\debug\netcoreapp3.0\kitpymes.core.entityframework.tests.dll" id="8fc0fc53-61cd-25ef-1dff-484ebd40d1f5">
      <Execution id="ab3978f1-3a66-43d2-acfa-7e0b602c788c" />
      <TestMethod codeBase="D:\SFERRARI\01 - TRABAJO\REPOS\netcore\template-netcore-entityframework\Kitpymes.Core.EntityFramework.Tests\bin\Debug\netcoreapp3.0\Kitpymes.Core.EntityFramework.Tests.dll" adapterTypeName="executor://mstestadapter/v2" className="Kitpymes.Core.EntityFramework.Tests.EntityFrameworkRepositoryTests" name="QueryableOrderByDescending" />
    </UnitTest>
    <UnitTest name="AddRange" storage="d:\sferrari\01 - trabajo\repos\netcore\template-netcore-entityframework\kitpymes.core.entityframework.tests\bin\debug\netcoreapp3.0\kitpymes.core.entityframework.tests.dll" id="7c6a19db-2e0f-7e4b-e125-c757ac778264">
      <Execution id="315f028d-751d-48e5-9cac-c1f706080c89" />
      <TestMethod codeBase="D:\SFERRARI\01 - TRABAJO\REPOS\netcore\template-netcore-entityframework\Kitpymes.Core.EntityFramework.Tests\bin\Debug\netcoreapp3.0\Kitpymes.Core.EntityFramework.Tests.dll" adapterTypeName="executor://mstestadapter/v2" className="Kitpymes.Core.EntityFramework.Tests.EntityFrameworkRepositoryTests" name="AddRange" />
    </UnitTest>
    <UnitTest name="GetPagedSelectOrderByNavigationProperty" storage="d:\sferrari\01 - trabajo\repos\netcore\template-netcore-entityframework\kitpymes.core.entityframework.tests\bin\debug\netcoreapp3.0\kitpymes.core.entityframework.tests.dll" id="54adf2ba-1f81-5c34-8f16-1b1e9af7a4da">
      <Execution id="28c562f2-3157-4f46-9b61-2af248e1d707" />
      <TestMethod codeBase="D:\SFERRARI\01 - TRABAJO\REPOS\netcore\template-netcore-entityframework\Kitpymes.Core.EntityFramework.Tests\bin\Debug\netcoreapp3.0\Kitpymes.Core.EntityFramework.Tests.dll" adapterTypeName="executor://mstestadapter/v2" className="Kitpymes.Core.EntityFramework.Tests.EntityFrameworkRepositoryTests" name="GetPagedSelectOrderByNavigationProperty" />
    </UnitTest>
    <UnitTest name="GetPaged" storage="d:\sferrari\01 - trabajo\repos\netcore\template-netcore-entityframework\kitpymes.core.entityframework.tests\bin\debug\netcoreapp3.0\kitpymes.core.entityframework.tests.dll" id="a5b363eb-4063-13b0-3940-dbd797fb33e6">
      <Execution id="02d48482-52a9-41a7-b8f2-c461f9118d94" />
      <TestMethod codeBase="D:\SFERRARI\01 - TRABAJO\REPOS\netcore\template-netcore-entityframework\Kitpymes.Core.EntityFramework.Tests\bin\Debug\netcoreapp3.0\Kitpymes.Core.EntityFramework.Tests.dll" adapterTypeName="executor://mstestadapter/v2" className="Kitpymes.Core.EntityFramework.Tests.EntityFrameworkRepositoryTests" name="GetPaged" />
    </UnitTest>
    <UnitTest name="DeleteWhereAsynchronous" storage="d:\sferrari\01 - trabajo\repos\netcore\template-netcore-entityframework\kitpymes.core.entityframework.tests\bin\debug\netcoreapp3.0\kitpymes.core.entityframework.tests.dll" id="ea63432c-e9ba-8117-eb9e-c228c8eb32e3">
      <Execution id="45e16e6a-df08-4ef7-8494-73e59cc714b0" />
      <TestMethod codeBase="D:\SFERRARI\01 - TRABAJO\REPOS\netcore\template-netcore-entityframework\Kitpymes.Core.EntityFramework.Tests\bin\Debug\netcoreapp3.0\Kitpymes.Core.EntityFramework.Tests.dll" adapterTypeName="executor://mstestadapter/v2" className="Kitpymes.Core.EntityFramework.Tests.EntityFrameworkRepositoryTests" name="DeleteWhereAsynchronous" />
    </UnitTest>
    <UnitTest name="UpdateValueObject" storage="d:\sferrari\01 - trabajo\repos\netcore\template-netcore-entityframework\kitpymes.core.entityframework.tests\bin\debug\netcoreapp3.0\kitpymes.core.entityframework.tests.dll" id="ef63a22f-9706-f5ab-a12a-6b7f3e67e062">
      <Execution id="dac44f2d-e4f5-4bac-9879-c5bf9145bdf9" />
      <TestMethod codeBase="D:\SFERRARI\01 - TRABAJO\REPOS\netcore\template-netcore-entityframework\Kitpymes.Core.EntityFramework.Tests\bin\Debug\netcoreapp3.0\Kitpymes.Core.EntityFramework.Tests.dll" adapterTypeName="executor://mstestadapter/v2" className="Kitpymes.Core.EntityFramework.Tests.EntityFrameworkRepositoryTests" name="UpdateValueObject" />
    </UnitTest>
    <UnitTest name="GetAllWhereIncludes" storage="d:\sferrari\01 - trabajo\repos\netcore\template-netcore-entityframework\kitpymes.core.entityframework.tests\bin\debug\netcoreapp3.0\kitpymes.core.entityframework.tests.dll" id="80cf2e6d-51fa-dc95-be21-b256f75b0e62">
      <Execution id="8692c7e1-1cf6-47ad-b87d-f95e04bea246" />
      <TestMethod codeBase="D:\SFERRARI\01 - TRABAJO\REPOS\netcore\template-netcore-entityframework\Kitpymes.Core.EntityFramework.Tests\bin\Debug\netcoreapp3.0\Kitpymes.Core.EntityFramework.Tests.dll" adapterTypeName="executor://mstestadapter/v2" className="Kitpymes.Core.EntityFramework.Tests.EntityFrameworkRepositoryTests" name="GetAllWhereIncludes" />
    </UnitTest>
    <UnitTest name="StatusActiveConvert" storage="d:\sferrari\01 - trabajo\repos\netcore\template-netcore-entityframework\kitpymes.core.entityframework.tests\bin\debug\netcoreapp3.0\kitpymes.core.entityframework.tests.dll" id="0e07d823-c921-f6f8-2317-1b63ed7638ac">
      <Execution id="c896794e-002a-4b0c-aaaa-4b71eb3d5f1f" />
      <TestMethod codeBase="D:\SFERRARI\01 - TRABAJO\REPOS\netcore\template-netcore-entityframework\Kitpymes.Core.EntityFramework.Tests\bin\Debug\netcoreapp3.0\Kitpymes.Core.EntityFramework.Tests.dll" adapterTypeName="executor://mstestadapter/v2" className="Kitpymes.Core.EntityFramework.Tests.EntityFrameworkConverterTests" name="StatusActiveConvert" />
    </UnitTest>
    <UnitTest name="UpdateAsynchronous" storage="d:\sferrari\01 - trabajo\repos\netcore\template-netcore-entityframework\kitpymes.core.entityframework.tests\bin\debug\netcoreapp3.0\kitpymes.core.entityframework.tests.dll" id="a03ae96c-6c38-25f6-9090-1aeea469d720">
      <Execution id="02b288b5-c46d-4c78-a738-4046ba69a06e" />
      <TestMethod codeBase="D:\SFERRARI\01 - TRABAJO\REPOS\netcore\template-netcore-entityframework\Kitpymes.Core.EntityFramework.Tests\bin\Debug\netcoreapp3.0\Kitpymes.Core.EntityFramework.Tests.dll" adapterTypeName="executor://mstestadapter/v2" className="Kitpymes.Core.EntityFramework.Tests.EntityFrameworkRepositoryTests" name="UpdateAsynchronous" />
    </UnitTest>
    <UnitTest name="CountAsync" storage="d:\sferrari\01 - trabajo\repos\netcore\template-netcore-entityframework\kitpymes.core.entityframework.tests\bin\debug\netcoreapp3.0\kitpymes.core.entityframework.tests.dll" id="ba758f1a-bd5d-4526-b492-51aa9cd4ef94">
      <Execution id="8dbfa49c-c17f-4daf-921d-84dc7c6ca74b" />
      <TestMethod codeBase="D:\SFERRARI\01 - TRABAJO\REPOS\netcore\template-netcore-entityframework\Kitpymes.Core.EntityFramework.Tests\bin\Debug\netcoreapp3.0\Kitpymes.Core.EntityFramework.Tests.dll" adapterTypeName="executor://mstestadapter/v2" className="Kitpymes.Core.EntityFramework.Tests.EntityFrameworkRepositoryTests" name="CountAsync" />
    </UnitTest>
    <UnitTest name="Find" storage="d:\sferrari\01 - trabajo\repos\netcore\template-netcore-entityframework\kitpymes.core.entityframework.tests\bin\debug\netcoreapp3.0\kitpymes.core.entityframework.tests.dll" id="201d395d-f163-4974-d9af-e5ce77839475">
      <Execution id="918f715c-0698-4bba-948f-533cb21cce48" />
      <TestMethod codeBase="D:\SFERRARI\01 - TRABAJO\REPOS\netcore\template-netcore-entityframework\Kitpymes.Core.EntityFramework.Tests\bin\Debug\netcoreapp3.0\Kitpymes.Core.EntityFramework.Tests.dll" adapterTypeName="executor://mstestadapter/v2" className="Kitpymes.Core.EntityFramework.Tests.EntityFrameworkRepositoryTests" name="Find" />
    </UnitTest>
    <UnitTest name="GetOneAsyncWhereIncludesSelect" storage="d:\sferrari\01 - trabajo\repos\netcore\template-netcore-entityframework\kitpymes.core.entityframework.tests\bin\debug\netcoreapp3.0\kitpymes.core.entityframework.tests.dll" id="efde178d-8304-a068-9dd4-333218c96a66">
      <Execution id="f0037b33-98f5-4bdd-815b-2e27ba3a3d69" />
      <TestMethod codeBase="D:\SFERRARI\01 - TRABAJO\REPOS\netcore\template-netcore-entityframework\Kitpymes.Core.EntityFramework.Tests\bin\Debug\netcoreapp3.0\Kitpymes.Core.EntityFramework.Tests.dll" adapterTypeName="executor://mstestadapter/v2" className="Kitpymes.Core.EntityFramework.Tests.EntityFrameworkRepositoryTests" name="GetOneAsyncWhereIncludesSelect" />
    </UnitTest>
    <UnitTest name="GetPagedAsyncWhereIncludes" storage="d:\sferrari\01 - trabajo\repos\netcore\template-netcore-entityframework\kitpymes.core.entityframework.tests\bin\debug\netcoreapp3.0\kitpymes.core.entityframework.tests.dll" id="cc25d743-4885-4920-7249-bebbafd31696">
      <Execution id="73e2d3c4-adf9-4d0a-84e5-987046451410" />
      <TestMethod codeBase="D:\SFERRARI\01 - TRABAJO\REPOS\netcore\template-netcore-entityframework\Kitpymes.Core.EntityFramework.Tests\bin\Debug\netcoreapp3.0\Kitpymes.Core.EntityFramework.Tests.dll" adapterTypeName="executor://mstestadapter/v2" className="Kitpymes.Core.EntityFramework.Tests.EntityFrameworkRepositoryTests" name="GetPagedAsyncWhereIncludes" />
    </UnitTest>
    <UnitTest name="GetPagedAsyncWhereIncludesSelect" storage="d:\sferrari\01 - trabajo\repos\netcore\template-netcore-entityframework\kitpymes.core.entityframework.tests\bin\debug\netcoreapp3.0\kitpymes.core.entityframework.tests.dll" id="96d7f7f9-87b7-83da-bd92-36d8216849da">
      <Execution id="c27cd06d-1e42-4bda-840a-d51acc9a599b" />
      <TestMethod codeBase="D:\SFERRARI\01 - TRABAJO\REPOS\netcore\template-netcore-entityframework\Kitpymes.Core.EntityFramework.Tests\bin\Debug\netcoreapp3.0\Kitpymes.Core.EntityFramework.Tests.dll" adapterTypeName="executor://mstestadapter/v2" className="Kitpymes.Core.EntityFramework.Tests.EntityFrameworkRepositoryTests" name="GetPagedAsyncWhereIncludesSelect" />
    </UnitTest>
    <UnitTest name="GetOneWhere" storage="d:\sferrari\01 - trabajo\repos\netcore\template-netcore-entityframework\kitpymes.core.entityframework.tests\bin\debug\netcoreapp3.0\kitpymes.core.entityframework.tests.dll" id="d73d5371-3160-f8c9-be64-a3ff374de612">
      <Execution id="f299fb7e-0e9e-49f1-b40c-4089ba10eac1" />
      <TestMethod codeBase="D:\SFERRARI\01 - TRABAJO\REPOS\netcore\template-netcore-entityframework\Kitpymes.Core.EntityFramework.Tests\bin\Debug\netcoreapp3.0\Kitpymes.Core.EntityFramework.Tests.dll" adapterTypeName="executor://mstestadapter/v2" className="Kitpymes.Core.EntityFramework.Tests.EntityFrameworkRepositoryTests" name="GetOneWhere" />
    </UnitTest>
    <UnitTest name="GetAllAsyncWhere" storage="d:\sferrari\01 - trabajo\repos\netcore\template-netcore-entityframework\kitpymes.core.entityframework.tests\bin\debug\netcoreapp3.0\kitpymes.core.entityframework.tests.dll" id="edffe8a4-7adf-0dbf-8ddc-968b66627820">
      <Execution id="5960cea9-2e81-4ba4-a47a-b6a8fb299e11" />
      <TestMethod codeBase="D:\SFERRARI\01 - TRABAJO\REPOS\netcore\template-netcore-entityframework\Kitpymes.Core.EntityFramework.Tests\bin\Debug\netcoreapp3.0\Kitpymes.Core.EntityFramework.Tests.dll" adapterTypeName="executor://mstestadapter/v2" className="Kitpymes.Core.EntityFramework.Tests.EntityFrameworkRepositoryTests" name="GetAllAsyncWhere" />
    </UnitTest>
    <UnitTest name="Delete" storage="d:\sferrari\01 - trabajo\repos\netcore\template-netcore-entityframework\kitpymes.core.entityframework.tests\bin\debug\netcoreapp3.0\kitpymes.core.entityframework.tests.dll" id="80dc4908-905b-f38a-b5ec-758697553c91">
      <Execution id="13997573-2934-443a-95a3-fb12b7afa7b9" />
      <TestMethod codeBase="D:\SFERRARI\01 - TRABAJO\REPOS\netcore\template-netcore-entityframework\Kitpymes.Core.EntityFramework.Tests\bin\Debug\netcoreapp3.0\Kitpymes.Core.EntityFramework.Tests.dll" adapterTypeName="executor://mstestadapter/v2" className="Kitpymes.Core.EntityFramework.Tests.EntityFrameworkRepositoryTests" name="Delete" />
    </UnitTest>
    <UnitTest name="StatusInactiveConvert" storage="d:\sferrari\01 - trabajo\repos\netcore\template-netcore-entityframework\kitpymes.core.entityframework.tests\bin\debug\netcoreapp3.0\kitpymes.core.entityframework.tests.dll" id="fe080451-4d74-df2d-1ea1-c9dc74796e3c">
      <Execution id="1a0af1b5-771a-4403-bab7-af8b30b4b70e" />
      <TestMethod codeBase="D:\SFERRARI\01 - TRABAJO\REPOS\netcore\template-netcore-entityframework\Kitpymes.Core.EntityFramework.Tests\bin\Debug\netcoreapp3.0\Kitpymes.Core.EntityFramework.Tests.dll" adapterTypeName="executor://mstestadapter/v2" className="Kitpymes.Core.EntityFramework.Tests.EntityFrameworkConverterTests" name="StatusInactiveConvert" />
    </UnitTest>
    <UnitTest name="GetOnetWhereIncludesSelect" storage="d:\sferrari\01 - trabajo\repos\netcore\template-netcore-entityframework\kitpymes.core.entityframework.tests\bin\debug\netcoreapp3.0\kitpymes.core.entityframework.tests.dll" id="5260acf7-43e7-d56b-bb11-234b6abb4fc9">
      <Execution id="16ea88a3-41e5-4385-b9b8-f2daccba416a" />
      <TestMethod codeBase="D:\SFERRARI\01 - TRABAJO\REPOS\netcore\template-netcore-entityframework\Kitpymes.Core.EntityFramework.Tests\bin\Debug\netcoreapp3.0\Kitpymes.Core.EntityFramework.Tests.dll" adapterTypeName="executor://mstestadapter/v2" className="Kitpymes.Core.EntityFramework.Tests.EntityFrameworkRepositoryTests" name="GetOnetWhereIncludesSelect" />
    </UnitTest>
    <UnitTest name="AnyAsync" storage="d:\sferrari\01 - trabajo\repos\netcore\template-netcore-entityframework\kitpymes.core.entityframework.tests\bin\debug\netcoreapp3.0\kitpymes.core.entityframework.tests.dll" id="547b74f5-af3d-4901-099f-9b71e2cf95a8">
      <Execution id="bbcfbd34-63b3-496d-9644-720a3ee6b82e" />
      <TestMethod codeBase="D:\SFERRARI\01 - TRABAJO\REPOS\netcore\template-netcore-entityframework\Kitpymes.Core.EntityFramework.Tests\bin\Debug\netcoreapp3.0\Kitpymes.Core.EntityFramework.Tests.dll" adapterTypeName="executor://mstestadapter/v2" className="Kitpymes.Core.EntityFramework.Tests.EntityFrameworkRepositoryTests" name="AnyAsync" />
    </UnitTest>
    <UnitTest name="GetOnetWhereSelect" storage="d:\sferrari\01 - trabajo\repos\netcore\template-netcore-entityframework\kitpymes.core.entityframework.tests\bin\debug\netcoreapp3.0\kitpymes.core.entityframework.tests.dll" id="449cdc03-81fa-03c4-0e19-c951601f590c">
      <Execution id="0d073860-9d06-4d5f-bf85-537659a4e7a6" />
      <TestMethod codeBase="D:\SFERRARI\01 - TRABAJO\REPOS\netcore\template-netcore-entityframework\Kitpymes.Core.EntityFramework.Tests\bin\Debug\netcoreapp3.0\Kitpymes.Core.EntityFramework.Tests.dll" adapterTypeName="executor://mstestadapter/v2" className="Kitpymes.Core.EntityFramework.Tests.EntityFrameworkRepositoryTests" name="GetOnetWhereSelect" />
    </UnitTest>
    <UnitTest name="GetPagedAsyncWhereSelect" storage="d:\sferrari\01 - trabajo\repos\netcore\template-netcore-entityframework\kitpymes.core.entityframework.tests\bin\debug\netcoreapp3.0\kitpymes.core.entityframework.tests.dll" id="eb1a9c41-91a8-fcc6-e850-a4d9acf34975">
      <Execution id="c19c7f65-0166-450c-be05-69402aad2617" />
      <TestMethod codeBase="D:\SFERRARI\01 - TRABAJO\REPOS\netcore\template-netcore-entityframework\Kitpymes.Core.EntityFramework.Tests\bin\Debug\netcoreapp3.0\Kitpymes.Core.EntityFramework.Tests.dll" adapterTypeName="executor://mstestadapter/v2" className="Kitpymes.Core.EntityFramework.Tests.EntityFrameworkRepositoryTests" name="GetPagedAsyncWhereSelect" />
    </UnitTest>
    <UnitTest name="GetAllWhere" storage="d:\sferrari\01 - trabajo\repos\netcore\template-netcore-entityframework\kitpymes.core.entityframework.tests\bin\debug\netcoreapp3.0\kitpymes.core.entityframework.tests.dll" id="6da9ed80-28cc-d39a-2a5f-ae945961186e">
      <Execution id="5be38a57-71c7-4c1c-9eb5-827e0d7dcbb7" />
      <TestMethod codeBase="D:\SFERRARI\01 - TRABAJO\REPOS\netcore\template-netcore-entityframework\Kitpymes.Core.EntityFramework.Tests\bin\Debug\netcoreapp3.0\Kitpymes.Core.EntityFramework.Tests.dll" adapterTypeName="executor://mstestadapter/v2" className="Kitpymes.Core.EntityFramework.Tests.EntityFrameworkRepositoryTests" name="GetAllWhere" />
    </UnitTest>
    <UnitTest name="AddAsync" storage="d:\sferrari\01 - trabajo\repos\netcore\template-netcore-entityframework\kitpymes.core.entityframework.tests\bin\debug\netcoreapp3.0\kitpymes.core.entityframework.tests.dll" id="f7b3f1d7-b3a9-14e3-de6d-190a6ba30b90">
      <Execution id="d7171fe2-84b0-4d5a-82d4-c4f573c6d68a" />
      <TestMethod codeBase="D:\SFERRARI\01 - TRABAJO\REPOS\netcore\template-netcore-entityframework\Kitpymes.Core.EntityFramework.Tests\bin\Debug\netcoreapp3.0\Kitpymes.Core.EntityFramework.Tests.dll" adapterTypeName="executor://mstestadapter/v2" className="Kitpymes.Core.EntityFramework.Tests.EntityFrameworkRepositoryTests" name="AddAsync" />
    </UnitTest>
    <UnitTest name="AddRangeAsync" storage="d:\sferrari\01 - trabajo\repos\netcore\template-netcore-entityframework\kitpymes.core.entityframework.tests\bin\debug\netcoreapp3.0\kitpymes.core.entityframework.tests.dll" id="67347929-ada1-2a19-d343-348502d3744d">
      <Execution id="b814232e-ea10-4623-9f5d-6aaec3be0961" />
      <TestMethod codeBase="D:\SFERRARI\01 - TRABAJO\REPOS\netcore\template-netcore-entityframework\Kitpymes.Core.EntityFramework.Tests\bin\Debug\netcoreapp3.0\Kitpymes.Core.EntityFramework.Tests.dll" adapterTypeName="executor://mstestadapter/v2" className="Kitpymes.Core.EntityFramework.Tests.EntityFrameworkRepositoryTests" name="AddRangeAsync" />
    </UnitTest>
    <UnitTest name="DeleteAsynchronous" storage="d:\sferrari\01 - trabajo\repos\netcore\template-netcore-entityframework\kitpymes.core.entityframework.tests\bin\debug\netcoreapp3.0\kitpymes.core.entityframework.tests.dll" id="f103257a-f450-c0d5-64d8-7e6c84413865">
      <Execution id="8d96c37e-9cd6-446e-94d2-677d6549cfdd" />
      <TestMethod codeBase="D:\SFERRARI\01 - TRABAJO\REPOS\netcore\template-netcore-entityframework\Kitpymes.Core.EntityFramework.Tests\bin\Debug\netcoreapp3.0\Kitpymes.Core.EntityFramework.Tests.dll" adapterTypeName="executor://mstestadapter/v2" className="Kitpymes.Core.EntityFramework.Tests.EntityFrameworkRepositoryTests" name="DeleteAsynchronous" />
    </UnitTest>
    <UnitTest name="GetAll" storage="d:\sferrari\01 - trabajo\repos\netcore\template-netcore-entityframework\kitpymes.core.entityframework.tests\bin\debug\netcoreapp3.0\kitpymes.core.entityframework.tests.dll" id="dc2640e2-1199-2f27-9a1c-21a3988c0548">
      <Execution id="da5da92d-ee9e-47c1-b0e5-e93772ee7375" />
      <TestMethod codeBase="D:\SFERRARI\01 - TRABAJO\REPOS\netcore\template-netcore-entityframework\Kitpymes.Core.EntityFramework.Tests\bin\Debug\netcoreapp3.0\Kitpymes.Core.EntityFramework.Tests.dll" adapterTypeName="executor://mstestadapter/v2" className="Kitpymes.Core.EntityFramework.Tests.EntityFrameworkRepositoryTests" name="GetAll" />
    </UnitTest>
    <UnitTest name="GetAllWhereSelect" storage="d:\sferrari\01 - trabajo\repos\netcore\template-netcore-entityframework\kitpymes.core.entityframework.tests\bin\debug\netcoreapp3.0\kitpymes.core.entityframework.tests.dll" id="072ccf06-0d25-885d-29bf-a00924e8fa84">
      <Execution id="3275f155-c06b-47f0-b65a-834c236b9a75" />
      <TestMethod codeBase="D:\SFERRARI\01 - TRABAJO\REPOS\netcore\template-netcore-entityframework\Kitpymes.Core.EntityFramework.Tests\bin\Debug\netcoreapp3.0\Kitpymes.Core.EntityFramework.Tests.dll" adapterTypeName="executor://mstestadapter/v2" className="Kitpymes.Core.EntityFramework.Tests.EntityFrameworkRepositoryTests" name="GetAllWhereSelect" />
    </UnitTest>
    <UnitTest name="EmailConvert" storage="d:\sferrari\01 - trabajo\repos\netcore\template-netcore-entityframework\kitpymes.core.entityframework.tests\bin\debug\netcoreapp3.0\kitpymes.core.entityframework.tests.dll" id="42f1eda2-3af3-ae42-311a-2b53ffd7bce1">
      <Execution id="52a7d294-0d7c-4d87-a981-e66dac7dc7a5" />
      <TestMethod codeBase="D:\SFERRARI\01 - TRABAJO\REPOS\netcore\template-netcore-entityframework\Kitpymes.Core.EntityFramework.Tests\bin\Debug\netcoreapp3.0\Kitpymes.Core.EntityFramework.Tests.dll" adapterTypeName="executor://mstestadapter/v2" className="Kitpymes.Core.EntityFramework.Tests.EntityFrameworkConverterTests" name="EmailConvert" />
    </UnitTest>
    <UnitTest name="DeleteWhere" storage="d:\sferrari\01 - trabajo\repos\netcore\template-netcore-entityframework\kitpymes.core.entityframework.tests\bin\debug\netcoreapp3.0\kitpymes.core.entityframework.tests.dll" id="aeb29584-5757-c8d5-ba00-a6e2def67d93">
      <Execution id="e0ce7ebb-87d3-4de6-b463-39db97c78b41" />
      <TestMethod codeBase="D:\SFERRARI\01 - TRABAJO\REPOS\netcore\template-netcore-entityframework\Kitpymes.Core.EntityFramework.Tests\bin\Debug\netcoreapp3.0\Kitpymes.Core.EntityFramework.Tests.dll" adapterTypeName="executor://mstestadapter/v2" className="Kitpymes.Core.EntityFramework.Tests.EntityFrameworkRepositoryTests" name="DeleteWhere" />
    </UnitTest>
    <UnitTest name="AnyWhere" storage="d:\sferrari\01 - trabajo\repos\netcore\template-netcore-entityframework\kitpymes.core.entityframework.tests\bin\debug\netcoreapp3.0\kitpymes.core.entityframework.tests.dll" id="04aa4e1e-17b4-adeb-34e0-ccb0d168f316">
      <Execution id="7da1613d-2521-4be8-89bb-9f801ad1f064" />
      <TestMethod codeBase="D:\SFERRARI\01 - TRABAJO\REPOS\netcore\template-netcore-entityframework\Kitpymes.Core.EntityFramework.Tests\bin\Debug\netcoreapp3.0\Kitpymes.Core.EntityFramework.Tests.dll" adapterTypeName="executor://mstestadapter/v2" className="Kitpymes.Core.EntityFramework.Tests.EntityFrameworkRepositoryTests" name="AnyWhere" />
    </UnitTest>
    <UnitTest name="Count" storage="d:\sferrari\01 - trabajo\repos\netcore\template-netcore-entityframework\kitpymes.core.entityframework.tests\bin\debug\netcoreapp3.0\kitpymes.core.entityframework.tests.dll" id="aacbc091-cac6-472d-7a62-95f0e276eb96">
      <Execution id="71427e23-e410-4f5d-b05a-fb67d7599f64" />
      <TestMethod codeBase="D:\SFERRARI\01 - TRABAJO\REPOS\netcore\template-netcore-entityframework\Kitpymes.Core.EntityFramework.Tests\bin\Debug\netcoreapp3.0\Kitpymes.Core.EntityFramework.Tests.dll" adapterTypeName="executor://mstestadapter/v2" className="Kitpymes.Core.EntityFramework.Tests.EntityFrameworkRepositoryTests" name="Count" />
    </UnitTest>
    <UnitTest name="GetAllAsyncWhereSelect" storage="d:\sferrari\01 - trabajo\repos\netcore\template-netcore-entityframework\kitpymes.core.entityframework.tests\bin\debug\netcoreapp3.0\kitpymes.core.entityframework.tests.dll" id="144b21a3-bf36-64c0-5d61-fb1f5f807601">
      <Execution id="7a0d0ed7-5fb6-4e58-a885-60d25b79ef13" />
      <TestMethod codeBase="D:\SFERRARI\01 - TRABAJO\REPOS\netcore\template-netcore-entityframework\Kitpymes.Core.EntityFramework.Tests\bin\Debug\netcoreapp3.0\Kitpymes.Core.EntityFramework.Tests.dll" adapterTypeName="executor://mstestadapter/v2" className="Kitpymes.Core.EntityFramework.Tests.EntityFrameworkRepositoryTests" name="GetAllAsyncWhereSelect" />
    </UnitTest>
    <UnitTest name="Update" storage="d:\sferrari\01 - trabajo\repos\netcore\template-netcore-entityframework\kitpymes.core.entityframework.tests\bin\debug\netcoreapp3.0\kitpymes.core.entityframework.tests.dll" id="30bb456b-8c24-fe13-fd9f-bdcafc3b9b0c">
      <Execution id="c421dfa7-27bb-4b15-9411-5f54aaee70a0" />
      <TestMethod codeBase="D:\SFERRARI\01 - TRABAJO\REPOS\netcore\template-netcore-entityframework\Kitpymes.Core.EntityFramework.Tests\bin\Debug\netcoreapp3.0\Kitpymes.Core.EntityFramework.Tests.dll" adapterTypeName="executor://mstestadapter/v2" className="Kitpymes.Core.EntityFramework.Tests.EntityFrameworkRepositoryTests" name="Update" />
    </UnitTest>
    <UnitTest name="GetAllAsyncWhereIncludesSelect" storage="d:\sferrari\01 - trabajo\repos\netcore\template-netcore-entityframework\kitpymes.core.entityframework.tests\bin\debug\netcoreapp3.0\kitpymes.core.entityframework.tests.dll" id="85e02974-23a2-ec37-3b31-58c24a4310f3">
      <Execution id="8fed7f5b-8882-44b7-88e7-788b8ac22825" />
      <TestMethod codeBase="D:\SFERRARI\01 - TRABAJO\REPOS\netcore\template-netcore-entityframework\Kitpymes.Core.EntityFramework.Tests\bin\Debug\netcoreapp3.0\Kitpymes.Core.EntityFramework.Tests.dll" adapterTypeName="executor://mstestadapter/v2" className="Kitpymes.Core.EntityFramework.Tests.EntityFrameworkRepositoryTests" name="GetAllAsyncWhereIncludesSelect" />
    </UnitTest>
    <UnitTest name="GetPagedWhere" storage="d:\sferrari\01 - trabajo\repos\netcore\template-netcore-entityframework\kitpymes.core.entityframework.tests\bin\debug\netcoreapp3.0\kitpymes.core.entityframework.tests.dll" id="0f152de7-4e3f-447b-bff4-9ddb954e4fca">
      <Execution id="24901c0c-1e4d-47b6-86b1-50679ad25f72" />
      <TestMethod codeBase="D:\SFERRARI\01 - TRABAJO\REPOS\netcore\template-netcore-entityframework\Kitpymes.Core.EntityFramework.Tests\bin\Debug\netcoreapp3.0\Kitpymes.Core.EntityFramework.Tests.dll" adapterTypeName="executor://mstestadapter/v2" className="Kitpymes.Core.EntityFramework.Tests.EntityFrameworkRepositoryTests" name="GetPagedWhere" />
    </UnitTest>
    <UnitTest name="EnumConvertName" storage="d:\sferrari\01 - trabajo\repos\netcore\template-netcore-entityframework\kitpymes.core.entityframework.tests\bin\debug\netcoreapp3.0\kitpymes.core.entityframework.tests.dll" id="7f962fc1-c7df-4430-6a53-51cc5fa60478">
      <Execution id="3f666c18-25c4-4e69-b9f1-80fa3e5eab97" />
      <TestMethod codeBase="D:\SFERRARI\01 - TRABAJO\REPOS\netcore\template-netcore-entityframework\Kitpymes.Core.EntityFramework.Tests\bin\Debug\netcoreapp3.0\Kitpymes.Core.EntityFramework.Tests.dll" adapterTypeName="executor://mstestadapter/v2" className="Kitpymes.Core.EntityFramework.Tests.EntityFrameworkConverterTests" name="EnumConvertName" />
    </UnitTest>
    <UnitTest name="CountWhereAsync" storage="d:\sferrari\01 - trabajo\repos\netcore\template-netcore-entityframework\kitpymes.core.entityframework.tests\bin\debug\netcoreapp3.0\kitpymes.core.entityframework.tests.dll" id="2a859b64-8fef-e44f-496e-d0960bb4e811">
      <Execution id="f4411f01-c2e3-4a4a-91ab-804dfb92a83e" />
      <TestMethod codeBase="D:\SFERRARI\01 - TRABAJO\REPOS\netcore\template-netcore-entityframework\Kitpymes.Core.EntityFramework.Tests\bin\Debug\netcoreapp3.0\Kitpymes.Core.EntityFramework.Tests.dll" adapterTypeName="executor://mstestadapter/v2" className="Kitpymes.Core.EntityFramework.Tests.EntityFrameworkRepositoryTests" name="CountWhereAsync" />
    </UnitTest>
    <UnitTest name="FindAsync" storage="d:\sferrari\01 - trabajo\repos\netcore\template-netcore-entityframework\kitpymes.core.entityframework.tests\bin\debug\netcoreapp3.0\kitpymes.core.entityframework.tests.dll" id="430152d5-4073-d77f-e2ee-53a6c3d62288">
      <Execution id="c2d30b28-fd50-44c6-87ee-d07ad097b2c9" />
      <TestMethod codeBase="D:\SFERRARI\01 - TRABAJO\REPOS\netcore\template-netcore-entityframework\Kitpymes.Core.EntityFramework.Tests\bin\Debug\netcoreapp3.0\Kitpymes.Core.EntityFramework.Tests.dll" adapterTypeName="executor://mstestadapter/v2" className="Kitpymes.Core.EntityFramework.Tests.EntityFrameworkRepositoryTests" name="FindAsync" />
    </UnitTest>
    <UnitTest name="GetOneAsyncWhereInclude" storage="d:\sferrari\01 - trabajo\repos\netcore\template-netcore-entityframework\kitpymes.core.entityframework.tests\bin\debug\netcoreapp3.0\kitpymes.core.entityframework.tests.dll" id="6c2f2404-94f9-827b-b6a9-1809a4e2cdda">
      <Execution id="6b3bbaa2-4c8b-47cf-9a54-f05ff7e6847b" />
      <TestMethod codeBase="D:\SFERRARI\01 - TRABAJO\REPOS\netcore\template-netcore-entityframework\Kitpymes.Core.EntityFramework.Tests\bin\Debug\netcoreapp3.0\Kitpymes.Core.EntityFramework.Tests.dll" adapterTypeName="executor://mstestadapter/v2" className="Kitpymes.Core.EntityFramework.Tests.EntityFrameworkRepositoryTests" name="GetOneAsyncWhereInclude" />
    </UnitTest>
    <UnitTest name="UpdateSelect" storage="d:\sferrari\01 - trabajo\repos\netcore\template-netcore-entityframework\kitpymes.core.entityframework.tests\bin\debug\netcoreapp3.0\kitpymes.core.entityframework.tests.dll" id="422d7082-1203-53e5-1057-bff919c73d99">
      <Execution id="f4fe8b2e-9367-48b2-acd5-8f7ec163294b" />
      <TestMethod codeBase="D:\SFERRARI\01 - TRABAJO\REPOS\netcore\template-netcore-entityframework\Kitpymes.Core.EntityFramework.Tests\bin\Debug\netcoreapp3.0\Kitpymes.Core.EntityFramework.Tests.dll" adapterTypeName="executor://mstestadapter/v2" className="Kitpymes.Core.EntityFramework.Tests.EntityFrameworkRepositoryTests" name="UpdateSelect" />
    </UnitTest>
    <UnitTest name="GetPagedWhereIncludes" storage="d:\sferrari\01 - trabajo\repos\netcore\template-netcore-entityframework\kitpymes.core.entityframework.tests\bin\debug\netcoreapp3.0\kitpymes.core.entityframework.tests.dll" id="415af2c2-48c5-83e3-6a66-9f97dfd3ca3b">
      <Execution id="7450626e-921a-44b5-97bc-ceb93f25cba2" />
      <TestMethod codeBase="D:\SFERRARI\01 - TRABAJO\REPOS\netcore\template-netcore-entityframework\Kitpymes.Core.EntityFramework.Tests\bin\Debug\netcoreapp3.0\Kitpymes.Core.EntityFramework.Tests.dll" adapterTypeName="executor://mstestadapter/v2" className="Kitpymes.Core.EntityFramework.Tests.EntityFrameworkRepositoryTests" name="GetPagedWhereIncludes" />
    </UnitTest>
    <UnitTest name="Add" storage="d:\sferrari\01 - trabajo\repos\netcore\template-netcore-entityframework\kitpymes.core.entityframework.tests\bin\debug\netcoreapp3.0\kitpymes.core.entityframework.tests.dll" id="8e12190f-46f0-473e-48e7-dce493d198a6">
      <Execution id="fdf7d8bc-ef95-4cb6-bbb4-d5718434c4d3" />
      <TestMethod codeBase="D:\SFERRARI\01 - TRABAJO\REPOS\netcore\template-netcore-entityframework\Kitpymes.Core.EntityFramework.Tests\bin\Debug\netcoreapp3.0\Kitpymes.Core.EntityFramework.Tests.dll" adapterTypeName="executor://mstestadapter/v2" className="Kitpymes.Core.EntityFramework.Tests.EntityFrameworkRepositoryTests" name="Add" />
    </UnitTest>
    <UnitTest name="GetAllAsync" storage="d:\sferrari\01 - trabajo\repos\netcore\template-netcore-entityframework\kitpymes.core.entityframework.tests\bin\debug\netcoreapp3.0\kitpymes.core.entityframework.tests.dll" id="6bd2f9a0-66a6-2a6f-d86d-74477d673d54">
      <Execution id="4f366009-bb94-4d5e-9120-2444c056f200" />
      <TestMethod codeBase="D:\SFERRARI\01 - TRABAJO\REPOS\netcore\template-netcore-entityframework\Kitpymes.Core.EntityFramework.Tests\bin\Debug\netcoreapp3.0\Kitpymes.Core.EntityFramework.Tests.dll" adapterTypeName="executor://mstestadapter/v2" className="Kitpymes.Core.EntityFramework.Tests.EntityFrameworkRepositoryTests" name="GetAllAsync" />
    </UnitTest>
    <UnitTest name="GetOneWhereInclude" storage="d:\sferrari\01 - trabajo\repos\netcore\template-netcore-entityframework\kitpymes.core.entityframework.tests\bin\debug\netcoreapp3.0\kitpymes.core.entityframework.tests.dll" id="64dd75c6-39da-d392-b807-ecc669cb2f59">
      <Execution id="32f2e224-755f-478e-b1da-15efb00844ad" />
      <TestMethod codeBase="D:\SFERRARI\01 - TRABAJO\REPOS\netcore\template-netcore-entityframework\Kitpymes.Core.EntityFramework.Tests\bin\Debug\netcoreapp3.0\Kitpymes.Core.EntityFramework.Tests.dll" adapterTypeName="executor://mstestadapter/v2" className="Kitpymes.Core.EntityFramework.Tests.EntityFrameworkRepositoryTests" name="GetOneWhereInclude" />
    </UnitTest>
    <UnitTest name="GetAllAsyncWhereIncludes" storage="d:\sferrari\01 - trabajo\repos\netcore\template-netcore-entityframework\kitpymes.core.entityframework.tests\bin\debug\netcoreapp3.0\kitpymes.core.entityframework.tests.dll" id="d2bcb9fa-a18a-460e-46dd-5ff81bc4280c">
      <Execution id="483968d0-f897-49d6-8dd0-d3c6cf1ac0ac" />
      <TestMethod codeBase="D:\SFERRARI\01 - TRABAJO\REPOS\netcore\template-netcore-entityframework\Kitpymes.Core.EntityFramework.Tests\bin\Debug\netcoreapp3.0\Kitpymes.Core.EntityFramework.Tests.dll" adapterTypeName="executor://mstestadapter/v2" className="Kitpymes.Core.EntityFramework.Tests.EntityFrameworkRepositoryTests" name="GetAllAsyncWhereIncludes" />
    </UnitTest>
    <UnitTest name="AnyWhereAsync" storage="d:\sferrari\01 - trabajo\repos\netcore\template-netcore-entityframework\kitpymes.core.entityframework.tests\bin\debug\netcoreapp3.0\kitpymes.core.entityframework.tests.dll" id="ee33180c-19d8-3ead-e8a1-108c53d1cb5d">
      <Execution id="c12fc13a-61c1-4d4b-8596-ef1fdaf11afa" />
      <TestMethod codeBase="D:\SFERRARI\01 - TRABAJO\REPOS\netcore\template-netcore-entityframework\Kitpymes.Core.EntityFramework.Tests\bin\Debug\netcoreapp3.0\Kitpymes.Core.EntityFramework.Tests.dll" adapterTypeName="executor://mstestadapter/v2" className="Kitpymes.Core.EntityFramework.Tests.EntityFrameworkRepositoryTests" name="AnyWhereAsync" />
    </UnitTest>
    <UnitTest name="EnumConvertValue" storage="d:\sferrari\01 - trabajo\repos\netcore\template-netcore-entityframework\kitpymes.core.entityframework.tests\bin\debug\netcoreapp3.0\kitpymes.core.entityframework.tests.dll" id="2904dada-b209-1961-24d7-8d0a33434707">
      <Execution id="a47644f0-99e7-434f-b24a-12539abd67ba" />
      <TestMethod codeBase="D:\SFERRARI\01 - TRABAJO\REPOS\netcore\template-netcore-entityframework\Kitpymes.Core.EntityFramework.Tests\bin\Debug\netcoreapp3.0\Kitpymes.Core.EntityFramework.Tests.dll" adapterTypeName="executor://mstestadapter/v2" className="Kitpymes.Core.EntityFramework.Tests.EntityFrameworkConverterTests" name="EnumConvertValue" />
    </UnitTest>
    <UnitTest name="GetOneAsyncWhere" storage="d:\sferrari\01 - trabajo\repos\netcore\template-netcore-entityframework\kitpymes.core.entityframework.tests\bin\debug\netcoreapp3.0\kitpymes.core.entityframework.tests.dll" id="950b479a-3777-3956-e04c-abf562004bfb">
      <Execution id="3b9a39bd-399d-40cd-867f-ba0756596dfe" />
      <TestMethod codeBase="D:\SFERRARI\01 - TRABAJO\REPOS\netcore\template-netcore-entityframework\Kitpymes.Core.EntityFramework.Tests\bin\Debug\netcoreapp3.0\Kitpymes.Core.EntityFramework.Tests.dll" adapterTypeName="executor://mstestadapter/v2" className="Kitpymes.Core.EntityFramework.Tests.EntityFrameworkRepositoryTests" name="GetOneAsyncWhere" />
    </UnitTest>
    <UnitTest name="GetPagedSelectOrderByProperty" storage="d:\sferrari\01 - trabajo\repos\netcore\template-netcore-entityframework\kitpymes.core.entityframework.tests\bin\debug\netcoreapp3.0\kitpymes.core.entityframework.tests.dll" id="81baf7fe-c54e-1f13-b5bf-a984adecb526">
      <Execution id="1798dc6f-635c-4a7c-a74e-2301446331c1" />
      <TestMethod codeBase="D:\SFERRARI\01 - TRABAJO\REPOS\netcore\template-netcore-entityframework\Kitpymes.Core.EntityFramework.Tests\bin\Debug\netcoreapp3.0\Kitpymes.Core.EntityFramework.Tests.dll" adapterTypeName="executor://mstestadapter/v2" className="Kitpymes.Core.EntityFramework.Tests.EntityFrameworkRepositoryTests" name="GetPagedSelectOrderByProperty" />
    </UnitTest>
  </TestDefinitions>
  <TestEntries>
    <TestEntry testId="8fc0fc53-61cd-25ef-1dff-484ebd40d1f5" executionId="ab3978f1-3a66-43d2-acfa-7e0b602c788c" testListId="8c84fa94-04c1-424b-9868-57a2d4851a1d" />
    <TestEntry testId="0e07d823-c921-f6f8-2317-1b63ed7638ac" executionId="c896794e-002a-4b0c-aaaa-4b71eb3d5f1f" testListId="8c84fa94-04c1-424b-9868-57a2d4851a1d" />
    <TestEntry testId="d2bcb9fa-a18a-460e-46dd-5ff81bc4280c" executionId="483968d0-f897-49d6-8dd0-d3c6cf1ac0ac" testListId="8c84fa94-04c1-424b-9868-57a2d4851a1d" />
    <TestEntry testId="aacbc091-cac6-472d-7a62-95f0e276eb96" executionId="71427e23-e410-4f5d-b05a-fb67d7599f64" testListId="8c84fa94-04c1-424b-9868-57a2d4851a1d" />
    <TestEntry testId="2a859b64-8fef-e44f-496e-d0960bb4e811" executionId="f4411f01-c2e3-4a4a-91ab-804dfb92a83e" testListId="8c84fa94-04c1-424b-9868-57a2d4851a1d" />
    <TestEntry testId="dc2640e2-1199-2f27-9a1c-21a3988c0548" executionId="da5da92d-ee9e-47c1-b0e5-e93772ee7375" testListId="8c84fa94-04c1-424b-9868-57a2d4851a1d" />
    <TestEntry testId="04aa4e1e-17b4-adeb-34e0-ccb0d168f316" executionId="7da1613d-2521-4be8-89bb-9f801ad1f064" testListId="8c84fa94-04c1-424b-9868-57a2d4851a1d" />
    <TestEntry testId="67347929-ada1-2a19-d343-348502d3744d" executionId="b814232e-ea10-4623-9f5d-6aaec3be0961" testListId="8c84fa94-04c1-424b-9868-57a2d4851a1d" />
    <TestEntry testId="415af2c2-48c5-83e3-6a66-9f97dfd3ca3b" executionId="7450626e-921a-44b5-97bc-ceb93f25cba2" testListId="8c84fa94-04c1-424b-9868-57a2d4851a1d" />
    <TestEntry testId="547b74f5-af3d-4901-099f-9b71e2cf95a8" executionId="bbcfbd34-63b3-496d-9644-720a3ee6b82e" testListId="8c84fa94-04c1-424b-9868-57a2d4851a1d" />
    <TestEntry testId="f1b19c33-afce-6c0a-78e7-550904287f78" executionId="0b4dbd32-8480-4ffb-99a0-415b25bf231d" testListId="8c84fa94-04c1-424b-9868-57a2d4851a1d" />
    <TestEntry testId="7c6a19db-2e0f-7e4b-e125-c757ac778264" executionId="315f028d-751d-48e5-9cac-c1f706080c89" testListId="8c84fa94-04c1-424b-9868-57a2d4851a1d" />
    <TestEntry testId="6da9ed80-28cc-d39a-2a5f-ae945961186e" executionId="5be38a57-71c7-4c1c-9eb5-827e0d7dcbb7" testListId="8c84fa94-04c1-424b-9868-57a2d4851a1d" />
    <TestEntry testId="eb1a9c41-91a8-fcc6-e850-a4d9acf34975" executionId="c19c7f65-0166-450c-be05-69402aad2617" testListId="8c84fa94-04c1-424b-9868-57a2d4851a1d" />
    <TestEntry testId="1d634575-eacb-5b74-f59b-3f918b61f3e1" executionId="f647be55-1c9c-4183-bdec-c2fdd0fef503" testListId="8c84fa94-04c1-424b-9868-57a2d4851a1d" />
    <TestEntry testId="ef63a22f-9706-f5ab-a12a-6b7f3e67e062" executionId="dac44f2d-e4f5-4bac-9879-c5bf9145bdf9" testListId="8c84fa94-04c1-424b-9868-57a2d4851a1d" />
    <TestEntry testId="072ccf06-0d25-885d-29bf-a00924e8fa84" executionId="3275f155-c06b-47f0-b65a-834c236b9a75" testListId="8c84fa94-04c1-424b-9868-57a2d4851a1d" />
    <TestEntry testId="6043b47e-9b08-206d-8d03-25bac9107c46" executionId="a5b0b624-d0f9-493e-9ccb-d621948ac688" testListId="8c84fa94-04c1-424b-9868-57a2d4851a1d" />
    <TestEntry testId="2904dada-b209-1961-24d7-8d0a33434707" executionId="a47644f0-99e7-434f-b24a-12539abd67ba" testListId="8c84fa94-04c1-424b-9868-57a2d4851a1d" />
    <TestEntry testId="5260acf7-43e7-d56b-bb11-234b6abb4fc9" executionId="16ea88a3-41e5-4385-b9b8-f2daccba416a" testListId="8c84fa94-04c1-424b-9868-57a2d4851a1d" />
    <TestEntry testId="6bd2f9a0-66a6-2a6f-d86d-74477d673d54" executionId="4f366009-bb94-4d5e-9120-2444c056f200" testListId="8c84fa94-04c1-424b-9868-57a2d4851a1d" />
    <TestEntry testId="2af74153-e33d-5a06-b5a0-4f03d73a67ed" executionId="3fa4043d-2f15-4cb5-8bd3-e798ede9f2f6" testListId="8c84fa94-04c1-424b-9868-57a2d4851a1d" />
    <TestEntry testId="201d395d-f163-4974-d9af-e5ce77839475" executionId="918f715c-0698-4bba-948f-533cb21cce48" testListId="8c84fa94-04c1-424b-9868-57a2d4851a1d" />
    <TestEntry testId="ba758f1a-bd5d-4526-b492-51aa9cd4ef94" executionId="8dbfa49c-c17f-4daf-921d-84dc7c6ca74b" testListId="8c84fa94-04c1-424b-9868-57a2d4851a1d" />
    <TestEntry testId="ea63432c-e9ba-8117-eb9e-c228c8eb32e3" executionId="45e16e6a-df08-4ef7-8494-73e59cc714b0" testListId="8c84fa94-04c1-424b-9868-57a2d4851a1d" />
    <TestEntry testId="80cf2e6d-51fa-dc95-be21-b256f75b0e62" executionId="8692c7e1-1cf6-47ad-b87d-f95e04bea246" testListId="8c84fa94-04c1-424b-9868-57a2d4851a1d" />
    <TestEntry testId="a03ae96c-6c38-25f6-9090-1aeea469d720" executionId="02b288b5-c46d-4c78-a738-4046ba69a06e" testListId="8c84fa94-04c1-424b-9868-57a2d4851a1d" />
    <TestEntry testId="f7b3f1d7-b3a9-14e3-de6d-190a6ba30b90" executionId="d7171fe2-84b0-4d5a-82d4-c4f573c6d68a" testListId="8c84fa94-04c1-424b-9868-57a2d4851a1d" />
    <TestEntry testId="80dc4908-905b-f38a-b5ec-758697553c91" executionId="13997573-2934-443a-95a3-fb12b7afa7b9" testListId="8c84fa94-04c1-424b-9868-57a2d4851a1d" />
    <TestEntry testId="96d7f7f9-87b7-83da-bd92-36d8216849da" executionId="c27cd06d-1e42-4bda-840a-d51acc9a599b" testListId="8c84fa94-04c1-424b-9868-57a2d4851a1d" />
    <TestEntry testId="8e12190f-46f0-473e-48e7-dce493d198a6" executionId="fdf7d8bc-ef95-4cb6-bbb4-d5718434c4d3" testListId="8c84fa94-04c1-424b-9868-57a2d4851a1d" />
    <TestEntry testId="ee33180c-19d8-3ead-e8a1-108c53d1cb5d" executionId="c12fc13a-61c1-4d4b-8596-ef1fdaf11afa" testListId="8c84fa94-04c1-424b-9868-57a2d4851a1d" />
    <TestEntry testId="430152d5-4073-d77f-e2ee-53a6c3d62288" executionId="c2d30b28-fd50-44c6-87ee-d07ad097b2c9" testListId="8c84fa94-04c1-424b-9868-57a2d4851a1d" />
    <TestEntry testId="7f962fc1-c7df-4430-6a53-51cc5fa60478" executionId="3f666c18-25c4-4e69-b9f1-80fa3e5eab97" testListId="8c84fa94-04c1-424b-9868-57a2d4851a1d" />
    <TestEntry testId="c3f07b32-627e-c6ba-6d6d-4bf8eea8cf4b" executionId="3f83b86a-b6e5-4f02-962d-89da1ae2e099" testListId="8c84fa94-04c1-424b-9868-57a2d4851a1d" />
    <TestEntry testId="aeb29584-5757-c8d5-ba00-a6e2def67d93" executionId="e0ce7ebb-87d3-4de6-b463-39db97c78b41" testListId="8c84fa94-04c1-424b-9868-57a2d4851a1d" />
    <TestEntry testId="d73d5371-3160-f8c9-be64-a3ff374de612" executionId="f299fb7e-0e9e-49f1-b40c-4089ba10eac1" testListId="8c84fa94-04c1-424b-9868-57a2d4851a1d" />
    <TestEntry testId="422d7082-1203-53e5-1057-bff919c73d99" executionId="f4fe8b2e-9367-48b2-acd5-8f7ec163294b" testListId="8c84fa94-04c1-424b-9868-57a2d4851a1d" />
    <TestEntry testId="efde178d-8304-a068-9dd4-333218c96a66" executionId="f0037b33-98f5-4bdd-815b-2e27ba3a3d69" testListId="8c84fa94-04c1-424b-9868-57a2d4851a1d" />
    <TestEntry testId="6c2f2404-94f9-827b-b6a9-1809a4e2cdda" executionId="6b3bbaa2-4c8b-47cf-9a54-f05ff7e6847b" testListId="8c84fa94-04c1-424b-9868-57a2d4851a1d" />
    <TestEntry testId="a5b363eb-4063-13b0-3940-dbd797fb33e6" executionId="02d48482-52a9-41a7-b8f2-c461f9118d94" testListId="8c84fa94-04c1-424b-9868-57a2d4851a1d" />
    <TestEntry testId="54adf2ba-1f81-5c34-8f16-1b1e9af7a4da" executionId="28c562f2-3157-4f46-9b61-2af248e1d707" testListId="8c84fa94-04c1-424b-9868-57a2d4851a1d" />
    <TestEntry testId="5ba747ad-1019-b721-43b2-f142ffc120a4" executionId="408a2390-a611-451a-849f-17cc4b0b8dff" testListId="8c84fa94-04c1-424b-9868-57a2d4851a1d" />
    <TestEntry testId="144b21a3-bf36-64c0-5d61-fb1f5f807601" executionId="7a0d0ed7-5fb6-4e58-a885-60d25b79ef13" testListId="8c84fa94-04c1-424b-9868-57a2d4851a1d" />
    <TestEntry testId="716b4372-94af-086a-4429-af7c705f625c" executionId="3248cf5f-3a19-4b7d-b505-a44cc583986e" testListId="8c84fa94-04c1-424b-9868-57a2d4851a1d" />
    <TestEntry testId="30bb456b-8c24-fe13-fd9f-bdcafc3b9b0c" executionId="c421dfa7-27bb-4b15-9411-5f54aaee70a0" testListId="8c84fa94-04c1-424b-9868-57a2d4851a1d" />
    <TestEntry testId="b1b1d371-f854-2591-5573-5df6eea9e240" executionId="61a95d58-35f2-44e2-8198-2d42e3beb957" testListId="8c84fa94-04c1-424b-9868-57a2d4851a1d" />
    <TestEntry testId="08d796e4-3805-05c9-6b90-8e054e547aab" executionId="06801c6b-0cea-4266-bb74-6f9cd015c18c" testListId="8c84fa94-04c1-424b-9868-57a2d4851a1d" />
    <TestEntry testId="ec221792-3703-943d-75b0-ffc511f23ece" executionId="db5aa8a5-52b6-4af6-83be-62e952c87874" testListId="8c84fa94-04c1-424b-9868-57a2d4851a1d" />
    <TestEntry testId="0f152de7-4e3f-447b-bff4-9ddb954e4fca" executionId="24901c0c-1e4d-47b6-86b1-50679ad25f72" testListId="8c84fa94-04c1-424b-9868-57a2d4851a1d" />
    <TestEntry testId="950b479a-3777-3956-e04c-abf562004bfb" executionId="3b9a39bd-399d-40cd-867f-ba0756596dfe" testListId="8c84fa94-04c1-424b-9868-57a2d4851a1d" />
    <TestEntry testId="81baf7fe-c54e-1f13-b5bf-a984adecb526" executionId="1798dc6f-635c-4a7c-a74e-2301446331c1" testListId="8c84fa94-04c1-424b-9868-57a2d4851a1d" />
    <TestEntry testId="fe080451-4d74-df2d-1ea1-c9dc74796e3c" executionId="1a0af1b5-771a-4403-bab7-af8b30b4b70e" testListId="8c84fa94-04c1-424b-9868-57a2d4851a1d" />
    <TestEntry testId="64dd75c6-39da-d392-b807-ecc669cb2f59" executionId="32f2e224-755f-478e-b1da-15efb00844ad" testListId="8c84fa94-04c1-424b-9868-57a2d4851a1d" />
    <TestEntry testId="edffe8a4-7adf-0dbf-8ddc-968b66627820" executionId="5960cea9-2e81-4ba4-a47a-b6a8fb299e11" testListId="8c84fa94-04c1-424b-9868-57a2d4851a1d" />
    <TestEntry testId="cc25d743-4885-4920-7249-bebbafd31696" executionId="73e2d3c4-adf9-4d0a-84e5-987046451410" testListId="8c84fa94-04c1-424b-9868-57a2d4851a1d" />
    <TestEntry testId="03da262a-bfa4-5ae4-c1c4-084aedef8bcf" executionId="4563f696-8fb5-4ccb-a64d-0cf83f980256" testListId="8c84fa94-04c1-424b-9868-57a2d4851a1d" />
    <TestEntry testId="42f1eda2-3af3-ae42-311a-2b53ffd7bce1" executionId="52a7d294-0d7c-4d87-a981-e66dac7dc7a5" testListId="8c84fa94-04c1-424b-9868-57a2d4851a1d" />
    <TestEntry testId="85e02974-23a2-ec37-3b31-58c24a4310f3" executionId="8fed7f5b-8882-44b7-88e7-788b8ac22825" testListId="8c84fa94-04c1-424b-9868-57a2d4851a1d" />
    <TestEntry testId="f103257a-f450-c0d5-64d8-7e6c84413865" executionId="8d96c37e-9cd6-446e-94d2-677d6549cfdd" testListId="8c84fa94-04c1-424b-9868-57a2d4851a1d" />
    <TestEntry testId="449cdc03-81fa-03c4-0e19-c951601f590c" executionId="0d073860-9d06-4d5f-bf85-537659a4e7a6" testListId="8c84fa94-04c1-424b-9868-57a2d4851a1d" />
  </TestEntries>
  <TestLists>
    <TestList name="Resultados sin formato de lista" id="8c84fa94-04c1-424b-9868-57a2d4851a1d" />
    <TestList name="Todos los resultados cargados" id="19431567-8539-422a-85d7-44ee4e166bda" />
  </TestLists>
  <ResultSummary outcome="Completed">
    <Counters total="61" executed="61" passed="61" failed="0" error="0" timeout="0" aborted="0" inconclusive="0" passedButRunAborted="0" notRunnable="0" notExecuted="0" disconnected="0" warning="0" completed="0" inProgress="0" pending="0" />
  </ResultSummary>
</TestRun>