<?xml version="1.0" encoding="utf-8"?>
<TestRun id="3ce6b163-2701-479b-a10e-7c7230b74fc3" name="sferrari@PC-SFERRARI 2021-10-26 12:34:13" runUser="PC-SFERRARI\sferrari" xmlns="http://microsoft.com/schemas/VisualStudio/TeamTest/2010">
  <Times creation="2021-10-26T12:34:13.6919321+02:00" queuing="2021-10-26T12:34:13.6919342+02:00" start="2021-10-26T12:34:08.3920255+02:00" finish="2021-10-26T12:34:15.7102547+02:00" />
  <TestSettings name="default" id="cb17eaea-cbf6-44cf-9739-74c4e74c7cbe">
    <Deployment runDeploymentRoot="sferrari_PC-SFERRARI_2021-10-26_12_34_13" />
  </TestSettings>
  <Results>
    <UnitTestResult executionId="ad93696b-8819-419d-a1b5-4860627042c3" testId="eebf8dcc-d250-4e19-8809-d0c6bd559507" testName="GetAllWhereSelect" computerName="PC-SFERRARI" duration="00:00:00.0036898" startTime="2021-10-26T12:34:15.0787386+02:00" endTime="2021-10-26T12:34:15.0826540+02:00" testType="13cdc9d9-ddb5-4fa4-a97d-d965ccfc6d4b" outcome="Passed" testListId="8c84fa94-04c1-424b-9868-57a2d4851a1d" relativeResultsDirectory="ad93696b-8819-419d-a1b5-4860627042c3" />
    <UnitTestResult executionId="5f29b8c4-e536-41d5-b88e-9a7eae64eba3" testId="e3e94443-148d-4c5c-9b86-435d3018f957" testName="GetAllAsyncWhere" computerName="PC-SFERRARI" duration="00:00:00.0221040" startTime="2021-10-26T12:34:15.0123692+02:00" endTime="2021-10-26T12:34:15.0346647+02:00" testType="13cdc9d9-ddb5-4fa4-a97d-d965ccfc6d4b" outcome="Passed" testListId="8c84fa94-04c1-424b-9868-57a2d4851a1d" relativeResultsDirectory="5f29b8c4-e536-41d5-b88e-9a7eae64eba3" />
    <UnitTestResult executionId="b9e22bff-6023-466b-a91c-e0f610c81f4f" testId="14e961f2-dbfa-4041-abdc-47d7b6d2cd44" testName="GetAllAsyncWhereSelect" computerName="PC-SFERRARI" duration="00:00:00.0334093" startTime="2021-10-26T12:34:15.0827691+02:00" endTime="2021-10-26T12:34:15.1163747+02:00" testType="13cdc9d9-ddb5-4fa4-a97d-d965ccfc6d4b" outcome="Passed" testListId="8c84fa94-04c1-424b-9868-57a2d4851a1d" relativeResultsDirectory="b9e22bff-6023-466b-a91c-e0f610c81f4f" />
    <UnitTestResult executionId="520fd8d5-673e-419a-b401-b563012a4e62" testId="26d30453-29cf-4ea5-8960-193451f538af" testName="AnyWhere" computerName="PC-SFERRARI" duration="00:00:00.0058164" startTime="2021-10-26T12:34:15.4479929+02:00" endTime="2021-10-26T12:34:15.4539730+02:00" testType="13cdc9d9-ddb5-4fa4-a97d-d965ccfc6d4b" outcome="Passed" testListId="8c84fa94-04c1-424b-9868-57a2d4851a1d" relativeResultsDirectory="520fd8d5-673e-419a-b401-b563012a4e62" />
    <UnitTestResult executionId="a8c1c01f-5e9a-40f6-aa35-58117e7f54a8" testId="0b88a8bb-0987-4936-bacf-20863123e00e" testName="GetPagedSelectOrderByProperty" computerName="PC-SFERRARI" duration="00:00:00.0025282" startTime="2021-10-26T12:34:15.1965726+02:00" endTime="2021-10-26T12:34:15.1992360+02:00" testType="13cdc9d9-ddb5-4fa4-a97d-d965ccfc6d4b" outcome="Passed" testListId="8c84fa94-04c1-424b-9868-57a2d4851a1d" relativeResultsDirectory="a8c1c01f-5e9a-40f6-aa35-58117e7f54a8" />
    <UnitTestResult executionId="a01f0dcc-51e1-4781-b076-55cc826e98a3" testId="fcbe590f-238c-4c13-8676-d850e4da3c6a" testName="GetOnetWhereIncludesSelect" computerName="PC-SFERRARI" duration="00:00:00.0069025" startTime="2021-10-26T12:34:14.9259163+02:00" endTime="2021-10-26T12:34:14.9329425+02:00" testType="13cdc9d9-ddb5-4fa4-a97d-d965ccfc6d4b" outcome="Passed" testListId="8c84fa94-04c1-424b-9868-57a2d4851a1d" relativeResultsDirectory="a01f0dcc-51e1-4781-b076-55cc826e98a3" />
    <UnitTestResult executionId="3a5d7f98-0665-4336-ac85-b075671043d8" testId="cbce9096-a8c7-4cf3-80b5-33c335785dd1" testName="StatusInactiveConvert" computerName="PC-SFERRARI" duration="00:00:00.0004766" startTime="2021-10-26T12:34:12.3486028+02:00" endTime="2021-10-26T12:34:12.3491623+02:00" testType="13cdc9d9-ddb5-4fa4-a97d-d965ccfc6d4b" outcome="Passed" testListId="8c84fa94-04c1-424b-9868-57a2d4851a1d" relativeResultsDirectory="3a5d7f98-0665-4336-ac85-b075671043d8" />
    <UnitTestResult executionId="c2caba85-17f0-40e4-bf77-20016307f7b2" testId="6945d2e9-1c7a-4135-9936-d6e48d77cddd" testName="AddRangeAsync" computerName="PC-SFERRARI" duration="00:00:00.0037710" startTime="2021-10-26T12:34:15.2898629+02:00" endTime="2021-10-26T12:34:15.2937391+02:00" testType="13cdc9d9-ddb5-4fa4-a97d-d965ccfc6d4b" outcome="Passed" testListId="8c84fa94-04c1-424b-9868-57a2d4851a1d" relativeResultsDirectory="c2caba85-17f0-40e4-bf77-20016307f7b2" />
    <UnitTestResult executionId="cab812e3-58fc-46b4-bcd9-1fce236325f8" testId="05c3bd00-5c64-4dce-8ae4-c4afacda2ac9" testName="AddRange" computerName="PC-SFERRARI" duration="00:00:00.0107507" startTime="2021-10-26T12:34:15.2789440+02:00" endTime="2021-10-26T12:34:15.2898030+02:00" testType="13cdc9d9-ddb5-4fa4-a97d-d965ccfc6d4b" outcome="Passed" testListId="8c84fa94-04c1-424b-9868-57a2d4851a1d" relativeResultsDirectory="cab812e3-58fc-46b4-bcd9-1fce236325f8" />
    <UnitTestResult executionId="afcdf953-7f0b-4bd1-a91b-98309b7b3a4e" testId="05538bb9-bf36-4f4a-83da-b87b59389bb3" testName="EnumConvertName" computerName="PC-SFERRARI" duration="00:00:00.0614555" startTime="2021-10-26T12:34:12.2049448+02:00" endTime="2021-10-26T12:34:12.3143072+02:00" testType="13cdc9d9-ddb5-4fa4-a97d-d965ccfc6d4b" outcome="Passed" testListId="8c84fa94-04c1-424b-9868-57a2d4851a1d" relativeResultsDirectory="afcdf953-7f0b-4bd1-a91b-98309b7b3a4e" />
    <UnitTestResult executionId="8a31ceef-0d01-4939-9206-54460ce3dd9d" testId="4275c819-e8fd-4d31-82c9-65b34d82e221" testName="SubdomainConvert" computerName="PC-SFERRARI" duration="00:00:00.0031361" startTime="2021-10-26T12:34:12.4146466+02:00" endTime="2021-10-26T12:34:12.4178849+02:00" testType="13cdc9d9-ddb5-4fa4-a97d-d965ccfc6d4b" outcome="Passed" testListId="8c84fa94-04c1-424b-9868-57a2d4851a1d" relativeResultsDirectory="8a31ceef-0d01-4939-9206-54460ce3dd9d" />
    <UnitTestResult executionId="0de1b309-0f01-4800-95c7-d025dd4873e3" testId="5d74133e-a9e5-41b8-a241-28d74c67700b" testName="DeleteAsynchronous" computerName="PC-SFERRARI" duration="00:00:00.0039920" startTime="2021-10-26T12:34:15.3652610+02:00" endTime="2021-10-26T12:34:15.3694117+02:00" testType="13cdc9d9-ddb5-4fa4-a97d-d965ccfc6d4b" outcome="Passed" testListId="8c84fa94-04c1-424b-9868-57a2d4851a1d" relativeResultsDirectory="0de1b309-0f01-4800-95c7-d025dd4873e3" />
    <UnitTestResult executionId="bb339361-0bf1-41d4-a6f9-2cf34f1346e1" testId="c084d53f-0a28-428c-938a-c272ca77c418" testName="Count" computerName="PC-SFERRARI" duration="00:00:00.0008669" startTime="2021-10-26T12:34:15.4629506+02:00" endTime="2021-10-26T12:34:15.4640003+02:00" testType="13cdc9d9-ddb5-4fa4-a97d-d965ccfc6d4b" outcome="Passed" testListId="8c84fa94-04c1-424b-9868-57a2d4851a1d" relativeResultsDirectory="bb339361-0bf1-41d4-a6f9-2cf34f1346e1" />
    <UnitTestResult executionId="96f9f04f-5eb0-4ccf-95f6-6b73dac58015" testId="1365e0e6-591a-440b-bc56-4c43c55393b3" testName="Add" computerName="PC-SFERRARI" duration="00:00:00.0010158" startTime="2021-10-26T12:34:15.2614951+02:00" endTime="2021-10-26T12:34:15.2626317+02:00" testType="13cdc9d9-ddb5-4fa4-a97d-d965ccfc6d4b" outcome="Passed" testListId="8c84fa94-04c1-424b-9868-57a2d4851a1d" relativeResultsDirectory="96f9f04f-5eb0-4ccf-95f6-6b73dac58015" />
    <UnitTestResult executionId="6a95565e-5c61-4f70-b14c-aa5456dc6b1e" testId="e5b8363a-a634-42ee-bf22-05f001a399fa" testName="UpdateValueObject" computerName="PC-SFERRARI" duration="00:00:00.0020280" startTime="2021-10-26T12:34:15.3418155+02:00" endTime="2021-10-26T12:34:15.3439593+02:00" testType="13cdc9d9-ddb5-4fa4-a97d-d965ccfc6d4b" outcome="Passed" testListId="8c84fa94-04c1-424b-9868-57a2d4851a1d" relativeResultsDirectory="6a95565e-5c61-4f70-b14c-aa5456dc6b1e" />
    <UnitTestResult executionId="427e380c-3c7a-43bc-b5d4-bf2ae186ebfc" testId="cc995b26-f582-4805-8173-b8d424800972" testName="UpdateAsynchronous" computerName="PC-SFERRARI" duration="00:00:00.0018861" startTime="2021-10-26T12:34:15.3367479+02:00" endTime="2021-10-26T12:34:15.3387513+02:00" testType="13cdc9d9-ddb5-4fa4-a97d-d965ccfc6d4b" outcome="Passed" testListId="8c84fa94-04c1-424b-9868-57a2d4851a1d" relativeResultsDirectory="427e380c-3c7a-43bc-b5d4-bf2ae186ebfc" />
    <UnitTestResult executionId="27a08f0a-a3a9-4be7-90e4-8214c166fef3" testId="fe37f524-6fb3-4e52-aabe-bedc5294fa7e" testName="Update" computerName="PC-SFERRARI" duration="00:00:00.0391335" startTime="2021-10-26T12:34:15.2953141+02:00" endTime="2021-10-26T12:34:15.3345752+02:00" testType="13cdc9d9-ddb5-4fa4-a97d-d965ccfc6d4b" outcome="Passed" testListId="8c84fa94-04c1-424b-9868-57a2d4851a1d" relativeResultsDirectory="27a08f0a-a3a9-4be7-90e4-8214c166fef3" />
    <UnitTestResult executionId="86cf8e81-ebf9-4b69-af31-ec78c4cda39d" testId="2e282760-5639-4fc8-83bd-2b135be7aca8" testName="GetOneAsyncWhereSelect" computerName="PC-SFERRARI" duration="00:00:00.0104153" startTime="2021-10-26T12:34:14.9153284+02:00" endTime="2021-10-26T12:34:14.9258543+02:00" testType="13cdc9d9-ddb5-4fa4-a97d-d965ccfc6d4b" outcome="Passed" testListId="8c84fa94-04c1-424b-9868-57a2d4851a1d" relativeResultsDirectory="86cf8e81-ebf9-4b69-af31-ec78c4cda39d" />
    <UnitTestResult executionId="76d2fcfd-449e-4267-9aee-48616181a071" testId="41260bdc-4e20-4a88-bc96-7148b98643bc" testName="GetAllAsyncWhereIncludes" computerName="PC-SFERRARI" duration="00:00:00.0216776" startTime="2021-10-26T12:34:15.0567074+02:00" endTime="2021-10-26T12:34:15.0786294+02:00" testType="13cdc9d9-ddb5-4fa4-a97d-d965ccfc6d4b" outcome="Passed" testListId="8c84fa94-04c1-424b-9868-57a2d4851a1d" relativeResultsDirectory="76d2fcfd-449e-4267-9aee-48616181a071" />
    <UnitTestResult executionId="25f9737b-dfa8-4c19-bfae-e58161b11914" testId="690f1c96-0062-4db1-b23e-a4ed6012e90a" testName="GetAll" computerName="PC-SFERRARI" duration="00:00:00.0126271" startTime="2021-10-26T12:34:14.9413018+02:00" endTime="2021-10-26T12:34:14.9540806+02:00" testType="13cdc9d9-ddb5-4fa4-a97d-d965ccfc6d4b" outcome="Passed" testListId="8c84fa94-04c1-424b-9868-57a2d4851a1d" relativeResultsDirectory="25f9737b-dfa8-4c19-bfae-e58161b11914" />
    <UnitTestResult executionId="493dda57-3c63-40c7-8b1c-63ec8b3804da" testId="c90b2c9f-c280-47db-96d0-16060e996df8" testName="GetOneAsyncWhereIncludesSelect" computerName="PC-SFERRARI" duration="00:00:00.0081126" startTime="2021-10-26T12:34:14.9330025+02:00" endTime="2021-10-26T12:34:14.9412309+02:00" testType="13cdc9d9-ddb5-4fa4-a97d-d965ccfc6d4b" outcome="Passed" testListId="8c84fa94-04c1-424b-9868-57a2d4851a1d" relativeResultsDirectory="493dda57-3c63-40c7-8b1c-63ec8b3804da" />
    <UnitTestResult executionId="9117cf2d-7eb8-4045-bb2e-c6887875840c" testId="c4a2a728-4e77-4cd6-ac76-738bb7f76611" testName="Any" computerName="PC-SFERRARI" duration="00:00:00.0011354" startTime="2021-10-26T12:34:15.4369726+02:00" endTime="2021-10-26T12:34:15.4383406+02:00" testType="13cdc9d9-ddb5-4fa4-a97d-d965ccfc6d4b" outcome="Passed" testListId="8c84fa94-04c1-424b-9868-57a2d4851a1d" relativeResultsDirectory="9117cf2d-7eb8-4045-bb2e-c6887875840c" />
    <UnitTestResult executionId="0b43d0d0-ee79-4678-bb16-38ab5e17f018" testId="93e7e553-42d2-4a95-acf0-53843876ad92" testName="AnyAsync" computerName="PC-SFERRARI" duration="00:00:00.0093399" startTime="2021-10-26T12:34:15.4384170+02:00" endTime="2021-10-26T12:34:15.4479040+02:00" testType="13cdc9d9-ddb5-4fa4-a97d-d965ccfc6d4b" outcome="Passed" testListId="8c84fa94-04c1-424b-9868-57a2d4851a1d" relativeResultsDirectory="0b43d0d0-ee79-4678-bb16-38ab5e17f018" />
    <UnitTestResult executionId="6301b446-515c-4aa7-a38c-46c74a7e07ed" testId="05351e81-db54-4678-b512-6f1cbbf3286f" testName="GetPagedWhereIncludesSelect" computerName="PC-SFERRARI" duration="00:00:00.0050118" startTime="2021-10-26T12:34:15.1841628+02:00" endTime="2021-10-26T12:34:15.1892954+02:00" testType="13cdc9d9-ddb5-4fa4-a97d-d965ccfc6d4b" outcome="Passed" testListId="8c84fa94-04c1-424b-9868-57a2d4851a1d" relativeResultsDirectory="6301b446-515c-4aa7-a38c-46c74a7e07ed" />
    <UnitTestResult executionId="5413ffb0-5351-43a2-a7ce-78687445cf12" testId="a61b5d88-c559-4fcc-8bfa-140825e0ee7b" testName="GetPagedAsyncWhereIncludes" computerName="PC-SFERRARI" duration="00:00:00.0020709" startTime="2021-10-26T12:34:15.1707482+02:00" endTime="2021-10-26T12:34:15.1729547+02:00" testType="13cdc9d9-ddb5-4fa4-a97d-d965ccfc6d4b" outcome="Passed" testListId="8c84fa94-04c1-424b-9868-57a2d4851a1d" relativeResultsDirectory="5413ffb0-5351-43a2-a7ce-78687445cf12" />
    <UnitTestResult executionId="6c93d0d5-f7bd-46eb-bdc4-a270be430b3a" testId="87a94efe-e4ce-480e-bc7e-ebf283f5182c" testName="DeleteWhere" computerName="PC-SFERRARI" duration="00:00:00.0422095" startTime="2021-10-26T12:34:15.3694875+02:00" endTime="2021-10-26T12:34:15.4118781+02:00" testType="13cdc9d9-ddb5-4fa4-a97d-d965ccfc6d4b" outcome="Passed" testListId="8c84fa94-04c1-424b-9868-57a2d4851a1d" relativeResultsDirectory="6c93d0d5-f7bd-46eb-bdc4-a270be430b3a" />
    <UnitTestResult executionId="33092840-9408-4754-bc85-87429adabcd2" testId="d79f6526-58fa-4806-b460-3b95b9aaa0e1" testName="CountWhereAsync" computerName="PC-SFERRARI" duration="00:00:00.0052610" startTime="2021-10-26T12:34:15.4818805+02:00" endTime="2021-10-26T12:34:15.4872780+02:00" testType="13cdc9d9-ddb5-4fa4-a97d-d965ccfc6d4b" outcome="Passed" testListId="8c84fa94-04c1-424b-9868-57a2d4851a1d" relativeResultsDirectory="33092840-9408-4754-bc85-87429adabcd2" />
    <UnitTestResult executionId="9a5969f8-dfa2-4956-bd6b-cbea7e5b0e74" testId="f67c51e0-aa0b-4526-bfc9-de69de5df51c" testName="AnyWhereAsync" computerName="PC-SFERRARI" duration="00:00:00.0086031" startTime="2021-10-26T12:34:15.4540555+02:00" endTime="2021-10-26T12:34:15.4628428+02:00" testType="13cdc9d9-ddb5-4fa4-a97d-d965ccfc6d4b" outcome="Passed" testListId="8c84fa94-04c1-424b-9868-57a2d4851a1d" relativeResultsDirectory="9a5969f8-dfa2-4956-bd6b-cbea7e5b0e74" />
    <UnitTestResult executionId="aa200eed-3bac-4f8b-af22-6af48ac5e172" testId="f44fe594-73b8-4168-83ef-41776c2edca8" testName="GetAllAsyncWhereIncludesSelect" computerName="PC-SFERRARI" duration="00:00:00.0048133" startTime="2021-10-26T12:34:15.1179958+02:00" endTime="2021-10-26T12:34:15.1229567+02:00" testType="13cdc9d9-ddb5-4fa4-a97d-d965ccfc6d4b" outcome="Passed" testListId="8c84fa94-04c1-424b-9868-57a2d4851a1d" relativeResultsDirectory="aa200eed-3bac-4f8b-af22-6af48ac5e172" />
    <UnitTestResult executionId="712c4072-acc5-443b-874a-dac8cef81e48" testId="407faf10-aef4-4d2d-8dfc-be664fb4dd68" testName="GetPagedAsyncWhereIncludesSelect" computerName="PC-SFERRARI" duration="00:00:00.0016964" startTime="2021-10-26T12:34:15.1893558+02:00" endTime="2021-10-26T12:34:15.1911538+02:00" testType="13cdc9d9-ddb5-4fa4-a97d-d965ccfc6d4b" outcome="Passed" testListId="8c84fa94-04c1-424b-9868-57a2d4851a1d" relativeResultsDirectory="712c4072-acc5-443b-874a-dac8cef81e48" />
    <UnitTestResult executionId="92472a54-f42d-47bc-816f-6707ef9c2ea5" testId="ad24236e-740e-442e-95f5-4976e0b98aaf" testName="GetAllWhereIncludes" computerName="PC-SFERRARI" duration="00:00:00.0215625" startTime="2021-10-26T12:34:15.0347862+02:00" endTime="2021-10-26T12:34:15.0565870+02:00" testType="13cdc9d9-ddb5-4fa4-a97d-d965ccfc6d4b" outcome="Passed" testListId="8c84fa94-04c1-424b-9868-57a2d4851a1d" relativeResultsDirectory="92472a54-f42d-47bc-816f-6707ef9c2ea5" />
    <UnitTestResult executionId="bb0c562b-16b6-4f14-846f-9c09fd734e20" testId="033fc512-7e22-40fe-9dbf-2a187520bedb" testName="Find" computerName="PC-SFERRARI" duration="00:00:00.0267538" startTime="2021-10-26T12:34:15.2172651+02:00" endTime="2021-10-26T12:34:15.2441408+02:00" testType="13cdc9d9-ddb5-4fa4-a97d-d965ccfc6d4b" outcome="Passed" testListId="8c84fa94-04c1-424b-9868-57a2d4851a1d" relativeResultsDirectory="bb0c562b-16b6-4f14-846f-9c09fd734e20" />
    <UnitTestResult executionId="4d5e3ae8-2678-4d14-b984-b49094906269" testId="39b1ef8f-bfe0-4740-817c-e422b7cc6013" testName="DeleteWhereAsynchronous" computerName="PC-SFERRARI" duration="00:00:00.0215899" startTime="2021-10-26T12:34:15.4119813+02:00" endTime="2021-10-26T12:34:15.4337609+02:00" testType="13cdc9d9-ddb5-4fa4-a97d-d965ccfc6d4b" outcome="Passed" testListId="8c84fa94-04c1-424b-9868-57a2d4851a1d" relativeResultsDirectory="4d5e3ae8-2678-4d14-b984-b49094906269" />
    <UnitTestResult executionId="64821865-aee8-4089-82d5-fd0050f527dd" testId="7a09e092-1f3c-49f2-8c5a-aafd6658564d" testName="GetPaged" computerName="PC-SFERRARI" duration="00:00:00.0092393" startTime="2021-10-26T12:34:15.1230462+02:00" endTime="2021-10-26T12:34:15.1324601+02:00" testType="13cdc9d9-ddb5-4fa4-a97d-d965ccfc6d4b" outcome="Passed" testListId="8c84fa94-04c1-424b-9868-57a2d4851a1d" relativeResultsDirectory="64821865-aee8-4089-82d5-fd0050f527dd" />
    <UnitTestResult executionId="7517371f-271a-42f4-bd1a-356bdcbb0583" testId="4caa8699-ab02-4913-88ec-8064d637403a" testName="UpdatePartial" computerName="PC-SFERRARI" duration="00:00:00.0027973" startTime="2021-10-26T12:34:15.3388189+02:00" endTime="2021-10-26T12:34:15.3417412+02:00" testType="13cdc9d9-ddb5-4fa4-a97d-d965ccfc6d4b" outcome="Passed" testListId="8c84fa94-04c1-424b-9868-57a2d4851a1d" relativeResultsDirectory="7517371f-271a-42f4-bd1a-356bdcbb0583" />
    <UnitTestResult executionId="fdb83042-293b-415c-9d3b-82fcf7c1a898" testId="bd54e22d-34fd-4147-b56c-e0e7ad103af9" testName="GetPagedAsyncWhere" computerName="PC-SFERRARI" duration="00:00:00.0015996" startTime="2021-10-26T12:34:15.1530503+02:00" endTime="2021-10-26T12:34:15.1547524+02:00" testType="13cdc9d9-ddb5-4fa4-a97d-d965ccfc6d4b" outcome="Passed" testListId="8c84fa94-04c1-424b-9868-57a2d4851a1d" relativeResultsDirectory="fdb83042-293b-415c-9d3b-82fcf7c1a898" />
    <UnitTestResult executionId="1fdf49b9-1cc9-43a3-a7af-7e31482ed94b" testId="3ed4d5ff-d651-42f5-92bd-68a9bc0a48ad" testName="GetAllWhereIncludesSelect" computerName="PC-SFERRARI" duration="00:00:00.0013175" startTime="2021-10-26T12:34:15.1164602+02:00" endTime="2021-10-26T12:34:15.1179241+02:00" testType="13cdc9d9-ddb5-4fa4-a97d-d965ccfc6d4b" outcome="Passed" testListId="8c84fa94-04c1-424b-9868-57a2d4851a1d" relativeResultsDirectory="1fdf49b9-1cc9-43a3-a7af-7e31482ed94b" />
    <UnitTestResult executionId="fd5f0150-8a5e-48a1-829e-385a51d28765" testId="157cc996-2f5b-495c-b7a2-4f2fbfd5c576" testName="GetOneWhereInclude" computerName="PC-SFERRARI" duration="00:00:00.0617153" startTime="2021-10-26T12:34:14.8210367+02:00" endTime="2021-10-26T12:34:14.8829031+02:00" testType="13cdc9d9-ddb5-4fa4-a97d-d965ccfc6d4b" outcome="Passed" testListId="8c84fa94-04c1-424b-9868-57a2d4851a1d" relativeResultsDirectory="fd5f0150-8a5e-48a1-829e-385a51d28765" />
    <UnitTestResult executionId="bd717f38-775c-4512-8fcb-6849ae6a86fb" testId="bd64ef47-e403-4604-bc93-333d3d614096" testName="EnumConvertValue" computerName="PC-SFERRARI" duration="00:00:00.0201219" startTime="2021-10-26T12:34:12.3262617+02:00" endTime="2021-10-26T12:34:12.3465805+02:00" testType="13cdc9d9-ddb5-4fa4-a97d-d965ccfc6d4b" outcome="Passed" testListId="8c84fa94-04c1-424b-9868-57a2d4851a1d" relativeResultsDirectory="bd717f38-775c-4512-8fcb-6849ae6a86fb" />
    <UnitTestResult executionId="ecd93e99-9e56-4d44-85bc-5e874cdbdba4" testId="d3a76da2-2dc9-41eb-96f2-b610db7f8fc6" testName="GetOnetWhereSelect" computerName="PC-SFERRARI" duration="00:00:00.0129153" startTime="2021-10-26T12:34:14.9022123+02:00" endTime="2021-10-26T12:34:14.9152653+02:00" testType="13cdc9d9-ddb5-4fa4-a97d-d965ccfc6d4b" outcome="Passed" testListId="8c84fa94-04c1-424b-9868-57a2d4851a1d" relativeResultsDirectory="ecd93e99-9e56-4d44-85bc-5e874cdbdba4" />
    <UnitTestResult executionId="c622dc29-01ed-4717-8ab5-9411359b6ee0" testId="3c1412d4-e458-495a-8466-f45dd16a3bb7" testName="GetAllWhere" computerName="PC-SFERRARI" duration="00:00:00.0164811" startTime="2021-10-26T12:34:14.9956581+02:00" endTime="2021-10-26T12:34:15.0123009+02:00" testType="13cdc9d9-ddb5-4fa4-a97d-d965ccfc6d4b" outcome="Passed" testListId="8c84fa94-04c1-424b-9868-57a2d4851a1d" relativeResultsDirectory="c622dc29-01ed-4717-8ab5-9411359b6ee0" />
    <UnitTestResult executionId="32f2d192-b7e4-441c-9938-3630862671ea" testId="73e8aa8a-5016-47ff-ba30-6b90d3627fe0" testName="GetOneAsyncWhereInclude" computerName="PC-SFERRARI" duration="00:00:00.0190425" startTime="2021-10-26T12:34:14.8829750+02:00" endTime="2021-10-26T12:34:14.9021361+02:00" testType="13cdc9d9-ddb5-4fa4-a97d-d965ccfc6d4b" outcome="Passed" testListId="8c84fa94-04c1-424b-9868-57a2d4851a1d" relativeResultsDirectory="32f2d192-b7e4-441c-9938-3630862671ea" />
    <UnitTestResult executionId="0e740df0-e8c0-4afe-9855-2f8201c1fbda" testId="0ebd2b04-5dd5-4483-978c-3b22f27bf356" testName="GetPagedWhereSelect" computerName="PC-SFERRARI" duration="00:00:00.0061892" startTime="2021-10-26T12:34:15.1730378+02:00" endTime="2021-10-26T12:34:15.1793590+02:00" testType="13cdc9d9-ddb5-4fa4-a97d-d965ccfc6d4b" outcome="Passed" testListId="8c84fa94-04c1-424b-9868-57a2d4851a1d" relativeResultsDirectory="0e740df0-e8c0-4afe-9855-2f8201c1fbda" />
    <UnitTestResult executionId="27e1145d-3313-4818-9cbb-1849a3ab22f7" testId="35131c0b-7e95-4548-90c2-6063e311b7d2" testName="GetOneWhere" computerName="PC-SFERRARI" duration="00:00:02.3425143" startTime="2021-10-26T12:34:12.4179630+02:00" endTime="2021-10-26T12:34:14.7608762+02:00" testType="13cdc9d9-ddb5-4fa4-a97d-d965ccfc6d4b" outcome="Passed" testListId="8c84fa94-04c1-424b-9868-57a2d4851a1d" relativeResultsDirectory="27e1145d-3313-4818-9cbb-1849a3ab22f7" />
    <UnitTestResult executionId="81c66300-a22f-4cf4-a31a-3d95205b5d63" testId="6491c46a-62f2-4589-be67-8a863aa45d04" testName="StatusActiveConvert" computerName="PC-SFERRARI" duration="00:00:00.0017444" startTime="2021-10-26T12:34:12.3466979+02:00" endTime="2021-10-26T12:34:12.3485513+02:00" testType="13cdc9d9-ddb5-4fa4-a97d-d965ccfc6d4b" outcome="Passed" testListId="8c84fa94-04c1-424b-9868-57a2d4851a1d" relativeResultsDirectory="81c66300-a22f-4cf4-a31a-3d95205b5d63" />
    <UnitTestResult executionId="2c60377f-58ec-4317-81b5-0b3f76963c90" testId="4dddf3a4-f895-4210-b4db-d7fe118568eb" testName="GetPagedSelectOrderByNavigationProperty" computerName="PC-SFERRARI" duration="00:00:00.0036839" startTime="2021-10-26T12:34:15.1926791+02:00" endTime="2021-10-26T12:34:15.1965121+02:00" testType="13cdc9d9-ddb5-4fa4-a97d-d965ccfc6d4b" outcome="Passed" testListId="8c84fa94-04c1-424b-9868-57a2d4851a1d" relativeResultsDirectory="2c60377f-58ec-4317-81b5-0b3f76963c90" />
    <UnitTestResult executionId="0d5245ff-bead-4597-9816-ae3321a90199" testId="6ca1d7de-b3cd-48aa-b1b5-ecd6de58ebc7" testName="Delete" computerName="PC-SFERRARI" duration="00:00:00.0209785" startTime="2021-10-26T12:34:15.3440333+02:00" endTime="2021-10-26T12:34:15.3651739+02:00" testType="13cdc9d9-ddb5-4fa4-a97d-d965ccfc6d4b" outcome="Passed" testListId="8c84fa94-04c1-424b-9868-57a2d4851a1d" relativeResultsDirectory="0d5245ff-bead-4597-9816-ae3321a90199" />
    <UnitTestResult executionId="33a93286-4ac3-45e4-b503-5161fd82526c" testId="52d0a651-4e88-4214-bcb9-c720bf5d69fb" testName="GetPagedAsyncWhereSelect" computerName="PC-SFERRARI" duration="00:00:00.0045765" startTime="2021-10-26T12:34:15.1794213+02:00" endTime="2021-10-26T12:34:15.1841026+02:00" testType="13cdc9d9-ddb5-4fa4-a97d-d965ccfc6d4b" outcome="Passed" testListId="8c84fa94-04c1-424b-9868-57a2d4851a1d" relativeResultsDirectory="33a93286-4ac3-45e4-b503-5161fd82526c" />
    <UnitTestResult executionId="1e75b049-eb43-4afc-a229-d565d2b459f9" testId="2313502e-feb6-4d84-87f9-6daaa47202bb" testName="CountWhere" computerName="PC-SFERRARI" duration="00:00:00.0070093" startTime="2021-10-26T12:34:15.4745506+02:00" endTime="2021-10-26T12:34:15.4817920+02:00" testType="13cdc9d9-ddb5-4fa4-a97d-d965ccfc6d4b" outcome="Passed" testListId="8c84fa94-04c1-424b-9868-57a2d4851a1d" relativeResultsDirectory="1e75b049-eb43-4afc-a229-d565d2b459f9" />
    <UnitTestResult executionId="3975511b-104e-416e-991b-c2e0e40805fc" testId="d743632b-edc6-4457-938a-31b88590c275" testName="GetOneAsyncWhere" computerName="PC-SFERRARI" duration="00:00:00.0597287" startTime="2021-10-26T12:34:14.7609702+02:00" endTime="2021-10-26T12:34:14.8209372+02:00" testType="13cdc9d9-ddb5-4fa4-a97d-d965ccfc6d4b" outcome="Passed" testListId="8c84fa94-04c1-424b-9868-57a2d4851a1d" relativeResultsDirectory="3975511b-104e-416e-991b-c2e0e40805fc" />
    <UnitTestResult executionId="9aee14ae-640c-4599-9706-addbf6285d3d" testId="7ccca9fe-932c-4d0e-872b-5369ddbcd4c1" testName="CountAsync" computerName="PC-SFERRARI" duration="00:00:00.0101599" startTime="2021-10-26T12:34:15.4641037+02:00" endTime="2021-10-26T12:34:15.4744386+02:00" testType="13cdc9d9-ddb5-4fa4-a97d-d965ccfc6d4b" outcome="Passed" testListId="8c84fa94-04c1-424b-9868-57a2d4851a1d" relativeResultsDirectory="9aee14ae-640c-4599-9706-addbf6285d3d" />
    <UnitTestResult executionId="bde1ca09-5cb7-418a-a9e2-cdfdf92bd8b3" testId="07f99133-cdb9-4046-95f7-0e2feeb31efa" testName="NameConvert" computerName="PC-SFERRARI" duration="00:00:00.0045410" startTime="2021-10-26T12:34:12.4099242+02:00" endTime="2021-10-26T12:34:12.4145838+02:00" testType="13cdc9d9-ddb5-4fa4-a97d-d965ccfc6d4b" outcome="Passed" testListId="8c84fa94-04c1-424b-9868-57a2d4851a1d" relativeResultsDirectory="bde1ca09-5cb7-418a-a9e2-cdfdf92bd8b3" />
    <UnitTestResult executionId="732d7069-3776-4134-bb13-7b2be1400c80" testId="ecd44a47-28d4-4c7d-b19d-aefe030103e2" testName="UpdateSelect" computerName="PC-SFERRARI" duration="00:00:00.0018575" startTime="2021-10-26T12:34:15.3346735+02:00" endTime="2021-10-26T12:34:15.3366820+02:00" testType="13cdc9d9-ddb5-4fa4-a97d-d965ccfc6d4b" outcome="Passed" testListId="8c84fa94-04c1-424b-9868-57a2d4851a1d" relativeResultsDirectory="732d7069-3776-4134-bb13-7b2be1400c80" />
    <UnitTestResult executionId="e2f72e40-376a-4d50-ad43-12d0edc1fb6a" testId="81155a30-286f-427e-addc-2bde33a021dd" testName="GetAllAsync" computerName="PC-SFERRARI" duration="00:00:00.0387121" startTime="2021-10-26T12:34:14.9541870+02:00" endTime="2021-10-26T12:34:14.9930964+02:00" testType="13cdc9d9-ddb5-4fa4-a97d-d965ccfc6d4b" outcome="Passed" testListId="8c84fa94-04c1-424b-9868-57a2d4851a1d" relativeResultsDirectory="e2f72e40-376a-4d50-ad43-12d0edc1fb6a" />
    <UnitTestResult executionId="8b39aa57-df06-41ed-8123-c7b6b672dd30" testId="a1dee490-2fc5-45de-96e5-3a58a78f347d" testName="FindAsync" computerName="PC-SFERRARI" duration="00:00:00.0170204" startTime="2021-10-26T12:34:15.2442472+02:00" endTime="2021-10-26T12:34:15.2614189+02:00" testType="13cdc9d9-ddb5-4fa4-a97d-d965ccfc6d4b" outcome="Passed" testListId="8c84fa94-04c1-424b-9868-57a2d4851a1d" relativeResultsDirectory="8b39aa57-df06-41ed-8123-c7b6b672dd30" />
    <UnitTestResult executionId="88a41ddd-7462-42e8-b2a5-16bbeb6afa8b" testId="83a58ed3-ed40-4c04-84c0-0b32ae4f9d31" testName="QueryableOrderByDescending" computerName="PC-SFERRARI" duration="00:00:00.0177838" startTime="2021-10-26T12:34:15.1993010+02:00" endTime="2021-10-26T12:34:15.2171964+02:00" testType="13cdc9d9-ddb5-4fa4-a97d-d965ccfc6d4b" outcome="Passed" testListId="8c84fa94-04c1-424b-9868-57a2d4851a1d" relativeResultsDirectory="88a41ddd-7462-42e8-b2a5-16bbeb6afa8b" />
    <UnitTestResult executionId="07b46346-2432-4c21-a03d-1e40a5c8a58d" testId="ad09a0b3-b574-4a1e-a44e-4d6e685d9f98" testName="GetPagedWhere" computerName="PC-SFERRARI" duration="00:00:00.0054530" startTime="2021-10-26T12:34:15.1473812+02:00" endTime="2021-10-26T12:34:15.1529873+02:00" testType="13cdc9d9-ddb5-4fa4-a97d-d965ccfc6d4b" outcome="Passed" testListId="8c84fa94-04c1-424b-9868-57a2d4851a1d" relativeResultsDirectory="07b46346-2432-4c21-a03d-1e40a5c8a58d" />
    <UnitTestResult executionId="7b19412d-1671-4b22-824d-3325319f074e" testId="71639c35-5ab6-4036-a9de-9f34350dbf16" testName="GetPagedWhereIncludes" computerName="PC-SFERRARI" duration="00:00:00.0157444" startTime="2021-10-26T12:34:15.1548125+02:00" endTime="2021-10-26T12:34:15.1706666+02:00" testType="13cdc9d9-ddb5-4fa4-a97d-d965ccfc6d4b" outcome="Passed" testListId="8c84fa94-04c1-424b-9868-57a2d4851a1d" relativeResultsDirectory="7b19412d-1671-4b22-824d-3325319f074e" />
    <UnitTestResult executionId="723d2a38-0553-48e3-8c5f-c11c898c410a" testId="f21abbd8-0ab8-4c94-9113-ad71ad8c8594" testName="EmailConvert" computerName="PC-SFERRARI" duration="00:00:00.0605326" startTime="2021-10-26T12:34:12.3492006+02:00" endTime="2021-10-26T12:34:12.4098270+02:00" testType="13cdc9d9-ddb5-4fa4-a97d-d965ccfc6d4b" outcome="Passed" testListId="8c84fa94-04c1-424b-9868-57a2d4851a1d" relativeResultsDirectory="723d2a38-0553-48e3-8c5f-c11c898c410a" />
    <UnitTestResult executionId="57dc6f11-c3f6-4e69-99d2-fffaff8e0cab" testId="dafa00b9-ab56-4237-a128-ff1045570d21" testName="AddAsync" computerName="PC-SFERRARI" duration="00:00:00.0160967" startTime="2021-10-26T12:34:15.2626866+02:00" endTime="2021-10-26T12:34:15.2788839+02:00" testType="13cdc9d9-ddb5-4fa4-a97d-d965ccfc6d4b" outcome="Passed" testListId="8c84fa94-04c1-424b-9868-57a2d4851a1d" relativeResultsDirectory="57dc6f11-c3f6-4e69-99d2-fffaff8e0cab" />
    <UnitTestResult executionId="2f834bab-6d8f-4d63-b632-b4b8b0092f71" testId="fa3053de-08a0-4304-b830-623a44f118c8" testName="GetPagedAsync" computerName="PC-SFERRARI" duration="00:00:00.0100355" startTime="2021-10-26T12:34:15.1370133+02:00" endTime="2021-10-26T12:34:15.1472850+02:00" testType="13cdc9d9-ddb5-4fa4-a97d-d965ccfc6d4b" outcome="Passed" testListId="8c84fa94-04c1-424b-9868-57a2d4851a1d" relativeResultsDirectory="2f834bab-6d8f-4d63-b632-b4b8b0092f71" />
  </Results>
  <TestDefinitions>
    <UnitTest name="AddAsync" storage="d:\sferrari\01 - trabajo\repos\netcore\libs\template-netcore-entityframework\kitpymes.core.entityframework.tests\bin\release\net5.0\kitpymes.core.entityframework.tests.dll" id="dafa00b9-ab56-4237-a128-ff1045570d21">
      <Execution id="57dc6f11-c3f6-4e69-99d2-fffaff8e0cab" />
      <TestMethod codeBase="D:\SFERRARI\01 - TRABAJO\repos\netcore\libs\template-netcore-entityframework\Kitpymes.Core.EntityFramework.Tests\bin\Release\net5.0\Kitpymes.Core.EntityFramework.Tests.dll" adapterTypeName="executor://mstestadapter/v2" className="Kitpymes.Core.EntityFramework.Tests.EntityFrameworkRepositoryTests" name="AddAsync" />
    </UnitTest>
    <UnitTest name="CountWhereAsync" storage="d:\sferrari\01 - trabajo\repos\netcore\libs\template-netcore-entityframework\kitpymes.core.entityframework.tests\bin\release\net5.0\kitpymes.core.entityframework.tests.dll" id="d79f6526-58fa-4806-b460-3b95b9aaa0e1">
      <Execution id="33092840-9408-4754-bc85-87429adabcd2" />
      <TestMethod codeBase="D:\SFERRARI\01 - TRABAJO\repos\netcore\libs\template-netcore-entityframework\Kitpymes.Core.EntityFramework.Tests\bin\Release\net5.0\Kitpymes.Core.EntityFramework.Tests.dll" adapterTypeName="executor://mstestadapter/v2" className="Kitpymes.Core.EntityFramework.Tests.EntityFrameworkRepositoryTests" name="CountWhereAsync" />
    </UnitTest>
    <UnitTest name="SubdomainConvert" storage="d:\sferrari\01 - trabajo\repos\netcore\libs\template-netcore-entityframework\kitpymes.core.entityframework.tests\bin\release\net5.0\kitpymes.core.entityframework.tests.dll" id="4275c819-e8fd-4d31-82c9-65b34d82e221">
      <Execution id="8a31ceef-0d01-4939-9206-54460ce3dd9d" />
      <TestMethod codeBase="D:\SFERRARI\01 - TRABAJO\repos\netcore\libs\template-netcore-entityframework\Kitpymes.Core.EntityFramework.Tests\bin\Release\net5.0\Kitpymes.Core.EntityFramework.Tests.dll" adapterTypeName="executor://mstestadapter/v2" className="Kitpymes.Core.EntityFramework.Tests.EntityFrameworkConverterTests" name="SubdomainConvert" />
    </UnitTest>
    <UnitTest name="AnyAsync" storage="d:\sferrari\01 - trabajo\repos\netcore\libs\template-netcore-entityframework\kitpymes.core.entityframework.tests\bin\release\net5.0\kitpymes.core.entityframework.tests.dll" id="93e7e553-42d2-4a95-acf0-53843876ad92">
      <Execution id="0b43d0d0-ee79-4678-bb16-38ab5e17f018" />
      <TestMethod codeBase="D:\SFERRARI\01 - TRABAJO\repos\netcore\libs\template-netcore-entityframework\Kitpymes.Core.EntityFramework.Tests\bin\Release\net5.0\Kitpymes.Core.EntityFramework.Tests.dll" adapterTypeName="executor://mstestadapter/v2" className="Kitpymes.Core.EntityFramework.Tests.EntityFrameworkRepositoryTests" name="AnyAsync" />
    </UnitTest>
    <UnitTest name="GetOneAsyncWhereInclude" storage="d:\sferrari\01 - trabajo\repos\netcore\libs\template-netcore-entityframework\kitpymes.core.entityframework.tests\bin\release\net5.0\kitpymes.core.entityframework.tests.dll" id="73e8aa8a-5016-47ff-ba30-6b90d3627fe0">
      <Execution id="32f2d192-b7e4-441c-9938-3630862671ea" />
      <TestMethod codeBase="D:\SFERRARI\01 - TRABAJO\repos\netcore\libs\template-netcore-entityframework\Kitpymes.Core.EntityFramework.Tests\bin\Release\net5.0\Kitpymes.Core.EntityFramework.Tests.dll" adapterTypeName="executor://mstestadapter/v2" className="Kitpymes.Core.EntityFramework.Tests.EntityFrameworkRepositoryTests" name="GetOneAsyncWhereInclude" />
    </UnitTest>
    <UnitTest name="Delete" storage="d:\sferrari\01 - trabajo\repos\netcore\libs\template-netcore-entityframework\kitpymes.core.entityframework.tests\bin\release\net5.0\kitpymes.core.entityframework.tests.dll" id="6ca1d7de-b3cd-48aa-b1b5-ecd6de58ebc7">
      <Execution id="0d5245ff-bead-4597-9816-ae3321a90199" />
      <TestMethod codeBase="D:\SFERRARI\01 - TRABAJO\repos\netcore\libs\template-netcore-entityframework\Kitpymes.Core.EntityFramework.Tests\bin\Release\net5.0\Kitpymes.Core.EntityFramework.Tests.dll" adapterTypeName="executor://mstestadapter/v2" className="Kitpymes.Core.EntityFramework.Tests.EntityFrameworkRepositoryTests" name="Delete" />
    </UnitTest>
    <UnitTest name="EnumConvertValue" storage="d:\sferrari\01 - trabajo\repos\netcore\libs\template-netcore-entityframework\kitpymes.core.entityframework.tests\bin\release\net5.0\kitpymes.core.entityframework.tests.dll" id="bd64ef47-e403-4604-bc93-333d3d614096">
      <Execution id="bd717f38-775c-4512-8fcb-6849ae6a86fb" />
      <TestMethod codeBase="D:\SFERRARI\01 - TRABAJO\repos\netcore\libs\template-netcore-entityframework\Kitpymes.Core.EntityFramework.Tests\bin\Release\net5.0\Kitpymes.Core.EntityFramework.Tests.dll" adapterTypeName="executor://mstestadapter/v2" className="Kitpymes.Core.EntityFramework.Tests.EntityFrameworkConverterTests" name="EnumConvertValue" />
    </UnitTest>
    <UnitTest name="Count" storage="d:\sferrari\01 - trabajo\repos\netcore\libs\template-netcore-entityframework\kitpymes.core.entityframework.tests\bin\release\net5.0\kitpymes.core.entityframework.tests.dll" id="c084d53f-0a28-428c-938a-c272ca77c418">
      <Execution id="bb339361-0bf1-41d4-a6f9-2cf34f1346e1" />
      <TestMethod codeBase="D:\SFERRARI\01 - TRABAJO\repos\netcore\libs\template-netcore-entityframework\Kitpymes.Core.EntityFramework.Tests\bin\Release\net5.0\Kitpymes.Core.EntityFramework.Tests.dll" adapterTypeName="executor://mstestadapter/v2" className="Kitpymes.Core.EntityFramework.Tests.EntityFrameworkRepositoryTests" name="Count" />
    </UnitTest>
    <UnitTest name="GetPagedAsyncWhereSelect" storage="d:\sferrari\01 - trabajo\repos\netcore\libs\template-netcore-entityframework\kitpymes.core.entityframework.tests\bin\release\net5.0\kitpymes.core.entityframework.tests.dll" id="52d0a651-4e88-4214-bcb9-c720bf5d69fb">
      <Execution id="33a93286-4ac3-45e4-b503-5161fd82526c" />
      <TestMethod codeBase="D:\SFERRARI\01 - TRABAJO\repos\netcore\libs\template-netcore-entityframework\Kitpymes.Core.EntityFramework.Tests\bin\Release\net5.0\Kitpymes.Core.EntityFramework.Tests.dll" adapterTypeName="executor://mstestadapter/v2" className="Kitpymes.Core.EntityFramework.Tests.EntityFrameworkRepositoryTests" name="GetPagedAsyncWhereSelect" />
    </UnitTest>
    <UnitTest name="GetOneAsyncWhere" storage="d:\sferrari\01 - trabajo\repos\netcore\libs\template-netcore-entityframework\kitpymes.core.entityframework.tests\bin\release\net5.0\kitpymes.core.entityframework.tests.dll" id="d743632b-edc6-4457-938a-31b88590c275">
      <Execution id="3975511b-104e-416e-991b-c2e0e40805fc" />
      <TestMethod codeBase="D:\SFERRARI\01 - TRABAJO\repos\netcore\libs\template-netcore-entityframework\Kitpymes.Core.EntityFramework.Tests\bin\Release\net5.0\Kitpymes.Core.EntityFramework.Tests.dll" adapterTypeName="executor://mstestadapter/v2" className="Kitpymes.Core.EntityFramework.Tests.EntityFrameworkRepositoryTests" name="GetOneAsyncWhere" />
    </UnitTest>
    <UnitTest name="GetPagedWhereIncludesSelect" storage="d:\sferrari\01 - trabajo\repos\netcore\libs\template-netcore-entityframework\kitpymes.core.entityframework.tests\bin\release\net5.0\kitpymes.core.entityframework.tests.dll" id="05351e81-db54-4678-b512-6f1cbbf3286f">
      <Execution id="6301b446-515c-4aa7-a38c-46c74a7e07ed" />
      <TestMethod codeBase="D:\SFERRARI\01 - TRABAJO\repos\netcore\libs\template-netcore-entityframework\Kitpymes.Core.EntityFramework.Tests\bin\Release\net5.0\Kitpymes.Core.EntityFramework.Tests.dll" adapterTypeName="executor://mstestadapter/v2" className="Kitpymes.Core.EntityFramework.Tests.EntityFrameworkRepositoryTests" name="GetPagedWhereIncludesSelect" />
    </UnitTest>
    <UnitTest name="GetPagedSelectOrderByProperty" storage="d:\sferrari\01 - trabajo\repos\netcore\libs\template-netcore-entityframework\kitpymes.core.entityframework.tests\bin\release\net5.0\kitpymes.core.entityframework.tests.dll" id="0b88a8bb-0987-4936-bacf-20863123e00e">
      <Execution id="a8c1c01f-5e9a-40f6-aa35-58117e7f54a8" />
      <TestMethod codeBase="D:\SFERRARI\01 - TRABAJO\repos\netcore\libs\template-netcore-entityframework\Kitpymes.Core.EntityFramework.Tests\bin\Release\net5.0\Kitpymes.Core.EntityFramework.Tests.dll" adapterTypeName="executor://mstestadapter/v2" className="Kitpymes.Core.EntityFramework.Tests.EntityFrameworkRepositoryTests" name="GetPagedSelectOrderByProperty" />
    </UnitTest>
    <UnitTest name="GetAllAsyncWhere" storage="d:\sferrari\01 - trabajo\repos\netcore\libs\template-netcore-entityframework\kitpymes.core.entityframework.tests\bin\release\net5.0\kitpymes.core.entityframework.tests.dll" id="e3e94443-148d-4c5c-9b86-435d3018f957">
      <Execution id="5f29b8c4-e536-41d5-b88e-9a7eae64eba3" />
      <TestMethod codeBase="D:\SFERRARI\01 - TRABAJO\repos\netcore\libs\template-netcore-entityframework\Kitpymes.Core.EntityFramework.Tests\bin\Release\net5.0\Kitpymes.Core.EntityFramework.Tests.dll" adapterTypeName="executor://mstestadapter/v2" className="Kitpymes.Core.EntityFramework.Tests.EntityFrameworkRepositoryTests" name="GetAllAsyncWhere" />
    </UnitTest>
    <UnitTest name="GetPaged" storage="d:\sferrari\01 - trabajo\repos\netcore\libs\template-netcore-entityframework\kitpymes.core.entityframework.tests\bin\release\net5.0\kitpymes.core.entityframework.tests.dll" id="7a09e092-1f3c-49f2-8c5a-aafd6658564d">
      <Execution id="64821865-aee8-4089-82d5-fd0050f527dd" />
      <TestMethod codeBase="D:\SFERRARI\01 - TRABAJO\repos\netcore\libs\template-netcore-entityframework\Kitpymes.Core.EntityFramework.Tests\bin\Release\net5.0\Kitpymes.Core.EntityFramework.Tests.dll" adapterTypeName="executor://mstestadapter/v2" className="Kitpymes.Core.EntityFramework.Tests.EntityFrameworkRepositoryTests" name="GetPaged" />
    </UnitTest>
    <UnitTest name="QueryableOrderByDescending" storage="d:\sferrari\01 - trabajo\repos\netcore\libs\template-netcore-entityframework\kitpymes.core.entityframework.tests\bin\release\net5.0\kitpymes.core.entityframework.tests.dll" id="83a58ed3-ed40-4c04-84c0-0b32ae4f9d31">
      <Execution id="88a41ddd-7462-42e8-b2a5-16bbeb6afa8b" />
      <TestMethod codeBase="D:\SFERRARI\01 - TRABAJO\repos\netcore\libs\template-netcore-entityframework\Kitpymes.Core.EntityFramework.Tests\bin\Release\net5.0\Kitpymes.Core.EntityFramework.Tests.dll" adapterTypeName="executor://mstestadapter/v2" className="Kitpymes.Core.EntityFramework.Tests.EntityFrameworkRepositoryTests" name="QueryableOrderByDescending" />
    </UnitTest>
    <UnitTest name="UpdateValueObject" storage="d:\sferrari\01 - trabajo\repos\netcore\libs\template-netcore-entityframework\kitpymes.core.entityframework.tests\bin\release\net5.0\kitpymes.core.entityframework.tests.dll" id="e5b8363a-a634-42ee-bf22-05f001a399fa">
      <Execution id="6a95565e-5c61-4f70-b14c-aa5456dc6b1e" />
      <TestMethod codeBase="D:\SFERRARI\01 - TRABAJO\repos\netcore\libs\template-netcore-entityframework\Kitpymes.Core.EntityFramework.Tests\bin\Release\net5.0\Kitpymes.Core.EntityFramework.Tests.dll" adapterTypeName="executor://mstestadapter/v2" className="Kitpymes.Core.EntityFramework.Tests.EntityFrameworkRepositoryTests" name="UpdateValueObject" />
    </UnitTest>
    <UnitTest name="GetAllWhere" storage="d:\sferrari\01 - trabajo\repos\netcore\libs\template-netcore-entityframework\kitpymes.core.entityframework.tests\bin\release\net5.0\kitpymes.core.entityframework.tests.dll" id="3c1412d4-e458-495a-8466-f45dd16a3bb7">
      <Execution id="c622dc29-01ed-4717-8ab5-9411359b6ee0" />
      <TestMethod codeBase="D:\SFERRARI\01 - TRABAJO\repos\netcore\libs\template-netcore-entityframework\Kitpymes.Core.EntityFramework.Tests\bin\Release\net5.0\Kitpymes.Core.EntityFramework.Tests.dll" adapterTypeName="executor://mstestadapter/v2" className="Kitpymes.Core.EntityFramework.Tests.EntityFrameworkRepositoryTests" name="GetAllWhere" />
    </UnitTest>
    <UnitTest name="UpdateSelect" storage="d:\sferrari\01 - trabajo\repos\netcore\libs\template-netcore-entityframework\kitpymes.core.entityframework.tests\bin\release\net5.0\kitpymes.core.entityframework.tests.dll" id="ecd44a47-28d4-4c7d-b19d-aefe030103e2">
      <Execution id="732d7069-3776-4134-bb13-7b2be1400c80" />
      <TestMethod codeBase="D:\SFERRARI\01 - TRABAJO\repos\netcore\libs\template-netcore-entityframework\Kitpymes.Core.EntityFramework.Tests\bin\Release\net5.0\Kitpymes.Core.EntityFramework.Tests.dll" adapterTypeName="executor://mstestadapter/v2" className="Kitpymes.Core.EntityFramework.Tests.EntityFrameworkRepositoryTests" name="UpdateSelect" />
    </UnitTest>
    <UnitTest name="GetAllWhereIncludesSelect" storage="d:\sferrari\01 - trabajo\repos\netcore\libs\template-netcore-entityframework\kitpymes.core.entityframework.tests\bin\release\net5.0\kitpymes.core.entityframework.tests.dll" id="3ed4d5ff-d651-42f5-92bd-68a9bc0a48ad">
      <Execution id="1fdf49b9-1cc9-43a3-a7af-7e31482ed94b" />
      <TestMethod codeBase="D:\SFERRARI\01 - TRABAJO\repos\netcore\libs\template-netcore-entityframework\Kitpymes.Core.EntityFramework.Tests\bin\Release\net5.0\Kitpymes.Core.EntityFramework.Tests.dll" adapterTypeName="executor://mstestadapter/v2" className="Kitpymes.Core.EntityFramework.Tests.EntityFrameworkRepositoryTests" name="GetAllWhereIncludesSelect" />
    </UnitTest>
    <UnitTest name="GetOnetWhereSelect" storage="d:\sferrari\01 - trabajo\repos\netcore\libs\template-netcore-entityframework\kitpymes.core.entityframework.tests\bin\release\net5.0\kitpymes.core.entityframework.tests.dll" id="d3a76da2-2dc9-41eb-96f2-b610db7f8fc6">
      <Execution id="ecd93e99-9e56-4d44-85bc-5e874cdbdba4" />
      <TestMethod codeBase="D:\SFERRARI\01 - TRABAJO\repos\netcore\libs\template-netcore-entityframework\Kitpymes.Core.EntityFramework.Tests\bin\Release\net5.0\Kitpymes.Core.EntityFramework.Tests.dll" adapterTypeName="executor://mstestadapter/v2" className="Kitpymes.Core.EntityFramework.Tests.EntityFrameworkRepositoryTests" name="GetOnetWhereSelect" />
    </UnitTest>
    <UnitTest name="CountAsync" storage="d:\sferrari\01 - trabajo\repos\netcore\libs\template-netcore-entityframework\kitpymes.core.entityframework.tests\bin\release\net5.0\kitpymes.core.entityframework.tests.dll" id="7ccca9fe-932c-4d0e-872b-5369ddbcd4c1">
      <Execution id="9aee14ae-640c-4599-9706-addbf6285d3d" />
      <TestMethod codeBase="D:\SFERRARI\01 - TRABAJO\repos\netcore\libs\template-netcore-entityframework\Kitpymes.Core.EntityFramework.Tests\bin\Release\net5.0\Kitpymes.Core.EntityFramework.Tests.dll" adapterTypeName="executor://mstestadapter/v2" className="Kitpymes.Core.EntityFramework.Tests.EntityFrameworkRepositoryTests" name="CountAsync" />
    </UnitTest>
    <UnitTest name="NameConvert" storage="d:\sferrari\01 - trabajo\repos\netcore\libs\template-netcore-entityframework\kitpymes.core.entityframework.tests\bin\release\net5.0\kitpymes.core.entityframework.tests.dll" id="07f99133-cdb9-4046-95f7-0e2feeb31efa">
      <Execution id="bde1ca09-5cb7-418a-a9e2-cdfdf92bd8b3" />
      <TestMethod codeBase="D:\SFERRARI\01 - TRABAJO\repos\netcore\libs\template-netcore-entityframework\Kitpymes.Core.EntityFramework.Tests\bin\Release\net5.0\Kitpymes.Core.EntityFramework.Tests.dll" adapterTypeName="executor://mstestadapter/v2" className="Kitpymes.Core.EntityFramework.Tests.EntityFrameworkConverterTests" name="NameConvert" />
    </UnitTest>
    <UnitTest name="GetPagedWhereIncludes" storage="d:\sferrari\01 - trabajo\repos\netcore\libs\template-netcore-entityframework\kitpymes.core.entityframework.tests\bin\release\net5.0\kitpymes.core.entityframework.tests.dll" id="71639c35-5ab6-4036-a9de-9f34350dbf16">
      <Execution id="7b19412d-1671-4b22-824d-3325319f074e" />
      <TestMethod codeBase="D:\SFERRARI\01 - TRABAJO\repos\netcore\libs\template-netcore-entityframework\Kitpymes.Core.EntityFramework.Tests\bin\Release\net5.0\Kitpymes.Core.EntityFramework.Tests.dll" adapterTypeName="executor://mstestadapter/v2" className="Kitpymes.Core.EntityFramework.Tests.EntityFrameworkRepositoryTests" name="GetPagedWhereIncludes" />
    </UnitTest>
    <UnitTest name="EmailConvert" storage="d:\sferrari\01 - trabajo\repos\netcore\libs\template-netcore-entityframework\kitpymes.core.entityframework.tests\bin\release\net5.0\kitpymes.core.entityframework.tests.dll" id="f21abbd8-0ab8-4c94-9113-ad71ad8c8594">
      <Execution id="723d2a38-0553-48e3-8c5f-c11c898c410a" />
      <TestMethod codeBase="D:\SFERRARI\01 - TRABAJO\repos\netcore\libs\template-netcore-entityframework\Kitpymes.Core.EntityFramework.Tests\bin\Release\net5.0\Kitpymes.Core.EntityFramework.Tests.dll" adapterTypeName="executor://mstestadapter/v2" className="Kitpymes.Core.EntityFramework.Tests.EntityFrameworkConverterTests" name="EmailConvert" />
    </UnitTest>
    <UnitTest name="GetAllAsyncWhereIncludes" storage="d:\sferrari\01 - trabajo\repos\netcore\libs\template-netcore-entityframework\kitpymes.core.entityframework.tests\bin\release\net5.0\kitpymes.core.entityframework.tests.dll" id="41260bdc-4e20-4a88-bc96-7148b98643bc">
      <Execution id="76d2fcfd-449e-4267-9aee-48616181a071" />
      <TestMethod codeBase="D:\SFERRARI\01 - TRABAJO\repos\netcore\libs\template-netcore-entityframework\Kitpymes.Core.EntityFramework.Tests\bin\Release\net5.0\Kitpymes.Core.EntityFramework.Tests.dll" adapterTypeName="executor://mstestadapter/v2" className="Kitpymes.Core.EntityFramework.Tests.EntityFrameworkRepositoryTests" name="GetAllAsyncWhereIncludes" />
    </UnitTest>
    <UnitTest name="GetAllWhereSelect" storage="d:\sferrari\01 - trabajo\repos\netcore\libs\template-netcore-entityframework\kitpymes.core.entityframework.tests\bin\release\net5.0\kitpymes.core.entityframework.tests.dll" id="eebf8dcc-d250-4e19-8809-d0c6bd559507">
      <Execution id="ad93696b-8819-419d-a1b5-4860627042c3" />
      <TestMethod codeBase="D:\SFERRARI\01 - TRABAJO\repos\netcore\libs\template-netcore-entityframework\Kitpymes.Core.EntityFramework.Tests\bin\Release\net5.0\Kitpymes.Core.EntityFramework.Tests.dll" adapterTypeName="executor://mstestadapter/v2" className="Kitpymes.Core.EntityFramework.Tests.EntityFrameworkRepositoryTests" name="GetAllWhereSelect" />
    </UnitTest>
    <UnitTest name="UpdatePartial" storage="d:\sferrari\01 - trabajo\repos\netcore\libs\template-netcore-entityframework\kitpymes.core.entityframework.tests\bin\release\net5.0\kitpymes.core.entityframework.tests.dll" id="4caa8699-ab02-4913-88ec-8064d637403a">
      <Execution id="7517371f-271a-42f4-bd1a-356bdcbb0583" />
      <TestMethod codeBase="D:\SFERRARI\01 - TRABAJO\repos\netcore\libs\template-netcore-entityframework\Kitpymes.Core.EntityFramework.Tests\bin\Release\net5.0\Kitpymes.Core.EntityFramework.Tests.dll" adapterTypeName="executor://mstestadapter/v2" className="Kitpymes.Core.EntityFramework.Tests.EntityFrameworkRepositoryTests" name="UpdatePartial" />
    </UnitTest>
    <UnitTest name="Update" storage="d:\sferrari\01 - trabajo\repos\netcore\libs\template-netcore-entityframework\kitpymes.core.entityframework.tests\bin\release\net5.0\kitpymes.core.entityframework.tests.dll" id="fe37f524-6fb3-4e52-aabe-bedc5294fa7e">
      <Execution id="27a08f0a-a3a9-4be7-90e4-8214c166fef3" />
      <TestMethod codeBase="D:\SFERRARI\01 - TRABAJO\repos\netcore\libs\template-netcore-entityframework\Kitpymes.Core.EntityFramework.Tests\bin\Release\net5.0\Kitpymes.Core.EntityFramework.Tests.dll" adapterTypeName="executor://mstestadapter/v2" className="Kitpymes.Core.EntityFramework.Tests.EntityFrameworkRepositoryTests" name="Update" />
    </UnitTest>
    <UnitTest name="GetPagedAsync" storage="d:\sferrari\01 - trabajo\repos\netcore\libs\template-netcore-entityframework\kitpymes.core.entityframework.tests\bin\release\net5.0\kitpymes.core.entityframework.tests.dll" id="fa3053de-08a0-4304-b830-623a44f118c8">
      <Execution id="2f834bab-6d8f-4d63-b632-b4b8b0092f71" />
      <TestMethod codeBase="D:\SFERRARI\01 - TRABAJO\repos\netcore\libs\template-netcore-entityframework\Kitpymes.Core.EntityFramework.Tests\bin\Release\net5.0\Kitpymes.Core.EntityFramework.Tests.dll" adapterTypeName="executor://mstestadapter/v2" className="Kitpymes.Core.EntityFramework.Tests.EntityFrameworkRepositoryTests" name="GetPagedAsync" />
    </UnitTest>
    <UnitTest name="GetPagedWhere" storage="d:\sferrari\01 - trabajo\repos\netcore\libs\template-netcore-entityframework\kitpymes.core.entityframework.tests\bin\release\net5.0\kitpymes.core.entityframework.tests.dll" id="ad09a0b3-b574-4a1e-a44e-4d6e685d9f98">
      <Execution id="07b46346-2432-4c21-a03d-1e40a5c8a58d" />
      <TestMethod codeBase="D:\SFERRARI\01 - TRABAJO\repos\netcore\libs\template-netcore-entityframework\Kitpymes.Core.EntityFramework.Tests\bin\Release\net5.0\Kitpymes.Core.EntityFramework.Tests.dll" adapterTypeName="executor://mstestadapter/v2" className="Kitpymes.Core.EntityFramework.Tests.EntityFrameworkRepositoryTests" name="GetPagedWhere" />
    </UnitTest>
    <UnitTest name="GetAllAsyncWhereIncludesSelect" storage="d:\sferrari\01 - trabajo\repos\netcore\libs\template-netcore-entityframework\kitpymes.core.entityframework.tests\bin\release\net5.0\kitpymes.core.entityframework.tests.dll" id="f44fe594-73b8-4168-83ef-41776c2edca8">
      <Execution id="aa200eed-3bac-4f8b-af22-6af48ac5e172" />
      <TestMethod codeBase="D:\SFERRARI\01 - TRABAJO\repos\netcore\libs\template-netcore-entityframework\Kitpymes.Core.EntityFramework.Tests\bin\Release\net5.0\Kitpymes.Core.EntityFramework.Tests.dll" adapterTypeName="executor://mstestadapter/v2" className="Kitpymes.Core.EntityFramework.Tests.EntityFrameworkRepositoryTests" name="GetAllAsyncWhereIncludesSelect" />
    </UnitTest>
    <UnitTest name="AddRangeAsync" storage="d:\sferrari\01 - trabajo\repos\netcore\libs\template-netcore-entityframework\kitpymes.core.entityframework.tests\bin\release\net5.0\kitpymes.core.entityframework.tests.dll" id="6945d2e9-1c7a-4135-9936-d6e48d77cddd">
      <Execution id="c2caba85-17f0-40e4-bf77-20016307f7b2" />
      <TestMethod codeBase="D:\SFERRARI\01 - TRABAJO\repos\netcore\libs\template-netcore-entityframework\Kitpymes.Core.EntityFramework.Tests\bin\Release\net5.0\Kitpymes.Core.EntityFramework.Tests.dll" adapterTypeName="executor://mstestadapter/v2" className="Kitpymes.Core.EntityFramework.Tests.EntityFrameworkRepositoryTests" name="AddRangeAsync" />
    </UnitTest>
    <UnitTest name="GetOneWhereInclude" storage="d:\sferrari\01 - trabajo\repos\netcore\libs\template-netcore-entityframework\kitpymes.core.entityframework.tests\bin\release\net5.0\kitpymes.core.entityframework.tests.dll" id="157cc996-2f5b-495c-b7a2-4f2fbfd5c576">
      <Execution id="fd5f0150-8a5e-48a1-829e-385a51d28765" />
      <TestMethod codeBase="D:\SFERRARI\01 - TRABAJO\repos\netcore\libs\template-netcore-entityframework\Kitpymes.Core.EntityFramework.Tests\bin\Release\net5.0\Kitpymes.Core.EntityFramework.Tests.dll" adapterTypeName="executor://mstestadapter/v2" className="Kitpymes.Core.EntityFramework.Tests.EntityFrameworkRepositoryTests" name="GetOneWhereInclude" />
    </UnitTest>
    <UnitTest name="DeleteAsynchronous" storage="d:\sferrari\01 - trabajo\repos\netcore\libs\template-netcore-entityframework\kitpymes.core.entityframework.tests\bin\release\net5.0\kitpymes.core.entityframework.tests.dll" id="5d74133e-a9e5-41b8-a241-28d74c67700b">
      <Execution id="0de1b309-0f01-4800-95c7-d025dd4873e3" />
      <TestMethod codeBase="D:\SFERRARI\01 - TRABAJO\repos\netcore\libs\template-netcore-entityframework\Kitpymes.Core.EntityFramework.Tests\bin\Release\net5.0\Kitpymes.Core.EntityFramework.Tests.dll" adapterTypeName="executor://mstestadapter/v2" className="Kitpymes.Core.EntityFramework.Tests.EntityFrameworkRepositoryTests" name="DeleteAsynchronous" />
    </UnitTest>
    <UnitTest name="GetPagedAsyncWhereIncludes" storage="d:\sferrari\01 - trabajo\repos\netcore\libs\template-netcore-entityframework\kitpymes.core.entityframework.tests\bin\release\net5.0\kitpymes.core.entityframework.tests.dll" id="a61b5d88-c559-4fcc-8bfa-140825e0ee7b">
      <Execution id="5413ffb0-5351-43a2-a7ce-78687445cf12" />
      <TestMethod codeBase="D:\SFERRARI\01 - TRABAJO\repos\netcore\libs\template-netcore-entityframework\Kitpymes.Core.EntityFramework.Tests\bin\Release\net5.0\Kitpymes.Core.EntityFramework.Tests.dll" adapterTypeName="executor://mstestadapter/v2" className="Kitpymes.Core.EntityFramework.Tests.EntityFrameworkRepositoryTests" name="GetPagedAsyncWhereIncludes" />
    </UnitTest>
    <UnitTest name="GetOnetWhereIncludesSelect" storage="d:\sferrari\01 - trabajo\repos\netcore\libs\template-netcore-entityframework\kitpymes.core.entityframework.tests\bin\release\net5.0\kitpymes.core.entityframework.tests.dll" id="fcbe590f-238c-4c13-8676-d850e4da3c6a">
      <Execution id="a01f0dcc-51e1-4781-b076-55cc826e98a3" />
      <TestMethod codeBase="D:\SFERRARI\01 - TRABAJO\repos\netcore\libs\template-netcore-entityframework\Kitpymes.Core.EntityFramework.Tests\bin\Release\net5.0\Kitpymes.Core.EntityFramework.Tests.dll" adapterTypeName="executor://mstestadapter/v2" className="Kitpymes.Core.EntityFramework.Tests.EntityFrameworkRepositoryTests" name="GetOnetWhereIncludesSelect" />
    </UnitTest>
    <UnitTest name="GetAllAsyncWhereSelect" storage="d:\sferrari\01 - trabajo\repos\netcore\libs\template-netcore-entityframework\kitpymes.core.entityframework.tests\bin\release\net5.0\kitpymes.core.entityframework.tests.dll" id="14e961f2-dbfa-4041-abdc-47d7b6d2cd44">
      <Execution id="b9e22bff-6023-466b-a91c-e0f610c81f4f" />
      <TestMethod codeBase="D:\SFERRARI\01 - TRABAJO\repos\netcore\libs\template-netcore-entityframework\Kitpymes.Core.EntityFramework.Tests\bin\Release\net5.0\Kitpymes.Core.EntityFramework.Tests.dll" adapterTypeName="executor://mstestadapter/v2" className="Kitpymes.Core.EntityFramework.Tests.EntityFrameworkRepositoryTests" name="GetAllAsyncWhereSelect" />
    </UnitTest>
    <UnitTest name="GetAll" storage="d:\sferrari\01 - trabajo\repos\netcore\libs\template-netcore-entityframework\kitpymes.core.entityframework.tests\bin\release\net5.0\kitpymes.core.entityframework.tests.dll" id="690f1c96-0062-4db1-b23e-a4ed6012e90a">
      <Execution id="25f9737b-dfa8-4c19-bfae-e58161b11914" />
      <TestMethod codeBase="D:\SFERRARI\01 - TRABAJO\repos\netcore\libs\template-netcore-entityframework\Kitpymes.Core.EntityFramework.Tests\bin\Release\net5.0\Kitpymes.Core.EntityFramework.Tests.dll" adapterTypeName="executor://mstestadapter/v2" className="Kitpymes.Core.EntityFramework.Tests.EntityFrameworkRepositoryTests" name="GetAll" />
    </UnitTest>
    <UnitTest name="GetAllWhereIncludes" storage="d:\sferrari\01 - trabajo\repos\netcore\libs\template-netcore-entityframework\kitpymes.core.entityframework.tests\bin\release\net5.0\kitpymes.core.entityframework.tests.dll" id="ad24236e-740e-442e-95f5-4976e0b98aaf">
      <Execution id="92472a54-f42d-47bc-816f-6707ef9c2ea5" />
      <TestMethod codeBase="D:\SFERRARI\01 - TRABAJO\repos\netcore\libs\template-netcore-entityframework\Kitpymes.Core.EntityFramework.Tests\bin\Release\net5.0\Kitpymes.Core.EntityFramework.Tests.dll" adapterTypeName="executor://mstestadapter/v2" className="Kitpymes.Core.EntityFramework.Tests.EntityFrameworkRepositoryTests" name="GetAllWhereIncludes" />
    </UnitTest>
    <UnitTest name="GetAllAsync" storage="d:\sferrari\01 - trabajo\repos\netcore\libs\template-netcore-entityframework\kitpymes.core.entityframework.tests\bin\release\net5.0\kitpymes.core.entityframework.tests.dll" id="81155a30-286f-427e-addc-2bde33a021dd">
      <Execution id="e2f72e40-376a-4d50-ad43-12d0edc1fb6a" />
      <TestMethod codeBase="D:\SFERRARI\01 - TRABAJO\repos\netcore\libs\template-netcore-entityframework\Kitpymes.Core.EntityFramework.Tests\bin\Release\net5.0\Kitpymes.Core.EntityFramework.Tests.dll" adapterTypeName="executor://mstestadapter/v2" className="Kitpymes.Core.EntityFramework.Tests.EntityFrameworkRepositoryTests" name="GetAllAsync" />
    </UnitTest>
    <UnitTest name="EnumConvertName" storage="d:\sferrari\01 - trabajo\repos\netcore\libs\template-netcore-entityframework\kitpymes.core.entityframework.tests\bin\release\net5.0\kitpymes.core.entityframework.tests.dll" id="05538bb9-bf36-4f4a-83da-b87b59389bb3">
      <Execution id="afcdf953-7f0b-4bd1-a91b-98309b7b3a4e" />
      <TestMethod codeBase="D:\SFERRARI\01 - TRABAJO\repos\netcore\libs\template-netcore-entityframework\Kitpymes.Core.EntityFramework.Tests\bin\Release\net5.0\Kitpymes.Core.EntityFramework.Tests.dll" adapterTypeName="executor://mstestadapter/v2" className="Kitpymes.Core.EntityFramework.Tests.EntityFrameworkConverterTests" name="EnumConvertName" />
    </UnitTest>
    <UnitTest name="StatusActiveConvert" storage="d:\sferrari\01 - trabajo\repos\netcore\libs\template-netcore-entityframework\kitpymes.core.entityframework.tests\bin\release\net5.0\kitpymes.core.entityframework.tests.dll" id="6491c46a-62f2-4589-be67-8a863aa45d04">
      <Execution id="81c66300-a22f-4cf4-a31a-3d95205b5d63" />
      <TestMethod codeBase="D:\SFERRARI\01 - TRABAJO\repos\netcore\libs\template-netcore-entityframework\Kitpymes.Core.EntityFramework.Tests\bin\Release\net5.0\Kitpymes.Core.EntityFramework.Tests.dll" adapterTypeName="executor://mstestadapter/v2" className="Kitpymes.Core.EntityFramework.Tests.EntityFrameworkConverterTests" name="StatusActiveConvert" />
    </UnitTest>
    <UnitTest name="GetOneWhere" storage="d:\sferrari\01 - trabajo\repos\netcore\libs\template-netcore-entityframework\kitpymes.core.entityframework.tests\bin\release\net5.0\kitpymes.core.entityframework.tests.dll" id="35131c0b-7e95-4548-90c2-6063e311b7d2">
      <Execution id="27e1145d-3313-4818-9cbb-1849a3ab22f7" />
      <TestMethod codeBase="D:\SFERRARI\01 - TRABAJO\repos\netcore\libs\template-netcore-entityframework\Kitpymes.Core.EntityFramework.Tests\bin\Release\net5.0\Kitpymes.Core.EntityFramework.Tests.dll" adapterTypeName="executor://mstestadapter/v2" className="Kitpymes.Core.EntityFramework.Tests.EntityFrameworkRepositoryTests" name="GetOneWhere" />
    </UnitTest>
    <UnitTest name="GetOneAsyncWhereIncludesSelect" storage="d:\sferrari\01 - trabajo\repos\netcore\libs\template-netcore-entityframework\kitpymes.core.entityframework.tests\bin\release\net5.0\kitpymes.core.entityframework.tests.dll" id="c90b2c9f-c280-47db-96d0-16060e996df8">
      <Execution id="493dda57-3c63-40c7-8b1c-63ec8b3804da" />
      <TestMethod codeBase="D:\SFERRARI\01 - TRABAJO\repos\netcore\libs\template-netcore-entityframework\Kitpymes.Core.EntityFramework.Tests\bin\Release\net5.0\Kitpymes.Core.EntityFramework.Tests.dll" adapterTypeName="executor://mstestadapter/v2" className="Kitpymes.Core.EntityFramework.Tests.EntityFrameworkRepositoryTests" name="GetOneAsyncWhereIncludesSelect" />
    </UnitTest>
    <UnitTest name="CountWhere" storage="d:\sferrari\01 - trabajo\repos\netcore\libs\template-netcore-entityframework\kitpymes.core.entityframework.tests\bin\release\net5.0\kitpymes.core.entityframework.tests.dll" id="2313502e-feb6-4d84-87f9-6daaa47202bb">
      <Execution id="1e75b049-eb43-4afc-a229-d565d2b459f9" />
      <TestMethod codeBase="D:\SFERRARI\01 - TRABAJO\repos\netcore\libs\template-netcore-entityframework\Kitpymes.Core.EntityFramework.Tests\bin\Release\net5.0\Kitpymes.Core.EntityFramework.Tests.dll" adapterTypeName="executor://mstestadapter/v2" className="Kitpymes.Core.EntityFramework.Tests.EntityFrameworkRepositoryTests" name="CountWhere" />
    </UnitTest>
    <UnitTest name="GetPagedSelectOrderByNavigationProperty" storage="d:\sferrari\01 - trabajo\repos\netcore\libs\template-netcore-entityframework\kitpymes.core.entityframework.tests\bin\release\net5.0\kitpymes.core.entityframework.tests.dll" id="4dddf3a4-f895-4210-b4db-d7fe118568eb">
      <Execution id="2c60377f-58ec-4317-81b5-0b3f76963c90" />
      <TestMethod codeBase="D:\SFERRARI\01 - TRABAJO\repos\netcore\libs\template-netcore-entityframework\Kitpymes.Core.EntityFramework.Tests\bin\Release\net5.0\Kitpymes.Core.EntityFramework.Tests.dll" adapterTypeName="executor://mstestadapter/v2" className="Kitpymes.Core.EntityFramework.Tests.EntityFrameworkRepositoryTests" name="GetPagedSelectOrderByNavigationProperty" />
    </UnitTest>
    <UnitTest name="AnyWhere" storage="d:\sferrari\01 - trabajo\repos\netcore\libs\template-netcore-entityframework\kitpymes.core.entityframework.tests\bin\release\net5.0\kitpymes.core.entityframework.tests.dll" id="26d30453-29cf-4ea5-8960-193451f538af">
      <Execution id="520fd8d5-673e-419a-b401-b563012a4e62" />
      <TestMethod codeBase="D:\SFERRARI\01 - TRABAJO\repos\netcore\libs\template-netcore-entityframework\Kitpymes.Core.EntityFramework.Tests\bin\Release\net5.0\Kitpymes.Core.EntityFramework.Tests.dll" adapterTypeName="executor://mstestadapter/v2" className="Kitpymes.Core.EntityFramework.Tests.EntityFrameworkRepositoryTests" name="AnyWhere" />
    </UnitTest>
    <UnitTest name="DeleteWhere" storage="d:\sferrari\01 - trabajo\repos\netcore\libs\template-netcore-entityframework\kitpymes.core.entityframework.tests\bin\release\net5.0\kitpymes.core.entityframework.tests.dll" id="87a94efe-e4ce-480e-bc7e-ebf283f5182c">
      <Execution id="6c93d0d5-f7bd-46eb-bdc4-a270be430b3a" />
      <TestMethod codeBase="D:\SFERRARI\01 - TRABAJO\repos\netcore\libs\template-netcore-entityframework\Kitpymes.Core.EntityFramework.Tests\bin\Release\net5.0\Kitpymes.Core.EntityFramework.Tests.dll" adapterTypeName="executor://mstestadapter/v2" className="Kitpymes.Core.EntityFramework.Tests.EntityFrameworkRepositoryTests" name="DeleteWhere" />
    </UnitTest>
    <UnitTest name="GetOneAsyncWhereSelect" storage="d:\sferrari\01 - trabajo\repos\netcore\libs\template-netcore-entityframework\kitpymes.core.entityframework.tests\bin\release\net5.0\kitpymes.core.entityframework.tests.dll" id="2e282760-5639-4fc8-83bd-2b135be7aca8">
      <Execution id="86cf8e81-ebf9-4b69-af31-ec78c4cda39d" />
      <TestMethod codeBase="D:\SFERRARI\01 - TRABAJO\repos\netcore\libs\template-netcore-entityframework\Kitpymes.Core.EntityFramework.Tests\bin\Release\net5.0\Kitpymes.Core.EntityFramework.Tests.dll" adapterTypeName="executor://mstestadapter/v2" className="Kitpymes.Core.EntityFramework.Tests.EntityFrameworkRepositoryTests" name="GetOneAsyncWhereSelect" />
    </UnitTest>
    <UnitTest name="Add" storage="d:\sferrari\01 - trabajo\repos\netcore\libs\template-netcore-entityframework\kitpymes.core.entityframework.tests\bin\release\net5.0\kitpymes.core.entityframework.tests.dll" id="1365e0e6-591a-440b-bc56-4c43c55393b3">
      <Execution id="96f9f04f-5eb0-4ccf-95f6-6b73dac58015" />
      <TestMethod codeBase="D:\SFERRARI\01 - TRABAJO\repos\netcore\libs\template-netcore-entityframework\Kitpymes.Core.EntityFramework.Tests\bin\Release\net5.0\Kitpymes.Core.EntityFramework.Tests.dll" adapterTypeName="executor://mstestadapter/v2" className="Kitpymes.Core.EntityFramework.Tests.EntityFrameworkRepositoryTests" name="Add" />
    </UnitTest>
    <UnitTest name="FindAsync" storage="d:\sferrari\01 - trabajo\repos\netcore\libs\template-netcore-entityframework\kitpymes.core.entityframework.tests\bin\release\net5.0\kitpymes.core.entityframework.tests.dll" id="a1dee490-2fc5-45de-96e5-3a58a78f347d">
      <Execution id="8b39aa57-df06-41ed-8123-c7b6b672dd30" />
      <TestMethod codeBase="D:\SFERRARI\01 - TRABAJO\repos\netcore\libs\template-netcore-entityframework\Kitpymes.Core.EntityFramework.Tests\bin\Release\net5.0\Kitpymes.Core.EntityFramework.Tests.dll" adapterTypeName="executor://mstestadapter/v2" className="Kitpymes.Core.EntityFramework.Tests.EntityFrameworkRepositoryTests" name="FindAsync" />
    </UnitTest>
    <UnitTest name="GetPagedAsyncWhere" storage="d:\sferrari\01 - trabajo\repos\netcore\libs\template-netcore-entityframework\kitpymes.core.entityframework.tests\bin\release\net5.0\kitpymes.core.entityframework.tests.dll" id="bd54e22d-34fd-4147-b56c-e0e7ad103af9">
      <Execution id="fdb83042-293b-415c-9d3b-82fcf7c1a898" />
      <TestMethod codeBase="D:\SFERRARI\01 - TRABAJO\repos\netcore\libs\template-netcore-entityframework\Kitpymes.Core.EntityFramework.Tests\bin\Release\net5.0\Kitpymes.Core.EntityFramework.Tests.dll" adapterTypeName="executor://mstestadapter/v2" className="Kitpymes.Core.EntityFramework.Tests.EntityFrameworkRepositoryTests" name="GetPagedAsyncWhere" />
    </UnitTest>
    <UnitTest name="AddRange" storage="d:\sferrari\01 - trabajo\repos\netcore\libs\template-netcore-entityframework\kitpymes.core.entityframework.tests\bin\release\net5.0\kitpymes.core.entityframework.tests.dll" id="05c3bd00-5c64-4dce-8ae4-c4afacda2ac9">
      <Execution id="cab812e3-58fc-46b4-bcd9-1fce236325f8" />
      <TestMethod codeBase="D:\SFERRARI\01 - TRABAJO\repos\netcore\libs\template-netcore-entityframework\Kitpymes.Core.EntityFramework.Tests\bin\Release\net5.0\Kitpymes.Core.EntityFramework.Tests.dll" adapterTypeName="executor://mstestadapter/v2" className="Kitpymes.Core.EntityFramework.Tests.EntityFrameworkRepositoryTests" name="AddRange" />
    </UnitTest>
    <UnitTest name="GetPagedWhereSelect" storage="d:\sferrari\01 - trabajo\repos\netcore\libs\template-netcore-entityframework\kitpymes.core.entityframework.tests\bin\release\net5.0\kitpymes.core.entityframework.tests.dll" id="0ebd2b04-5dd5-4483-978c-3b22f27bf356">
      <Execution id="0e740df0-e8c0-4afe-9855-2f8201c1fbda" />
      <TestMethod codeBase="D:\SFERRARI\01 - TRABAJO\repos\netcore\libs\template-netcore-entityframework\Kitpymes.Core.EntityFramework.Tests\bin\Release\net5.0\Kitpymes.Core.EntityFramework.Tests.dll" adapterTypeName="executor://mstestadapter/v2" className="Kitpymes.Core.EntityFramework.Tests.EntityFrameworkRepositoryTests" name="GetPagedWhereSelect" />
    </UnitTest>
    <UnitTest name="UpdateAsynchronous" storage="d:\sferrari\01 - trabajo\repos\netcore\libs\template-netcore-entityframework\kitpymes.core.entityframework.tests\bin\release\net5.0\kitpymes.core.entityframework.tests.dll" id="cc995b26-f582-4805-8173-b8d424800972">
      <Execution id="427e380c-3c7a-43bc-b5d4-bf2ae186ebfc" />
      <TestMethod codeBase="D:\SFERRARI\01 - TRABAJO\repos\netcore\libs\template-netcore-entityframework\Kitpymes.Core.EntityFramework.Tests\bin\Release\net5.0\Kitpymes.Core.EntityFramework.Tests.dll" adapterTypeName="executor://mstestadapter/v2" className="Kitpymes.Core.EntityFramework.Tests.EntityFrameworkRepositoryTests" name="UpdateAsynchronous" />
    </UnitTest>
    <UnitTest name="GetPagedAsyncWhereIncludesSelect" storage="d:\sferrari\01 - trabajo\repos\netcore\libs\template-netcore-entityframework\kitpymes.core.entityframework.tests\bin\release\net5.0\kitpymes.core.entityframework.tests.dll" id="407faf10-aef4-4d2d-8dfc-be664fb4dd68">
      <Execution id="712c4072-acc5-443b-874a-dac8cef81e48" />
      <TestMethod codeBase="D:\SFERRARI\01 - TRABAJO\repos\netcore\libs\template-netcore-entityframework\Kitpymes.Core.EntityFramework.Tests\bin\Release\net5.0\Kitpymes.Core.EntityFramework.Tests.dll" adapterTypeName="executor://mstestadapter/v2" className="Kitpymes.Core.EntityFramework.Tests.EntityFrameworkRepositoryTests" name="GetPagedAsyncWhereIncludesSelect" />
    </UnitTest>
    <UnitTest name="AnyWhereAsync" storage="d:\sferrari\01 - trabajo\repos\netcore\libs\template-netcore-entityframework\kitpymes.core.entityframework.tests\bin\release\net5.0\kitpymes.core.entityframework.tests.dll" id="f67c51e0-aa0b-4526-bfc9-de69de5df51c">
      <Execution id="9a5969f8-dfa2-4956-bd6b-cbea7e5b0e74" />
      <TestMethod codeBase="D:\SFERRARI\01 - TRABAJO\repos\netcore\libs\template-netcore-entityframework\Kitpymes.Core.EntityFramework.Tests\bin\Release\net5.0\Kitpymes.Core.EntityFramework.Tests.dll" adapterTypeName="executor://mstestadapter/v2" className="Kitpymes.Core.EntityFramework.Tests.EntityFrameworkRepositoryTests" name="AnyWhereAsync" />
    </UnitTest>
    <UnitTest name="StatusInactiveConvert" storage="d:\sferrari\01 - trabajo\repos\netcore\libs\template-netcore-entityframework\kitpymes.core.entityframework.tests\bin\release\net5.0\kitpymes.core.entityframework.tests.dll" id="cbce9096-a8c7-4cf3-80b5-33c335785dd1">
      <Execution id="3a5d7f98-0665-4336-ac85-b075671043d8" />
      <TestMethod codeBase="D:\SFERRARI\01 - TRABAJO\repos\netcore\libs\template-netcore-entityframework\Kitpymes.Core.EntityFramework.Tests\bin\Release\net5.0\Kitpymes.Core.EntityFramework.Tests.dll" adapterTypeName="executor://mstestadapter/v2" className="Kitpymes.Core.EntityFramework.Tests.EntityFrameworkConverterTests" name="StatusInactiveConvert" />
    </UnitTest>
    <UnitTest name="DeleteWhereAsynchronous" storage="d:\sferrari\01 - trabajo\repos\netcore\libs\template-netcore-entityframework\kitpymes.core.entityframework.tests\bin\release\net5.0\kitpymes.core.entityframework.tests.dll" id="39b1ef8f-bfe0-4740-817c-e422b7cc6013">
      <Execution id="4d5e3ae8-2678-4d14-b984-b49094906269" />
      <TestMethod codeBase="D:\SFERRARI\01 - TRABAJO\repos\netcore\libs\template-netcore-entityframework\Kitpymes.Core.EntityFramework.Tests\bin\Release\net5.0\Kitpymes.Core.EntityFramework.Tests.dll" adapterTypeName="executor://mstestadapter/v2" className="Kitpymes.Core.EntityFramework.Tests.EntityFrameworkRepositoryTests" name="DeleteWhereAsynchronous" />
    </UnitTest>
    <UnitTest name="Any" storage="d:\sferrari\01 - trabajo\repos\netcore\libs\template-netcore-entityframework\kitpymes.core.entityframework.tests\bin\release\net5.0\kitpymes.core.entityframework.tests.dll" id="c4a2a728-4e77-4cd6-ac76-738bb7f76611">
      <Execution id="9117cf2d-7eb8-4045-bb2e-c6887875840c" />
      <TestMethod codeBase="D:\SFERRARI\01 - TRABAJO\repos\netcore\libs\template-netcore-entityframework\Kitpymes.Core.EntityFramework.Tests\bin\Release\net5.0\Kitpymes.Core.EntityFramework.Tests.dll" adapterTypeName="executor://mstestadapter/v2" className="Kitpymes.Core.EntityFramework.Tests.EntityFrameworkRepositoryTests" name="Any" />
    </UnitTest>
    <UnitTest name="Find" storage="d:\sferrari\01 - trabajo\repos\netcore\libs\template-netcore-entityframework\kitpymes.core.entityframework.tests\bin\release\net5.0\kitpymes.core.entityframework.tests.dll" id="033fc512-7e22-40fe-9dbf-2a187520bedb">
      <Execution id="bb0c562b-16b6-4f14-846f-9c09fd734e20" />
      <TestMethod codeBase="D:\SFERRARI\01 - TRABAJO\repos\netcore\libs\template-netcore-entityframework\Kitpymes.Core.EntityFramework.Tests\bin\Release\net5.0\Kitpymes.Core.EntityFramework.Tests.dll" adapterTypeName="executor://mstestadapter/v2" className="Kitpymes.Core.EntityFramework.Tests.EntityFrameworkRepositoryTests" name="Find" />
    </UnitTest>
  </TestDefinitions>
  <TestEntries>
    <TestEntry testId="eebf8dcc-d250-4e19-8809-d0c6bd559507" executionId="ad93696b-8819-419d-a1b5-4860627042c3" testListId="8c84fa94-04c1-424b-9868-57a2d4851a1d" />
    <TestEntry testId="e3e94443-148d-4c5c-9b86-435d3018f957" executionId="5f29b8c4-e536-41d5-b88e-9a7eae64eba3" testListId="8c84fa94-04c1-424b-9868-57a2d4851a1d" />
    <TestEntry testId="14e961f2-dbfa-4041-abdc-47d7b6d2cd44" executionId="b9e22bff-6023-466b-a91c-e0f610c81f4f" testListId="8c84fa94-04c1-424b-9868-57a2d4851a1d" />
    <TestEntry testId="26d30453-29cf-4ea5-8960-193451f538af" executionId="520fd8d5-673e-419a-b401-b563012a4e62" testListId="8c84fa94-04c1-424b-9868-57a2d4851a1d" />
    <TestEntry testId="0b88a8bb-0987-4936-bacf-20863123e00e" executionId="a8c1c01f-5e9a-40f6-aa35-58117e7f54a8" testListId="8c84fa94-04c1-424b-9868-57a2d4851a1d" />
    <TestEntry testId="fcbe590f-238c-4c13-8676-d850e4da3c6a" executionId="a01f0dcc-51e1-4781-b076-55cc826e98a3" testListId="8c84fa94-04c1-424b-9868-57a2d4851a1d" />
    <TestEntry testId="cbce9096-a8c7-4cf3-80b5-33c335785dd1" executionId="3a5d7f98-0665-4336-ac85-b075671043d8" testListId="8c84fa94-04c1-424b-9868-57a2d4851a1d" />
    <TestEntry testId="6945d2e9-1c7a-4135-9936-d6e48d77cddd" executionId="c2caba85-17f0-40e4-bf77-20016307f7b2" testListId="8c84fa94-04c1-424b-9868-57a2d4851a1d" />
    <TestEntry testId="05c3bd00-5c64-4dce-8ae4-c4afacda2ac9" executionId="cab812e3-58fc-46b4-bcd9-1fce236325f8" testListId="8c84fa94-04c1-424b-9868-57a2d4851a1d" />
    <TestEntry testId="05538bb9-bf36-4f4a-83da-b87b59389bb3" executionId="afcdf953-7f0b-4bd1-a91b-98309b7b3a4e" testListId="8c84fa94-04c1-424b-9868-57a2d4851a1d" />
    <TestEntry testId="4275c819-e8fd-4d31-82c9-65b34d82e221" executionId="8a31ceef-0d01-4939-9206-54460ce3dd9d" testListId="8c84fa94-04c1-424b-9868-57a2d4851a1d" />
    <TestEntry testId="5d74133e-a9e5-41b8-a241-28d74c67700b" executionId="0de1b309-0f01-4800-95c7-d025dd4873e3" testListId="8c84fa94-04c1-424b-9868-57a2d4851a1d" />
    <TestEntry testId="c084d53f-0a28-428c-938a-c272ca77c418" executionId="bb339361-0bf1-41d4-a6f9-2cf34f1346e1" testListId="8c84fa94-04c1-424b-9868-57a2d4851a1d" />
    <TestEntry testId="1365e0e6-591a-440b-bc56-4c43c55393b3" executionId="96f9f04f-5eb0-4ccf-95f6-6b73dac58015" testListId="8c84fa94-04c1-424b-9868-57a2d4851a1d" />
    <TestEntry testId="e5b8363a-a634-42ee-bf22-05f001a399fa" executionId="6a95565e-5c61-4f70-b14c-aa5456dc6b1e" testListId="8c84fa94-04c1-424b-9868-57a2d4851a1d" />
    <TestEntry testId="cc995b26-f582-4805-8173-b8d424800972" executionId="427e380c-3c7a-43bc-b5d4-bf2ae186ebfc" testListId="8c84fa94-04c1-424b-9868-57a2d4851a1d" />
    <TestEntry testId="fe37f524-6fb3-4e52-aabe-bedc5294fa7e" executionId="27a08f0a-a3a9-4be7-90e4-8214c166fef3" testListId="8c84fa94-04c1-424b-9868-57a2d4851a1d" />
    <TestEntry testId="2e282760-5639-4fc8-83bd-2b135be7aca8" executionId="86cf8e81-ebf9-4b69-af31-ec78c4cda39d" testListId="8c84fa94-04c1-424b-9868-57a2d4851a1d" />
    <TestEntry testId="41260bdc-4e20-4a88-bc96-7148b98643bc" executionId="76d2fcfd-449e-4267-9aee-48616181a071" testListId="8c84fa94-04c1-424b-9868-57a2d4851a1d" />
    <TestEntry testId="690f1c96-0062-4db1-b23e-a4ed6012e90a" executionId="25f9737b-dfa8-4c19-bfae-e58161b11914" testListId="8c84fa94-04c1-424b-9868-57a2d4851a1d" />
    <TestEntry testId="c90b2c9f-c280-47db-96d0-16060e996df8" executionId="493dda57-3c63-40c7-8b1c-63ec8b3804da" testListId="8c84fa94-04c1-424b-9868-57a2d4851a1d" />
    <TestEntry testId="c4a2a728-4e77-4cd6-ac76-738bb7f76611" executionId="9117cf2d-7eb8-4045-bb2e-c6887875840c" testListId="8c84fa94-04c1-424b-9868-57a2d4851a1d" />
    <TestEntry testId="93e7e553-42d2-4a95-acf0-53843876ad92" executionId="0b43d0d0-ee79-4678-bb16-38ab5e17f018" testListId="8c84fa94-04c1-424b-9868-57a2d4851a1d" />
    <TestEntry testId="05351e81-db54-4678-b512-6f1cbbf3286f" executionId="6301b446-515c-4aa7-a38c-46c74a7e07ed" testListId="8c84fa94-04c1-424b-9868-57a2d4851a1d" />
    <TestEntry testId="a61b5d88-c559-4fcc-8bfa-140825e0ee7b" executionId="5413ffb0-5351-43a2-a7ce-78687445cf12" testListId="8c84fa94-04c1-424b-9868-57a2d4851a1d" />
    <TestEntry testId="87a94efe-e4ce-480e-bc7e-ebf283f5182c" executionId="6c93d0d5-f7bd-46eb-bdc4-a270be430b3a" testListId="8c84fa94-04c1-424b-9868-57a2d4851a1d" />
    <TestEntry testId="d79f6526-58fa-4806-b460-3b95b9aaa0e1" executionId="33092840-9408-4754-bc85-87429adabcd2" testListId="8c84fa94-04c1-424b-9868-57a2d4851a1d" />
    <TestEntry testId="f67c51e0-aa0b-4526-bfc9-de69de5df51c" executionId="9a5969f8-dfa2-4956-bd6b-cbea7e5b0e74" testListId="8c84fa94-04c1-424b-9868-57a2d4851a1d" />
    <TestEntry testId="f44fe594-73b8-4168-83ef-41776c2edca8" executionId="aa200eed-3bac-4f8b-af22-6af48ac5e172" testListId="8c84fa94-04c1-424b-9868-57a2d4851a1d" />
    <TestEntry testId="407faf10-aef4-4d2d-8dfc-be664fb4dd68" executionId="712c4072-acc5-443b-874a-dac8cef81e48" testListId="8c84fa94-04c1-424b-9868-57a2d4851a1d" />
    <TestEntry testId="ad24236e-740e-442e-95f5-4976e0b98aaf" executionId="92472a54-f42d-47bc-816f-6707ef9c2ea5" testListId="8c84fa94-04c1-424b-9868-57a2d4851a1d" />
    <TestEntry testId="033fc512-7e22-40fe-9dbf-2a187520bedb" executionId="bb0c562b-16b6-4f14-846f-9c09fd734e20" testListId="8c84fa94-04c1-424b-9868-57a2d4851a1d" />
    <TestEntry testId="39b1ef8f-bfe0-4740-817c-e422b7cc6013" executionId="4d5e3ae8-2678-4d14-b984-b49094906269" testListId="8c84fa94-04c1-424b-9868-57a2d4851a1d" />
    <TestEntry testId="7a09e092-1f3c-49f2-8c5a-aafd6658564d" executionId="64821865-aee8-4089-82d5-fd0050f527dd" testListId="8c84fa94-04c1-424b-9868-57a2d4851a1d" />
    <TestEntry testId="4caa8699-ab02-4913-88ec-8064d637403a" executionId="7517371f-271a-42f4-bd1a-356bdcbb0583" testListId="8c84fa94-04c1-424b-9868-57a2d4851a1d" />
    <TestEntry testId="bd54e22d-34fd-4147-b56c-e0e7ad103af9" executionId="fdb83042-293b-415c-9d3b-82fcf7c1a898" testListId="8c84fa94-04c1-424b-9868-57a2d4851a1d" />
    <TestEntry testId="3ed4d5ff-d651-42f5-92bd-68a9bc0a48ad" executionId="1fdf49b9-1cc9-43a3-a7af-7e31482ed94b" testListId="8c84fa94-04c1-424b-9868-57a2d4851a1d" />
    <TestEntry testId="157cc996-2f5b-495c-b7a2-4f2fbfd5c576" executionId="fd5f0150-8a5e-48a1-829e-385a51d28765" testListId="8c84fa94-04c1-424b-9868-57a2d4851a1d" />
    <TestEntry testId="bd64ef47-e403-4604-bc93-333d3d614096" executionId="bd717f38-775c-4512-8fcb-6849ae6a86fb" testListId="8c84fa94-04c1-424b-9868-57a2d4851a1d" />
    <TestEntry testId="d3a76da2-2dc9-41eb-96f2-b610db7f8fc6" executionId="ecd93e99-9e56-4d44-85bc-5e874cdbdba4" testListId="8c84fa94-04c1-424b-9868-57a2d4851a1d" />
    <TestEntry testId="3c1412d4-e458-495a-8466-f45dd16a3bb7" executionId="c622dc29-01ed-4717-8ab5-9411359b6ee0" testListId="8c84fa94-04c1-424b-9868-57a2d4851a1d" />
    <TestEntry testId="73e8aa8a-5016-47ff-ba30-6b90d3627fe0" executionId="32f2d192-b7e4-441c-9938-3630862671ea" testListId="8c84fa94-04c1-424b-9868-57a2d4851a1d" />
    <TestEntry testId="0ebd2b04-5dd5-4483-978c-3b22f27bf356" executionId="0e740df0-e8c0-4afe-9855-2f8201c1fbda" testListId="8c84fa94-04c1-424b-9868-57a2d4851a1d" />
    <TestEntry testId="35131c0b-7e95-4548-90c2-6063e311b7d2" executionId="27e1145d-3313-4818-9cbb-1849a3ab22f7" testListId="8c84fa94-04c1-424b-9868-57a2d4851a1d" />
    <TestEntry testId="6491c46a-62f2-4589-be67-8a863aa45d04" executionId="81c66300-a22f-4cf4-a31a-3d95205b5d63" testListId="8c84fa94-04c1-424b-9868-57a2d4851a1d" />
    <TestEntry testId="4dddf3a4-f895-4210-b4db-d7fe118568eb" executionId="2c60377f-58ec-4317-81b5-0b3f76963c90" testListId="8c84fa94-04c1-424b-9868-57a2d4851a1d" />
    <TestEntry testId="6ca1d7de-b3cd-48aa-b1b5-ecd6de58ebc7" executionId="0d5245ff-bead-4597-9816-ae3321a90199" testListId="8c84fa94-04c1-424b-9868-57a2d4851a1d" />
    <TestEntry testId="52d0a651-4e88-4214-bcb9-c720bf5d69fb" executionId="33a93286-4ac3-45e4-b503-5161fd82526c" testListId="8c84fa94-04c1-424b-9868-57a2d4851a1d" />
    <TestEntry testId="2313502e-feb6-4d84-87f9-6daaa47202bb" executionId="1e75b049-eb43-4afc-a229-d565d2b459f9" testListId="8c84fa94-04c1-424b-9868-57a2d4851a1d" />
    <TestEntry testId="d743632b-edc6-4457-938a-31b88590c275" executionId="3975511b-104e-416e-991b-c2e0e40805fc" testListId="8c84fa94-04c1-424b-9868-57a2d4851a1d" />
    <TestEntry testId="7ccca9fe-932c-4d0e-872b-5369ddbcd4c1" executionId="9aee14ae-640c-4599-9706-addbf6285d3d" testListId="8c84fa94-04c1-424b-9868-57a2d4851a1d" />
    <TestEntry testId="07f99133-cdb9-4046-95f7-0e2feeb31efa" executionId="bde1ca09-5cb7-418a-a9e2-cdfdf92bd8b3" testListId="8c84fa94-04c1-424b-9868-57a2d4851a1d" />
    <TestEntry testId="ecd44a47-28d4-4c7d-b19d-aefe030103e2" executionId="732d7069-3776-4134-bb13-7b2be1400c80" testListId="8c84fa94-04c1-424b-9868-57a2d4851a1d" />
    <TestEntry testId="81155a30-286f-427e-addc-2bde33a021dd" executionId="e2f72e40-376a-4d50-ad43-12d0edc1fb6a" testListId="8c84fa94-04c1-424b-9868-57a2d4851a1d" />
    <TestEntry testId="a1dee490-2fc5-45de-96e5-3a58a78f347d" executionId="8b39aa57-df06-41ed-8123-c7b6b672dd30" testListId="8c84fa94-04c1-424b-9868-57a2d4851a1d" />
    <TestEntry testId="83a58ed3-ed40-4c04-84c0-0b32ae4f9d31" executionId="88a41ddd-7462-42e8-b2a5-16bbeb6afa8b" testListId="8c84fa94-04c1-424b-9868-57a2d4851a1d" />
    <TestEntry testId="ad09a0b3-b574-4a1e-a44e-4d6e685d9f98" executionId="07b46346-2432-4c21-a03d-1e40a5c8a58d" testListId="8c84fa94-04c1-424b-9868-57a2d4851a1d" />
    <TestEntry testId="71639c35-5ab6-4036-a9de-9f34350dbf16" executionId="7b19412d-1671-4b22-824d-3325319f074e" testListId="8c84fa94-04c1-424b-9868-57a2d4851a1d" />
    <TestEntry testId="f21abbd8-0ab8-4c94-9113-ad71ad8c8594" executionId="723d2a38-0553-48e3-8c5f-c11c898c410a" testListId="8c84fa94-04c1-424b-9868-57a2d4851a1d" />
    <TestEntry testId="dafa00b9-ab56-4237-a128-ff1045570d21" executionId="57dc6f11-c3f6-4e69-99d2-fffaff8e0cab" testListId="8c84fa94-04c1-424b-9868-57a2d4851a1d" />
    <TestEntry testId="fa3053de-08a0-4304-b830-623a44f118c8" executionId="2f834bab-6d8f-4d63-b632-b4b8b0092f71" testListId="8c84fa94-04c1-424b-9868-57a2d4851a1d" />
  </TestEntries>
  <TestLists>
    <TestList name="Resultados sin formato de lista" id="8c84fa94-04c1-424b-9868-57a2d4851a1d" />
    <TestList name="Todos los resultados cargados" id="19431567-8539-422a-85d7-44ee4e166bda" />
  </TestLists>
  <ResultSummary outcome="Completed">
    <Counters total="61" executed="61" passed="61" failed="0" error="0" timeout="0" aborted="0" inconclusive="0" passedButRunAborted="0" notRunnable="0" notExecuted="0" disconnected="0" warning="0" completed="0" inProgress="0" pending="0" />
  </ResultSummary>
</TestRun>