<?xml version="1.0" encoding="utf-8"?>
<TestRun id="60577d52-d04a-40cd-ad4d-dc50da6c5fec" name="sferrari@PC-SFERRARI 2022-07-27 10:43:13" runUser="PC-SFERRARI\sferrari" xmlns="http://microsoft.com/schemas/VisualStudio/TeamTest/2010">
  <Times creation="2022-07-27T10:43:13.4254168+02:00" queuing="2022-07-27T10:43:13.4254182+02:00" start="2022-07-27T10:43:07.1034532+02:00" finish="2022-07-27T10:43:15.7007877+02:00" />
  <TestSettings name="default" id="de4d10d5-c7a8-4da5-8f5a-4590c6f649cb">
    <Deployment runDeploymentRoot="sferrari_PC-SFERRARI_2022-07-27_10_43_13" />
  </TestSettings>
  <Results>
    <UnitTestResult executionId="e3eaad6b-051f-4a7c-99fc-e0b0c43eac28" testId="937339f2-507e-438b-a845-6ab9b97a2860" testName="UpdateSelect" computerName="PC-SFERRARI" duration="00:00:00.0020014" startTime="2022-07-27T10:43:15.5181919+02:00" endTime="2022-07-27T10:43:15.5203482+02:00" testType="13cdc9d9-ddb5-4fa4-a97d-d965ccfc6d4b" outcome="Passed" testListId="8c84fa94-04c1-424b-9868-57a2d4851a1d" relativeResultsDirectory="e3eaad6b-051f-4a7c-99fc-e0b0c43eac28" />
    <UnitTestResult executionId="d0c38a97-49ab-49f2-bcea-1ad89b719949" testId="8ecbd74a-0781-42d2-8454-de3548aca38f" testName="AnyAsync" computerName="PC-SFERRARI" duration="00:00:00.0059117" startTime="2022-07-27T10:43:15.5698873+02:00" endTime="2022-07-27T10:43:15.5758928+02:00" testType="13cdc9d9-ddb5-4fa4-a97d-d965ccfc6d4b" outcome="Passed" testListId="8c84fa94-04c1-424b-9868-57a2d4851a1d" relativeResultsDirectory="d0c38a97-49ab-49f2-bcea-1ad89b719949" />
    <UnitTestResult executionId="9a77d68c-f8f4-4af3-8a98-b8ba926c04a3" testId="df8d93b6-ac8c-42ec-8adf-f874ef80a982" testName="CountWhereAsync" computerName="PC-SFERRARI" duration="00:00:00.0034278" startTime="2022-07-27T10:43:15.5960509+02:00" endTime="2022-07-27T10:43:15.5995862+02:00" testType="13cdc9d9-ddb5-4fa4-a97d-d965ccfc6d4b" outcome="Passed" testListId="8c84fa94-04c1-424b-9868-57a2d4851a1d" relativeResultsDirectory="9a77d68c-f8f4-4af3-8a98-b8ba926c04a3" />
    <UnitTestResult executionId="46fc2f6b-4fa3-467f-8cfa-8b668af730b4" testId="b9245ff9-7a82-4d4d-ba0c-12495aeb0205" testName="GetAllWhereSelect" computerName="PC-SFERRARI" duration="00:00:00.0013711" startTime="2022-07-27T10:43:15.3120392+02:00" endTime="2022-07-27T10:43:15.3135410+02:00" testType="13cdc9d9-ddb5-4fa4-a97d-d965ccfc6d4b" outcome="Passed" testListId="8c84fa94-04c1-424b-9868-57a2d4851a1d" relativeResultsDirectory="46fc2f6b-4fa3-467f-8cfa-8b668af730b4" />
    <UnitTestResult executionId="aceb4b0a-baab-47f8-b920-f704a841cfa7" testId="8a6a5527-70ae-404f-acd4-29131ea24d8d" testName="GetPagedSelectOrderByProperty" computerName="PC-SFERRARI" duration="00:00:00.0024523" startTime="2022-07-27T10:43:15.4082598+02:00" endTime="2022-07-27T10:43:15.4108553+02:00" testType="13cdc9d9-ddb5-4fa4-a97d-d965ccfc6d4b" outcome="Passed" testListId="8c84fa94-04c1-424b-9868-57a2d4851a1d" relativeResultsDirectory="aceb4b0a-baab-47f8-b920-f704a841cfa7" />
    <UnitTestResult executionId="6c2a04d8-d1b1-4c57-aa90-8a2daab095d8" testId="3eeaed65-caac-4092-b984-0d05c2aa3cc3" testName="UpdateValueObject" computerName="PC-SFERRARI" duration="00:00:00.0015861" startTime="2022-07-27T10:43:15.5259818+02:00" endTime="2022-07-27T10:43:15.5277376+02:00" testType="13cdc9d9-ddb5-4fa4-a97d-d965ccfc6d4b" outcome="Passed" testListId="8c84fa94-04c1-424b-9868-57a2d4851a1d" relativeResultsDirectory="6c2a04d8-d1b1-4c57-aa90-8a2daab095d8" />
    <UnitTestResult executionId="d40cb9bf-e27b-4a53-b15f-eb660efe53ab" testId="10b9a697-8279-4810-a39f-01d6a7be99fc" testName="CountWhere" computerName="PC-SFERRARI" duration="00:00:00.0037209" startTime="2022-07-27T10:43:15.5920976+02:00" endTime="2022-07-27T10:43:15.5959700+02:00" testType="13cdc9d9-ddb5-4fa4-a97d-d965ccfc6d4b" outcome="Passed" testListId="8c84fa94-04c1-424b-9868-57a2d4851a1d" relativeResultsDirectory="d40cb9bf-e27b-4a53-b15f-eb660efe53ab" />
    <UnitTestResult executionId="8544061a-e432-4bb0-bc5e-de9728a0eaa9" testId="15fd2dbf-3b1d-4159-afe5-60641e74952b" testName="SubdomainConvert" computerName="PC-SFERRARI" duration="00:00:00.0016086" startTime="2022-07-27T10:43:12.0030468+02:00" endTime="2022-07-27T10:43:12.0047523+02:00" testType="13cdc9d9-ddb5-4fa4-a97d-d965ccfc6d4b" outcome="Passed" testListId="8c84fa94-04c1-424b-9868-57a2d4851a1d" relativeResultsDirectory="8544061a-e432-4bb0-bc5e-de9728a0eaa9" />
    <UnitTestResult executionId="0f407239-a32f-45fc-8ed7-7013b65d1406" testId="072df844-1271-49cb-9f64-ff6e13cef939" testName="GetPagedWhere" computerName="PC-SFERRARI" duration="00:00:00.0044550" startTime="2022-07-27T10:43:15.3464263+02:00" endTime="2022-07-27T10:43:15.3510322+02:00" testType="13cdc9d9-ddb5-4fa4-a97d-d965ccfc6d4b" outcome="Passed" testListId="8c84fa94-04c1-424b-9868-57a2d4851a1d" relativeResultsDirectory="0f407239-a32f-45fc-8ed7-7013b65d1406" />
    <UnitTestResult executionId="c0b5a8ae-0e72-4d8a-be9e-4ae224fdcbb2" testId="ba79ab4c-d470-4756-9991-149196bdff3e" testName="NameConvert" computerName="PC-SFERRARI" duration="00:00:00.0041738" startTime="2022-07-27T10:43:11.9986984+02:00" endTime="2022-07-27T10:43:12.0029851+02:00" testType="13cdc9d9-ddb5-4fa4-a97d-d965ccfc6d4b" outcome="Passed" testListId="8c84fa94-04c1-424b-9868-57a2d4851a1d" relativeResultsDirectory="c0b5a8ae-0e72-4d8a-be9e-4ae224fdcbb2" />
    <UnitTestResult executionId="54538fda-f416-45df-8af2-dbca8e729102" testId="9d33a725-cbeb-412b-bfc0-32de80b0119d" testName="DeleteWhereAsynchronous" computerName="PC-SFERRARI" duration="00:00:00.0107626" startTime="2022-07-27T10:43:15.5564964+02:00" endTime="2022-07-27T10:43:15.5673692+02:00" testType="13cdc9d9-ddb5-4fa4-a97d-d965ccfc6d4b" outcome="Passed" testListId="8c84fa94-04c1-424b-9868-57a2d4851a1d" relativeResultsDirectory="54538fda-f416-45df-8af2-dbca8e729102" />
    <UnitTestResult executionId="0cb9a476-8144-4c71-85ba-78b52977d91e" testId="0cfa3c6d-e20e-487d-bb1f-4cce35cf5b34" testName="EnumConvertValue" computerName="PC-SFERRARI" duration="00:00:00.0251040" startTime="2022-07-27T10:43:11.9446588+02:00" endTime="2022-07-27T10:43:11.9699315+02:00" testType="13cdc9d9-ddb5-4fa4-a97d-d965ccfc6d4b" outcome="Passed" testListId="8c84fa94-04c1-424b-9868-57a2d4851a1d" relativeResultsDirectory="0cb9a476-8144-4c71-85ba-78b52977d91e" />
    <UnitTestResult executionId="606d564b-7874-45f7-9051-264932c55c3f" testId="7cceebfd-5a6c-40e4-9c89-7b3d360e7ef8" testName="Count" computerName="PC-SFERRARI" duration="00:00:00.0004103" startTime="2022-07-27T10:43:15.5844346+02:00" endTime="2022-07-27T10:43:15.5849384+02:00" testType="13cdc9d9-ddb5-4fa4-a97d-d965ccfc6d4b" outcome="Passed" testListId="8c84fa94-04c1-424b-9868-57a2d4851a1d" relativeResultsDirectory="606d564b-7874-45f7-9051-264932c55c3f" />
    <UnitTestResult executionId="a4c552bb-8a7f-4c73-976f-a0dea8d44c8d" testId="e8b07953-5e8e-42c6-8706-d08563ea4afd" testName="StatusInactiveConvert" computerName="PC-SFERRARI" duration="00:00:00.0003440" startTime="2022-07-27T10:43:11.9715127+02:00" endTime="2022-07-27T10:43:11.9719302+02:00" testType="13cdc9d9-ddb5-4fa4-a97d-d965ccfc6d4b" outcome="Passed" testListId="8c84fa94-04c1-424b-9868-57a2d4851a1d" relativeResultsDirectory="a4c552bb-8a7f-4c73-976f-a0dea8d44c8d" />
    <UnitTestResult executionId="b6556208-3154-40ee-8496-190eb094e5ac" testId="3f08db7c-5f16-4da6-819a-a86c6791bb0a" testName="EmailConvert" computerName="PC-SFERRARI" duration="00:00:00.0265699" startTime="2022-07-27T10:43:11.9719618+02:00" endTime="2022-07-27T10:43:11.9986071+02:00" testType="13cdc9d9-ddb5-4fa4-a97d-d965ccfc6d4b" outcome="Passed" testListId="8c84fa94-04c1-424b-9868-57a2d4851a1d" relativeResultsDirectory="b6556208-3154-40ee-8496-190eb094e5ac" />
    <UnitTestResult executionId="1394e74e-fb1d-4c67-8ae0-92cdbc222895" testId="9f6c6fa3-92ee-488b-95d0-26faaf72714c" testName="GetPagedAsyncWhereSelect" computerName="PC-SFERRARI" duration="00:00:00.0087300" startTime="2022-07-27T10:43:15.3810783+02:00" endTime="2022-07-27T10:43:15.3900165+02:00" testType="13cdc9d9-ddb5-4fa4-a97d-d965ccfc6d4b" outcome="Passed" testListId="8c84fa94-04c1-424b-9868-57a2d4851a1d" relativeResultsDirectory="1394e74e-fb1d-4c67-8ae0-92cdbc222895" />
    <UnitTestResult executionId="d9185fed-902b-47cb-8cd2-d0203d77c444" testId="ee7b04f8-8708-44d1-b551-7f6076316794" testName="GetOneAsyncWhereIncludesSelect" computerName="PC-SFERRARI" duration="00:00:00.0074138" startTime="2022-07-27T10:43:15.2207038+02:00" endTime="2022-07-27T10:43:15.2282857+02:00" testType="13cdc9d9-ddb5-4fa4-a97d-d965ccfc6d4b" outcome="Passed" testListId="8c84fa94-04c1-424b-9868-57a2d4851a1d" relativeResultsDirectory="d9185fed-902b-47cb-8cd2-d0203d77c444" />
    <UnitTestResult executionId="ff4443f5-bfe9-4f28-b8aa-74d621182ff7" testId="18210aeb-a49d-489d-84ef-062e469102dd" testName="GetPagedSelectOrderByNavigationProperty" computerName="PC-SFERRARI" duration="00:00:00.0037794" startTime="2022-07-27T10:43:15.4022368+02:00" endTime="2022-07-27T10:43:15.4081910+02:00" testType="13cdc9d9-ddb5-4fa4-a97d-d965ccfc6d4b" outcome="Passed" testListId="8c84fa94-04c1-424b-9868-57a2d4851a1d" relativeResultsDirectory="ff4443f5-bfe9-4f28-b8aa-74d621182ff7" />
    <UnitTestResult executionId="ea25f892-1ddd-4722-8609-1cd92bd779e2" testId="09f7954b-9d41-465b-96cd-86278dea5861" testName="Any" computerName="PC-SFERRARI" duration="00:00:00.0005567" startTime="2022-07-27T10:43:15.5691174+02:00" endTime="2022-07-27T10:43:15.5698281+02:00" testType="13cdc9d9-ddb5-4fa4-a97d-d965ccfc6d4b" outcome="Passed" testListId="8c84fa94-04c1-424b-9868-57a2d4851a1d" relativeResultsDirectory="ea25f892-1ddd-4722-8609-1cd92bd779e2" />
    <UnitTestResult executionId="158693c1-f85e-4f5a-aca7-e5ac66d66925" testId="21c95d9e-3654-4ba0-a330-330074a336c8" testName="UpdatePartial" computerName="PC-SFERRARI" duration="00:00:00.0032162" startTime="2022-07-27T10:43:15.5225477+02:00" endTime="2022-07-27T10:43:15.5258974+02:00" testType="13cdc9d9-ddb5-4fa4-a97d-d965ccfc6d4b" outcome="Passed" testListId="8c84fa94-04c1-424b-9868-57a2d4851a1d" relativeResultsDirectory="158693c1-f85e-4f5a-aca7-e5ac66d66925" />
    <UnitTestResult executionId="b54888f8-6f1d-4ff7-8a14-a18beb9c710d" testId="a3d77c58-42b4-4fe3-98d2-000e2cafe83d" testName="Add" computerName="PC-SFERRARI" duration="00:00:00.0008859" startTime="2022-07-27T10:43:15.4609922+02:00" endTime="2022-07-27T10:43:15.4619906+02:00" testType="13cdc9d9-ddb5-4fa4-a97d-d965ccfc6d4b" outcome="Passed" testListId="8c84fa94-04c1-424b-9868-57a2d4851a1d" relativeResultsDirectory="b54888f8-6f1d-4ff7-8a14-a18beb9c710d" />
    <UnitTestResult executionId="92ed4813-00cf-4267-8fc1-3ad8bd42b4e2" testId="554e517c-ce87-4c53-a726-e153bd9bf7ee" testName="FindAsync" computerName="PC-SFERRARI" duration="00:00:00.0129277" startTime="2022-07-27T10:43:15.4478410+02:00" endTime="2022-07-27T10:43:15.4608921+02:00" testType="13cdc9d9-ddb5-4fa4-a97d-d965ccfc6d4b" outcome="Passed" testListId="8c84fa94-04c1-424b-9868-57a2d4851a1d" relativeResultsDirectory="92ed4813-00cf-4267-8fc1-3ad8bd42b4e2" />
    <UnitTestResult executionId="ac78d87d-9605-4b33-b05c-5ce8cef7856b" testId="df4db0fb-56bf-44a9-8f2a-b8fb655da34a" testName="GetOneAsyncWhere" computerName="PC-SFERRARI" duration="00:00:00.0860298" startTime="2022-07-27T10:43:15.0451185+02:00" endTime="2022-07-27T10:43:15.1313541+02:00" testType="13cdc9d9-ddb5-4fa4-a97d-d965ccfc6d4b" outcome="Passed" testListId="8c84fa94-04c1-424b-9868-57a2d4851a1d" relativeResultsDirectory="ac78d87d-9605-4b33-b05c-5ce8cef7856b" />
    <UnitTestResult executionId="99a228f7-73d3-495e-a07e-e8b400e99063" testId="3bdec14c-e62b-462e-8c6d-87d39b057cec" testName="GetAllAsync" computerName="PC-SFERRARI" duration="00:00:00.0161940" startTime="2022-07-27T10:43:15.2440187+02:00" endTime="2022-07-27T10:43:15.2604019+02:00" testType="13cdc9d9-ddb5-4fa4-a97d-d965ccfc6d4b" outcome="Passed" testListId="8c84fa94-04c1-424b-9868-57a2d4851a1d" relativeResultsDirectory="99a228f7-73d3-495e-a07e-e8b400e99063" />
    <UnitTestResult executionId="e1d128a7-abad-46cc-b240-abc0179812fb" testId="fede0836-dc0c-4ae3-b2f6-343ca89d5ab7" testName="EnumConvertName" computerName="PC-SFERRARI" duration="00:00:00.0528620" startTime="2022-07-27T10:43:11.8495229+02:00" endTime="2022-07-27T10:43:11.9366848+02:00" testType="13cdc9d9-ddb5-4fa4-a97d-d965ccfc6d4b" outcome="Passed" testListId="8c84fa94-04c1-424b-9868-57a2d4851a1d" relativeResultsDirectory="e1d128a7-abad-46cc-b240-abc0179812fb" />
    <UnitTestResult executionId="850eddc1-a539-4400-aa15-21bd7592ddf9" testId="e7344a2e-afc5-4f99-85d7-7bdda3aaf6a0" testName="UpdateAsynchronous" computerName="PC-SFERRARI" duration="00:00:00.0018962" startTime="2022-07-27T10:43:15.5204435+02:00" endTime="2022-07-27T10:43:15.5224693+02:00" testType="13cdc9d9-ddb5-4fa4-a97d-d965ccfc6d4b" outcome="Passed" testListId="8c84fa94-04c1-424b-9868-57a2d4851a1d" relativeResultsDirectory="850eddc1-a539-4400-aa15-21bd7592ddf9" />
    <UnitTestResult executionId="91bc467f-25c9-41d9-9aca-3ac7843f545d" testId="dff7d739-fd05-4ffc-8f7e-a1b0bc17bca8" testName="GetAllWhereIncludes" computerName="PC-SFERRARI" duration="00:00:00.0098021" startTime="2022-07-27T10:43:15.2864299+02:00" endTime="2022-07-27T10:43:15.2963749+02:00" testType="13cdc9d9-ddb5-4fa4-a97d-d965ccfc6d4b" outcome="Passed" testListId="8c84fa94-04c1-424b-9868-57a2d4851a1d" relativeResultsDirectory="91bc467f-25c9-41d9-9aca-3ac7843f545d" />
    <UnitTestResult executionId="91028c91-dc91-4d26-b4fc-b45be1fc2894" testId="1ac96d97-2004-4b8f-b6eb-e4e3952e3c13" testName="GetAll" computerName="PC-SFERRARI" duration="00:00:00.0154336" startTime="2022-07-27T10:43:15.2283555+02:00" endTime="2022-07-27T10:43:15.2439190+02:00" testType="13cdc9d9-ddb5-4fa4-a97d-d965ccfc6d4b" outcome="Passed" testListId="8c84fa94-04c1-424b-9868-57a2d4851a1d" relativeResultsDirectory="91028c91-dc91-4d26-b4fc-b45be1fc2894" />
    <UnitTestResult executionId="914a9e00-d464-416b-bbae-033a4c5b63ca" testId="7b28516f-8454-45d0-963b-3e973a88bf14" testName="GetPagedAsync" computerName="PC-SFERRARI" duration="00:00:00.0067056" startTime="2022-07-27T10:43:15.3394109+02:00" endTime="2022-07-27T10:43:15.3463292+02:00" testType="13cdc9d9-ddb5-4fa4-a97d-d965ccfc6d4b" outcome="Passed" testListId="8c84fa94-04c1-424b-9868-57a2d4851a1d" relativeResultsDirectory="914a9e00-d464-416b-bbae-033a4c5b63ca" />
    <UnitTestResult executionId="71cc61b4-7f73-4675-81bd-e8dd59acf5c7" testId="7f39242a-ac81-4d48-a83f-ab718590b57c" testName="GetOnetWhereSelect" computerName="PC-SFERRARI" duration="00:00:00.0107672" startTime="2022-07-27T10:43:15.1922365+02:00" endTime="2022-07-27T10:43:15.2031530+02:00" testType="13cdc9d9-ddb5-4fa4-a97d-d965ccfc6d4b" outcome="Passed" testListId="8c84fa94-04c1-424b-9868-57a2d4851a1d" relativeResultsDirectory="71cc61b4-7f73-4675-81bd-e8dd59acf5c7" />
    <UnitTestResult executionId="cdccd05b-f16d-469c-a25b-a114af9836a0" testId="d4f60b1d-ee59-4f25-bc1c-9047bcb11ba6" testName="Delete" computerName="PC-SFERRARI" duration="00:00:00.0136437" startTime="2022-07-27T10:43:15.5278179+02:00" endTime="2022-07-27T10:43:15.5415691+02:00" testType="13cdc9d9-ddb5-4fa4-a97d-d965ccfc6d4b" outcome="Passed" testListId="8c84fa94-04c1-424b-9868-57a2d4851a1d" relativeResultsDirectory="cdccd05b-f16d-469c-a25b-a114af9836a0" />
    <UnitTestResult executionId="f37b6824-86de-42af-8bfb-8e58c868b0c8" testId="4ebcfbd4-d344-400d-be31-9d09f6516e05" testName="StatusActiveConvert" computerName="PC-SFERRARI" duration="00:00:00.0012995" startTime="2022-07-27T10:43:11.9700472+02:00" endTime="2022-07-27T10:43:11.9714501+02:00" testType="13cdc9d9-ddb5-4fa4-a97d-d965ccfc6d4b" outcome="Passed" testListId="8c84fa94-04c1-424b-9868-57a2d4851a1d" relativeResultsDirectory="f37b6824-86de-42af-8bfb-8e58c868b0c8" />
    <UnitTestResult executionId="047be6bf-3fec-486f-a4ae-ee9f8ef06769" testId="6fbf9a36-5fca-4da9-b3ac-2681b85e13b9" testName="AnyWhere" computerName="PC-SFERRARI" duration="00:00:00.0042973" startTime="2022-07-27T10:43:15.5759851+02:00" endTime="2022-07-27T10:43:15.5804494+02:00" testType="13cdc9d9-ddb5-4fa4-a97d-d965ccfc6d4b" outcome="Passed" testListId="8c84fa94-04c1-424b-9868-57a2d4851a1d" relativeResultsDirectory="047be6bf-3fec-486f-a4ae-ee9f8ef06769" />
    <UnitTestResult executionId="cc80eff9-98be-4683-ad8b-59443b06af56" testId="d3a485b8-e723-45c2-9cde-4fb5a137ace2" testName="Update" computerName="PC-SFERRARI" duration="00:00:00.0279581" startTime="2022-07-27T10:43:15.4900134+02:00" endTime="2022-07-27T10:43:15.5180996+02:00" testType="13cdc9d9-ddb5-4fa4-a97d-d965ccfc6d4b" outcome="Passed" testListId="8c84fa94-04c1-424b-9868-57a2d4851a1d" relativeResultsDirectory="cc80eff9-98be-4683-ad8b-59443b06af56" />
    <UnitTestResult executionId="b8107e37-8580-47db-a5e7-0eddf4b99010" testId="d54e5cd0-bf25-4ef8-8d15-8cf503d0682d" testName="GetPagedAsyncWhereIncludesSelect" computerName="PC-SFERRARI" duration="00:00:00.0018853" startTime="2022-07-27T10:43:15.3981817+02:00" endTime="2022-07-27T10:43:15.4002052+02:00" testType="13cdc9d9-ddb5-4fa4-a97d-d965ccfc6d4b" outcome="Passed" testListId="8c84fa94-04c1-424b-9868-57a2d4851a1d" relativeResultsDirectory="b8107e37-8580-47db-a5e7-0eddf4b99010" />
    <UnitTestResult executionId="c3b7e68f-ef3b-45cc-81f9-da168a16aae5" testId="38a98183-979f-4934-b03c-abe3d73b5087" testName="CountAsync" computerName="PC-SFERRARI" duration="00:00:00.0069335" startTime="2022-07-27T10:43:15.5849761+02:00" endTime="2022-07-27T10:43:15.5919975+02:00" testType="13cdc9d9-ddb5-4fa4-a97d-d965ccfc6d4b" outcome="Passed" testListId="8c84fa94-04c1-424b-9868-57a2d4851a1d" relativeResultsDirectory="c3b7e68f-ef3b-45cc-81f9-da168a16aae5" />
    <UnitTestResult executionId="f534afb0-7a84-4f83-9a47-58fcce5315d1" testId="4d891450-b285-4f00-9a06-3bbd12cc295f" testName="GetAllAsyncWhere" computerName="PC-SFERRARI" duration="00:00:00.0133251" startTime="2022-07-27T10:43:15.2728265+02:00" endTime="2022-07-27T10:43:15.2863192+02:00" testType="13cdc9d9-ddb5-4fa4-a97d-d965ccfc6d4b" outcome="Passed" testListId="8c84fa94-04c1-424b-9868-57a2d4851a1d" relativeResultsDirectory="f534afb0-7a84-4f83-9a47-58fcce5315d1" />
    <UnitTestResult executionId="ecba0f57-ce86-47b0-a09b-a0ebf828dd53" testId="4b28c689-c264-4eaf-a8e1-44b3a8e9fb9b" testName="DeleteWhere" computerName="PC-SFERRARI" duration="00:00:00.0126931" startTime="2022-07-27T10:43:15.5436197+02:00" endTime="2022-07-27T10:43:15.5564283+02:00" testType="13cdc9d9-ddb5-4fa4-a97d-d965ccfc6d4b" outcome="Passed" testListId="8c84fa94-04c1-424b-9868-57a2d4851a1d" relativeResultsDirectory="ecba0f57-ce86-47b0-a09b-a0ebf828dd53" />
    <UnitTestResult executionId="cd0020bd-0454-4c3a-a294-e53ad980ca11" testId="eadcbe5a-5134-45ed-b907-3ade80853205" testName="GetPagedWhereIncludesSelect" computerName="PC-SFERRARI" duration="00:00:00.0077317" startTime="2022-07-27T10:43:15.3901434+02:00" endTime="2022-07-27T10:43:15.3980935+02:00" testType="13cdc9d9-ddb5-4fa4-a97d-d965ccfc6d4b" outcome="Passed" testListId="8c84fa94-04c1-424b-9868-57a2d4851a1d" relativeResultsDirectory="cd0020bd-0454-4c3a-a294-e53ad980ca11" />
    <UnitTestResult executionId="f7afb5f6-5ae7-4eca-b523-06ccafaa7f2f" testId="e11441fa-d68e-47d3-b9d1-666523fe3c4e" testName="GetAllWhere" computerName="PC-SFERRARI" duration="00:00:00.0103032" startTime="2022-07-27T10:43:15.2622860+02:00" endTime="2022-07-27T10:43:15.2727376+02:00" testType="13cdc9d9-ddb5-4fa4-a97d-d965ccfc6d4b" outcome="Passed" testListId="8c84fa94-04c1-424b-9868-57a2d4851a1d" relativeResultsDirectory="f7afb5f6-5ae7-4eca-b523-06ccafaa7f2f" />
    <UnitTestResult executionId="63d8d07e-4465-4c48-9d30-1c172a97f0e2" testId="054d2f6b-3389-4352-b818-9073ac46a793" testName="GetAllAsyncWhereIncludesSelect" computerName="PC-SFERRARI" duration="00:00:00.0032128" startTime="2022-07-27T10:43:15.3270308+02:00" endTime="2022-07-27T10:43:15.3303438+02:00" testType="13cdc9d9-ddb5-4fa4-a97d-d965ccfc6d4b" outcome="Passed" testListId="8c84fa94-04c1-424b-9868-57a2d4851a1d" relativeResultsDirectory="63d8d07e-4465-4c48-9d30-1c172a97f0e2" />
    <UnitTestResult executionId="1e08cb7e-db76-477b-8d00-4f4607f8aaea" testId="8c0ef566-d151-4f93-8b21-d4462398cb4d" testName="GetAllWhereIncludesSelect" computerName="PC-SFERRARI" duration="00:00:00.0008354" startTime="2022-07-27T10:43:15.3260029+02:00" endTime="2022-07-27T10:43:15.3269708+02:00" testType="13cdc9d9-ddb5-4fa4-a97d-d965ccfc6d4b" outcome="Passed" testListId="8c84fa94-04c1-424b-9868-57a2d4851a1d" relativeResultsDirectory="1e08cb7e-db76-477b-8d00-4f4607f8aaea" />
    <UnitTestResult executionId="0693c15a-4019-44af-8879-37ca7bebebd3" testId="0fb35dbe-3943-457d-8f19-46c969759af7" testName="GetAllAsyncWhereSelect" computerName="PC-SFERRARI" duration="00:00:00.0121425" startTime="2022-07-27T10:43:15.3136187+02:00" endTime="2022-07-27T10:43:15.3259133+02:00" testType="13cdc9d9-ddb5-4fa4-a97d-d965ccfc6d4b" outcome="Passed" testListId="8c84fa94-04c1-424b-9868-57a2d4851a1d" relativeResultsDirectory="0693c15a-4019-44af-8879-37ca7bebebd3" />
    <UnitTestResult executionId="aa91d7be-3435-4ce1-acd6-670d6f269891" testId="80dcf36a-07c3-4fec-85ce-724c841f7662" testName="AddRange" computerName="PC-SFERRARI" duration="00:00:00.0087930" startTime="2022-07-27T10:43:15.4759746+02:00" endTime="2022-07-27T10:43:15.4848942+02:00" testType="13cdc9d9-ddb5-4fa4-a97d-d965ccfc6d4b" outcome="Passed" testListId="8c84fa94-04c1-424b-9868-57a2d4851a1d" relativeResultsDirectory="aa91d7be-3435-4ce1-acd6-670d6f269891" />
    <UnitTestResult executionId="94daffdb-75b6-42da-905e-fb32e4ec9d2a" testId="a817e737-c5b9-4934-bc87-cbd1ecc0a491" testName="AddRangeAsync" computerName="PC-SFERRARI" duration="00:00:00.0033054" startTime="2022-07-27T10:43:15.4849575+02:00" endTime="2022-07-27T10:43:15.4883692+02:00" testType="13cdc9d9-ddb5-4fa4-a97d-d965ccfc6d4b" outcome="Passed" testListId="8c84fa94-04c1-424b-9868-57a2d4851a1d" relativeResultsDirectory="94daffdb-75b6-42da-905e-fb32e4ec9d2a" />
    <UnitTestResult executionId="8686fa44-6785-48f8-8868-ad132d1b7cd5" testId="672f9007-80dc-4626-a575-8a7040d56f54" testName="GetPagedAsyncWhereIncludes" computerName="PC-SFERRARI" duration="00:00:00.0029900" startTime="2022-07-27T10:43:15.3705270+02:00" endTime="2022-07-27T10:43:15.3736975+02:00" testType="13cdc9d9-ddb5-4fa4-a97d-d965ccfc6d4b" outcome="Passed" testListId="8c84fa94-04c1-424b-9868-57a2d4851a1d" relativeResultsDirectory="8686fa44-6785-48f8-8868-ad132d1b7cd5" />
    <UnitTestResult executionId="fb423568-fdda-44de-8db3-db45e882eada" testId="bdfd1e42-7fbf-4040-af45-16b37b02d00c" testName="GetAllAsyncWhereIncludes" computerName="PC-SFERRARI" duration="00:00:00.0153170" startTime="2022-07-27T10:43:15.2964855+02:00" endTime="2022-07-27T10:43:15.3119438+02:00" testType="13cdc9d9-ddb5-4fa4-a97d-d965ccfc6d4b" outcome="Passed" testListId="8c84fa94-04c1-424b-9868-57a2d4851a1d" relativeResultsDirectory="fb423568-fdda-44de-8db3-db45e882eada" />
    <UnitTestResult executionId="b7697ef7-04f1-48e6-b802-16c76405bec6" testId="e1b44214-fa98-401b-b731-c4624c392132" testName="Find" computerName="PC-SFERRARI" duration="00:00:00.0158616" startTime="2022-07-27T10:43:15.4317088+02:00" endTime="2022-07-27T10:43:15.4477430+02:00" testType="13cdc9d9-ddb5-4fa4-a97d-d965ccfc6d4b" outcome="Passed" testListId="8c84fa94-04c1-424b-9868-57a2d4851a1d" relativeResultsDirectory="b7697ef7-04f1-48e6-b802-16c76405bec6" />
    <UnitTestResult executionId="40eb50d7-7eb9-4331-a034-a5be0e790763" testId="7016f5a2-2c42-4da5-93ca-7be20a1bf2cc" testName="AddAsync" computerName="PC-SFERRARI" duration="00:00:00.0137576" startTime="2022-07-27T10:43:15.4620537+02:00" endTime="2022-07-27T10:43:15.4759047+02:00" testType="13cdc9d9-ddb5-4fa4-a97d-d965ccfc6d4b" outcome="Passed" testListId="8c84fa94-04c1-424b-9868-57a2d4851a1d" relativeResultsDirectory="40eb50d7-7eb9-4331-a034-a5be0e790763" />
    <UnitTestResult executionId="13e973cd-df8d-4ad6-890f-2c57ce5295a3" testId="0155c9da-cbc3-44e0-86a4-b8de40891be5" testName="GetOneAsyncWhereSelect" computerName="PC-SFERRARI" duration="00:00:00.0100780" startTime="2022-07-27T10:43:15.2032452+02:00" endTime="2022-07-27T10:43:15.2134668+02:00" testType="13cdc9d9-ddb5-4fa4-a97d-d965ccfc6d4b" outcome="Passed" testListId="8c84fa94-04c1-424b-9868-57a2d4851a1d" relativeResultsDirectory="13e973cd-df8d-4ad6-890f-2c57ce5295a3" />
    <UnitTestResult executionId="8430db9b-6803-4c81-ac9e-afc9bad02e64" testId="aa63609b-ff29-4aca-9bad-51c747b42822" testName="AnyWhereAsync" computerName="PC-SFERRARI" duration="00:00:00.0037044" startTime="2022-07-27T10:43:15.5805305+02:00" endTime="2022-07-27T10:43:15.5843718+02:00" testType="13cdc9d9-ddb5-4fa4-a97d-d965ccfc6d4b" outcome="Passed" testListId="8c84fa94-04c1-424b-9868-57a2d4851a1d" relativeResultsDirectory="8430db9b-6803-4c81-ac9e-afc9bad02e64" />
    <UnitTestResult executionId="ad4f7cdd-6269-4a21-897e-7e0d40cc1cd5" testId="e16308fe-2a49-4e44-b0d9-778ef81caba1" testName="GetOneWhere" computerName="PC-SFERRARI" duration="00:00:03.0391456" startTime="2022-07-27T10:43:12.0048052+02:00" endTime="2022-07-27T10:43:15.0443824+02:00" testType="13cdc9d9-ddb5-4fa4-a97d-d965ccfc6d4b" outcome="Passed" testListId="8c84fa94-04c1-424b-9868-57a2d4851a1d" relativeResultsDirectory="ad4f7cdd-6269-4a21-897e-7e0d40cc1cd5" />
    <UnitTestResult executionId="faf00eb4-e8ee-416a-a1af-03ea3ba68d63" testId="029f065e-9d52-49fc-ad45-34156d45a94a" testName="GetPagedAsyncWhere" computerName="PC-SFERRARI" duration="00:00:00.0015958" startTime="2022-07-27T10:43:15.3510979+02:00" endTime="2022-07-27T10:43:15.3528363+02:00" testType="13cdc9d9-ddb5-4fa4-a97d-d965ccfc6d4b" outcome="Passed" testListId="8c84fa94-04c1-424b-9868-57a2d4851a1d" relativeResultsDirectory="faf00eb4-e8ee-416a-a1af-03ea3ba68d63" />
    <UnitTestResult executionId="70764dc7-dfb6-4306-a296-c8b138ee76fa" testId="4b19772b-5a60-447c-b9fc-c6a227d7d2ce" testName="GetOneWhereInclude" computerName="PC-SFERRARI" duration="00:00:00.0460966" startTime="2022-07-27T10:43:15.1314503+02:00" endTime="2022-07-27T10:43:15.1777533+02:00" testType="13cdc9d9-ddb5-4fa4-a97d-d965ccfc6d4b" outcome="Passed" testListId="8c84fa94-04c1-424b-9868-57a2d4851a1d" relativeResultsDirectory="70764dc7-dfb6-4306-a296-c8b138ee76fa" />
    <UnitTestResult executionId="83652783-15ac-4fd5-b364-55d2ed588f8b" testId="02276d46-7cbb-4563-910d-12cb54f6585c" testName="GetPagedWhereIncludes" computerName="PC-SFERRARI" duration="00:00:00.0173033" startTime="2022-07-27T10:43:15.3529028+02:00" endTime="2022-07-27T10:43:15.3703360+02:00" testType="13cdc9d9-ddb5-4fa4-a97d-d965ccfc6d4b" outcome="Passed" testListId="8c84fa94-04c1-424b-9868-57a2d4851a1d" relativeResultsDirectory="83652783-15ac-4fd5-b364-55d2ed588f8b" />
    <UnitTestResult executionId="2bb7a9d2-4959-4a8d-bb79-0509c73a3b20" testId="9a233e71-993c-4031-90d5-a15704072bf4" testName="GetOneAsyncWhereInclude" computerName="PC-SFERRARI" duration="00:00:00.0141013" startTime="2022-07-27T10:43:15.1778767+02:00" endTime="2022-07-27T10:43:15.1921572+02:00" testType="13cdc9d9-ddb5-4fa4-a97d-d965ccfc6d4b" outcome="Passed" testListId="8c84fa94-04c1-424b-9868-57a2d4851a1d" relativeResultsDirectory="2bb7a9d2-4959-4a8d-bb79-0509c73a3b20" />
    <UnitTestResult executionId="90e52b91-e8cf-445d-bf2f-74032ff8bf81" testId="35ec3dbb-527e-407d-bb3d-36625b0f28f1" testName="GetPagedWhereSelect" computerName="PC-SFERRARI" duration="00:00:00.0069557" startTime="2022-07-27T10:43:15.3738289+02:00" endTime="2022-07-27T10:43:15.3809717+02:00" testType="13cdc9d9-ddb5-4fa4-a97d-d965ccfc6d4b" outcome="Passed" testListId="8c84fa94-04c1-424b-9868-57a2d4851a1d" relativeResultsDirectory="90e52b91-e8cf-445d-bf2f-74032ff8bf81" />
    <UnitTestResult executionId="5e1d9230-2fb4-46eb-9a05-ca2c6562e60b" testId="c271ca6a-5dc1-4279-809c-3104d6da94df" testName="DeleteAsynchronous" computerName="PC-SFERRARI" duration="00:00:00.0017999" startTime="2022-07-27T10:43:15.5416364+02:00" endTime="2022-07-27T10:43:15.5435613+02:00" testType="13cdc9d9-ddb5-4fa4-a97d-d965ccfc6d4b" outcome="Passed" testListId="8c84fa94-04c1-424b-9868-57a2d4851a1d" relativeResultsDirectory="5e1d9230-2fb4-46eb-9a05-ca2c6562e60b" />
    <UnitTestResult executionId="4c4949e3-5529-422e-9ddf-d0e0f9a5d3a0" testId="bb1389be-acc3-4769-ae00-3849d47f8f76" testName="GetOnetWhereIncludesSelect" computerName="PC-SFERRARI" duration="00:00:00.0069551" startTime="2022-07-27T10:43:15.2135408+02:00" endTime="2022-07-27T10:43:15.2206182+02:00" testType="13cdc9d9-ddb5-4fa4-a97d-d965ccfc6d4b" outcome="Passed" testListId="8c84fa94-04c1-424b-9868-57a2d4851a1d" relativeResultsDirectory="4c4949e3-5529-422e-9ddf-d0e0f9a5d3a0" />
    <UnitTestResult executionId="cc7683f3-bff1-4e98-91d0-7575f6f55dc1" testId="38e7e3f9-1772-4d23-8da6-218d0e5a6442" testName="QueryableOrderByDescending" computerName="PC-SFERRARI" duration="00:00:00.0204564" startTime="2022-07-27T10:43:15.4109467+02:00" endTime="2022-07-27T10:43:15.4315916+02:00" testType="13cdc9d9-ddb5-4fa4-a97d-d965ccfc6d4b" outcome="Passed" testListId="8c84fa94-04c1-424b-9868-57a2d4851a1d" relativeResultsDirectory="cc7683f3-bff1-4e98-91d0-7575f6f55dc1" />
    <UnitTestResult executionId="a6544795-7a10-4cd0-afe2-a54d011745ee" testId="8d9a329e-02ba-457c-98c4-fa12f92cbb96" testName="GetPaged" computerName="PC-SFERRARI" duration="00:00:00.0070280" startTime="2022-07-27T10:43:15.3304352+02:00" endTime="2022-07-27T10:43:15.3375797+02:00" testType="13cdc9d9-ddb5-4fa4-a97d-d965ccfc6d4b" outcome="Passed" testListId="8c84fa94-04c1-424b-9868-57a2d4851a1d" relativeResultsDirectory="a6544795-7a10-4cd0-afe2-a54d011745ee" />
  </Results>
  <TestDefinitions>
    <UnitTest name="UpdateValueObject" storage="d:\sferrari\01_trabajo\repos\netcore\libs\template-netcore-entityframework\kitpymes.core.entityframework.tests\bin\release\net5.0\kitpymes.core.entityframework.tests.dll" id="3eeaed65-caac-4092-b984-0d05c2aa3cc3">
      <Execution id="6c2a04d8-d1b1-4c57-aa90-8a2daab095d8" />
      <TestMethod codeBase="D:\SFERRARI\01_TRABAJO\repos\netcore\libs\template-netcore-entityframework\Kitpymes.Core.EntityFramework.Tests\bin\Release\net5.0\Kitpymes.Core.EntityFramework.Tests.dll" adapterTypeName="executor://mstestadapter/v2" className="Kitpymes.Core.EntityFramework.Tests.EntityFrameworkRepositoryTests" name="UpdateValueObject" />
    </UnitTest>
    <UnitTest name="GetOnetWhereIncludesSelect" storage="d:\sferrari\01_trabajo\repos\netcore\libs\template-netcore-entityframework\kitpymes.core.entityframework.tests\bin\release\net5.0\kitpymes.core.entityframework.tests.dll" id="bb1389be-acc3-4769-ae00-3849d47f8f76">
      <Execution id="4c4949e3-5529-422e-9ddf-d0e0f9a5d3a0" />
      <TestMethod codeBase="D:\SFERRARI\01_TRABAJO\repos\netcore\libs\template-netcore-entityframework\Kitpymes.Core.EntityFramework.Tests\bin\Release\net5.0\Kitpymes.Core.EntityFramework.Tests.dll" adapterTypeName="executor://mstestadapter/v2" className="Kitpymes.Core.EntityFramework.Tests.EntityFrameworkRepositoryTests" name="GetOnetWhereIncludesSelect" />
    </UnitTest>
    <UnitTest name="CountWhere" storage="d:\sferrari\01_trabajo\repos\netcore\libs\template-netcore-entityframework\kitpymes.core.entityframework.tests\bin\release\net5.0\kitpymes.core.entityframework.tests.dll" id="10b9a697-8279-4810-a39f-01d6a7be99fc">
      <Execution id="d40cb9bf-e27b-4a53-b15f-eb660efe53ab" />
      <TestMethod codeBase="D:\SFERRARI\01_TRABAJO\repos\netcore\libs\template-netcore-entityframework\Kitpymes.Core.EntityFramework.Tests\bin\Release\net5.0\Kitpymes.Core.EntityFramework.Tests.dll" adapterTypeName="executor://mstestadapter/v2" className="Kitpymes.Core.EntityFramework.Tests.EntityFrameworkRepositoryTests" name="CountWhere" />
    </UnitTest>
    <UnitTest name="GetAllWhereSelect" storage="d:\sferrari\01_trabajo\repos\netcore\libs\template-netcore-entityframework\kitpymes.core.entityframework.tests\bin\release\net5.0\kitpymes.core.entityframework.tests.dll" id="b9245ff9-7a82-4d4d-ba0c-12495aeb0205">
      <Execution id="46fc2f6b-4fa3-467f-8cfa-8b668af730b4" />
      <TestMethod codeBase="D:\SFERRARI\01_TRABAJO\repos\netcore\libs\template-netcore-entityframework\Kitpymes.Core.EntityFramework.Tests\bin\Release\net5.0\Kitpymes.Core.EntityFramework.Tests.dll" adapterTypeName="executor://mstestadapter/v2" className="Kitpymes.Core.EntityFramework.Tests.EntityFrameworkRepositoryTests" name="GetAllWhereSelect" />
    </UnitTest>
    <UnitTest name="StatusActiveConvert" storage="d:\sferrari\01_trabajo\repos\netcore\libs\template-netcore-entityframework\kitpymes.core.entityframework.tests\bin\release\net5.0\kitpymes.core.entityframework.tests.dll" id="4ebcfbd4-d344-400d-be31-9d09f6516e05">
      <Execution id="f37b6824-86de-42af-8bfb-8e58c868b0c8" />
      <TestMethod codeBase="D:\SFERRARI\01_TRABAJO\repos\netcore\libs\template-netcore-entityframework\Kitpymes.Core.EntityFramework.Tests\bin\Release\net5.0\Kitpymes.Core.EntityFramework.Tests.dll" adapterTypeName="executor://mstestadapter/v2" className="Kitpymes.Core.EntityFramework.Tests.EntityFrameworkConverterTests" name="StatusActiveConvert" />
    </UnitTest>
    <UnitTest name="GetPagedWhereIncludesSelect" storage="d:\sferrari\01_trabajo\repos\netcore\libs\template-netcore-entityframework\kitpymes.core.entityframework.tests\bin\release\net5.0\kitpymes.core.entityframework.tests.dll" id="eadcbe5a-5134-45ed-b907-3ade80853205">
      <Execution id="cd0020bd-0454-4c3a-a294-e53ad980ca11" />
      <TestMethod codeBase="D:\SFERRARI\01_TRABAJO\repos\netcore\libs\template-netcore-entityframework\Kitpymes.Core.EntityFramework.Tests\bin\Release\net5.0\Kitpymes.Core.EntityFramework.Tests.dll" adapterTypeName="executor://mstestadapter/v2" className="Kitpymes.Core.EntityFramework.Tests.EntityFrameworkRepositoryTests" name="GetPagedWhereIncludesSelect" />
    </UnitTest>
    <UnitTest name="DeleteWhereAsynchronous" storage="d:\sferrari\01_trabajo\repos\netcore\libs\template-netcore-entityframework\kitpymes.core.entityframework.tests\bin\release\net5.0\kitpymes.core.entityframework.tests.dll" id="9d33a725-cbeb-412b-bfc0-32de80b0119d">
      <Execution id="54538fda-f416-45df-8af2-dbca8e729102" />
      <TestMethod codeBase="D:\SFERRARI\01_TRABAJO\repos\netcore\libs\template-netcore-entityframework\Kitpymes.Core.EntityFramework.Tests\bin\Release\net5.0\Kitpymes.Core.EntityFramework.Tests.dll" adapterTypeName="executor://mstestadapter/v2" className="Kitpymes.Core.EntityFramework.Tests.EntityFrameworkRepositoryTests" name="DeleteWhereAsynchronous" />
    </UnitTest>
    <UnitTest name="AnyAsync" storage="d:\sferrari\01_trabajo\repos\netcore\libs\template-netcore-entityframework\kitpymes.core.entityframework.tests\bin\release\net5.0\kitpymes.core.entityframework.tests.dll" id="8ecbd74a-0781-42d2-8454-de3548aca38f">
      <Execution id="d0c38a97-49ab-49f2-bcea-1ad89b719949" />
      <TestMethod codeBase="D:\SFERRARI\01_TRABAJO\repos\netcore\libs\template-netcore-entityframework\Kitpymes.Core.EntityFramework.Tests\bin\Release\net5.0\Kitpymes.Core.EntityFramework.Tests.dll" adapterTypeName="executor://mstestadapter/v2" className="Kitpymes.Core.EntityFramework.Tests.EntityFrameworkRepositoryTests" name="AnyAsync" />
    </UnitTest>
    <UnitTest name="GetAllWhereIncludesSelect" storage="d:\sferrari\01_trabajo\repos\netcore\libs\template-netcore-entityframework\kitpymes.core.entityframework.tests\bin\release\net5.0\kitpymes.core.entityframework.tests.dll" id="8c0ef566-d151-4f93-8b21-d4462398cb4d">
      <Execution id="1e08cb7e-db76-477b-8d00-4f4607f8aaea" />
      <TestMethod codeBase="D:\SFERRARI\01_TRABAJO\repos\netcore\libs\template-netcore-entityframework\Kitpymes.Core.EntityFramework.Tests\bin\Release\net5.0\Kitpymes.Core.EntityFramework.Tests.dll" adapterTypeName="executor://mstestadapter/v2" className="Kitpymes.Core.EntityFramework.Tests.EntityFrameworkRepositoryTests" name="GetAllWhereIncludesSelect" />
    </UnitTest>
    <UnitTest name="Add" storage="d:\sferrari\01_trabajo\repos\netcore\libs\template-netcore-entityframework\kitpymes.core.entityframework.tests\bin\release\net5.0\kitpymes.core.entityframework.tests.dll" id="a3d77c58-42b4-4fe3-98d2-000e2cafe83d">
      <Execution id="b54888f8-6f1d-4ff7-8a14-a18beb9c710d" />
      <TestMethod codeBase="D:\SFERRARI\01_TRABAJO\repos\netcore\libs\template-netcore-entityframework\Kitpymes.Core.EntityFramework.Tests\bin\Release\net5.0\Kitpymes.Core.EntityFramework.Tests.dll" adapterTypeName="executor://mstestadapter/v2" className="Kitpymes.Core.EntityFramework.Tests.EntityFrameworkRepositoryTests" name="Add" />
    </UnitTest>
    <UnitTest name="AddAsync" storage="d:\sferrari\01_trabajo\repos\netcore\libs\template-netcore-entityframework\kitpymes.core.entityframework.tests\bin\release\net5.0\kitpymes.core.entityframework.tests.dll" id="7016f5a2-2c42-4da5-93ca-7be20a1bf2cc">
      <Execution id="40eb50d7-7eb9-4331-a034-a5be0e790763" />
      <TestMethod codeBase="D:\SFERRARI\01_TRABAJO\repos\netcore\libs\template-netcore-entityframework\Kitpymes.Core.EntityFramework.Tests\bin\Release\net5.0\Kitpymes.Core.EntityFramework.Tests.dll" adapterTypeName="executor://mstestadapter/v2" className="Kitpymes.Core.EntityFramework.Tests.EntityFrameworkRepositoryTests" name="AddAsync" />
    </UnitTest>
    <UnitTest name="QueryableOrderByDescending" storage="d:\sferrari\01_trabajo\repos\netcore\libs\template-netcore-entityframework\kitpymes.core.entityframework.tests\bin\release\net5.0\kitpymes.core.entityframework.tests.dll" id="38e7e3f9-1772-4d23-8da6-218d0e5a6442">
      <Execution id="cc7683f3-bff1-4e98-91d0-7575f6f55dc1" />
      <TestMethod codeBase="D:\SFERRARI\01_TRABAJO\repos\netcore\libs\template-netcore-entityframework\Kitpymes.Core.EntityFramework.Tests\bin\Release\net5.0\Kitpymes.Core.EntityFramework.Tests.dll" adapterTypeName="executor://mstestadapter/v2" className="Kitpymes.Core.EntityFramework.Tests.EntityFrameworkRepositoryTests" name="QueryableOrderByDescending" />
    </UnitTest>
    <UnitTest name="GetAllAsyncWhereIncludesSelect" storage="d:\sferrari\01_trabajo\repos\netcore\libs\template-netcore-entityframework\kitpymes.core.entityframework.tests\bin\release\net5.0\kitpymes.core.entityframework.tests.dll" id="054d2f6b-3389-4352-b818-9073ac46a793">
      <Execution id="63d8d07e-4465-4c48-9d30-1c172a97f0e2" />
      <TestMethod codeBase="D:\SFERRARI\01_TRABAJO\repos\netcore\libs\template-netcore-entityframework\Kitpymes.Core.EntityFramework.Tests\bin\Release\net5.0\Kitpymes.Core.EntityFramework.Tests.dll" adapterTypeName="executor://mstestadapter/v2" className="Kitpymes.Core.EntityFramework.Tests.EntityFrameworkRepositoryTests" name="GetAllAsyncWhereIncludesSelect" />
    </UnitTest>
    <UnitTest name="AddRange" storage="d:\sferrari\01_trabajo\repos\netcore\libs\template-netcore-entityframework\kitpymes.core.entityframework.tests\bin\release\net5.0\kitpymes.core.entityframework.tests.dll" id="80dcf36a-07c3-4fec-85ce-724c841f7662">
      <Execution id="aa91d7be-3435-4ce1-acd6-670d6f269891" />
      <TestMethod codeBase="D:\SFERRARI\01_TRABAJO\repos\netcore\libs\template-netcore-entityframework\Kitpymes.Core.EntityFramework.Tests\bin\Release\net5.0\Kitpymes.Core.EntityFramework.Tests.dll" adapterTypeName="executor://mstestadapter/v2" className="Kitpymes.Core.EntityFramework.Tests.EntityFrameworkRepositoryTests" name="AddRange" />
    </UnitTest>
    <UnitTest name="GetOneWhere" storage="d:\sferrari\01_trabajo\repos\netcore\libs\template-netcore-entityframework\kitpymes.core.entityframework.tests\bin\release\net5.0\kitpymes.core.entityframework.tests.dll" id="e16308fe-2a49-4e44-b0d9-778ef81caba1">
      <Execution id="ad4f7cdd-6269-4a21-897e-7e0d40cc1cd5" />
      <TestMethod codeBase="D:\SFERRARI\01_TRABAJO\repos\netcore\libs\template-netcore-entityframework\Kitpymes.Core.EntityFramework.Tests\bin\Release\net5.0\Kitpymes.Core.EntityFramework.Tests.dll" adapterTypeName="executor://mstestadapter/v2" className="Kitpymes.Core.EntityFramework.Tests.EntityFrameworkRepositoryTests" name="GetOneWhere" />
    </UnitTest>
    <UnitTest name="GetPagedAsync" storage="d:\sferrari\01_trabajo\repos\netcore\libs\template-netcore-entityframework\kitpymes.core.entityframework.tests\bin\release\net5.0\kitpymes.core.entityframework.tests.dll" id="7b28516f-8454-45d0-963b-3e973a88bf14">
      <Execution id="914a9e00-d464-416b-bbae-033a4c5b63ca" />
      <TestMethod codeBase="D:\SFERRARI\01_TRABAJO\repos\netcore\libs\template-netcore-entityframework\Kitpymes.Core.EntityFramework.Tests\bin\Release\net5.0\Kitpymes.Core.EntityFramework.Tests.dll" adapterTypeName="executor://mstestadapter/v2" className="Kitpymes.Core.EntityFramework.Tests.EntityFrameworkRepositoryTests" name="GetPagedAsync" />
    </UnitTest>
    <UnitTest name="AnyWhereAsync" storage="d:\sferrari\01_trabajo\repos\netcore\libs\template-netcore-entityframework\kitpymes.core.entityframework.tests\bin\release\net5.0\kitpymes.core.entityframework.tests.dll" id="aa63609b-ff29-4aca-9bad-51c747b42822">
      <Execution id="8430db9b-6803-4c81-ac9e-afc9bad02e64" />
      <TestMethod codeBase="D:\SFERRARI\01_TRABAJO\repos\netcore\libs\template-netcore-entityframework\Kitpymes.Core.EntityFramework.Tests\bin\Release\net5.0\Kitpymes.Core.EntityFramework.Tests.dll" adapterTypeName="executor://mstestadapter/v2" className="Kitpymes.Core.EntityFramework.Tests.EntityFrameworkRepositoryTests" name="AnyWhereAsync" />
    </UnitTest>
    <UnitTest name="EnumConvertValue" storage="d:\sferrari\01_trabajo\repos\netcore\libs\template-netcore-entityframework\kitpymes.core.entityframework.tests\bin\release\net5.0\kitpymes.core.entityframework.tests.dll" id="0cfa3c6d-e20e-487d-bb1f-4cce35cf5b34">
      <Execution id="0cb9a476-8144-4c71-85ba-78b52977d91e" />
      <TestMethod codeBase="D:\SFERRARI\01_TRABAJO\repos\netcore\libs\template-netcore-entityframework\Kitpymes.Core.EntityFramework.Tests\bin\Release\net5.0\Kitpymes.Core.EntityFramework.Tests.dll" adapterTypeName="executor://mstestadapter/v2" className="Kitpymes.Core.EntityFramework.Tests.EntityFrameworkConverterTests" name="EnumConvertValue" />
    </UnitTest>
    <UnitTest name="GetPagedWhereSelect" storage="d:\sferrari\01_trabajo\repos\netcore\libs\template-netcore-entityframework\kitpymes.core.entityframework.tests\bin\release\net5.0\kitpymes.core.entityframework.tests.dll" id="35ec3dbb-527e-407d-bb3d-36625b0f28f1">
      <Execution id="90e52b91-e8cf-445d-bf2f-74032ff8bf81" />
      <TestMethod codeBase="D:\SFERRARI\01_TRABAJO\repos\netcore\libs\template-netcore-entityframework\Kitpymes.Core.EntityFramework.Tests\bin\Release\net5.0\Kitpymes.Core.EntityFramework.Tests.dll" adapterTypeName="executor://mstestadapter/v2" className="Kitpymes.Core.EntityFramework.Tests.EntityFrameworkRepositoryTests" name="GetPagedWhereSelect" />
    </UnitTest>
    <UnitTest name="StatusInactiveConvert" storage="d:\sferrari\01_trabajo\repos\netcore\libs\template-netcore-entityframework\kitpymes.core.entityframework.tests\bin\release\net5.0\kitpymes.core.entityframework.tests.dll" id="e8b07953-5e8e-42c6-8706-d08563ea4afd">
      <Execution id="a4c552bb-8a7f-4c73-976f-a0dea8d44c8d" />
      <TestMethod codeBase="D:\SFERRARI\01_TRABAJO\repos\netcore\libs\template-netcore-entityframework\Kitpymes.Core.EntityFramework.Tests\bin\Release\net5.0\Kitpymes.Core.EntityFramework.Tests.dll" adapterTypeName="executor://mstestadapter/v2" className="Kitpymes.Core.EntityFramework.Tests.EntityFrameworkConverterTests" name="StatusInactiveConvert" />
    </UnitTest>
    <UnitTest name="NameConvert" storage="d:\sferrari\01_trabajo\repos\netcore\libs\template-netcore-entityframework\kitpymes.core.entityframework.tests\bin\release\net5.0\kitpymes.core.entityframework.tests.dll" id="ba79ab4c-d470-4756-9991-149196bdff3e">
      <Execution id="c0b5a8ae-0e72-4d8a-be9e-4ae224fdcbb2" />
      <TestMethod codeBase="D:\SFERRARI\01_TRABAJO\repos\netcore\libs\template-netcore-entityframework\Kitpymes.Core.EntityFramework.Tests\bin\Release\net5.0\Kitpymes.Core.EntityFramework.Tests.dll" adapterTypeName="executor://mstestadapter/v2" className="Kitpymes.Core.EntityFramework.Tests.EntityFrameworkConverterTests" name="NameConvert" />
    </UnitTest>
    <UnitTest name="GetPagedSelectOrderByNavigationProperty" storage="d:\sferrari\01_trabajo\repos\netcore\libs\template-netcore-entityframework\kitpymes.core.entityframework.tests\bin\release\net5.0\kitpymes.core.entityframework.tests.dll" id="18210aeb-a49d-489d-84ef-062e469102dd">
      <Execution id="ff4443f5-bfe9-4f28-b8aa-74d621182ff7" />
      <TestMethod codeBase="D:\SFERRARI\01_TRABAJO\repos\netcore\libs\template-netcore-entityframework\Kitpymes.Core.EntityFramework.Tests\bin\Release\net5.0\Kitpymes.Core.EntityFramework.Tests.dll" adapterTypeName="executor://mstestadapter/v2" className="Kitpymes.Core.EntityFramework.Tests.EntityFrameworkRepositoryTests" name="GetPagedSelectOrderByNavigationProperty" />
    </UnitTest>
    <UnitTest name="GetPagedWhereIncludes" storage="d:\sferrari\01_trabajo\repos\netcore\libs\template-netcore-entityframework\kitpymes.core.entityframework.tests\bin\release\net5.0\kitpymes.core.entityframework.tests.dll" id="02276d46-7cbb-4563-910d-12cb54f6585c">
      <Execution id="83652783-15ac-4fd5-b364-55d2ed588f8b" />
      <TestMethod codeBase="D:\SFERRARI\01_TRABAJO\repos\netcore\libs\template-netcore-entityframework\Kitpymes.Core.EntityFramework.Tests\bin\Release\net5.0\Kitpymes.Core.EntityFramework.Tests.dll" adapterTypeName="executor://mstestadapter/v2" className="Kitpymes.Core.EntityFramework.Tests.EntityFrameworkRepositoryTests" name="GetPagedWhereIncludes" />
    </UnitTest>
    <UnitTest name="GetOneAsyncWhere" storage="d:\sferrari\01_trabajo\repos\netcore\libs\template-netcore-entityframework\kitpymes.core.entityframework.tests\bin\release\net5.0\kitpymes.core.entityframework.tests.dll" id="df4db0fb-56bf-44a9-8f2a-b8fb655da34a">
      <Execution id="ac78d87d-9605-4b33-b05c-5ce8cef7856b" />
      <TestMethod codeBase="D:\SFERRARI\01_TRABAJO\repos\netcore\libs\template-netcore-entityframework\Kitpymes.Core.EntityFramework.Tests\bin\Release\net5.0\Kitpymes.Core.EntityFramework.Tests.dll" adapterTypeName="executor://mstestadapter/v2" className="Kitpymes.Core.EntityFramework.Tests.EntityFrameworkRepositoryTests" name="GetOneAsyncWhere" />
    </UnitTest>
    <UnitTest name="GetPagedAsyncWhereSelect" storage="d:\sferrari\01_trabajo\repos\netcore\libs\template-netcore-entityframework\kitpymes.core.entityframework.tests\bin\release\net5.0\kitpymes.core.entityframework.tests.dll" id="9f6c6fa3-92ee-488b-95d0-26faaf72714c">
      <Execution id="1394e74e-fb1d-4c67-8ae0-92cdbc222895" />
      <TestMethod codeBase="D:\SFERRARI\01_TRABAJO\repos\netcore\libs\template-netcore-entityframework\Kitpymes.Core.EntityFramework.Tests\bin\Release\net5.0\Kitpymes.Core.EntityFramework.Tests.dll" adapterTypeName="executor://mstestadapter/v2" className="Kitpymes.Core.EntityFramework.Tests.EntityFrameworkRepositoryTests" name="GetPagedAsyncWhereSelect" />
    </UnitTest>
    <UnitTest name="GetAll" storage="d:\sferrari\01_trabajo\repos\netcore\libs\template-netcore-entityframework\kitpymes.core.entityframework.tests\bin\release\net5.0\kitpymes.core.entityframework.tests.dll" id="1ac96d97-2004-4b8f-b6eb-e4e3952e3c13">
      <Execution id="91028c91-dc91-4d26-b4fc-b45be1fc2894" />
      <TestMethod codeBase="D:\SFERRARI\01_TRABAJO\repos\netcore\libs\template-netcore-entityframework\Kitpymes.Core.EntityFramework.Tests\bin\Release\net5.0\Kitpymes.Core.EntityFramework.Tests.dll" adapterTypeName="executor://mstestadapter/v2" className="Kitpymes.Core.EntityFramework.Tests.EntityFrameworkRepositoryTests" name="GetAll" />
    </UnitTest>
    <UnitTest name="AddRangeAsync" storage="d:\sferrari\01_trabajo\repos\netcore\libs\template-netcore-entityframework\kitpymes.core.entityframework.tests\bin\release\net5.0\kitpymes.core.entityframework.tests.dll" id="a817e737-c5b9-4934-bc87-cbd1ecc0a491">
      <Execution id="94daffdb-75b6-42da-905e-fb32e4ec9d2a" />
      <TestMethod codeBase="D:\SFERRARI\01_TRABAJO\repos\netcore\libs\template-netcore-entityframework\Kitpymes.Core.EntityFramework.Tests\bin\Release\net5.0\Kitpymes.Core.EntityFramework.Tests.dll" adapterTypeName="executor://mstestadapter/v2" className="Kitpymes.Core.EntityFramework.Tests.EntityFrameworkRepositoryTests" name="AddRangeAsync" />
    </UnitTest>
    <UnitTest name="GetPagedSelectOrderByProperty" storage="d:\sferrari\01_trabajo\repos\netcore\libs\template-netcore-entityframework\kitpymes.core.entityframework.tests\bin\release\net5.0\kitpymes.core.entityframework.tests.dll" id="8a6a5527-70ae-404f-acd4-29131ea24d8d">
      <Execution id="aceb4b0a-baab-47f8-b920-f704a841cfa7" />
      <TestMethod codeBase="D:\SFERRARI\01_TRABAJO\repos\netcore\libs\template-netcore-entityframework\Kitpymes.Core.EntityFramework.Tests\bin\Release\net5.0\Kitpymes.Core.EntityFramework.Tests.dll" adapterTypeName="executor://mstestadapter/v2" className="Kitpymes.Core.EntityFramework.Tests.EntityFrameworkRepositoryTests" name="GetPagedSelectOrderByProperty" />
    </UnitTest>
    <UnitTest name="Any" storage="d:\sferrari\01_trabajo\repos\netcore\libs\template-netcore-entityframework\kitpymes.core.entityframework.tests\bin\release\net5.0\kitpymes.core.entityframework.tests.dll" id="09f7954b-9d41-465b-96cd-86278dea5861">
      <Execution id="ea25f892-1ddd-4722-8609-1cd92bd779e2" />
      <TestMethod codeBase="D:\SFERRARI\01_TRABAJO\repos\netcore\libs\template-netcore-entityframework\Kitpymes.Core.EntityFramework.Tests\bin\Release\net5.0\Kitpymes.Core.EntityFramework.Tests.dll" adapterTypeName="executor://mstestadapter/v2" className="Kitpymes.Core.EntityFramework.Tests.EntityFrameworkRepositoryTests" name="Any" />
    </UnitTest>
    <UnitTest name="GetPagedAsyncWhere" storage="d:\sferrari\01_trabajo\repos\netcore\libs\template-netcore-entityframework\kitpymes.core.entityframework.tests\bin\release\net5.0\kitpymes.core.entityframework.tests.dll" id="029f065e-9d52-49fc-ad45-34156d45a94a">
      <Execution id="faf00eb4-e8ee-416a-a1af-03ea3ba68d63" />
      <TestMethod codeBase="D:\SFERRARI\01_TRABAJO\repos\netcore\libs\template-netcore-entityframework\Kitpymes.Core.EntityFramework.Tests\bin\Release\net5.0\Kitpymes.Core.EntityFramework.Tests.dll" adapterTypeName="executor://mstestadapter/v2" className="Kitpymes.Core.EntityFramework.Tests.EntityFrameworkRepositoryTests" name="GetPagedAsyncWhere" />
    </UnitTest>
    <UnitTest name="GetPagedWhere" storage="d:\sferrari\01_trabajo\repos\netcore\libs\template-netcore-entityframework\kitpymes.core.entityframework.tests\bin\release\net5.0\kitpymes.core.entityframework.tests.dll" id="072df844-1271-49cb-9f64-ff6e13cef939">
      <Execution id="0f407239-a32f-45fc-8ed7-7013b65d1406" />
      <TestMethod codeBase="D:\SFERRARI\01_TRABAJO\repos\netcore\libs\template-netcore-entityframework\Kitpymes.Core.EntityFramework.Tests\bin\Release\net5.0\Kitpymes.Core.EntityFramework.Tests.dll" adapterTypeName="executor://mstestadapter/v2" className="Kitpymes.Core.EntityFramework.Tests.EntityFrameworkRepositoryTests" name="GetPagedWhere" />
    </UnitTest>
    <UnitTest name="GetOnetWhereSelect" storage="d:\sferrari\01_trabajo\repos\netcore\libs\template-netcore-entityframework\kitpymes.core.entityframework.tests\bin\release\net5.0\kitpymes.core.entityframework.tests.dll" id="7f39242a-ac81-4d48-a83f-ab718590b57c">
      <Execution id="71cc61b4-7f73-4675-81bd-e8dd59acf5c7" />
      <TestMethod codeBase="D:\SFERRARI\01_TRABAJO\repos\netcore\libs\template-netcore-entityframework\Kitpymes.Core.EntityFramework.Tests\bin\Release\net5.0\Kitpymes.Core.EntityFramework.Tests.dll" adapterTypeName="executor://mstestadapter/v2" className="Kitpymes.Core.EntityFramework.Tests.EntityFrameworkRepositoryTests" name="GetOnetWhereSelect" />
    </UnitTest>
    <UnitTest name="GetAllAsyncWhere" storage="d:\sferrari\01_trabajo\repos\netcore\libs\template-netcore-entityframework\kitpymes.core.entityframework.tests\bin\release\net5.0\kitpymes.core.entityframework.tests.dll" id="4d891450-b285-4f00-9a06-3bbd12cc295f">
      <Execution id="f534afb0-7a84-4f83-9a47-58fcce5315d1" />
      <TestMethod codeBase="D:\SFERRARI\01_TRABAJO\repos\netcore\libs\template-netcore-entityframework\Kitpymes.Core.EntityFramework.Tests\bin\Release\net5.0\Kitpymes.Core.EntityFramework.Tests.dll" adapterTypeName="executor://mstestadapter/v2" className="Kitpymes.Core.EntityFramework.Tests.EntityFrameworkRepositoryTests" name="GetAllAsyncWhere" />
    </UnitTest>
    <UnitTest name="Find" storage="d:\sferrari\01_trabajo\repos\netcore\libs\template-netcore-entityframework\kitpymes.core.entityframework.tests\bin\release\net5.0\kitpymes.core.entityframework.tests.dll" id="e1b44214-fa98-401b-b731-c4624c392132">
      <Execution id="b7697ef7-04f1-48e6-b802-16c76405bec6" />
      <TestMethod codeBase="D:\SFERRARI\01_TRABAJO\repos\netcore\libs\template-netcore-entityframework\Kitpymes.Core.EntityFramework.Tests\bin\Release\net5.0\Kitpymes.Core.EntityFramework.Tests.dll" adapterTypeName="executor://mstestadapter/v2" className="Kitpymes.Core.EntityFramework.Tests.EntityFrameworkRepositoryTests" name="Find" />
    </UnitTest>
    <UnitTest name="AnyWhere" storage="d:\sferrari\01_trabajo\repos\netcore\libs\template-netcore-entityframework\kitpymes.core.entityframework.tests\bin\release\net5.0\kitpymes.core.entityframework.tests.dll" id="6fbf9a36-5fca-4da9-b3ac-2681b85e13b9">
      <Execution id="047be6bf-3fec-486f-a4ae-ee9f8ef06769" />
      <TestMethod codeBase="D:\SFERRARI\01_TRABAJO\repos\netcore\libs\template-netcore-entityframework\Kitpymes.Core.EntityFramework.Tests\bin\Release\net5.0\Kitpymes.Core.EntityFramework.Tests.dll" adapterTypeName="executor://mstestadapter/v2" className="Kitpymes.Core.EntityFramework.Tests.EntityFrameworkRepositoryTests" name="AnyWhere" />
    </UnitTest>
    <UnitTest name="EnumConvertName" storage="d:\sferrari\01_trabajo\repos\netcore\libs\template-netcore-entityframework\kitpymes.core.entityframework.tests\bin\release\net5.0\kitpymes.core.entityframework.tests.dll" id="fede0836-dc0c-4ae3-b2f6-343ca89d5ab7">
      <Execution id="e1d128a7-abad-46cc-b240-abc0179812fb" />
      <TestMethod codeBase="D:\SFERRARI\01_TRABAJO\repos\netcore\libs\template-netcore-entityframework\Kitpymes.Core.EntityFramework.Tests\bin\Release\net5.0\Kitpymes.Core.EntityFramework.Tests.dll" adapterTypeName="executor://mstestadapter/v2" className="Kitpymes.Core.EntityFramework.Tests.EntityFrameworkConverterTests" name="EnumConvertName" />
    </UnitTest>
    <UnitTest name="GetAllWhere" storage="d:\sferrari\01_trabajo\repos\netcore\libs\template-netcore-entityframework\kitpymes.core.entityframework.tests\bin\release\net5.0\kitpymes.core.entityframework.tests.dll" id="e11441fa-d68e-47d3-b9d1-666523fe3c4e">
      <Execution id="f7afb5f6-5ae7-4eca-b523-06ccafaa7f2f" />
      <TestMethod codeBase="D:\SFERRARI\01_TRABAJO\repos\netcore\libs\template-netcore-entityframework\Kitpymes.Core.EntityFramework.Tests\bin\Release\net5.0\Kitpymes.Core.EntityFramework.Tests.dll" adapterTypeName="executor://mstestadapter/v2" className="Kitpymes.Core.EntityFramework.Tests.EntityFrameworkRepositoryTests" name="GetAllWhere" />
    </UnitTest>
    <UnitTest name="SubdomainConvert" storage="d:\sferrari\01_trabajo\repos\netcore\libs\template-netcore-entityframework\kitpymes.core.entityframework.tests\bin\release\net5.0\kitpymes.core.entityframework.tests.dll" id="15fd2dbf-3b1d-4159-afe5-60641e74952b">
      <Execution id="8544061a-e432-4bb0-bc5e-de9728a0eaa9" />
      <TestMethod codeBase="D:\SFERRARI\01_TRABAJO\repos\netcore\libs\template-netcore-entityframework\Kitpymes.Core.EntityFramework.Tests\bin\Release\net5.0\Kitpymes.Core.EntityFramework.Tests.dll" adapterTypeName="executor://mstestadapter/v2" className="Kitpymes.Core.EntityFramework.Tests.EntityFrameworkConverterTests" name="SubdomainConvert" />
    </UnitTest>
    <UnitTest name="UpdateSelect" storage="d:\sferrari\01_trabajo\repos\netcore\libs\template-netcore-entityframework\kitpymes.core.entityframework.tests\bin\release\net5.0\kitpymes.core.entityframework.tests.dll" id="937339f2-507e-438b-a845-6ab9b97a2860">
      <Execution id="e3eaad6b-051f-4a7c-99fc-e0b0c43eac28" />
      <TestMethod codeBase="D:\SFERRARI\01_TRABAJO\repos\netcore\libs\template-netcore-entityframework\Kitpymes.Core.EntityFramework.Tests\bin\Release\net5.0\Kitpymes.Core.EntityFramework.Tests.dll" adapterTypeName="executor://mstestadapter/v2" className="Kitpymes.Core.EntityFramework.Tests.EntityFrameworkRepositoryTests" name="UpdateSelect" />
    </UnitTest>
    <UnitTest name="Update" storage="d:\sferrari\01_trabajo\repos\netcore\libs\template-netcore-entityframework\kitpymes.core.entityframework.tests\bin\release\net5.0\kitpymes.core.entityframework.tests.dll" id="d3a485b8-e723-45c2-9cde-4fb5a137ace2">
      <Execution id="cc80eff9-98be-4683-ad8b-59443b06af56" />
      <TestMethod codeBase="D:\SFERRARI\01_TRABAJO\repos\netcore\libs\template-netcore-entityframework\Kitpymes.Core.EntityFramework.Tests\bin\Release\net5.0\Kitpymes.Core.EntityFramework.Tests.dll" adapterTypeName="executor://mstestadapter/v2" className="Kitpymes.Core.EntityFramework.Tests.EntityFrameworkRepositoryTests" name="Update" />
    </UnitTest>
    <UnitTest name="GetPagedAsyncWhereIncludes" storage="d:\sferrari\01_trabajo\repos\netcore\libs\template-netcore-entityframework\kitpymes.core.entityframework.tests\bin\release\net5.0\kitpymes.core.entityframework.tests.dll" id="672f9007-80dc-4626-a575-8a7040d56f54">
      <Execution id="8686fa44-6785-48f8-8868-ad132d1b7cd5" />
      <TestMethod codeBase="D:\SFERRARI\01_TRABAJO\repos\netcore\libs\template-netcore-entityframework\Kitpymes.Core.EntityFramework.Tests\bin\Release\net5.0\Kitpymes.Core.EntityFramework.Tests.dll" adapterTypeName="executor://mstestadapter/v2" className="Kitpymes.Core.EntityFramework.Tests.EntityFrameworkRepositoryTests" name="GetPagedAsyncWhereIncludes" />
    </UnitTest>
    <UnitTest name="GetAllAsyncWhereIncludes" storage="d:\sferrari\01_trabajo\repos\netcore\libs\template-netcore-entityframework\kitpymes.core.entityframework.tests\bin\release\net5.0\kitpymes.core.entityframework.tests.dll" id="bdfd1e42-7fbf-4040-af45-16b37b02d00c">
      <Execution id="fb423568-fdda-44de-8db3-db45e882eada" />
      <TestMethod codeBase="D:\SFERRARI\01_TRABAJO\repos\netcore\libs\template-netcore-entityframework\Kitpymes.Core.EntityFramework.Tests\bin\Release\net5.0\Kitpymes.Core.EntityFramework.Tests.dll" adapterTypeName="executor://mstestadapter/v2" className="Kitpymes.Core.EntityFramework.Tests.EntityFrameworkRepositoryTests" name="GetAllAsyncWhereIncludes" />
    </UnitTest>
    <UnitTest name="GetOneWhereInclude" storage="d:\sferrari\01_trabajo\repos\netcore\libs\template-netcore-entityframework\kitpymes.core.entityframework.tests\bin\release\net5.0\kitpymes.core.entityframework.tests.dll" id="4b19772b-5a60-447c-b9fc-c6a227d7d2ce">
      <Execution id="70764dc7-dfb6-4306-a296-c8b138ee76fa" />
      <TestMethod codeBase="D:\SFERRARI\01_TRABAJO\repos\netcore\libs\template-netcore-entityframework\Kitpymes.Core.EntityFramework.Tests\bin\Release\net5.0\Kitpymes.Core.EntityFramework.Tests.dll" adapterTypeName="executor://mstestadapter/v2" className="Kitpymes.Core.EntityFramework.Tests.EntityFrameworkRepositoryTests" name="GetOneWhereInclude" />
    </UnitTest>
    <UnitTest name="GetAllAsyncWhereSelect" storage="d:\sferrari\01_trabajo\repos\netcore\libs\template-netcore-entityframework\kitpymes.core.entityframework.tests\bin\release\net5.0\kitpymes.core.entityframework.tests.dll" id="0fb35dbe-3943-457d-8f19-46c969759af7">
      <Execution id="0693c15a-4019-44af-8879-37ca7bebebd3" />
      <TestMethod codeBase="D:\SFERRARI\01_TRABAJO\repos\netcore\libs\template-netcore-entityframework\Kitpymes.Core.EntityFramework.Tests\bin\Release\net5.0\Kitpymes.Core.EntityFramework.Tests.dll" adapterTypeName="executor://mstestadapter/v2" className="Kitpymes.Core.EntityFramework.Tests.EntityFrameworkRepositoryTests" name="GetAllAsyncWhereSelect" />
    </UnitTest>
    <UnitTest name="CountWhereAsync" storage="d:\sferrari\01_trabajo\repos\netcore\libs\template-netcore-entityframework\kitpymes.core.entityframework.tests\bin\release\net5.0\kitpymes.core.entityframework.tests.dll" id="df8d93b6-ac8c-42ec-8adf-f874ef80a982">
      <Execution id="9a77d68c-f8f4-4af3-8a98-b8ba926c04a3" />
      <TestMethod codeBase="D:\SFERRARI\01_TRABAJO\repos\netcore\libs\template-netcore-entityframework\Kitpymes.Core.EntityFramework.Tests\bin\Release\net5.0\Kitpymes.Core.EntityFramework.Tests.dll" adapterTypeName="executor://mstestadapter/v2" className="Kitpymes.Core.EntityFramework.Tests.EntityFrameworkRepositoryTests" name="CountWhereAsync" />
    </UnitTest>
    <UnitTest name="GetPagedAsyncWhereIncludesSelect" storage="d:\sferrari\01_trabajo\repos\netcore\libs\template-netcore-entityframework\kitpymes.core.entityframework.tests\bin\release\net5.0\kitpymes.core.entityframework.tests.dll" id="d54e5cd0-bf25-4ef8-8d15-8cf503d0682d">
      <Execution id="b8107e37-8580-47db-a5e7-0eddf4b99010" />
      <TestMethod codeBase="D:\SFERRARI\01_TRABAJO\repos\netcore\libs\template-netcore-entityframework\Kitpymes.Core.EntityFramework.Tests\bin\Release\net5.0\Kitpymes.Core.EntityFramework.Tests.dll" adapterTypeName="executor://mstestadapter/v2" className="Kitpymes.Core.EntityFramework.Tests.EntityFrameworkRepositoryTests" name="GetPagedAsyncWhereIncludesSelect" />
    </UnitTest>
    <UnitTest name="Delete" storage="d:\sferrari\01_trabajo\repos\netcore\libs\template-netcore-entityframework\kitpymes.core.entityframework.tests\bin\release\net5.0\kitpymes.core.entityframework.tests.dll" id="d4f60b1d-ee59-4f25-bc1c-9047bcb11ba6">
      <Execution id="cdccd05b-f16d-469c-a25b-a114af9836a0" />
      <TestMethod codeBase="D:\SFERRARI\01_TRABAJO\repos\netcore\libs\template-netcore-entityframework\Kitpymes.Core.EntityFramework.Tests\bin\Release\net5.0\Kitpymes.Core.EntityFramework.Tests.dll" adapterTypeName="executor://mstestadapter/v2" className="Kitpymes.Core.EntityFramework.Tests.EntityFrameworkRepositoryTests" name="Delete" />
    </UnitTest>
    <UnitTest name="DeleteAsynchronous" storage="d:\sferrari\01_trabajo\repos\netcore\libs\template-netcore-entityframework\kitpymes.core.entityframework.tests\bin\release\net5.0\kitpymes.core.entityframework.tests.dll" id="c271ca6a-5dc1-4279-809c-3104d6da94df">
      <Execution id="5e1d9230-2fb4-46eb-9a05-ca2c6562e60b" />
      <TestMethod codeBase="D:\SFERRARI\01_TRABAJO\repos\netcore\libs\template-netcore-entityframework\Kitpymes.Core.EntityFramework.Tests\bin\Release\net5.0\Kitpymes.Core.EntityFramework.Tests.dll" adapterTypeName="executor://mstestadapter/v2" className="Kitpymes.Core.EntityFramework.Tests.EntityFrameworkRepositoryTests" name="DeleteAsynchronous" />
    </UnitTest>
    <UnitTest name="Count" storage="d:\sferrari\01_trabajo\repos\netcore\libs\template-netcore-entityframework\kitpymes.core.entityframework.tests\bin\release\net5.0\kitpymes.core.entityframework.tests.dll" id="7cceebfd-5a6c-40e4-9c89-7b3d360e7ef8">
      <Execution id="606d564b-7874-45f7-9051-264932c55c3f" />
      <TestMethod codeBase="D:\SFERRARI\01_TRABAJO\repos\netcore\libs\template-netcore-entityframework\Kitpymes.Core.EntityFramework.Tests\bin\Release\net5.0\Kitpymes.Core.EntityFramework.Tests.dll" adapterTypeName="executor://mstestadapter/v2" className="Kitpymes.Core.EntityFramework.Tests.EntityFrameworkRepositoryTests" name="Count" />
    </UnitTest>
    <UnitTest name="GetOneAsyncWhereSelect" storage="d:\sferrari\01_trabajo\repos\netcore\libs\template-netcore-entityframework\kitpymes.core.entityframework.tests\bin\release\net5.0\kitpymes.core.entityframework.tests.dll" id="0155c9da-cbc3-44e0-86a4-b8de40891be5">
      <Execution id="13e973cd-df8d-4ad6-890f-2c57ce5295a3" />
      <TestMethod codeBase="D:\SFERRARI\01_TRABAJO\repos\netcore\libs\template-netcore-entityframework\Kitpymes.Core.EntityFramework.Tests\bin\Release\net5.0\Kitpymes.Core.EntityFramework.Tests.dll" adapterTypeName="executor://mstestadapter/v2" className="Kitpymes.Core.EntityFramework.Tests.EntityFrameworkRepositoryTests" name="GetOneAsyncWhereSelect" />
    </UnitTest>
    <UnitTest name="GetOneAsyncWhereInclude" storage="d:\sferrari\01_trabajo\repos\netcore\libs\template-netcore-entityframework\kitpymes.core.entityframework.tests\bin\release\net5.0\kitpymes.core.entityframework.tests.dll" id="9a233e71-993c-4031-90d5-a15704072bf4">
      <Execution id="2bb7a9d2-4959-4a8d-bb79-0509c73a3b20" />
      <TestMethod codeBase="D:\SFERRARI\01_TRABAJO\repos\netcore\libs\template-netcore-entityframework\Kitpymes.Core.EntityFramework.Tests\bin\Release\net5.0\Kitpymes.Core.EntityFramework.Tests.dll" adapterTypeName="executor://mstestadapter/v2" className="Kitpymes.Core.EntityFramework.Tests.EntityFrameworkRepositoryTests" name="GetOneAsyncWhereInclude" />
    </UnitTest>
    <UnitTest name="GetPaged" storage="d:\sferrari\01_trabajo\repos\netcore\libs\template-netcore-entityframework\kitpymes.core.entityframework.tests\bin\release\net5.0\kitpymes.core.entityframework.tests.dll" id="8d9a329e-02ba-457c-98c4-fa12f92cbb96">
      <Execution id="a6544795-7a10-4cd0-afe2-a54d011745ee" />
      <TestMethod codeBase="D:\SFERRARI\01_TRABAJO\repos\netcore\libs\template-netcore-entityframework\Kitpymes.Core.EntityFramework.Tests\bin\Release\net5.0\Kitpymes.Core.EntityFramework.Tests.dll" adapterTypeName="executor://mstestadapter/v2" className="Kitpymes.Core.EntityFramework.Tests.EntityFrameworkRepositoryTests" name="GetPaged" />
    </UnitTest>
    <UnitTest name="UpdatePartial" storage="d:\sferrari\01_trabajo\repos\netcore\libs\template-netcore-entityframework\kitpymes.core.entityframework.tests\bin\release\net5.0\kitpymes.core.entityframework.tests.dll" id="21c95d9e-3654-4ba0-a330-330074a336c8">
      <Execution id="158693c1-f85e-4f5a-aca7-e5ac66d66925" />
      <TestMethod codeBase="D:\SFERRARI\01_TRABAJO\repos\netcore\libs\template-netcore-entityframework\Kitpymes.Core.EntityFramework.Tests\bin\Release\net5.0\Kitpymes.Core.EntityFramework.Tests.dll" adapterTypeName="executor://mstestadapter/v2" className="Kitpymes.Core.EntityFramework.Tests.EntityFrameworkRepositoryTests" name="UpdatePartial" />
    </UnitTest>
    <UnitTest name="FindAsync" storage="d:\sferrari\01_trabajo\repos\netcore\libs\template-netcore-entityframework\kitpymes.core.entityframework.tests\bin\release\net5.0\kitpymes.core.entityframework.tests.dll" id="554e517c-ce87-4c53-a726-e153bd9bf7ee">
      <Execution id="92ed4813-00cf-4267-8fc1-3ad8bd42b4e2" />
      <TestMethod codeBase="D:\SFERRARI\01_TRABAJO\repos\netcore\libs\template-netcore-entityframework\Kitpymes.Core.EntityFramework.Tests\bin\Release\net5.0\Kitpymes.Core.EntityFramework.Tests.dll" adapterTypeName="executor://mstestadapter/v2" className="Kitpymes.Core.EntityFramework.Tests.EntityFrameworkRepositoryTests" name="FindAsync" />
    </UnitTest>
    <UnitTest name="EmailConvert" storage="d:\sferrari\01_trabajo\repos\netcore\libs\template-netcore-entityframework\kitpymes.core.entityframework.tests\bin\release\net5.0\kitpymes.core.entityframework.tests.dll" id="3f08db7c-5f16-4da6-819a-a86c6791bb0a">
      <Execution id="b6556208-3154-40ee-8496-190eb094e5ac" />
      <TestMethod codeBase="D:\SFERRARI\01_TRABAJO\repos\netcore\libs\template-netcore-entityframework\Kitpymes.Core.EntityFramework.Tests\bin\Release\net5.0\Kitpymes.Core.EntityFramework.Tests.dll" adapterTypeName="executor://mstestadapter/v2" className="Kitpymes.Core.EntityFramework.Tests.EntityFrameworkConverterTests" name="EmailConvert" />
    </UnitTest>
    <UnitTest name="GetAllAsync" storage="d:\sferrari\01_trabajo\repos\netcore\libs\template-netcore-entityframework\kitpymes.core.entityframework.tests\bin\release\net5.0\kitpymes.core.entityframework.tests.dll" id="3bdec14c-e62b-462e-8c6d-87d39b057cec">
      <Execution id="99a228f7-73d3-495e-a07e-e8b400e99063" />
      <TestMethod codeBase="D:\SFERRARI\01_TRABAJO\repos\netcore\libs\template-netcore-entityframework\Kitpymes.Core.EntityFramework.Tests\bin\Release\net5.0\Kitpymes.Core.EntityFramework.Tests.dll" adapterTypeName="executor://mstestadapter/v2" className="Kitpymes.Core.EntityFramework.Tests.EntityFrameworkRepositoryTests" name="GetAllAsync" />
    </UnitTest>
    <UnitTest name="GetAllWhereIncludes" storage="d:\sferrari\01_trabajo\repos\netcore\libs\template-netcore-entityframework\kitpymes.core.entityframework.tests\bin\release\net5.0\kitpymes.core.entityframework.tests.dll" id="dff7d739-fd05-4ffc-8f7e-a1b0bc17bca8">
      <Execution id="91bc467f-25c9-41d9-9aca-3ac7843f545d" />
      <TestMethod codeBase="D:\SFERRARI\01_TRABAJO\repos\netcore\libs\template-netcore-entityframework\Kitpymes.Core.EntityFramework.Tests\bin\Release\net5.0\Kitpymes.Core.EntityFramework.Tests.dll" adapterTypeName="executor://mstestadapter/v2" className="Kitpymes.Core.EntityFramework.Tests.EntityFrameworkRepositoryTests" name="GetAllWhereIncludes" />
    </UnitTest>
    <UnitTest name="CountAsync" storage="d:\sferrari\01_trabajo\repos\netcore\libs\template-netcore-entityframework\kitpymes.core.entityframework.tests\bin\release\net5.0\kitpymes.core.entityframework.tests.dll" id="38a98183-979f-4934-b03c-abe3d73b5087">
      <Execution id="c3b7e68f-ef3b-45cc-81f9-da168a16aae5" />
      <TestMethod codeBase="D:\SFERRARI\01_TRABAJO\repos\netcore\libs\template-netcore-entityframework\Kitpymes.Core.EntityFramework.Tests\bin\Release\net5.0\Kitpymes.Core.EntityFramework.Tests.dll" adapterTypeName="executor://mstestadapter/v2" className="Kitpymes.Core.EntityFramework.Tests.EntityFrameworkRepositoryTests" name="CountAsync" />
    </UnitTest>
    <UnitTest name="UpdateAsynchronous" storage="d:\sferrari\01_trabajo\repos\netcore\libs\template-netcore-entityframework\kitpymes.core.entityframework.tests\bin\release\net5.0\kitpymes.core.entityframework.tests.dll" id="e7344a2e-afc5-4f99-85d7-7bdda3aaf6a0">
      <Execution id="850eddc1-a539-4400-aa15-21bd7592ddf9" />
      <TestMethod codeBase="D:\SFERRARI\01_TRABAJO\repos\netcore\libs\template-netcore-entityframework\Kitpymes.Core.EntityFramework.Tests\bin\Release\net5.0\Kitpymes.Core.EntityFramework.Tests.dll" adapterTypeName="executor://mstestadapter/v2" className="Kitpymes.Core.EntityFramework.Tests.EntityFrameworkRepositoryTests" name="UpdateAsynchronous" />
    </UnitTest>
    <UnitTest name="DeleteWhere" storage="d:\sferrari\01_trabajo\repos\netcore\libs\template-netcore-entityframework\kitpymes.core.entityframework.tests\bin\release\net5.0\kitpymes.core.entityframework.tests.dll" id="4b28c689-c264-4eaf-a8e1-44b3a8e9fb9b">
      <Execution id="ecba0f57-ce86-47b0-a09b-a0ebf828dd53" />
      <TestMethod codeBase="D:\SFERRARI\01_TRABAJO\repos\netcore\libs\template-netcore-entityframework\Kitpymes.Core.EntityFramework.Tests\bin\Release\net5.0\Kitpymes.Core.EntityFramework.Tests.dll" adapterTypeName="executor://mstestadapter/v2" className="Kitpymes.Core.EntityFramework.Tests.EntityFrameworkRepositoryTests" name="DeleteWhere" />
    </UnitTest>
    <UnitTest name="GetOneAsyncWhereIncludesSelect" storage="d:\sferrari\01_trabajo\repos\netcore\libs\template-netcore-entityframework\kitpymes.core.entityframework.tests\bin\release\net5.0\kitpymes.core.entityframework.tests.dll" id="ee7b04f8-8708-44d1-b551-7f6076316794">
      <Execution id="d9185fed-902b-47cb-8cd2-d0203d77c444" />
      <TestMethod codeBase="D:\SFERRARI\01_TRABAJO\repos\netcore\libs\template-netcore-entityframework\Kitpymes.Core.EntityFramework.Tests\bin\Release\net5.0\Kitpymes.Core.EntityFramework.Tests.dll" adapterTypeName="executor://mstestadapter/v2" className="Kitpymes.Core.EntityFramework.Tests.EntityFrameworkRepositoryTests" name="GetOneAsyncWhereIncludesSelect" />
    </UnitTest>
  </TestDefinitions>
  <TestEntries>
    <TestEntry testId="937339f2-507e-438b-a845-6ab9b97a2860" executionId="e3eaad6b-051f-4a7c-99fc-e0b0c43eac28" testListId="8c84fa94-04c1-424b-9868-57a2d4851a1d" />
    <TestEntry testId="8ecbd74a-0781-42d2-8454-de3548aca38f" executionId="d0c38a97-49ab-49f2-bcea-1ad89b719949" testListId="8c84fa94-04c1-424b-9868-57a2d4851a1d" />
    <TestEntry testId="df8d93b6-ac8c-42ec-8adf-f874ef80a982" executionId="9a77d68c-f8f4-4af3-8a98-b8ba926c04a3" testListId="8c84fa94-04c1-424b-9868-57a2d4851a1d" />
    <TestEntry testId="b9245ff9-7a82-4d4d-ba0c-12495aeb0205" executionId="46fc2f6b-4fa3-467f-8cfa-8b668af730b4" testListId="8c84fa94-04c1-424b-9868-57a2d4851a1d" />
    <TestEntry testId="8a6a5527-70ae-404f-acd4-29131ea24d8d" executionId="aceb4b0a-baab-47f8-b920-f704a841cfa7" testListId="8c84fa94-04c1-424b-9868-57a2d4851a1d" />
    <TestEntry testId="3eeaed65-caac-4092-b984-0d05c2aa3cc3" executionId="6c2a04d8-d1b1-4c57-aa90-8a2daab095d8" testListId="8c84fa94-04c1-424b-9868-57a2d4851a1d" />
    <TestEntry testId="10b9a697-8279-4810-a39f-01d6a7be99fc" executionId="d40cb9bf-e27b-4a53-b15f-eb660efe53ab" testListId="8c84fa94-04c1-424b-9868-57a2d4851a1d" />
    <TestEntry testId="15fd2dbf-3b1d-4159-afe5-60641e74952b" executionId="8544061a-e432-4bb0-bc5e-de9728a0eaa9" testListId="8c84fa94-04c1-424b-9868-57a2d4851a1d" />
    <TestEntry testId="072df844-1271-49cb-9f64-ff6e13cef939" executionId="0f407239-a32f-45fc-8ed7-7013b65d1406" testListId="8c84fa94-04c1-424b-9868-57a2d4851a1d" />
    <TestEntry testId="ba79ab4c-d470-4756-9991-149196bdff3e" executionId="c0b5a8ae-0e72-4d8a-be9e-4ae224fdcbb2" testListId="8c84fa94-04c1-424b-9868-57a2d4851a1d" />
    <TestEntry testId="9d33a725-cbeb-412b-bfc0-32de80b0119d" executionId="54538fda-f416-45df-8af2-dbca8e729102" testListId="8c84fa94-04c1-424b-9868-57a2d4851a1d" />
    <TestEntry testId="0cfa3c6d-e20e-487d-bb1f-4cce35cf5b34" executionId="0cb9a476-8144-4c71-85ba-78b52977d91e" testListId="8c84fa94-04c1-424b-9868-57a2d4851a1d" />
    <TestEntry testId="7cceebfd-5a6c-40e4-9c89-7b3d360e7ef8" executionId="606d564b-7874-45f7-9051-264932c55c3f" testListId="8c84fa94-04c1-424b-9868-57a2d4851a1d" />
    <TestEntry testId="e8b07953-5e8e-42c6-8706-d08563ea4afd" executionId="a4c552bb-8a7f-4c73-976f-a0dea8d44c8d" testListId="8c84fa94-04c1-424b-9868-57a2d4851a1d" />
    <TestEntry testId="3f08db7c-5f16-4da6-819a-a86c6791bb0a" executionId="b6556208-3154-40ee-8496-190eb094e5ac" testListId="8c84fa94-04c1-424b-9868-57a2d4851a1d" />
    <TestEntry testId="9f6c6fa3-92ee-488b-95d0-26faaf72714c" executionId="1394e74e-fb1d-4c67-8ae0-92cdbc222895" testListId="8c84fa94-04c1-424b-9868-57a2d4851a1d" />
    <TestEntry testId="ee7b04f8-8708-44d1-b551-7f6076316794" executionId="d9185fed-902b-47cb-8cd2-d0203d77c444" testListId="8c84fa94-04c1-424b-9868-57a2d4851a1d" />
    <TestEntry testId="18210aeb-a49d-489d-84ef-062e469102dd" executionId="ff4443f5-bfe9-4f28-b8aa-74d621182ff7" testListId="8c84fa94-04c1-424b-9868-57a2d4851a1d" />
    <TestEntry testId="09f7954b-9d41-465b-96cd-86278dea5861" executionId="ea25f892-1ddd-4722-8609-1cd92bd779e2" testListId="8c84fa94-04c1-424b-9868-57a2d4851a1d" />
    <TestEntry testId="21c95d9e-3654-4ba0-a330-330074a336c8" executionId="158693c1-f85e-4f5a-aca7-e5ac66d66925" testListId="8c84fa94-04c1-424b-9868-57a2d4851a1d" />
    <TestEntry testId="a3d77c58-42b4-4fe3-98d2-000e2cafe83d" executionId="b54888f8-6f1d-4ff7-8a14-a18beb9c710d" testListId="8c84fa94-04c1-424b-9868-57a2d4851a1d" />
    <TestEntry testId="554e517c-ce87-4c53-a726-e153bd9bf7ee" executionId="92ed4813-00cf-4267-8fc1-3ad8bd42b4e2" testListId="8c84fa94-04c1-424b-9868-57a2d4851a1d" />
    <TestEntry testId="df4db0fb-56bf-44a9-8f2a-b8fb655da34a" executionId="ac78d87d-9605-4b33-b05c-5ce8cef7856b" testListId="8c84fa94-04c1-424b-9868-57a2d4851a1d" />
    <TestEntry testId="3bdec14c-e62b-462e-8c6d-87d39b057cec" executionId="99a228f7-73d3-495e-a07e-e8b400e99063" testListId="8c84fa94-04c1-424b-9868-57a2d4851a1d" />
    <TestEntry testId="fede0836-dc0c-4ae3-b2f6-343ca89d5ab7" executionId="e1d128a7-abad-46cc-b240-abc0179812fb" testListId="8c84fa94-04c1-424b-9868-57a2d4851a1d" />
    <TestEntry testId="e7344a2e-afc5-4f99-85d7-7bdda3aaf6a0" executionId="850eddc1-a539-4400-aa15-21bd7592ddf9" testListId="8c84fa94-04c1-424b-9868-57a2d4851a1d" />
    <TestEntry testId="dff7d739-fd05-4ffc-8f7e-a1b0bc17bca8" executionId="91bc467f-25c9-41d9-9aca-3ac7843f545d" testListId="8c84fa94-04c1-424b-9868-57a2d4851a1d" />
    <TestEntry testId="1ac96d97-2004-4b8f-b6eb-e4e3952e3c13" executionId="91028c91-dc91-4d26-b4fc-b45be1fc2894" testListId="8c84fa94-04c1-424b-9868-57a2d4851a1d" />
    <TestEntry testId="7b28516f-8454-45d0-963b-3e973a88bf14" executionId="914a9e00-d464-416b-bbae-033a4c5b63ca" testListId="8c84fa94-04c1-424b-9868-57a2d4851a1d" />
    <TestEntry testId="7f39242a-ac81-4d48-a83f-ab718590b57c" executionId="71cc61b4-7f73-4675-81bd-e8dd59acf5c7" testListId="8c84fa94-04c1-424b-9868-57a2d4851a1d" />
    <TestEntry testId="d4f60b1d-ee59-4f25-bc1c-9047bcb11ba6" executionId="cdccd05b-f16d-469c-a25b-a114af9836a0" testListId="8c84fa94-04c1-424b-9868-57a2d4851a1d" />
    <TestEntry testId="4ebcfbd4-d344-400d-be31-9d09f6516e05" executionId="f37b6824-86de-42af-8bfb-8e58c868b0c8" testListId="8c84fa94-04c1-424b-9868-57a2d4851a1d" />
    <TestEntry testId="6fbf9a36-5fca-4da9-b3ac-2681b85e13b9" executionId="047be6bf-3fec-486f-a4ae-ee9f8ef06769" testListId="8c84fa94-04c1-424b-9868-57a2d4851a1d" />
    <TestEntry testId="d3a485b8-e723-45c2-9cde-4fb5a137ace2" executionId="cc80eff9-98be-4683-ad8b-59443b06af56" testListId="8c84fa94-04c1-424b-9868-57a2d4851a1d" />
    <TestEntry testId="d54e5cd0-bf25-4ef8-8d15-8cf503d0682d" executionId="b8107e37-8580-47db-a5e7-0eddf4b99010" testListId="8c84fa94-04c1-424b-9868-57a2d4851a1d" />
    <TestEntry testId="38a98183-979f-4934-b03c-abe3d73b5087" executionId="c3b7e68f-ef3b-45cc-81f9-da168a16aae5" testListId="8c84fa94-04c1-424b-9868-57a2d4851a1d" />
    <TestEntry testId="4d891450-b285-4f00-9a06-3bbd12cc295f" executionId="f534afb0-7a84-4f83-9a47-58fcce5315d1" testListId="8c84fa94-04c1-424b-9868-57a2d4851a1d" />
    <TestEntry testId="4b28c689-c264-4eaf-a8e1-44b3a8e9fb9b" executionId="ecba0f57-ce86-47b0-a09b-a0ebf828dd53" testListId="8c84fa94-04c1-424b-9868-57a2d4851a1d" />
    <TestEntry testId="eadcbe5a-5134-45ed-b907-3ade80853205" executionId="cd0020bd-0454-4c3a-a294-e53ad980ca11" testListId="8c84fa94-04c1-424b-9868-57a2d4851a1d" />
    <TestEntry testId="e11441fa-d68e-47d3-b9d1-666523fe3c4e" executionId="f7afb5f6-5ae7-4eca-b523-06ccafaa7f2f" testListId="8c84fa94-04c1-424b-9868-57a2d4851a1d" />
    <TestEntry testId="054d2f6b-3389-4352-b818-9073ac46a793" executionId="63d8d07e-4465-4c48-9d30-1c172a97f0e2" testListId="8c84fa94-04c1-424b-9868-57a2d4851a1d" />
    <TestEntry testId="8c0ef566-d151-4f93-8b21-d4462398cb4d" executionId="1e08cb7e-db76-477b-8d00-4f4607f8aaea" testListId="8c84fa94-04c1-424b-9868-57a2d4851a1d" />
    <TestEntry testId="0fb35dbe-3943-457d-8f19-46c969759af7" executionId="0693c15a-4019-44af-8879-37ca7bebebd3" testListId="8c84fa94-04c1-424b-9868-57a2d4851a1d" />
    <TestEntry testId="80dcf36a-07c3-4fec-85ce-724c841f7662" executionId="aa91d7be-3435-4ce1-acd6-670d6f269891" testListId="8c84fa94-04c1-424b-9868-57a2d4851a1d" />
    <TestEntry testId="a817e737-c5b9-4934-bc87-cbd1ecc0a491" executionId="94daffdb-75b6-42da-905e-fb32e4ec9d2a" testListId="8c84fa94-04c1-424b-9868-57a2d4851a1d" />
    <TestEntry testId="672f9007-80dc-4626-a575-8a7040d56f54" executionId="8686fa44-6785-48f8-8868-ad132d1b7cd5" testListId="8c84fa94-04c1-424b-9868-57a2d4851a1d" />
    <TestEntry testId="bdfd1e42-7fbf-4040-af45-16b37b02d00c" executionId="fb423568-fdda-44de-8db3-db45e882eada" testListId="8c84fa94-04c1-424b-9868-57a2d4851a1d" />
    <TestEntry testId="e1b44214-fa98-401b-b731-c4624c392132" executionId="b7697ef7-04f1-48e6-b802-16c76405bec6" testListId="8c84fa94-04c1-424b-9868-57a2d4851a1d" />
    <TestEntry testId="7016f5a2-2c42-4da5-93ca-7be20a1bf2cc" executionId="40eb50d7-7eb9-4331-a034-a5be0e790763" testListId="8c84fa94-04c1-424b-9868-57a2d4851a1d" />
    <TestEntry testId="0155c9da-cbc3-44e0-86a4-b8de40891be5" executionId="13e973cd-df8d-4ad6-890f-2c57ce5295a3" testListId="8c84fa94-04c1-424b-9868-57a2d4851a1d" />
    <TestEntry testId="aa63609b-ff29-4aca-9bad-51c747b42822" executionId="8430db9b-6803-4c81-ac9e-afc9bad02e64" testListId="8c84fa94-04c1-424b-9868-57a2d4851a1d" />
    <TestEntry testId="e16308fe-2a49-4e44-b0d9-778ef81caba1" executionId="ad4f7cdd-6269-4a21-897e-7e0d40cc1cd5" testListId="8c84fa94-04c1-424b-9868-57a2d4851a1d" />
    <TestEntry testId="029f065e-9d52-49fc-ad45-34156d45a94a" executionId="faf00eb4-e8ee-416a-a1af-03ea3ba68d63" testListId="8c84fa94-04c1-424b-9868-57a2d4851a1d" />
    <TestEntry testId="4b19772b-5a60-447c-b9fc-c6a227d7d2ce" executionId="70764dc7-dfb6-4306-a296-c8b138ee76fa" testListId="8c84fa94-04c1-424b-9868-57a2d4851a1d" />
    <TestEntry testId="02276d46-7cbb-4563-910d-12cb54f6585c" executionId="83652783-15ac-4fd5-b364-55d2ed588f8b" testListId="8c84fa94-04c1-424b-9868-57a2d4851a1d" />
    <TestEntry testId="9a233e71-993c-4031-90d5-a15704072bf4" executionId="2bb7a9d2-4959-4a8d-bb79-0509c73a3b20" testListId="8c84fa94-04c1-424b-9868-57a2d4851a1d" />
    <TestEntry testId="35ec3dbb-527e-407d-bb3d-36625b0f28f1" executionId="90e52b91-e8cf-445d-bf2f-74032ff8bf81" testListId="8c84fa94-04c1-424b-9868-57a2d4851a1d" />
    <TestEntry testId="c271ca6a-5dc1-4279-809c-3104d6da94df" executionId="5e1d9230-2fb4-46eb-9a05-ca2c6562e60b" testListId="8c84fa94-04c1-424b-9868-57a2d4851a1d" />
    <TestEntry testId="bb1389be-acc3-4769-ae00-3849d47f8f76" executionId="4c4949e3-5529-422e-9ddf-d0e0f9a5d3a0" testListId="8c84fa94-04c1-424b-9868-57a2d4851a1d" />
    <TestEntry testId="38e7e3f9-1772-4d23-8da6-218d0e5a6442" executionId="cc7683f3-bff1-4e98-91d0-7575f6f55dc1" testListId="8c84fa94-04c1-424b-9868-57a2d4851a1d" />
    <TestEntry testId="8d9a329e-02ba-457c-98c4-fa12f92cbb96" executionId="a6544795-7a10-4cd0-afe2-a54d011745ee" testListId="8c84fa94-04c1-424b-9868-57a2d4851a1d" />
  </TestEntries>
  <TestLists>
    <TestList name="Resultados sin formato de lista" id="8c84fa94-04c1-424b-9868-57a2d4851a1d" />
    <TestList name="Todos los resultados cargados" id="19431567-8539-422a-85d7-44ee4e166bda" />
  </TestLists>
  <ResultSummary outcome="Completed">
    <Counters total="61" executed="61" passed="61" failed="0" error="0" timeout="0" aborted="0" inconclusive="0" passedButRunAborted="0" notRunnable="0" notExecuted="0" disconnected="0" warning="0" completed="0" inProgress="0" pending="0" />
  </ResultSummary>
</TestRun>