<?xml version="1.0" encoding="utf-8"?>
<TestRun id="383609fe-db20-4b30-9938-2d88d90e710b" name="sferrari@PC-SFERRARI 2021-10-11 11:27:41" runUser="PC-SFERRARI\sferrari" xmlns="http://microsoft.com/schemas/VisualStudio/TeamTest/2010">
  <Times creation="2021-10-11T11:27:41.8333398+02:00" queuing="2021-10-11T11:27:41.8333410+02:00" start="2021-10-11T11:27:37.9557850+02:00" finish="2021-10-11T11:27:43.0562527+02:00" />
  <TestSettings name="default" id="09fa97ac-f546-4dff-ace4-922615e41cc4">
    <Deployment runDeploymentRoot="sferrari_PC-SFERRARI_2021-10-11_11_27_41" />
  </TestSettings>
  <Results>
    <UnitTestResult executionId="df6442d2-7b68-47b3-89e5-23e5b3a64993" testId="47b6169e-7a13-47b4-a5f9-33d20f49b77d" testName="GetAllAsyncWhere" computerName="PC-SFERRARI" duration="00:00:00.0120180" startTime="2021-10-11T11:27:42.4722601+02:00" endTime="2021-10-11T11:27:42.4844090+02:00" testType="13cdc9d9-ddb5-4fa4-a97d-d965ccfc6d4b" outcome="Passed" testListId="8c84fa94-04c1-424b-9868-57a2d4851a1d" relativeResultsDirectory="df6442d2-7b68-47b3-89e5-23e5b3a64993" />
    <UnitTestResult executionId="861f7388-74db-43e3-a409-6e5d4a826092" testId="3a360f10-8d7b-4868-9d9b-aceae6149289" testName="GetPagedAsync" computerName="PC-SFERRARI" duration="00:00:00.0098297" startTime="2021-10-11T11:27:42.5431420+02:00" endTime="2021-10-11T11:27:42.5532031+02:00" testType="13cdc9d9-ddb5-4fa4-a97d-d965ccfc6d4b" outcome="Passed" testListId="8c84fa94-04c1-424b-9868-57a2d4851a1d" relativeResultsDirectory="861f7388-74db-43e3-a409-6e5d4a826092" />
    <UnitTestResult executionId="9c2b3dce-dc55-4056-b337-7c7f5e6bbc53" testId="204d7d21-850e-4531-98c0-013c1744c436" testName="GetPagedWhereSelect" computerName="PC-SFERRARI" duration="00:00:00.0077027" startTime="2021-10-11T11:27:42.5876427+02:00" endTime="2021-10-11T11:27:42.5954824+02:00" testType="13cdc9d9-ddb5-4fa4-a97d-d965ccfc6d4b" outcome="Passed" testListId="8c84fa94-04c1-424b-9868-57a2d4851a1d" relativeResultsDirectory="9c2b3dce-dc55-4056-b337-7c7f5e6bbc53" />
    <UnitTestResult executionId="9a30b470-70ea-4bd3-be09-ed4816675a0f" testId="9a0ef75e-5eca-497a-963d-5b741ff9e3c1" testName="CountAsync" computerName="PC-SFERRARI" duration="00:00:00.0060746" startTime="2021-10-11T11:27:42.8523170+02:00" endTime="2021-10-11T11:27:42.8584948+02:00" testType="13cdc9d9-ddb5-4fa4-a97d-d965ccfc6d4b" outcome="Passed" testListId="8c84fa94-04c1-424b-9868-57a2d4851a1d" relativeResultsDirectory="9a30b470-70ea-4bd3-be09-ed4816675a0f" />
    <UnitTestResult executionId="9a92ee8e-3f21-44c1-a7f8-65d8990ea005" testId="d0e47893-6a62-4e2a-a80a-c35852b69b64" testName="Delete" computerName="PC-SFERRARI" duration="00:00:00.0146916" startTime="2021-10-11T11:27:42.7535772+02:00" endTime="2021-10-11T11:27:42.7689468+02:00" testType="13cdc9d9-ddb5-4fa4-a97d-d965ccfc6d4b" outcome="Passed" testListId="8c84fa94-04c1-424b-9868-57a2d4851a1d" relativeResultsDirectory="9a92ee8e-3f21-44c1-a7f8-65d8990ea005" />
    <UnitTestResult executionId="05536db6-9508-4a4d-bf7b-011af0daad0e" testId="edef2103-e311-49c8-a6e8-e8ea1fd29170" testName="GetPagedWhereIncludes" computerName="PC-SFERRARI" duration="00:00:00.0197108" startTime="2021-10-11T11:27:42.5656153+02:00" endTime="2021-10-11T11:27:42.5855898+02:00" testType="13cdc9d9-ddb5-4fa4-a97d-d965ccfc6d4b" outcome="Passed" testListId="8c84fa94-04c1-424b-9868-57a2d4851a1d" relativeResultsDirectory="05536db6-9508-4a4d-bf7b-011af0daad0e" />
    <UnitTestResult executionId="712c9545-675f-43a9-a092-f416c5863d0a" testId="d04146b3-bd0b-44cf-bbc9-f6c906c7c1a6" testName="GetOneWhere" computerName="PC-SFERRARI" duration="00:00:01.6629019" startTime="2021-10-11T11:27:40.5907514+02:00" endTime="2021-10-11T11:27:42.2554365+02:00" testType="13cdc9d9-ddb5-4fa4-a97d-d965ccfc6d4b" outcome="Passed" testListId="8c84fa94-04c1-424b-9868-57a2d4851a1d" relativeResultsDirectory="712c9545-675f-43a9-a092-f416c5863d0a" />
    <UnitTestResult executionId="a0c99344-1b1d-4a43-94f2-0652fe90b258" testId="d8a27099-e943-4f56-aa55-991a185fd6bd" testName="NameConvert" computerName="PC-SFERRARI" duration="00:00:00.0076353" startTime="2021-10-11T11:27:40.5785545+02:00" endTime="2021-10-11T11:27:40.5864002+02:00" testType="13cdc9d9-ddb5-4fa4-a97d-d965ccfc6d4b" outcome="Passed" testListId="8c84fa94-04c1-424b-9868-57a2d4851a1d" relativeResultsDirectory="a0c99344-1b1d-4a43-94f2-0652fe90b258" />
    <UnitTestResult executionId="8a52812c-8016-429f-8bf2-d38e54693814" testId="b7b0317c-01ca-4770-a5c1-79066d914cbe" testName="GetPagedWhere" computerName="PC-SFERRARI" duration="00:00:00.0056774" startTime="2021-10-11T11:27:42.5533570+02:00" endTime="2021-10-11T11:27:42.5592832+02:00" testType="13cdc9d9-ddb5-4fa4-a97d-d965ccfc6d4b" outcome="Passed" testListId="8c84fa94-04c1-424b-9868-57a2d4851a1d" relativeResultsDirectory="8a52812c-8016-429f-8bf2-d38e54693814" />
    <UnitTestResult executionId="a2d3cbdd-d9f5-434b-840c-50ef451c86f5" testId="b1e113ce-8f9b-423b-8b68-1bd0511c5a78" testName="QueryableOrderByDescending" computerName="PC-SFERRARI" duration="00:00:00.0310312" startTime="2021-10-11T11:27:42.6180829+02:00" endTime="2021-10-11T11:27:42.6493393+02:00" testType="13cdc9d9-ddb5-4fa4-a97d-d965ccfc6d4b" outcome="Passed" testListId="8c84fa94-04c1-424b-9868-57a2d4851a1d" relativeResultsDirectory="a2d3cbdd-d9f5-434b-840c-50ef451c86f5" />
    <UnitTestResult executionId="7704ccc3-0d01-4185-b19c-b3cdf0636542" testId="581e5df1-1a95-4d7e-989b-e92338d22215" testName="GetPagedAsyncWhereIncludesSelect" computerName="PC-SFERRARI" duration="00:00:00.0027924" startTime="2021-10-11T11:27:42.6075673+02:00" endTime="2021-10-11T11:27:42.6105807+02:00" testType="13cdc9d9-ddb5-4fa4-a97d-d965ccfc6d4b" outcome="Passed" testListId="8c84fa94-04c1-424b-9868-57a2d4851a1d" relativeResultsDirectory="7704ccc3-0d01-4185-b19c-b3cdf0636542" />
    <UnitTestResult executionId="ce51c969-391f-42e5-a481-1e734fd28153" testId="b2a6c584-c710-405b-856f-74c76f839e07" testName="CountWhere" computerName="PC-SFERRARI" duration="00:00:00.0036583" startTime="2021-10-11T11:27:42.8585754+02:00" endTime="2021-10-11T11:27:42.8623605+02:00" testType="13cdc9d9-ddb5-4fa4-a97d-d965ccfc6d4b" outcome="Passed" testListId="8c84fa94-04c1-424b-9868-57a2d4851a1d" relativeResultsDirectory="ce51c969-391f-42e5-a481-1e734fd28153" />
    <UnitTestResult executionId="85663c94-d2bb-44b8-bc6d-df2e7596a40b" testId="f3d317b9-1698-4797-9b63-5a26d80c19eb" testName="GetOnetWhereIncludesSelect" computerName="PC-SFERRARI" duration="00:00:00.0076077" startTime="2021-10-11T11:27:42.4134107+02:00" endTime="2021-10-11T11:27:42.4211453+02:00" testType="13cdc9d9-ddb5-4fa4-a97d-d965ccfc6d4b" outcome="Passed" testListId="8c84fa94-04c1-424b-9868-57a2d4851a1d" relativeResultsDirectory="85663c94-d2bb-44b8-bc6d-df2e7596a40b" />
    <UnitTestResult executionId="368fffde-759f-4d51-90ea-4f74e3b544bb" testId="e83a9774-e587-40d6-8ef1-fbd19f9bed04" testName="AnyWhereAsync" computerName="PC-SFERRARI" duration="00:00:00.0050202" startTime="2021-10-11T11:27:42.8464166+02:00" endTime="2021-10-11T11:27:42.8515753+02:00" testType="13cdc9d9-ddb5-4fa4-a97d-d965ccfc6d4b" outcome="Passed" testListId="8c84fa94-04c1-424b-9868-57a2d4851a1d" relativeResultsDirectory="368fffde-759f-4d51-90ea-4f74e3b544bb" />
    <UnitTestResult executionId="ca4573da-8a0f-4c73-a2b6-eb3c0690d001" testId="91052fad-38db-45af-84d6-8c91d5c5ef2d" testName="GetPagedAsyncWhere" computerName="PC-SFERRARI" duration="00:00:00.0059498" startTime="2021-10-11T11:27:42.5593566+02:00" endTime="2021-10-11T11:27:42.5654737+02:00" testType="13cdc9d9-ddb5-4fa4-a97d-d965ccfc6d4b" outcome="Passed" testListId="8c84fa94-04c1-424b-9868-57a2d4851a1d" relativeResultsDirectory="ca4573da-8a0f-4c73-a2b6-eb3c0690d001" />
    <UnitTestResult executionId="3a59d268-e600-4e4a-82b7-ce1832a60b05" testId="c0e8e297-7b88-4487-b3d2-dccafc7f2cf4" testName="GetOneAsyncWhereIncludesSelect" computerName="PC-SFERRARI" duration="00:00:00.0073915" startTime="2021-10-11T11:27:42.4212288+02:00" endTime="2021-10-11T11:27:42.4287484+02:00" testType="13cdc9d9-ddb5-4fa4-a97d-d965ccfc6d4b" outcome="Passed" testListId="8c84fa94-04c1-424b-9868-57a2d4851a1d" relativeResultsDirectory="3a59d268-e600-4e4a-82b7-ce1832a60b05" />
    <UnitTestResult executionId="723505cc-a17b-4a18-b8b3-21976048744f" testId="7df2a6ea-7ac2-41d6-8690-91aacc46c684" testName="GetAll" computerName="PC-SFERRARI" duration="00:00:00.0118693" startTime="2021-10-11T11:27:42.4288185+02:00" endTime="2021-10-11T11:27:42.4408191+02:00" testType="13cdc9d9-ddb5-4fa4-a97d-d965ccfc6d4b" outcome="Passed" testListId="8c84fa94-04c1-424b-9868-57a2d4851a1d" relativeResultsDirectory="723505cc-a17b-4a18-b8b3-21976048744f" />
    <UnitTestResult executionId="779a9ac4-1570-446d-9e20-27f3dc311b5f" testId="a11745d1-920b-44c4-b1e9-c295afc92ddd" testName="EnumConvertValue" computerName="PC-SFERRARI" duration="00:00:00.0079659" startTime="2021-10-11T11:27:40.5087446+02:00" endTime="2021-10-11T11:27:40.5169690+02:00" testType="13cdc9d9-ddb5-4fa4-a97d-d965ccfc6d4b" outcome="Passed" testListId="8c84fa94-04c1-424b-9868-57a2d4851a1d" relativeResultsDirectory="779a9ac4-1570-446d-9e20-27f3dc311b5f" />
    <UnitTestResult executionId="8ff64e6e-cdc8-40a2-bcf9-75028e0a6f14" testId="fa9c2854-56cd-47a1-8a90-dda0f18f60d4" testName="AddAsync" computerName="PC-SFERRARI" duration="00:00:00.0154690" startTime="2021-10-11T11:27:42.6860004+02:00" endTime="2021-10-11T11:27:42.7015737+02:00" testType="13cdc9d9-ddb5-4fa4-a97d-d965ccfc6d4b" outcome="Passed" testListId="8c84fa94-04c1-424b-9868-57a2d4851a1d" relativeResultsDirectory="8ff64e6e-cdc8-40a2-bcf9-75028e0a6f14" />
    <UnitTestResult executionId="84f55e93-2678-40b9-b4b6-4d35a86278a7" testId="6925d799-be37-45b5-9090-7b9214cf0eb2" testName="EnumConvertName" computerName="PC-SFERRARI" duration="00:00:00.0546182" startTime="2021-10-11T11:27:40.3784492+02:00" endTime="2021-10-11T11:27:40.4914870+02:00" testType="13cdc9d9-ddb5-4fa4-a97d-d965ccfc6d4b" outcome="Passed" testListId="8c84fa94-04c1-424b-9868-57a2d4851a1d" relativeResultsDirectory="84f55e93-2678-40b9-b4b6-4d35a86278a7" />
    <UnitTestResult executionId="e1dd8fd7-73b9-4703-aa2f-b2b3e84d5997" testId="2daf663a-b439-451f-9b62-b5a5cadcdb90" testName="AnyAsync" computerName="PC-SFERRARI" duration="00:00:00.0075482" startTime="2021-10-11T11:27:42.8348447+02:00" endTime="2021-10-11T11:27:42.8425420+02:00" testType="13cdc9d9-ddb5-4fa4-a97d-d965ccfc6d4b" outcome="Passed" testListId="8c84fa94-04c1-424b-9868-57a2d4851a1d" relativeResultsDirectory="e1dd8fd7-73b9-4703-aa2f-b2b3e84d5997" />
    <UnitTestResult executionId="3dd8d542-b2a4-4f93-8517-989e9a421ec6" testId="e6b26ca8-c692-47e4-943d-87724feb27e8" testName="UpdatePartial" computerName="PC-SFERRARI" duration="00:00:00.0020786" startTime="2021-10-11T11:27:42.7493999+02:00" endTime="2021-10-11T11:27:42.7515792+02:00" testType="13cdc9d9-ddb5-4fa4-a97d-d965ccfc6d4b" outcome="Passed" testListId="8c84fa94-04c1-424b-9868-57a2d4851a1d" relativeResultsDirectory="3dd8d542-b2a4-4f93-8517-989e9a421ec6" />
    <UnitTestResult executionId="762fbba5-d296-4671-9988-6a32127af7cb" testId="3bf5d139-1a67-4647-8ba8-3da24fc70bfe" testName="FindAsync" computerName="PC-SFERRARI" duration="00:00:00.0134626" startTime="2021-10-11T11:27:42.6711053+02:00" endTime="2021-10-11T11:27:42.6846865+02:00" testType="13cdc9d9-ddb5-4fa4-a97d-d965ccfc6d4b" outcome="Passed" testListId="8c84fa94-04c1-424b-9868-57a2d4851a1d" relativeResultsDirectory="762fbba5-d296-4671-9988-6a32127af7cb" />
    <UnitTestResult executionId="c6f6c2cf-81e0-4dd0-825f-5c4c891840bd" testId="e573b9f3-2727-4e1c-8121-f10e14d5a051" testName="AnyWhere" computerName="PC-SFERRARI" duration="00:00:00.0035952" startTime="2021-10-11T11:27:42.8426194+02:00" endTime="2021-10-11T11:27:42.8463467+02:00" testType="13cdc9d9-ddb5-4fa4-a97d-d965ccfc6d4b" outcome="Passed" testListId="8c84fa94-04c1-424b-9868-57a2d4851a1d" relativeResultsDirectory="c6f6c2cf-81e0-4dd0-825f-5c4c891840bd" />
    <UnitTestResult executionId="a38c3616-0202-448d-b436-2ae9350cca65" testId="a2141d86-b764-4eb6-b0ec-926003968977" testName="GetPaged" computerName="PC-SFERRARI" duration="00:00:00.0086483" startTime="2021-10-11T11:27:42.5341225+02:00" endTime="2021-10-11T11:27:42.5430024+02:00" testType="13cdc9d9-ddb5-4fa4-a97d-d965ccfc6d4b" outcome="Passed" testListId="8c84fa94-04c1-424b-9868-57a2d4851a1d" relativeResultsDirectory="a38c3616-0202-448d-b436-2ae9350cca65" />
    <UnitTestResult executionId="80c2d362-fa1b-4f5e-a104-9b98800064ab" testId="7a0a0033-0abd-41a5-8db4-bc1bac3dcb54" testName="AddRange" computerName="PC-SFERRARI" duration="00:00:00.0142965" startTime="2021-10-11T11:27:42.7016388+02:00" endTime="2021-10-11T11:27:42.7160525+02:00" testType="13cdc9d9-ddb5-4fa4-a97d-d965ccfc6d4b" outcome="Passed" testListId="8c84fa94-04c1-424b-9868-57a2d4851a1d" relativeResultsDirectory="80c2d362-fa1b-4f5e-a104-9b98800064ab" />
    <UnitTestResult executionId="6fe86a5a-17a3-4cda-9f32-a10aeca7945c" testId="3647276a-3aee-49dd-8b80-70877194a064" testName="DeleteWhere" computerName="PC-SFERRARI" duration="00:00:00.0142137" startTime="2021-10-11T11:27:42.7720666+02:00" endTime="2021-10-11T11:27:42.7863977+02:00" testType="13cdc9d9-ddb5-4fa4-a97d-d965ccfc6d4b" outcome="Passed" testListId="8c84fa94-04c1-424b-9868-57a2d4851a1d" relativeResultsDirectory="6fe86a5a-17a3-4cda-9f32-a10aeca7945c" />
    <UnitTestResult executionId="67ad1840-fbe7-4b78-98fb-e83aae65799e" testId="e2664c1c-ff52-4bed-9c32-35dff25c4cb9" testName="GetAllAsyncWhereSelect" computerName="PC-SFERRARI" duration="00:00:00.0144941" startTime="2021-10-11T11:27:42.5070565+02:00" endTime="2021-10-11T11:27:42.5218171+02:00" testType="13cdc9d9-ddb5-4fa4-a97d-d965ccfc6d4b" outcome="Passed" testListId="8c84fa94-04c1-424b-9868-57a2d4851a1d" relativeResultsDirectory="67ad1840-fbe7-4b78-98fb-e83aae65799e" />
    <UnitTestResult executionId="2b65a886-6b4f-4b95-bf74-9ecf953a69ad" testId="28a3d51f-61cf-4b40-94b7-d5563ac0e9ab" testName="DeleteAsynchronous" computerName="PC-SFERRARI" duration="00:00:00.0028228" startTime="2021-10-11T11:27:42.7690670+02:00" endTime="2021-10-11T11:27:42.7720053+02:00" testType="13cdc9d9-ddb5-4fa4-a97d-d965ccfc6d4b" outcome="Passed" testListId="8c84fa94-04c1-424b-9868-57a2d4851a1d" relativeResultsDirectory="2b65a886-6b4f-4b95-bf74-9ecf953a69ad" />
    <UnitTestResult executionId="9002f3c1-eea7-4a6d-a7d5-219490e23cd5" testId="be7b89f7-e0dc-422a-94f9-b7aedfec54f6" testName="GetPagedSelectOrderByProperty" computerName="PC-SFERRARI" duration="00:00:00.0027859" startTime="2021-10-11T11:27:42.6150280+02:00" endTime="2021-10-11T11:27:42.6179895+02:00" testType="13cdc9d9-ddb5-4fa4-a97d-d965ccfc6d4b" outcome="Passed" testListId="8c84fa94-04c1-424b-9868-57a2d4851a1d" relativeResultsDirectory="9002f3c1-eea7-4a6d-a7d5-219490e23cd5" />
    <UnitTestResult executionId="0977d2a2-3e83-4b32-88fe-9b354b98ed44" testId="2fca1056-e6af-40d3-bc01-0afa4a95687f" testName="EmailConvert" computerName="PC-SFERRARI" duration="00:00:00.0586107" startTime="2021-10-11T11:27:40.5197270+02:00" endTime="2021-10-11T11:27:40.5784406+02:00" testType="13cdc9d9-ddb5-4fa4-a97d-d965ccfc6d4b" outcome="Passed" testListId="8c84fa94-04c1-424b-9868-57a2d4851a1d" relativeResultsDirectory="0977d2a2-3e83-4b32-88fe-9b354b98ed44" />
    <UnitTestResult executionId="b325c415-83e6-4393-bacf-6d61692d3177" testId="9512451f-c20f-44a7-9144-7ed388974aa6" testName="GetAllAsyncWhereIncludesSelect" computerName="PC-SFERRARI" duration="00:00:00.0060584" startTime="2021-10-11T11:27:42.5232793+02:00" endTime="2021-10-11T11:27:42.5295088+02:00" testType="13cdc9d9-ddb5-4fa4-a97d-d965ccfc6d4b" outcome="Passed" testListId="8c84fa94-04c1-424b-9868-57a2d4851a1d" relativeResultsDirectory="b325c415-83e6-4393-bacf-6d61692d3177" />
    <UnitTestResult executionId="a7802c72-8a6b-4a25-9a18-93449cd3225c" testId="66378a75-2a0c-48d8-b397-0a0db61a8339" testName="GetAllWhereSelect" computerName="PC-SFERRARI" duration="00:00:00.0015131" startTime="2021-10-11T11:27:42.5051560+02:00" endTime="2021-10-11T11:27:42.5068068+02:00" testType="13cdc9d9-ddb5-4fa4-a97d-d965ccfc6d4b" outcome="Passed" testListId="8c84fa94-04c1-424b-9868-57a2d4851a1d" relativeResultsDirectory="a7802c72-8a6b-4a25-9a18-93449cd3225c" />
    <UnitTestResult executionId="9912b2fb-1e21-4c24-8a40-7b2ec0ed41e5" testId="92fe4ef6-6b3d-47f7-b4c3-4866588f56d5" testName="Update" computerName="PC-SFERRARI" duration="00:00:00.0229951" startTime="2021-10-11T11:27:42.7227367+02:00" endTime="2021-10-11T11:27:42.7458530+02:00" testType="13cdc9d9-ddb5-4fa4-a97d-d965ccfc6d4b" outcome="Passed" testListId="8c84fa94-04c1-424b-9868-57a2d4851a1d" relativeResultsDirectory="9912b2fb-1e21-4c24-8a40-7b2ec0ed41e5" />
    <UnitTestResult executionId="395c8f89-29f7-45a6-89c6-00746a5f015d" testId="0cc5fcb7-e1ef-40b5-989f-282db59bb72d" testName="GetOneAsyncWhere" computerName="PC-SFERRARI" duration="00:00:00.0524435" startTime="2021-10-11T11:27:42.2555178+02:00" endTime="2021-10-11T11:27:42.3081299+02:00" testType="13cdc9d9-ddb5-4fa4-a97d-d965ccfc6d4b" outcome="Passed" testListId="8c84fa94-04c1-424b-9868-57a2d4851a1d" relativeResultsDirectory="395c8f89-29f7-45a6-89c6-00746a5f015d" />
    <UnitTestResult executionId="32f7f69d-13a1-4ef0-8a70-732745627c64" testId="99a5e99a-4ced-4a4c-9ee5-c4816bf71702" testName="CountWhereAsync" computerName="PC-SFERRARI" duration="00:00:00.0045054" startTime="2021-10-11T11:27:42.8624246+02:00" endTime="2021-10-11T11:27:42.8670572+02:00" testType="13cdc9d9-ddb5-4fa4-a97d-d965ccfc6d4b" outcome="Passed" testListId="8c84fa94-04c1-424b-9868-57a2d4851a1d" relativeResultsDirectory="32f7f69d-13a1-4ef0-8a70-732745627c64" />
    <UnitTestResult executionId="aaf408b4-4ae1-4d6c-b09c-3864d23bd696" testId="df532c65-85b7-41d8-abfe-a4853454010b" testName="GetPagedAsyncWhereSelect" computerName="PC-SFERRARI" duration="00:00:00.0050731" startTime="2021-10-11T11:27:42.5955664+02:00" endTime="2021-10-11T11:27:42.6007622+02:00" testType="13cdc9d9-ddb5-4fa4-a97d-d965ccfc6d4b" outcome="Passed" testListId="8c84fa94-04c1-424b-9868-57a2d4851a1d" relativeResultsDirectory="aaf408b4-4ae1-4d6c-b09c-3864d23bd696" />
    <UnitTestResult executionId="9a8053ac-90ea-4979-bf85-0c6bf66283a5" testId="cb5dca0c-6642-4de8-aa39-d498f8f156e0" testName="Any" computerName="PC-SFERRARI" duration="00:00:00.0010224" startTime="2021-10-11T11:27:42.8335178+02:00" endTime="2021-10-11T11:27:42.8347494+02:00" testType="13cdc9d9-ddb5-4fa4-a97d-d965ccfc6d4b" outcome="Passed" testListId="8c84fa94-04c1-424b-9868-57a2d4851a1d" relativeResultsDirectory="9a8053ac-90ea-4979-bf85-0c6bf66283a5" />
    <UnitTestResult executionId="1393217e-4818-4466-bd5f-097239139041" testId="f20efd70-1e3f-447c-8db4-b5f1bdf011ea" testName="SubdomainConvert" computerName="PC-SFERRARI" duration="00:00:00.0039403" startTime="2021-10-11T11:27:40.5865264+02:00" endTime="2021-10-11T11:27:40.5906478+02:00" testType="13cdc9d9-ddb5-4fa4-a97d-d965ccfc6d4b" outcome="Passed" testListId="8c84fa94-04c1-424b-9868-57a2d4851a1d" relativeResultsDirectory="1393217e-4818-4466-bd5f-097239139041" />
    <UnitTestResult executionId="9202375e-3707-4929-bfaa-0afcb871df82" testId="a74d20b9-d75d-4a82-a9d1-e6cfa9d72560" testName="StatusActiveConvert" computerName="PC-SFERRARI" duration="00:00:00.0017595" startTime="2021-10-11T11:27:40.5171161+02:00" endTime="2021-10-11T11:27:40.5190068+02:00" testType="13cdc9d9-ddb5-4fa4-a97d-d965ccfc6d4b" outcome="Passed" testListId="8c84fa94-04c1-424b-9868-57a2d4851a1d" relativeResultsDirectory="9202375e-3707-4929-bfaa-0afcb871df82" />
    <UnitTestResult executionId="1958df10-0e6e-4f1c-be75-fe8f98e3392b" testId="8e163b1c-a760-46c2-9d4e-e705453040d1" testName="AddRangeAsync" computerName="PC-SFERRARI" duration="00:00:00.0047389" startTime="2021-10-11T11:27:42.7177806+02:00" endTime="2021-10-11T11:27:42.7226696+02:00" testType="13cdc9d9-ddb5-4fa4-a97d-d965ccfc6d4b" outcome="Passed" testListId="8c84fa94-04c1-424b-9868-57a2d4851a1d" relativeResultsDirectory="1958df10-0e6e-4f1c-be75-fe8f98e3392b" />
    <UnitTestResult executionId="bba6344e-34c4-4649-a062-ac9363719125" testId="fcc47e47-6a72-4e1b-9207-1fa99ae601f4" testName="Count" computerName="PC-SFERRARI" duration="00:00:00.0004687" startTime="2021-10-11T11:27:42.8516497+02:00" endTime="2021-10-11T11:27:42.8522535+02:00" testType="13cdc9d9-ddb5-4fa4-a97d-d965ccfc6d4b" outcome="Passed" testListId="8c84fa94-04c1-424b-9868-57a2d4851a1d" relativeResultsDirectory="bba6344e-34c4-4649-a062-ac9363719125" />
    <UnitTestResult executionId="8761aa7a-359e-4a78-9407-fa014b5e8d40" testId="bb528d37-21b6-41a8-9049-0a720aad4733" testName="GetOneAsyncWhereInclude" computerName="PC-SFERRARI" duration="00:00:00.0144934" startTime="2021-10-11T11:27:42.3754070+02:00" endTime="2021-10-11T11:27:42.3900543+02:00" testType="13cdc9d9-ddb5-4fa4-a97d-d965ccfc6d4b" outcome="Passed" testListId="8c84fa94-04c1-424b-9868-57a2d4851a1d" relativeResultsDirectory="8761aa7a-359e-4a78-9407-fa014b5e8d40" />
    <UnitTestResult executionId="970458ca-c7b1-467d-8fa8-a28bd89427e4" testId="0a54b561-867b-4995-9c33-a954d2b4dfc9" testName="GetPagedWhereIncludesSelect" computerName="PC-SFERRARI" duration="00:00:00.0044043" startTime="2021-10-11T11:27:42.6008279+02:00" endTime="2021-10-11T11:27:42.6053590+02:00" testType="13cdc9d9-ddb5-4fa4-a97d-d965ccfc6d4b" outcome="Passed" testListId="8c84fa94-04c1-424b-9868-57a2d4851a1d" relativeResultsDirectory="970458ca-c7b1-467d-8fa8-a28bd89427e4" />
    <UnitTestResult executionId="53167ead-4082-4d65-9a19-862d97f92312" testId="3644cce6-748f-48f7-82b4-ef5bbec1c0df" testName="GetAllWhereIncludesSelect" computerName="PC-SFERRARI" duration="00:00:00.0011004" startTime="2021-10-11T11:27:42.5219167+02:00" endTime="2021-10-11T11:27:42.5231859+02:00" testType="13cdc9d9-ddb5-4fa4-a97d-d965ccfc6d4b" outcome="Passed" testListId="8c84fa94-04c1-424b-9868-57a2d4851a1d" relativeResultsDirectory="53167ead-4082-4d65-9a19-862d97f92312" />
    <UnitTestResult executionId="bab0e2a8-38fc-49a1-b4a2-e92a7ea3ea7f" testId="8069d845-d66c-4abc-b073-fcfcdc04b4b0" testName="Add" computerName="PC-SFERRARI" duration="00:00:00.0010239" startTime="2021-10-11T11:27:42.6847645+02:00" endTime="2021-10-11T11:27:42.6859128+02:00" testType="13cdc9d9-ddb5-4fa4-a97d-d965ccfc6d4b" outcome="Passed" testListId="8c84fa94-04c1-424b-9868-57a2d4851a1d" relativeResultsDirectory="bab0e2a8-38fc-49a1-b4a2-e92a7ea3ea7f" />
    <UnitTestResult executionId="95ba8993-98ec-4aa0-b7bc-7eb52e7dcba1" testId="30ae2d0d-597b-434f-b3a9-11f6881d3133" testName="UpdateSelect" computerName="PC-SFERRARI" duration="00:00:00.0016027" startTime="2021-10-11T11:27:42.7459224+02:00" endTime="2021-10-11T11:27:42.7476407+02:00" testType="13cdc9d9-ddb5-4fa4-a97d-d965ccfc6d4b" outcome="Passed" testListId="8c84fa94-04c1-424b-9868-57a2d4851a1d" relativeResultsDirectory="95ba8993-98ec-4aa0-b7bc-7eb52e7dcba1" />
    <UnitTestResult executionId="ddb80384-eb8d-4c8f-b123-664c26740abb" testId="f9fa7bcb-a4a9-4b96-af2d-bb238a5750a1" testName="StatusInactiveConvert" computerName="PC-SFERRARI" duration="00:00:00.0004807" startTime="2021-10-11T11:27:40.5190634+02:00" endTime="2021-10-11T11:27:40.5196611+02:00" testType="13cdc9d9-ddb5-4fa4-a97d-d965ccfc6d4b" outcome="Passed" testListId="8c84fa94-04c1-424b-9868-57a2d4851a1d" relativeResultsDirectory="ddb80384-eb8d-4c8f-b123-664c26740abb" />
    <UnitTestResult executionId="fb91dbb3-cd3b-4cfd-bf81-1fc732182359" testId="139fadee-2a02-4f21-b785-26540721831e" testName="GetAllWhere" computerName="PC-SFERRARI" duration="00:00:00.0108261" startTime="2021-10-11T11:27:42.4612035+02:00" endTime="2021-10-11T11:27:42.4721761+02:00" testType="13cdc9d9-ddb5-4fa4-a97d-d965ccfc6d4b" outcome="Passed" testListId="8c84fa94-04c1-424b-9868-57a2d4851a1d" relativeResultsDirectory="fb91dbb3-cd3b-4cfd-bf81-1fc732182359" />
    <UnitTestResult executionId="a3426c05-d50e-4dc6-92c9-2e632d216f48" testId="c2e1f720-1a06-4693-ba8d-e7005491cdfc" testName="UpdateAsynchronous" computerName="PC-SFERRARI" duration="00:00:00.0015309" startTime="2021-10-11T11:27:42.7476974+02:00" endTime="2021-10-11T11:27:42.7493298+02:00" testType="13cdc9d9-ddb5-4fa4-a97d-d965ccfc6d4b" outcome="Passed" testListId="8c84fa94-04c1-424b-9868-57a2d4851a1d" relativeResultsDirectory="a3426c05-d50e-4dc6-92c9-2e632d216f48" />
    <UnitTestResult executionId="2fad9c16-800f-4ee1-8203-a1ab4060509c" testId="d79e2872-10cd-4b14-83d3-a08bd94bbcce" testName="GetAllAsync" computerName="PC-SFERRARI" duration="00:00:00.0183988" startTime="2021-10-11T11:27:42.4425867+02:00" endTime="2021-10-11T11:27:42.4611255+02:00" testType="13cdc9d9-ddb5-4fa4-a97d-d965ccfc6d4b" outcome="Passed" testListId="8c84fa94-04c1-424b-9868-57a2d4851a1d" relativeResultsDirectory="2fad9c16-800f-4ee1-8203-a1ab4060509c" />
    <UnitTestResult executionId="61ea83d1-33bf-4535-b551-ce8a4262bc60" testId="b109221b-d92e-4b2a-88e4-c8ad3fc55c85" testName="GetOneAsyncWhereSelect" computerName="PC-SFERRARI" duration="00:00:00.0109135" startTime="2021-10-11T11:27:42.4022790+02:00" endTime="2021-10-11T11:27:42.4133398+02:00" testType="13cdc9d9-ddb5-4fa4-a97d-d965ccfc6d4b" outcome="Passed" testListId="8c84fa94-04c1-424b-9868-57a2d4851a1d" relativeResultsDirectory="61ea83d1-33bf-4535-b551-ce8a4262bc60" />
    <UnitTestResult executionId="4930ff6e-3e0a-443e-b57c-6f125eb63990" testId="0c4624c6-f33c-44c0-9a55-5438ff4f4bde" testName="GetAllAsyncWhereIncludes" computerName="PC-SFERRARI" duration="00:00:00.0105945" startTime="2021-10-11T11:27:42.4943430+02:00" endTime="2021-10-11T11:27:42.5050801+02:00" testType="13cdc9d9-ddb5-4fa4-a97d-d965ccfc6d4b" outcome="Passed" testListId="8c84fa94-04c1-424b-9868-57a2d4851a1d" relativeResultsDirectory="4930ff6e-3e0a-443e-b57c-6f125eb63990" />
    <UnitTestResult executionId="05d4d3bd-101d-4f0b-807c-e7303ab0f013" testId="e7748b33-9d8f-4104-a37f-f519c309c5f6" testName="GetPagedAsyncWhereIncludes" computerName="PC-SFERRARI" duration="00:00:00.0017600" startTime="2021-10-11T11:27:42.5856594+02:00" endTime="2021-10-11T11:27:42.5875789+02:00" testType="13cdc9d9-ddb5-4fa4-a97d-d965ccfc6d4b" outcome="Passed" testListId="8c84fa94-04c1-424b-9868-57a2d4851a1d" relativeResultsDirectory="05d4d3bd-101d-4f0b-807c-e7303ab0f013" />
    <UnitTestResult executionId="086b21e5-6eb8-422f-9e32-fb55fa51bf08" testId="15870c23-3d7b-4b0f-9779-56caf981170d" testName="UpdateValueObject" computerName="PC-SFERRARI" duration="00:00:00.0015728" startTime="2021-10-11T11:27:42.7516362+02:00" endTime="2021-10-11T11:27:42.7533331+02:00" testType="13cdc9d9-ddb5-4fa4-a97d-d965ccfc6d4b" outcome="Passed" testListId="8c84fa94-04c1-424b-9868-57a2d4851a1d" relativeResultsDirectory="086b21e5-6eb8-422f-9e32-fb55fa51bf08" />
    <UnitTestResult executionId="10cfeefc-c7f8-4ea7-94d7-74a7e90d5b0c" testId="8fefb7b9-f646-424b-a9d2-7d2364ab9190" testName="GetAllWhereIncludes" computerName="PC-SFERRARI" duration="00:00:00.0096042" startTime="2021-10-11T11:27:42.4844933+02:00" endTime="2021-10-11T11:27:42.4942219+02:00" testType="13cdc9d9-ddb5-4fa4-a97d-d965ccfc6d4b" outcome="Passed" testListId="8c84fa94-04c1-424b-9868-57a2d4851a1d" relativeResultsDirectory="10cfeefc-c7f8-4ea7-94d7-74a7e90d5b0c" />
    <UnitTestResult executionId="24b03a7a-1bdf-4232-a36a-09568cef1972" testId="7d910604-66be-4850-b352-d83a542144b4" testName="GetPagedSelectOrderByNavigationProperty" computerName="PC-SFERRARI" duration="00:00:00.0041295" startTime="2021-10-11T11:27:42.6106769+02:00" endTime="2021-10-11T11:27:42.6149558+02:00" testType="13cdc9d9-ddb5-4fa4-a97d-d965ccfc6d4b" outcome="Passed" testListId="8c84fa94-04c1-424b-9868-57a2d4851a1d" relativeResultsDirectory="24b03a7a-1bdf-4232-a36a-09568cef1972" />
    <UnitTestResult executionId="2f606dfb-35e4-45cb-88c1-07f6a9a32661" testId="5b8c8c47-0237-4276-92b9-622de531fc0b" testName="Find" computerName="PC-SFERRARI" duration="00:00:00.0213371" startTime="2021-10-11T11:27:42.6494774+02:00" endTime="2021-10-11T11:27:42.6710355+02:00" testType="13cdc9d9-ddb5-4fa4-a97d-d965ccfc6d4b" outcome="Passed" testListId="8c84fa94-04c1-424b-9868-57a2d4851a1d" relativeResultsDirectory="2f606dfb-35e4-45cb-88c1-07f6a9a32661" />
    <UnitTestResult executionId="6b1973e4-3f58-4840-9ebf-5a79a339c749" testId="40194003-10b8-4944-ba97-3a94070e30d6" testName="GetOnetWhereSelect" computerName="PC-SFERRARI" duration="00:00:00.0118673" startTime="2021-10-11T11:27:42.3901276+02:00" endTime="2021-10-11T11:27:42.4021713+02:00" testType="13cdc9d9-ddb5-4fa4-a97d-d965ccfc6d4b" outcome="Passed" testListId="8c84fa94-04c1-424b-9868-57a2d4851a1d" relativeResultsDirectory="6b1973e4-3f58-4840-9ebf-5a79a339c749" />
    <UnitTestResult executionId="1445aff8-2d04-43f7-b3b6-5dac91ea78af" testId="ea7427a7-103b-4b22-9a0e-56b6f73a36c8" testName="GetOneWhereInclude" computerName="PC-SFERRARI" duration="00:00:00.0668941" startTime="2021-10-11T11:27:42.3082546+02:00" endTime="2021-10-11T11:27:42.3753232+02:00" testType="13cdc9d9-ddb5-4fa4-a97d-d965ccfc6d4b" outcome="Passed" testListId="8c84fa94-04c1-424b-9868-57a2d4851a1d" relativeResultsDirectory="1445aff8-2d04-43f7-b3b6-5dac91ea78af" />
    <UnitTestResult executionId="bbce757d-7143-42d3-82c0-ecd91517f10b" testId="86609565-d285-4f68-912c-05e010fb14c0" testName="DeleteWhereAsynchronous" computerName="PC-SFERRARI" duration="00:00:00.0434160" startTime="2021-10-11T11:27:42.7897658+02:00" endTime="2021-10-11T11:27:42.8334165+02:00" testType="13cdc9d9-ddb5-4fa4-a97d-d965ccfc6d4b" outcome="Passed" testListId="8c84fa94-04c1-424b-9868-57a2d4851a1d" relativeResultsDirectory="bbce757d-7143-42d3-82c0-ecd91517f10b" />
  </Results>
  <TestDefinitions>
    <UnitTest name="GetAllAsyncWhereIncludes" storage="d:\sferrari\01 - trabajo\repos\netcore\libs\template-netcore-entityframework\kitpymes.core.entityframework.tests\bin\release\net5.0\kitpymes.core.entityframework.tests.dll" id="0c4624c6-f33c-44c0-9a55-5438ff4f4bde">
      <Execution id="4930ff6e-3e0a-443e-b57c-6f125eb63990" />
      <TestMethod codeBase="D:\SFERRARI\01 - TRABAJO\repos\netcore\libs\template-netcore-entityframework\Kitpymes.Core.EntityFramework.Tests\bin\Release\net5.0\Kitpymes.Core.EntityFramework.Tests.dll" adapterTypeName="executor://mstestadapter/v2" className="Kitpymes.Core.EntityFramework.Tests.EntityFrameworkRepositoryTests" name="GetAllAsyncWhereIncludes" />
    </UnitTest>
    <UnitTest name="GetPagedSelectOrderByProperty" storage="d:\sferrari\01 - trabajo\repos\netcore\libs\template-netcore-entityframework\kitpymes.core.entityframework.tests\bin\release\net5.0\kitpymes.core.entityframework.tests.dll" id="be7b89f7-e0dc-422a-94f9-b7aedfec54f6">
      <Execution id="9002f3c1-eea7-4a6d-a7d5-219490e23cd5" />
      <TestMethod codeBase="D:\SFERRARI\01 - TRABAJO\repos\netcore\libs\template-netcore-entityframework\Kitpymes.Core.EntityFramework.Tests\bin\Release\net5.0\Kitpymes.Core.EntityFramework.Tests.dll" adapterTypeName="executor://mstestadapter/v2" className="Kitpymes.Core.EntityFramework.Tests.EntityFrameworkRepositoryTests" name="GetPagedSelectOrderByProperty" />
    </UnitTest>
    <UnitTest name="GetOneAsyncWhereInclude" storage="d:\sferrari\01 - trabajo\repos\netcore\libs\template-netcore-entityframework\kitpymes.core.entityframework.tests\bin\release\net5.0\kitpymes.core.entityframework.tests.dll" id="bb528d37-21b6-41a8-9049-0a720aad4733">
      <Execution id="8761aa7a-359e-4a78-9407-fa014b5e8d40" />
      <TestMethod codeBase="D:\SFERRARI\01 - TRABAJO\repos\netcore\libs\template-netcore-entityframework\Kitpymes.Core.EntityFramework.Tests\bin\Release\net5.0\Kitpymes.Core.EntityFramework.Tests.dll" adapterTypeName="executor://mstestadapter/v2" className="Kitpymes.Core.EntityFramework.Tests.EntityFrameworkRepositoryTests" name="GetOneAsyncWhereInclude" />
    </UnitTest>
    <UnitTest name="GetPagedAsyncWhereIncludesSelect" storage="d:\sferrari\01 - trabajo\repos\netcore\libs\template-netcore-entityframework\kitpymes.core.entityframework.tests\bin\release\net5.0\kitpymes.core.entityframework.tests.dll" id="581e5df1-1a95-4d7e-989b-e92338d22215">
      <Execution id="7704ccc3-0d01-4185-b19c-b3cdf0636542" />
      <TestMethod codeBase="D:\SFERRARI\01 - TRABAJO\repos\netcore\libs\template-netcore-entityframework\Kitpymes.Core.EntityFramework.Tests\bin\Release\net5.0\Kitpymes.Core.EntityFramework.Tests.dll" adapterTypeName="executor://mstestadapter/v2" className="Kitpymes.Core.EntityFramework.Tests.EntityFrameworkRepositoryTests" name="GetPagedAsyncWhereIncludesSelect" />
    </UnitTest>
    <UnitTest name="GetOneWhereInclude" storage="d:\sferrari\01 - trabajo\repos\netcore\libs\template-netcore-entityframework\kitpymes.core.entityframework.tests\bin\release\net5.0\kitpymes.core.entityframework.tests.dll" id="ea7427a7-103b-4b22-9a0e-56b6f73a36c8">
      <Execution id="1445aff8-2d04-43f7-b3b6-5dac91ea78af" />
      <TestMethod codeBase="D:\SFERRARI\01 - TRABAJO\repos\netcore\libs\template-netcore-entityframework\Kitpymes.Core.EntityFramework.Tests\bin\Release\net5.0\Kitpymes.Core.EntityFramework.Tests.dll" adapterTypeName="executor://mstestadapter/v2" className="Kitpymes.Core.EntityFramework.Tests.EntityFrameworkRepositoryTests" name="GetOneWhereInclude" />
    </UnitTest>
    <UnitTest name="GetAll" storage="d:\sferrari\01 - trabajo\repos\netcore\libs\template-netcore-entityframework\kitpymes.core.entityframework.tests\bin\release\net5.0\kitpymes.core.entityframework.tests.dll" id="7df2a6ea-7ac2-41d6-8690-91aacc46c684">
      <Execution id="723505cc-a17b-4a18-b8b3-21976048744f" />
      <TestMethod codeBase="D:\SFERRARI\01 - TRABAJO\repos\netcore\libs\template-netcore-entityframework\Kitpymes.Core.EntityFramework.Tests\bin\Release\net5.0\Kitpymes.Core.EntityFramework.Tests.dll" adapterTypeName="executor://mstestadapter/v2" className="Kitpymes.Core.EntityFramework.Tests.EntityFrameworkRepositoryTests" name="GetAll" />
    </UnitTest>
    <UnitTest name="UpdateSelect" storage="d:\sferrari\01 - trabajo\repos\netcore\libs\template-netcore-entityframework\kitpymes.core.entityframework.tests\bin\release\net5.0\kitpymes.core.entityframework.tests.dll" id="30ae2d0d-597b-434f-b3a9-11f6881d3133">
      <Execution id="95ba8993-98ec-4aa0-b7bc-7eb52e7dcba1" />
      <TestMethod codeBase="D:\SFERRARI\01 - TRABAJO\repos\netcore\libs\template-netcore-entityframework\Kitpymes.Core.EntityFramework.Tests\bin\Release\net5.0\Kitpymes.Core.EntityFramework.Tests.dll" adapterTypeName="executor://mstestadapter/v2" className="Kitpymes.Core.EntityFramework.Tests.EntityFrameworkRepositoryTests" name="UpdateSelect" />
    </UnitTest>
    <UnitTest name="AddAsync" storage="d:\sferrari\01 - trabajo\repos\netcore\libs\template-netcore-entityframework\kitpymes.core.entityframework.tests\bin\release\net5.0\kitpymes.core.entityframework.tests.dll" id="fa9c2854-56cd-47a1-8a90-dda0f18f60d4">
      <Execution id="8ff64e6e-cdc8-40a2-bcf9-75028e0a6f14" />
      <TestMethod codeBase="D:\SFERRARI\01 - TRABAJO\repos\netcore\libs\template-netcore-entityframework\Kitpymes.Core.EntityFramework.Tests\bin\Release\net5.0\Kitpymes.Core.EntityFramework.Tests.dll" adapterTypeName="executor://mstestadapter/v2" className="Kitpymes.Core.EntityFramework.Tests.EntityFrameworkRepositoryTests" name="AddAsync" />
    </UnitTest>
    <UnitTest name="GetPagedWhereSelect" storage="d:\sferrari\01 - trabajo\repos\netcore\libs\template-netcore-entityframework\kitpymes.core.entityframework.tests\bin\release\net5.0\kitpymes.core.entityframework.tests.dll" id="204d7d21-850e-4531-98c0-013c1744c436">
      <Execution id="9c2b3dce-dc55-4056-b337-7c7f5e6bbc53" />
      <TestMethod codeBase="D:\SFERRARI\01 - TRABAJO\repos\netcore\libs\template-netcore-entityframework\Kitpymes.Core.EntityFramework.Tests\bin\Release\net5.0\Kitpymes.Core.EntityFramework.Tests.dll" adapterTypeName="executor://mstestadapter/v2" className="Kitpymes.Core.EntityFramework.Tests.EntityFrameworkRepositoryTests" name="GetPagedWhereSelect" />
    </UnitTest>
    <UnitTest name="UpdateValueObject" storage="d:\sferrari\01 - trabajo\repos\netcore\libs\template-netcore-entityframework\kitpymes.core.entityframework.tests\bin\release\net5.0\kitpymes.core.entityframework.tests.dll" id="15870c23-3d7b-4b0f-9779-56caf981170d">
      <Execution id="086b21e5-6eb8-422f-9e32-fb55fa51bf08" />
      <TestMethod codeBase="D:\SFERRARI\01 - TRABAJO\repos\netcore\libs\template-netcore-entityframework\Kitpymes.Core.EntityFramework.Tests\bin\Release\net5.0\Kitpymes.Core.EntityFramework.Tests.dll" adapterTypeName="executor://mstestadapter/v2" className="Kitpymes.Core.EntityFramework.Tests.EntityFrameworkRepositoryTests" name="UpdateValueObject" />
    </UnitTest>
    <UnitTest name="AnyWhere" storage="d:\sferrari\01 - trabajo\repos\netcore\libs\template-netcore-entityframework\kitpymes.core.entityframework.tests\bin\release\net5.0\kitpymes.core.entityframework.tests.dll" id="e573b9f3-2727-4e1c-8121-f10e14d5a051">
      <Execution id="c6f6c2cf-81e0-4dd0-825f-5c4c891840bd" />
      <TestMethod codeBase="D:\SFERRARI\01 - TRABAJO\repos\netcore\libs\template-netcore-entityframework\Kitpymes.Core.EntityFramework.Tests\bin\Release\net5.0\Kitpymes.Core.EntityFramework.Tests.dll" adapterTypeName="executor://mstestadapter/v2" className="Kitpymes.Core.EntityFramework.Tests.EntityFrameworkRepositoryTests" name="AnyWhere" />
    </UnitTest>
    <UnitTest name="DeleteWhereAsynchronous" storage="d:\sferrari\01 - trabajo\repos\netcore\libs\template-netcore-entityframework\kitpymes.core.entityframework.tests\bin\release\net5.0\kitpymes.core.entityframework.tests.dll" id="86609565-d285-4f68-912c-05e010fb14c0">
      <Execution id="bbce757d-7143-42d3-82c0-ecd91517f10b" />
      <TestMethod codeBase="D:\SFERRARI\01 - TRABAJO\repos\netcore\libs\template-netcore-entityframework\Kitpymes.Core.EntityFramework.Tests\bin\Release\net5.0\Kitpymes.Core.EntityFramework.Tests.dll" adapterTypeName="executor://mstestadapter/v2" className="Kitpymes.Core.EntityFramework.Tests.EntityFrameworkRepositoryTests" name="DeleteWhereAsynchronous" />
    </UnitTest>
    <UnitTest name="CountAsync" storage="d:\sferrari\01 - trabajo\repos\netcore\libs\template-netcore-entityframework\kitpymes.core.entityframework.tests\bin\release\net5.0\kitpymes.core.entityframework.tests.dll" id="9a0ef75e-5eca-497a-963d-5b741ff9e3c1">
      <Execution id="9a30b470-70ea-4bd3-be09-ed4816675a0f" />
      <TestMethod codeBase="D:\SFERRARI\01 - TRABAJO\repos\netcore\libs\template-netcore-entityframework\Kitpymes.Core.EntityFramework.Tests\bin\Release\net5.0\Kitpymes.Core.EntityFramework.Tests.dll" adapterTypeName="executor://mstestadapter/v2" className="Kitpymes.Core.EntityFramework.Tests.EntityFrameworkRepositoryTests" name="CountAsync" />
    </UnitTest>
    <UnitTest name="GetAllWhereIncludesSelect" storage="d:\sferrari\01 - trabajo\repos\netcore\libs\template-netcore-entityframework\kitpymes.core.entityframework.tests\bin\release\net5.0\kitpymes.core.entityframework.tests.dll" id="3644cce6-748f-48f7-82b4-ef5bbec1c0df">
      <Execution id="53167ead-4082-4d65-9a19-862d97f92312" />
      <TestMethod codeBase="D:\SFERRARI\01 - TRABAJO\repos\netcore\libs\template-netcore-entityframework\Kitpymes.Core.EntityFramework.Tests\bin\Release\net5.0\Kitpymes.Core.EntityFramework.Tests.dll" adapterTypeName="executor://mstestadapter/v2" className="Kitpymes.Core.EntityFramework.Tests.EntityFrameworkRepositoryTests" name="GetAllWhereIncludesSelect" />
    </UnitTest>
    <UnitTest name="QueryableOrderByDescending" storage="d:\sferrari\01 - trabajo\repos\netcore\libs\template-netcore-entityframework\kitpymes.core.entityframework.tests\bin\release\net5.0\kitpymes.core.entityframework.tests.dll" id="b1e113ce-8f9b-423b-8b68-1bd0511c5a78">
      <Execution id="a2d3cbdd-d9f5-434b-840c-50ef451c86f5" />
      <TestMethod codeBase="D:\SFERRARI\01 - TRABAJO\repos\netcore\libs\template-netcore-entityframework\Kitpymes.Core.EntityFramework.Tests\bin\Release\net5.0\Kitpymes.Core.EntityFramework.Tests.dll" adapterTypeName="executor://mstestadapter/v2" className="Kitpymes.Core.EntityFramework.Tests.EntityFrameworkRepositoryTests" name="QueryableOrderByDescending" />
    </UnitTest>
    <UnitTest name="GetPagedWhereIncludesSelect" storage="d:\sferrari\01 - trabajo\repos\netcore\libs\template-netcore-entityframework\kitpymes.core.entityframework.tests\bin\release\net5.0\kitpymes.core.entityframework.tests.dll" id="0a54b561-867b-4995-9c33-a954d2b4dfc9">
      <Execution id="970458ca-c7b1-467d-8fa8-a28bd89427e4" />
      <TestMethod codeBase="D:\SFERRARI\01 - TRABAJO\repos\netcore\libs\template-netcore-entityframework\Kitpymes.Core.EntityFramework.Tests\bin\Release\net5.0\Kitpymes.Core.EntityFramework.Tests.dll" adapterTypeName="executor://mstestadapter/v2" className="Kitpymes.Core.EntityFramework.Tests.EntityFrameworkRepositoryTests" name="GetPagedWhereIncludesSelect" />
    </UnitTest>
    <UnitTest name="NameConvert" storage="d:\sferrari\01 - trabajo\repos\netcore\libs\template-netcore-entityframework\kitpymes.core.entityframework.tests\bin\release\net5.0\kitpymes.core.entityframework.tests.dll" id="d8a27099-e943-4f56-aa55-991a185fd6bd">
      <Execution id="a0c99344-1b1d-4a43-94f2-0652fe90b258" />
      <TestMethod codeBase="D:\SFERRARI\01 - TRABAJO\repos\netcore\libs\template-netcore-entityframework\Kitpymes.Core.EntityFramework.Tests\bin\Release\net5.0\Kitpymes.Core.EntityFramework.Tests.dll" adapterTypeName="executor://mstestadapter/v2" className="Kitpymes.Core.EntityFramework.Tests.EntityFrameworkConverterTests" name="NameConvert" />
    </UnitTest>
    <UnitTest name="EnumConvertValue" storage="d:\sferrari\01 - trabajo\repos\netcore\libs\template-netcore-entityframework\kitpymes.core.entityframework.tests\bin\release\net5.0\kitpymes.core.entityframework.tests.dll" id="a11745d1-920b-44c4-b1e9-c295afc92ddd">
      <Execution id="779a9ac4-1570-446d-9e20-27f3dc311b5f" />
      <TestMethod codeBase="D:\SFERRARI\01 - TRABAJO\repos\netcore\libs\template-netcore-entityframework\Kitpymes.Core.EntityFramework.Tests\bin\Release\net5.0\Kitpymes.Core.EntityFramework.Tests.dll" adapterTypeName="executor://mstestadapter/v2" className="Kitpymes.Core.EntityFramework.Tests.EntityFrameworkConverterTests" name="EnumConvertValue" />
    </UnitTest>
    <UnitTest name="GetAllWhere" storage="d:\sferrari\01 - trabajo\repos\netcore\libs\template-netcore-entityframework\kitpymes.core.entityframework.tests\bin\release\net5.0\kitpymes.core.entityframework.tests.dll" id="139fadee-2a02-4f21-b785-26540721831e">
      <Execution id="fb91dbb3-cd3b-4cfd-bf81-1fc732182359" />
      <TestMethod codeBase="D:\SFERRARI\01 - TRABAJO\repos\netcore\libs\template-netcore-entityframework\Kitpymes.Core.EntityFramework.Tests\bin\Release\net5.0\Kitpymes.Core.EntityFramework.Tests.dll" adapterTypeName="executor://mstestadapter/v2" className="Kitpymes.Core.EntityFramework.Tests.EntityFrameworkRepositoryTests" name="GetAllWhere" />
    </UnitTest>
    <UnitTest name="GetAllWhereSelect" storage="d:\sferrari\01 - trabajo\repos\netcore\libs\template-netcore-entityframework\kitpymes.core.entityframework.tests\bin\release\net5.0\kitpymes.core.entityframework.tests.dll" id="66378a75-2a0c-48d8-b397-0a0db61a8339">
      <Execution id="a7802c72-8a6b-4a25-9a18-93449cd3225c" />
      <TestMethod codeBase="D:\SFERRARI\01 - TRABAJO\repos\netcore\libs\template-netcore-entityframework\Kitpymes.Core.EntityFramework.Tests\bin\Release\net5.0\Kitpymes.Core.EntityFramework.Tests.dll" adapterTypeName="executor://mstestadapter/v2" className="Kitpymes.Core.EntityFramework.Tests.EntityFrameworkRepositoryTests" name="GetAllWhereSelect" />
    </UnitTest>
    <UnitTest name="GetOneWhere" storage="d:\sferrari\01 - trabajo\repos\netcore\libs\template-netcore-entityframework\kitpymes.core.entityframework.tests\bin\release\net5.0\kitpymes.core.entityframework.tests.dll" id="d04146b3-bd0b-44cf-bbc9-f6c906c7c1a6">
      <Execution id="712c9545-675f-43a9-a092-f416c5863d0a" />
      <TestMethod codeBase="D:\SFERRARI\01 - TRABAJO\repos\netcore\libs\template-netcore-entityframework\Kitpymes.Core.EntityFramework.Tests\bin\Release\net5.0\Kitpymes.Core.EntityFramework.Tests.dll" adapterTypeName="executor://mstestadapter/v2" className="Kitpymes.Core.EntityFramework.Tests.EntityFrameworkRepositoryTests" name="GetOneWhere" />
    </UnitTest>
    <UnitTest name="AnyAsync" storage="d:\sferrari\01 - trabajo\repos\netcore\libs\template-netcore-entityframework\kitpymes.core.entityframework.tests\bin\release\net5.0\kitpymes.core.entityframework.tests.dll" id="2daf663a-b439-451f-9b62-b5a5cadcdb90">
      <Execution id="e1dd8fd7-73b9-4703-aa2f-b2b3e84d5997" />
      <TestMethod codeBase="D:\SFERRARI\01 - TRABAJO\repos\netcore\libs\template-netcore-entityframework\Kitpymes.Core.EntityFramework.Tests\bin\Release\net5.0\Kitpymes.Core.EntityFramework.Tests.dll" adapterTypeName="executor://mstestadapter/v2" className="Kitpymes.Core.EntityFramework.Tests.EntityFrameworkRepositoryTests" name="AnyAsync" />
    </UnitTest>
    <UnitTest name="CountWhereAsync" storage="d:\sferrari\01 - trabajo\repos\netcore\libs\template-netcore-entityframework\kitpymes.core.entityframework.tests\bin\release\net5.0\kitpymes.core.entityframework.tests.dll" id="99a5e99a-4ced-4a4c-9ee5-c4816bf71702">
      <Execution id="32f7f69d-13a1-4ef0-8a70-732745627c64" />
      <TestMethod codeBase="D:\SFERRARI\01 - TRABAJO\repos\netcore\libs\template-netcore-entityframework\Kitpymes.Core.EntityFramework.Tests\bin\Release\net5.0\Kitpymes.Core.EntityFramework.Tests.dll" adapterTypeName="executor://mstestadapter/v2" className="Kitpymes.Core.EntityFramework.Tests.EntityFrameworkRepositoryTests" name="CountWhereAsync" />
    </UnitTest>
    <UnitTest name="Any" storage="d:\sferrari\01 - trabajo\repos\netcore\libs\template-netcore-entityframework\kitpymes.core.entityframework.tests\bin\release\net5.0\kitpymes.core.entityframework.tests.dll" id="cb5dca0c-6642-4de8-aa39-d498f8f156e0">
      <Execution id="9a8053ac-90ea-4979-bf85-0c6bf66283a5" />
      <TestMethod codeBase="D:\SFERRARI\01 - TRABAJO\repos\netcore\libs\template-netcore-entityframework\Kitpymes.Core.EntityFramework.Tests\bin\Release\net5.0\Kitpymes.Core.EntityFramework.Tests.dll" adapterTypeName="executor://mstestadapter/v2" className="Kitpymes.Core.EntityFramework.Tests.EntityFrameworkRepositoryTests" name="Any" />
    </UnitTest>
    <UnitTest name="GetOneAsyncWhere" storage="d:\sferrari\01 - trabajo\repos\netcore\libs\template-netcore-entityframework\kitpymes.core.entityframework.tests\bin\release\net5.0\kitpymes.core.entityframework.tests.dll" id="0cc5fcb7-e1ef-40b5-989f-282db59bb72d">
      <Execution id="395c8f89-29f7-45a6-89c6-00746a5f015d" />
      <TestMethod codeBase="D:\SFERRARI\01 - TRABAJO\repos\netcore\libs\template-netcore-entityframework\Kitpymes.Core.EntityFramework.Tests\bin\Release\net5.0\Kitpymes.Core.EntityFramework.Tests.dll" adapterTypeName="executor://mstestadapter/v2" className="Kitpymes.Core.EntityFramework.Tests.EntityFrameworkRepositoryTests" name="GetOneAsyncWhere" />
    </UnitTest>
    <UnitTest name="AddRangeAsync" storage="d:\sferrari\01 - trabajo\repos\netcore\libs\template-netcore-entityframework\kitpymes.core.entityframework.tests\bin\release\net5.0\kitpymes.core.entityframework.tests.dll" id="8e163b1c-a760-46c2-9d4e-e705453040d1">
      <Execution id="1958df10-0e6e-4f1c-be75-fe8f98e3392b" />
      <TestMethod codeBase="D:\SFERRARI\01 - TRABAJO\repos\netcore\libs\template-netcore-entityframework\Kitpymes.Core.EntityFramework.Tests\bin\Release\net5.0\Kitpymes.Core.EntityFramework.Tests.dll" adapterTypeName="executor://mstestadapter/v2" className="Kitpymes.Core.EntityFramework.Tests.EntityFrameworkRepositoryTests" name="AddRangeAsync" />
    </UnitTest>
    <UnitTest name="GetOneAsyncWhereSelect" storage="d:\sferrari\01 - trabajo\repos\netcore\libs\template-netcore-entityframework\kitpymes.core.entityframework.tests\bin\release\net5.0\kitpymes.core.entityframework.tests.dll" id="b109221b-d92e-4b2a-88e4-c8ad3fc55c85">
      <Execution id="61ea83d1-33bf-4535-b551-ce8a4262bc60" />
      <TestMethod codeBase="D:\SFERRARI\01 - TRABAJO\repos\netcore\libs\template-netcore-entityframework\Kitpymes.Core.EntityFramework.Tests\bin\Release\net5.0\Kitpymes.Core.EntityFramework.Tests.dll" adapterTypeName="executor://mstestadapter/v2" className="Kitpymes.Core.EntityFramework.Tests.EntityFrameworkRepositoryTests" name="GetOneAsyncWhereSelect" />
    </UnitTest>
    <UnitTest name="UpdatePartial" storage="d:\sferrari\01 - trabajo\repos\netcore\libs\template-netcore-entityframework\kitpymes.core.entityframework.tests\bin\release\net5.0\kitpymes.core.entityframework.tests.dll" id="e6b26ca8-c692-47e4-943d-87724feb27e8">
      <Execution id="3dd8d542-b2a4-4f93-8517-989e9a421ec6" />
      <TestMethod codeBase="D:\SFERRARI\01 - TRABAJO\repos\netcore\libs\template-netcore-entityframework\Kitpymes.Core.EntityFramework.Tests\bin\Release\net5.0\Kitpymes.Core.EntityFramework.Tests.dll" adapterTypeName="executor://mstestadapter/v2" className="Kitpymes.Core.EntityFramework.Tests.EntityFrameworkRepositoryTests" name="UpdatePartial" />
    </UnitTest>
    <UnitTest name="GetAllWhereIncludes" storage="d:\sferrari\01 - trabajo\repos\netcore\libs\template-netcore-entityframework\kitpymes.core.entityframework.tests\bin\release\net5.0\kitpymes.core.entityframework.tests.dll" id="8fefb7b9-f646-424b-a9d2-7d2364ab9190">
      <Execution id="10cfeefc-c7f8-4ea7-94d7-74a7e90d5b0c" />
      <TestMethod codeBase="D:\SFERRARI\01 - TRABAJO\repos\netcore\libs\template-netcore-entityframework\Kitpymes.Core.EntityFramework.Tests\bin\Release\net5.0\Kitpymes.Core.EntityFramework.Tests.dll" adapterTypeName="executor://mstestadapter/v2" className="Kitpymes.Core.EntityFramework.Tests.EntityFrameworkRepositoryTests" name="GetAllWhereIncludes" />
    </UnitTest>
    <UnitTest name="AnyWhereAsync" storage="d:\sferrari\01 - trabajo\repos\netcore\libs\template-netcore-entityframework\kitpymes.core.entityframework.tests\bin\release\net5.0\kitpymes.core.entityframework.tests.dll" id="e83a9774-e587-40d6-8ef1-fbd19f9bed04">
      <Execution id="368fffde-759f-4d51-90ea-4f74e3b544bb" />
      <TestMethod codeBase="D:\SFERRARI\01 - TRABAJO\repos\netcore\libs\template-netcore-entityframework\Kitpymes.Core.EntityFramework.Tests\bin\Release\net5.0\Kitpymes.Core.EntityFramework.Tests.dll" adapterTypeName="executor://mstestadapter/v2" className="Kitpymes.Core.EntityFramework.Tests.EntityFrameworkRepositoryTests" name="AnyWhereAsync" />
    </UnitTest>
    <UnitTest name="CountWhere" storage="d:\sferrari\01 - trabajo\repos\netcore\libs\template-netcore-entityframework\kitpymes.core.entityframework.tests\bin\release\net5.0\kitpymes.core.entityframework.tests.dll" id="b2a6c584-c710-405b-856f-74c76f839e07">
      <Execution id="ce51c969-391f-42e5-a481-1e734fd28153" />
      <TestMethod codeBase="D:\SFERRARI\01 - TRABAJO\repos\netcore\libs\template-netcore-entityframework\Kitpymes.Core.EntityFramework.Tests\bin\Release\net5.0\Kitpymes.Core.EntityFramework.Tests.dll" adapterTypeName="executor://mstestadapter/v2" className="Kitpymes.Core.EntityFramework.Tests.EntityFrameworkRepositoryTests" name="CountWhere" />
    </UnitTest>
    <UnitTest name="SubdomainConvert" storage="d:\sferrari\01 - trabajo\repos\netcore\libs\template-netcore-entityframework\kitpymes.core.entityframework.tests\bin\release\net5.0\kitpymes.core.entityframework.tests.dll" id="f20efd70-1e3f-447c-8db4-b5f1bdf011ea">
      <Execution id="1393217e-4818-4466-bd5f-097239139041" />
      <TestMethod codeBase="D:\SFERRARI\01 - TRABAJO\repos\netcore\libs\template-netcore-entityframework\Kitpymes.Core.EntityFramework.Tests\bin\Release\net5.0\Kitpymes.Core.EntityFramework.Tests.dll" adapterTypeName="executor://mstestadapter/v2" className="Kitpymes.Core.EntityFramework.Tests.EntityFrameworkConverterTests" name="SubdomainConvert" />
    </UnitTest>
    <UnitTest name="UpdateAsynchronous" storage="d:\sferrari\01 - trabajo\repos\netcore\libs\template-netcore-entityframework\kitpymes.core.entityframework.tests\bin\release\net5.0\kitpymes.core.entityframework.tests.dll" id="c2e1f720-1a06-4693-ba8d-e7005491cdfc">
      <Execution id="a3426c05-d50e-4dc6-92c9-2e632d216f48" />
      <TestMethod codeBase="D:\SFERRARI\01 - TRABAJO\repos\netcore\libs\template-netcore-entityframework\Kitpymes.Core.EntityFramework.Tests\bin\Release\net5.0\Kitpymes.Core.EntityFramework.Tests.dll" adapterTypeName="executor://mstestadapter/v2" className="Kitpymes.Core.EntityFramework.Tests.EntityFrameworkRepositoryTests" name="UpdateAsynchronous" />
    </UnitTest>
    <UnitTest name="Add" storage="d:\sferrari\01 - trabajo\repos\netcore\libs\template-netcore-entityframework\kitpymes.core.entityframework.tests\bin\release\net5.0\kitpymes.core.entityframework.tests.dll" id="8069d845-d66c-4abc-b073-fcfcdc04b4b0">
      <Execution id="bab0e2a8-38fc-49a1-b4a2-e92a7ea3ea7f" />
      <TestMethod codeBase="D:\SFERRARI\01 - TRABAJO\repos\netcore\libs\template-netcore-entityframework\Kitpymes.Core.EntityFramework.Tests\bin\Release\net5.0\Kitpymes.Core.EntityFramework.Tests.dll" adapterTypeName="executor://mstestadapter/v2" className="Kitpymes.Core.EntityFramework.Tests.EntityFrameworkRepositoryTests" name="Add" />
    </UnitTest>
    <UnitTest name="Count" storage="d:\sferrari\01 - trabajo\repos\netcore\libs\template-netcore-entityframework\kitpymes.core.entityframework.tests\bin\release\net5.0\kitpymes.core.entityframework.tests.dll" id="fcc47e47-6a72-4e1b-9207-1fa99ae601f4">
      <Execution id="bba6344e-34c4-4649-a062-ac9363719125" />
      <TestMethod codeBase="D:\SFERRARI\01 - TRABAJO\repos\netcore\libs\template-netcore-entityframework\Kitpymes.Core.EntityFramework.Tests\bin\Release\net5.0\Kitpymes.Core.EntityFramework.Tests.dll" adapterTypeName="executor://mstestadapter/v2" className="Kitpymes.Core.EntityFramework.Tests.EntityFrameworkRepositoryTests" name="Count" />
    </UnitTest>
    <UnitTest name="GetAllAsyncWhere" storage="d:\sferrari\01 - trabajo\repos\netcore\libs\template-netcore-entityframework\kitpymes.core.entityframework.tests\bin\release\net5.0\kitpymes.core.entityframework.tests.dll" id="47b6169e-7a13-47b4-a5f9-33d20f49b77d">
      <Execution id="df6442d2-7b68-47b3-89e5-23e5b3a64993" />
      <TestMethod codeBase="D:\SFERRARI\01 - TRABAJO\repos\netcore\libs\template-netcore-entityframework\Kitpymes.Core.EntityFramework.Tests\bin\Release\net5.0\Kitpymes.Core.EntityFramework.Tests.dll" adapterTypeName="executor://mstestadapter/v2" className="Kitpymes.Core.EntityFramework.Tests.EntityFrameworkRepositoryTests" name="GetAllAsyncWhere" />
    </UnitTest>
    <UnitTest name="GetPagedSelectOrderByNavigationProperty" storage="d:\sferrari\01 - trabajo\repos\netcore\libs\template-netcore-entityframework\kitpymes.core.entityframework.tests\bin\release\net5.0\kitpymes.core.entityframework.tests.dll" id="7d910604-66be-4850-b352-d83a542144b4">
      <Execution id="24b03a7a-1bdf-4232-a36a-09568cef1972" />
      <TestMethod codeBase="D:\SFERRARI\01 - TRABAJO\repos\netcore\libs\template-netcore-entityframework\Kitpymes.Core.EntityFramework.Tests\bin\Release\net5.0\Kitpymes.Core.EntityFramework.Tests.dll" adapterTypeName="executor://mstestadapter/v2" className="Kitpymes.Core.EntityFramework.Tests.EntityFrameworkRepositoryTests" name="GetPagedSelectOrderByNavigationProperty" />
    </UnitTest>
    <UnitTest name="GetAllAsyncWhereSelect" storage="d:\sferrari\01 - trabajo\repos\netcore\libs\template-netcore-entityframework\kitpymes.core.entityframework.tests\bin\release\net5.0\kitpymes.core.entityframework.tests.dll" id="e2664c1c-ff52-4bed-9c32-35dff25c4cb9">
      <Execution id="67ad1840-fbe7-4b78-98fb-e83aae65799e" />
      <TestMethod codeBase="D:\SFERRARI\01 - TRABAJO\repos\netcore\libs\template-netcore-entityframework\Kitpymes.Core.EntityFramework.Tests\bin\Release\net5.0\Kitpymes.Core.EntityFramework.Tests.dll" adapterTypeName="executor://mstestadapter/v2" className="Kitpymes.Core.EntityFramework.Tests.EntityFrameworkRepositoryTests" name="GetAllAsyncWhereSelect" />
    </UnitTest>
    <UnitTest name="GetPagedWhereIncludes" storage="d:\sferrari\01 - trabajo\repos\netcore\libs\template-netcore-entityframework\kitpymes.core.entityframework.tests\bin\release\net5.0\kitpymes.core.entityframework.tests.dll" id="edef2103-e311-49c8-a6e8-e8ea1fd29170">
      <Execution id="05536db6-9508-4a4d-bf7b-011af0daad0e" />
      <TestMethod codeBase="D:\SFERRARI\01 - TRABAJO\repos\netcore\libs\template-netcore-entityframework\Kitpymes.Core.EntityFramework.Tests\bin\Release\net5.0\Kitpymes.Core.EntityFramework.Tests.dll" adapterTypeName="executor://mstestadapter/v2" className="Kitpymes.Core.EntityFramework.Tests.EntityFrameworkRepositoryTests" name="GetPagedWhereIncludes" />
    </UnitTest>
    <UnitTest name="GetOnetWhereSelect" storage="d:\sferrari\01 - trabajo\repos\netcore\libs\template-netcore-entityframework\kitpymes.core.entityframework.tests\bin\release\net5.0\kitpymes.core.entityframework.tests.dll" id="40194003-10b8-4944-ba97-3a94070e30d6">
      <Execution id="6b1973e4-3f58-4840-9ebf-5a79a339c749" />
      <TestMethod codeBase="D:\SFERRARI\01 - TRABAJO\repos\netcore\libs\template-netcore-entityframework\Kitpymes.Core.EntityFramework.Tests\bin\Release\net5.0\Kitpymes.Core.EntityFramework.Tests.dll" adapterTypeName="executor://mstestadapter/v2" className="Kitpymes.Core.EntityFramework.Tests.EntityFrameworkRepositoryTests" name="GetOnetWhereSelect" />
    </UnitTest>
    <UnitTest name="DeleteAsynchronous" storage="d:\sferrari\01 - trabajo\repos\netcore\libs\template-netcore-entityframework\kitpymes.core.entityframework.tests\bin\release\net5.0\kitpymes.core.entityframework.tests.dll" id="28a3d51f-61cf-4b40-94b7-d5563ac0e9ab">
      <Execution id="2b65a886-6b4f-4b95-bf74-9ecf953a69ad" />
      <TestMethod codeBase="D:\SFERRARI\01 - TRABAJO\repos\netcore\libs\template-netcore-entityframework\Kitpymes.Core.EntityFramework.Tests\bin\Release\net5.0\Kitpymes.Core.EntityFramework.Tests.dll" adapterTypeName="executor://mstestadapter/v2" className="Kitpymes.Core.EntityFramework.Tests.EntityFrameworkRepositoryTests" name="DeleteAsynchronous" />
    </UnitTest>
    <UnitTest name="GetPagedWhere" storage="d:\sferrari\01 - trabajo\repos\netcore\libs\template-netcore-entityframework\kitpymes.core.entityframework.tests\bin\release\net5.0\kitpymes.core.entityframework.tests.dll" id="b7b0317c-01ca-4770-a5c1-79066d914cbe">
      <Execution id="8a52812c-8016-429f-8bf2-d38e54693814" />
      <TestMethod codeBase="D:\SFERRARI\01 - TRABAJO\repos\netcore\libs\template-netcore-entityframework\Kitpymes.Core.EntityFramework.Tests\bin\Release\net5.0\Kitpymes.Core.EntityFramework.Tests.dll" adapterTypeName="executor://mstestadapter/v2" className="Kitpymes.Core.EntityFramework.Tests.EntityFrameworkRepositoryTests" name="GetPagedWhere" />
    </UnitTest>
    <UnitTest name="Delete" storage="d:\sferrari\01 - trabajo\repos\netcore\libs\template-netcore-entityframework\kitpymes.core.entityframework.tests\bin\release\net5.0\kitpymes.core.entityframework.tests.dll" id="d0e47893-6a62-4e2a-a80a-c35852b69b64">
      <Execution id="9a92ee8e-3f21-44c1-a7f8-65d8990ea005" />
      <TestMethod codeBase="D:\SFERRARI\01 - TRABAJO\repos\netcore\libs\template-netcore-entityframework\Kitpymes.Core.EntityFramework.Tests\bin\Release\net5.0\Kitpymes.Core.EntityFramework.Tests.dll" adapterTypeName="executor://mstestadapter/v2" className="Kitpymes.Core.EntityFramework.Tests.EntityFrameworkRepositoryTests" name="Delete" />
    </UnitTest>
    <UnitTest name="GetAllAsyncWhereIncludesSelect" storage="d:\sferrari\01 - trabajo\repos\netcore\libs\template-netcore-entityframework\kitpymes.core.entityframework.tests\bin\release\net5.0\kitpymes.core.entityframework.tests.dll" id="9512451f-c20f-44a7-9144-7ed388974aa6">
      <Execution id="b325c415-83e6-4393-bacf-6d61692d3177" />
      <TestMethod codeBase="D:\SFERRARI\01 - TRABAJO\repos\netcore\libs\template-netcore-entityframework\Kitpymes.Core.EntityFramework.Tests\bin\Release\net5.0\Kitpymes.Core.EntityFramework.Tests.dll" adapterTypeName="executor://mstestadapter/v2" className="Kitpymes.Core.EntityFramework.Tests.EntityFrameworkRepositoryTests" name="GetAllAsyncWhereIncludesSelect" />
    </UnitTest>
    <UnitTest name="GetPagedAsync" storage="d:\sferrari\01 - trabajo\repos\netcore\libs\template-netcore-entityframework\kitpymes.core.entityframework.tests\bin\release\net5.0\kitpymes.core.entityframework.tests.dll" id="3a360f10-8d7b-4868-9d9b-aceae6149289">
      <Execution id="861f7388-74db-43e3-a409-6e5d4a826092" />
      <TestMethod codeBase="D:\SFERRARI\01 - TRABAJO\repos\netcore\libs\template-netcore-entityframework\Kitpymes.Core.EntityFramework.Tests\bin\Release\net5.0\Kitpymes.Core.EntityFramework.Tests.dll" adapterTypeName="executor://mstestadapter/v2" className="Kitpymes.Core.EntityFramework.Tests.EntityFrameworkRepositoryTests" name="GetPagedAsync" />
    </UnitTest>
    <UnitTest name="StatusInactiveConvert" storage="d:\sferrari\01 - trabajo\repos\netcore\libs\template-netcore-entityframework\kitpymes.core.entityframework.tests\bin\release\net5.0\kitpymes.core.entityframework.tests.dll" id="f9fa7bcb-a4a9-4b96-af2d-bb238a5750a1">
      <Execution id="ddb80384-eb8d-4c8f-b123-664c26740abb" />
      <TestMethod codeBase="D:\SFERRARI\01 - TRABAJO\repos\netcore\libs\template-netcore-entityframework\Kitpymes.Core.EntityFramework.Tests\bin\Release\net5.0\Kitpymes.Core.EntityFramework.Tests.dll" adapterTypeName="executor://mstestadapter/v2" className="Kitpymes.Core.EntityFramework.Tests.EntityFrameworkConverterTests" name="StatusInactiveConvert" />
    </UnitTest>
    <UnitTest name="GetPagedAsyncWhereIncludes" storage="d:\sferrari\01 - trabajo\repos\netcore\libs\template-netcore-entityframework\kitpymes.core.entityframework.tests\bin\release\net5.0\kitpymes.core.entityframework.tests.dll" id="e7748b33-9d8f-4104-a37f-f519c309c5f6">
      <Execution id="05d4d3bd-101d-4f0b-807c-e7303ab0f013" />
      <TestMethod codeBase="D:\SFERRARI\01 - TRABAJO\repos\netcore\libs\template-netcore-entityframework\Kitpymes.Core.EntityFramework.Tests\bin\Release\net5.0\Kitpymes.Core.EntityFramework.Tests.dll" adapterTypeName="executor://mstestadapter/v2" className="Kitpymes.Core.EntityFramework.Tests.EntityFrameworkRepositoryTests" name="GetPagedAsyncWhereIncludes" />
    </UnitTest>
    <UnitTest name="StatusActiveConvert" storage="d:\sferrari\01 - trabajo\repos\netcore\libs\template-netcore-entityframework\kitpymes.core.entityframework.tests\bin\release\net5.0\kitpymes.core.entityframework.tests.dll" id="a74d20b9-d75d-4a82-a9d1-e6cfa9d72560">
      <Execution id="9202375e-3707-4929-bfaa-0afcb871df82" />
      <TestMethod codeBase="D:\SFERRARI\01 - TRABAJO\repos\netcore\libs\template-netcore-entityframework\Kitpymes.Core.EntityFramework.Tests\bin\Release\net5.0\Kitpymes.Core.EntityFramework.Tests.dll" adapterTypeName="executor://mstestadapter/v2" className="Kitpymes.Core.EntityFramework.Tests.EntityFrameworkConverterTests" name="StatusActiveConvert" />
    </UnitTest>
    <UnitTest name="Update" storage="d:\sferrari\01 - trabajo\repos\netcore\libs\template-netcore-entityframework\kitpymes.core.entityframework.tests\bin\release\net5.0\kitpymes.core.entityframework.tests.dll" id="92fe4ef6-6b3d-47f7-b4c3-4866588f56d5">
      <Execution id="9912b2fb-1e21-4c24-8a40-7b2ec0ed41e5" />
      <TestMethod codeBase="D:\SFERRARI\01 - TRABAJO\repos\netcore\libs\template-netcore-entityframework\Kitpymes.Core.EntityFramework.Tests\bin\Release\net5.0\Kitpymes.Core.EntityFramework.Tests.dll" adapterTypeName="executor://mstestadapter/v2" className="Kitpymes.Core.EntityFramework.Tests.EntityFrameworkRepositoryTests" name="Update" />
    </UnitTest>
    <UnitTest name="GetPagedAsyncWhereSelect" storage="d:\sferrari\01 - trabajo\repos\netcore\libs\template-netcore-entityframework\kitpymes.core.entityframework.tests\bin\release\net5.0\kitpymes.core.entityframework.tests.dll" id="df532c65-85b7-41d8-abfe-a4853454010b">
      <Execution id="aaf408b4-4ae1-4d6c-b09c-3864d23bd696" />
      <TestMethod codeBase="D:\SFERRARI\01 - TRABAJO\repos\netcore\libs\template-netcore-entityframework\Kitpymes.Core.EntityFramework.Tests\bin\Release\net5.0\Kitpymes.Core.EntityFramework.Tests.dll" adapterTypeName="executor://mstestadapter/v2" className="Kitpymes.Core.EntityFramework.Tests.EntityFrameworkRepositoryTests" name="GetPagedAsyncWhereSelect" />
    </UnitTest>
    <UnitTest name="GetAllAsync" storage="d:\sferrari\01 - trabajo\repos\netcore\libs\template-netcore-entityframework\kitpymes.core.entityframework.tests\bin\release\net5.0\kitpymes.core.entityframework.tests.dll" id="d79e2872-10cd-4b14-83d3-a08bd94bbcce">
      <Execution id="2fad9c16-800f-4ee1-8203-a1ab4060509c" />
      <TestMethod codeBase="D:\SFERRARI\01 - TRABAJO\repos\netcore\libs\template-netcore-entityframework\Kitpymes.Core.EntityFramework.Tests\bin\Release\net5.0\Kitpymes.Core.EntityFramework.Tests.dll" adapterTypeName="executor://mstestadapter/v2" className="Kitpymes.Core.EntityFramework.Tests.EntityFrameworkRepositoryTests" name="GetAllAsync" />
    </UnitTest>
    <UnitTest name="AddRange" storage="d:\sferrari\01 - trabajo\repos\netcore\libs\template-netcore-entityframework\kitpymes.core.entityframework.tests\bin\release\net5.0\kitpymes.core.entityframework.tests.dll" id="7a0a0033-0abd-41a5-8db4-bc1bac3dcb54">
      <Execution id="80c2d362-fa1b-4f5e-a104-9b98800064ab" />
      <TestMethod codeBase="D:\SFERRARI\01 - TRABAJO\repos\netcore\libs\template-netcore-entityframework\Kitpymes.Core.EntityFramework.Tests\bin\Release\net5.0\Kitpymes.Core.EntityFramework.Tests.dll" adapterTypeName="executor://mstestadapter/v2" className="Kitpymes.Core.EntityFramework.Tests.EntityFrameworkRepositoryTests" name="AddRange" />
    </UnitTest>
    <UnitTest name="GetPaged" storage="d:\sferrari\01 - trabajo\repos\netcore\libs\template-netcore-entityframework\kitpymes.core.entityframework.tests\bin\release\net5.0\kitpymes.core.entityframework.tests.dll" id="a2141d86-b764-4eb6-b0ec-926003968977">
      <Execution id="a38c3616-0202-448d-b436-2ae9350cca65" />
      <TestMethod codeBase="D:\SFERRARI\01 - TRABAJO\repos\netcore\libs\template-netcore-entityframework\Kitpymes.Core.EntityFramework.Tests\bin\Release\net5.0\Kitpymes.Core.EntityFramework.Tests.dll" adapterTypeName="executor://mstestadapter/v2" className="Kitpymes.Core.EntityFramework.Tests.EntityFrameworkRepositoryTests" name="GetPaged" />
    </UnitTest>
    <UnitTest name="GetOneAsyncWhereIncludesSelect" storage="d:\sferrari\01 - trabajo\repos\netcore\libs\template-netcore-entityframework\kitpymes.core.entityframework.tests\bin\release\net5.0\kitpymes.core.entityframework.tests.dll" id="c0e8e297-7b88-4487-b3d2-dccafc7f2cf4">
      <Execution id="3a59d268-e600-4e4a-82b7-ce1832a60b05" />
      <TestMethod codeBase="D:\SFERRARI\01 - TRABAJO\repos\netcore\libs\template-netcore-entityframework\Kitpymes.Core.EntityFramework.Tests\bin\Release\net5.0\Kitpymes.Core.EntityFramework.Tests.dll" adapterTypeName="executor://mstestadapter/v2" className="Kitpymes.Core.EntityFramework.Tests.EntityFrameworkRepositoryTests" name="GetOneAsyncWhereIncludesSelect" />
    </UnitTest>
    <UnitTest name="Find" storage="d:\sferrari\01 - trabajo\repos\netcore\libs\template-netcore-entityframework\kitpymes.core.entityframework.tests\bin\release\net5.0\kitpymes.core.entityframework.tests.dll" id="5b8c8c47-0237-4276-92b9-622de531fc0b">
      <Execution id="2f606dfb-35e4-45cb-88c1-07f6a9a32661" />
      <TestMethod codeBase="D:\SFERRARI\01 - TRABAJO\repos\netcore\libs\template-netcore-entityframework\Kitpymes.Core.EntityFramework.Tests\bin\Release\net5.0\Kitpymes.Core.EntityFramework.Tests.dll" adapterTypeName="executor://mstestadapter/v2" className="Kitpymes.Core.EntityFramework.Tests.EntityFrameworkRepositoryTests" name="Find" />
    </UnitTest>
    <UnitTest name="EmailConvert" storage="d:\sferrari\01 - trabajo\repos\netcore\libs\template-netcore-entityframework\kitpymes.core.entityframework.tests\bin\release\net5.0\kitpymes.core.entityframework.tests.dll" id="2fca1056-e6af-40d3-bc01-0afa4a95687f">
      <Execution id="0977d2a2-3e83-4b32-88fe-9b354b98ed44" />
      <TestMethod codeBase="D:\SFERRARI\01 - TRABAJO\repos\netcore\libs\template-netcore-entityframework\Kitpymes.Core.EntityFramework.Tests\bin\Release\net5.0\Kitpymes.Core.EntityFramework.Tests.dll" adapterTypeName="executor://mstestadapter/v2" className="Kitpymes.Core.EntityFramework.Tests.EntityFrameworkConverterTests" name="EmailConvert" />
    </UnitTest>
    <UnitTest name="GetPagedAsyncWhere" storage="d:\sferrari\01 - trabajo\repos\netcore\libs\template-netcore-entityframework\kitpymes.core.entityframework.tests\bin\release\net5.0\kitpymes.core.entityframework.tests.dll" id="91052fad-38db-45af-84d6-8c91d5c5ef2d">
      <Execution id="ca4573da-8a0f-4c73-a2b6-eb3c0690d001" />
      <TestMethod codeBase="D:\SFERRARI\01 - TRABAJO\repos\netcore\libs\template-netcore-entityframework\Kitpymes.Core.EntityFramework.Tests\bin\Release\net5.0\Kitpymes.Core.EntityFramework.Tests.dll" adapterTypeName="executor://mstestadapter/v2" className="Kitpymes.Core.EntityFramework.Tests.EntityFrameworkRepositoryTests" name="GetPagedAsyncWhere" />
    </UnitTest>
    <UnitTest name="DeleteWhere" storage="d:\sferrari\01 - trabajo\repos\netcore\libs\template-netcore-entityframework\kitpymes.core.entityframework.tests\bin\release\net5.0\kitpymes.core.entityframework.tests.dll" id="3647276a-3aee-49dd-8b80-70877194a064">
      <Execution id="6fe86a5a-17a3-4cda-9f32-a10aeca7945c" />
      <TestMethod codeBase="D:\SFERRARI\01 - TRABAJO\repos\netcore\libs\template-netcore-entityframework\Kitpymes.Core.EntityFramework.Tests\bin\Release\net5.0\Kitpymes.Core.EntityFramework.Tests.dll" adapterTypeName="executor://mstestadapter/v2" className="Kitpymes.Core.EntityFramework.Tests.EntityFrameworkRepositoryTests" name="DeleteWhere" />
    </UnitTest>
    <UnitTest name="GetOnetWhereIncludesSelect" storage="d:\sferrari\01 - trabajo\repos\netcore\libs\template-netcore-entityframework\kitpymes.core.entityframework.tests\bin\release\net5.0\kitpymes.core.entityframework.tests.dll" id="f3d317b9-1698-4797-9b63-5a26d80c19eb">
      <Execution id="85663c94-d2bb-44b8-bc6d-df2e7596a40b" />
      <TestMethod codeBase="D:\SFERRARI\01 - TRABAJO\repos\netcore\libs\template-netcore-entityframework\Kitpymes.Core.EntityFramework.Tests\bin\Release\net5.0\Kitpymes.Core.EntityFramework.Tests.dll" adapterTypeName="executor://mstestadapter/v2" className="Kitpymes.Core.EntityFramework.Tests.EntityFrameworkRepositoryTests" name="GetOnetWhereIncludesSelect" />
    </UnitTest>
    <UnitTest name="EnumConvertName" storage="d:\sferrari\01 - trabajo\repos\netcore\libs\template-netcore-entityframework\kitpymes.core.entityframework.tests\bin\release\net5.0\kitpymes.core.entityframework.tests.dll" id="6925d799-be37-45b5-9090-7b9214cf0eb2">
      <Execution id="84f55e93-2678-40b9-b4b6-4d35a86278a7" />
      <TestMethod codeBase="D:\SFERRARI\01 - TRABAJO\repos\netcore\libs\template-netcore-entityframework\Kitpymes.Core.EntityFramework.Tests\bin\Release\net5.0\Kitpymes.Core.EntityFramework.Tests.dll" adapterTypeName="executor://mstestadapter/v2" className="Kitpymes.Core.EntityFramework.Tests.EntityFrameworkConverterTests" name="EnumConvertName" />
    </UnitTest>
    <UnitTest name="FindAsync" storage="d:\sferrari\01 - trabajo\repos\netcore\libs\template-netcore-entityframework\kitpymes.core.entityframework.tests\bin\release\net5.0\kitpymes.core.entityframework.tests.dll" id="3bf5d139-1a67-4647-8ba8-3da24fc70bfe">
      <Execution id="762fbba5-d296-4671-9988-6a32127af7cb" />
      <TestMethod codeBase="D:\SFERRARI\01 - TRABAJO\repos\netcore\libs\template-netcore-entityframework\Kitpymes.Core.EntityFramework.Tests\bin\Release\net5.0\Kitpymes.Core.EntityFramework.Tests.dll" adapterTypeName="executor://mstestadapter/v2" className="Kitpymes.Core.EntityFramework.Tests.EntityFrameworkRepositoryTests" name="FindAsync" />
    </UnitTest>
  </TestDefinitions>
  <TestEntries>
    <TestEntry testId="47b6169e-7a13-47b4-a5f9-33d20f49b77d" executionId="df6442d2-7b68-47b3-89e5-23e5b3a64993" testListId="8c84fa94-04c1-424b-9868-57a2d4851a1d" />
    <TestEntry testId="3a360f10-8d7b-4868-9d9b-aceae6149289" executionId="861f7388-74db-43e3-a409-6e5d4a826092" testListId="8c84fa94-04c1-424b-9868-57a2d4851a1d" />
    <TestEntry testId="204d7d21-850e-4531-98c0-013c1744c436" executionId="9c2b3dce-dc55-4056-b337-7c7f5e6bbc53" testListId="8c84fa94-04c1-424b-9868-57a2d4851a1d" />
    <TestEntry testId="9a0ef75e-5eca-497a-963d-5b741ff9e3c1" executionId="9a30b470-70ea-4bd3-be09-ed4816675a0f" testListId="8c84fa94-04c1-424b-9868-57a2d4851a1d" />
    <TestEntry testId="d0e47893-6a62-4e2a-a80a-c35852b69b64" executionId="9a92ee8e-3f21-44c1-a7f8-65d8990ea005" testListId="8c84fa94-04c1-424b-9868-57a2d4851a1d" />
    <TestEntry testId="edef2103-e311-49c8-a6e8-e8ea1fd29170" executionId="05536db6-9508-4a4d-bf7b-011af0daad0e" testListId="8c84fa94-04c1-424b-9868-57a2d4851a1d" />
    <TestEntry testId="d04146b3-bd0b-44cf-bbc9-f6c906c7c1a6" executionId="712c9545-675f-43a9-a092-f416c5863d0a" testListId="8c84fa94-04c1-424b-9868-57a2d4851a1d" />
    <TestEntry testId="d8a27099-e943-4f56-aa55-991a185fd6bd" executionId="a0c99344-1b1d-4a43-94f2-0652fe90b258" testListId="8c84fa94-04c1-424b-9868-57a2d4851a1d" />
    <TestEntry testId="b7b0317c-01ca-4770-a5c1-79066d914cbe" executionId="8a52812c-8016-429f-8bf2-d38e54693814" testListId="8c84fa94-04c1-424b-9868-57a2d4851a1d" />
    <TestEntry testId="b1e113ce-8f9b-423b-8b68-1bd0511c5a78" executionId="a2d3cbdd-d9f5-434b-840c-50ef451c86f5" testListId="8c84fa94-04c1-424b-9868-57a2d4851a1d" />
    <TestEntry testId="581e5df1-1a95-4d7e-989b-e92338d22215" executionId="7704ccc3-0d01-4185-b19c-b3cdf0636542" testListId="8c84fa94-04c1-424b-9868-57a2d4851a1d" />
    <TestEntry testId="b2a6c584-c710-405b-856f-74c76f839e07" executionId="ce51c969-391f-42e5-a481-1e734fd28153" testListId="8c84fa94-04c1-424b-9868-57a2d4851a1d" />
    <TestEntry testId="f3d317b9-1698-4797-9b63-5a26d80c19eb" executionId="85663c94-d2bb-44b8-bc6d-df2e7596a40b" testListId="8c84fa94-04c1-424b-9868-57a2d4851a1d" />
    <TestEntry testId="e83a9774-e587-40d6-8ef1-fbd19f9bed04" executionId="368fffde-759f-4d51-90ea-4f74e3b544bb" testListId="8c84fa94-04c1-424b-9868-57a2d4851a1d" />
    <TestEntry testId="91052fad-38db-45af-84d6-8c91d5c5ef2d" executionId="ca4573da-8a0f-4c73-a2b6-eb3c0690d001" testListId="8c84fa94-04c1-424b-9868-57a2d4851a1d" />
    <TestEntry testId="c0e8e297-7b88-4487-b3d2-dccafc7f2cf4" executionId="3a59d268-e600-4e4a-82b7-ce1832a60b05" testListId="8c84fa94-04c1-424b-9868-57a2d4851a1d" />
    <TestEntry testId="7df2a6ea-7ac2-41d6-8690-91aacc46c684" executionId="723505cc-a17b-4a18-b8b3-21976048744f" testListId="8c84fa94-04c1-424b-9868-57a2d4851a1d" />
    <TestEntry testId="a11745d1-920b-44c4-b1e9-c295afc92ddd" executionId="779a9ac4-1570-446d-9e20-27f3dc311b5f" testListId="8c84fa94-04c1-424b-9868-57a2d4851a1d" />
    <TestEntry testId="fa9c2854-56cd-47a1-8a90-dda0f18f60d4" executionId="8ff64e6e-cdc8-40a2-bcf9-75028e0a6f14" testListId="8c84fa94-04c1-424b-9868-57a2d4851a1d" />
    <TestEntry testId="6925d799-be37-45b5-9090-7b9214cf0eb2" executionId="84f55e93-2678-40b9-b4b6-4d35a86278a7" testListId="8c84fa94-04c1-424b-9868-57a2d4851a1d" />
    <TestEntry testId="2daf663a-b439-451f-9b62-b5a5cadcdb90" executionId="e1dd8fd7-73b9-4703-aa2f-b2b3e84d5997" testListId="8c84fa94-04c1-424b-9868-57a2d4851a1d" />
    <TestEntry testId="e6b26ca8-c692-47e4-943d-87724feb27e8" executionId="3dd8d542-b2a4-4f93-8517-989e9a421ec6" testListId="8c84fa94-04c1-424b-9868-57a2d4851a1d" />
    <TestEntry testId="3bf5d139-1a67-4647-8ba8-3da24fc70bfe" executionId="762fbba5-d296-4671-9988-6a32127af7cb" testListId="8c84fa94-04c1-424b-9868-57a2d4851a1d" />
    <TestEntry testId="e573b9f3-2727-4e1c-8121-f10e14d5a051" executionId="c6f6c2cf-81e0-4dd0-825f-5c4c891840bd" testListId="8c84fa94-04c1-424b-9868-57a2d4851a1d" />
    <TestEntry testId="a2141d86-b764-4eb6-b0ec-926003968977" executionId="a38c3616-0202-448d-b436-2ae9350cca65" testListId="8c84fa94-04c1-424b-9868-57a2d4851a1d" />
    <TestEntry testId="7a0a0033-0abd-41a5-8db4-bc1bac3dcb54" executionId="80c2d362-fa1b-4f5e-a104-9b98800064ab" testListId="8c84fa94-04c1-424b-9868-57a2d4851a1d" />
    <TestEntry testId="3647276a-3aee-49dd-8b80-70877194a064" executionId="6fe86a5a-17a3-4cda-9f32-a10aeca7945c" testListId="8c84fa94-04c1-424b-9868-57a2d4851a1d" />
    <TestEntry testId="e2664c1c-ff52-4bed-9c32-35dff25c4cb9" executionId="67ad1840-fbe7-4b78-98fb-e83aae65799e" testListId="8c84fa94-04c1-424b-9868-57a2d4851a1d" />
    <TestEntry testId="28a3d51f-61cf-4b40-94b7-d5563ac0e9ab" executionId="2b65a886-6b4f-4b95-bf74-9ecf953a69ad" testListId="8c84fa94-04c1-424b-9868-57a2d4851a1d" />
    <TestEntry testId="be7b89f7-e0dc-422a-94f9-b7aedfec54f6" executionId="9002f3c1-eea7-4a6d-a7d5-219490e23cd5" testListId="8c84fa94-04c1-424b-9868-57a2d4851a1d" />
    <TestEntry testId="2fca1056-e6af-40d3-bc01-0afa4a95687f" executionId="0977d2a2-3e83-4b32-88fe-9b354b98ed44" testListId="8c84fa94-04c1-424b-9868-57a2d4851a1d" />
    <TestEntry testId="9512451f-c20f-44a7-9144-7ed388974aa6" executionId="b325c415-83e6-4393-bacf-6d61692d3177" testListId="8c84fa94-04c1-424b-9868-57a2d4851a1d" />
    <TestEntry testId="66378a75-2a0c-48d8-b397-0a0db61a8339" executionId="a7802c72-8a6b-4a25-9a18-93449cd3225c" testListId="8c84fa94-04c1-424b-9868-57a2d4851a1d" />
    <TestEntry testId="92fe4ef6-6b3d-47f7-b4c3-4866588f56d5" executionId="9912b2fb-1e21-4c24-8a40-7b2ec0ed41e5" testListId="8c84fa94-04c1-424b-9868-57a2d4851a1d" />
    <TestEntry testId="0cc5fcb7-e1ef-40b5-989f-282db59bb72d" executionId="395c8f89-29f7-45a6-89c6-00746a5f015d" testListId="8c84fa94-04c1-424b-9868-57a2d4851a1d" />
    <TestEntry testId="99a5e99a-4ced-4a4c-9ee5-c4816bf71702" executionId="32f7f69d-13a1-4ef0-8a70-732745627c64" testListId="8c84fa94-04c1-424b-9868-57a2d4851a1d" />
    <TestEntry testId="df532c65-85b7-41d8-abfe-a4853454010b" executionId="aaf408b4-4ae1-4d6c-b09c-3864d23bd696" testListId="8c84fa94-04c1-424b-9868-57a2d4851a1d" />
    <TestEntry testId="cb5dca0c-6642-4de8-aa39-d498f8f156e0" executionId="9a8053ac-90ea-4979-bf85-0c6bf66283a5" testListId="8c84fa94-04c1-424b-9868-57a2d4851a1d" />
    <TestEntry testId="f20efd70-1e3f-447c-8db4-b5f1bdf011ea" executionId="1393217e-4818-4466-bd5f-097239139041" testListId="8c84fa94-04c1-424b-9868-57a2d4851a1d" />
    <TestEntry testId="a74d20b9-d75d-4a82-a9d1-e6cfa9d72560" executionId="9202375e-3707-4929-bfaa-0afcb871df82" testListId="8c84fa94-04c1-424b-9868-57a2d4851a1d" />
    <TestEntry testId="8e163b1c-a760-46c2-9d4e-e705453040d1" executionId="1958df10-0e6e-4f1c-be75-fe8f98e3392b" testListId="8c84fa94-04c1-424b-9868-57a2d4851a1d" />
    <TestEntry testId="fcc47e47-6a72-4e1b-9207-1fa99ae601f4" executionId="bba6344e-34c4-4649-a062-ac9363719125" testListId="8c84fa94-04c1-424b-9868-57a2d4851a1d" />
    <TestEntry testId="bb528d37-21b6-41a8-9049-0a720aad4733" executionId="8761aa7a-359e-4a78-9407-fa014b5e8d40" testListId="8c84fa94-04c1-424b-9868-57a2d4851a1d" />
    <TestEntry testId="0a54b561-867b-4995-9c33-a954d2b4dfc9" executionId="970458ca-c7b1-467d-8fa8-a28bd89427e4" testListId="8c84fa94-04c1-424b-9868-57a2d4851a1d" />
    <TestEntry testId="3644cce6-748f-48f7-82b4-ef5bbec1c0df" executionId="53167ead-4082-4d65-9a19-862d97f92312" testListId="8c84fa94-04c1-424b-9868-57a2d4851a1d" />
    <TestEntry testId="8069d845-d66c-4abc-b073-fcfcdc04b4b0" executionId="bab0e2a8-38fc-49a1-b4a2-e92a7ea3ea7f" testListId="8c84fa94-04c1-424b-9868-57a2d4851a1d" />
    <TestEntry testId="30ae2d0d-597b-434f-b3a9-11f6881d3133" executionId="95ba8993-98ec-4aa0-b7bc-7eb52e7dcba1" testListId="8c84fa94-04c1-424b-9868-57a2d4851a1d" />
    <TestEntry testId="f9fa7bcb-a4a9-4b96-af2d-bb238a5750a1" executionId="ddb80384-eb8d-4c8f-b123-664c26740abb" testListId="8c84fa94-04c1-424b-9868-57a2d4851a1d" />
    <TestEntry testId="139fadee-2a02-4f21-b785-26540721831e" executionId="fb91dbb3-cd3b-4cfd-bf81-1fc732182359" testListId="8c84fa94-04c1-424b-9868-57a2d4851a1d" />
    <TestEntry testId="c2e1f720-1a06-4693-ba8d-e7005491cdfc" executionId="a3426c05-d50e-4dc6-92c9-2e632d216f48" testListId="8c84fa94-04c1-424b-9868-57a2d4851a1d" />
    <TestEntry testId="d79e2872-10cd-4b14-83d3-a08bd94bbcce" executionId="2fad9c16-800f-4ee1-8203-a1ab4060509c" testListId="8c84fa94-04c1-424b-9868-57a2d4851a1d" />
    <TestEntry testId="b109221b-d92e-4b2a-88e4-c8ad3fc55c85" executionId="61ea83d1-33bf-4535-b551-ce8a4262bc60" testListId="8c84fa94-04c1-424b-9868-57a2d4851a1d" />
    <TestEntry testId="0c4624c6-f33c-44c0-9a55-5438ff4f4bde" executionId="4930ff6e-3e0a-443e-b57c-6f125eb63990" testListId="8c84fa94-04c1-424b-9868-57a2d4851a1d" />
    <TestEntry testId="e7748b33-9d8f-4104-a37f-f519c309c5f6" executionId="05d4d3bd-101d-4f0b-807c-e7303ab0f013" testListId="8c84fa94-04c1-424b-9868-57a2d4851a1d" />
    <TestEntry testId="15870c23-3d7b-4b0f-9779-56caf981170d" executionId="086b21e5-6eb8-422f-9e32-fb55fa51bf08" testListId="8c84fa94-04c1-424b-9868-57a2d4851a1d" />
    <TestEntry testId="8fefb7b9-f646-424b-a9d2-7d2364ab9190" executionId="10cfeefc-c7f8-4ea7-94d7-74a7e90d5b0c" testListId="8c84fa94-04c1-424b-9868-57a2d4851a1d" />
    <TestEntry testId="7d910604-66be-4850-b352-d83a542144b4" executionId="24b03a7a-1bdf-4232-a36a-09568cef1972" testListId="8c84fa94-04c1-424b-9868-57a2d4851a1d" />
    <TestEntry testId="5b8c8c47-0237-4276-92b9-622de531fc0b" executionId="2f606dfb-35e4-45cb-88c1-07f6a9a32661" testListId="8c84fa94-04c1-424b-9868-57a2d4851a1d" />
    <TestEntry testId="40194003-10b8-4944-ba97-3a94070e30d6" executionId="6b1973e4-3f58-4840-9ebf-5a79a339c749" testListId="8c84fa94-04c1-424b-9868-57a2d4851a1d" />
    <TestEntry testId="ea7427a7-103b-4b22-9a0e-56b6f73a36c8" executionId="1445aff8-2d04-43f7-b3b6-5dac91ea78af" testListId="8c84fa94-04c1-424b-9868-57a2d4851a1d" />
    <TestEntry testId="86609565-d285-4f68-912c-05e010fb14c0" executionId="bbce757d-7143-42d3-82c0-ecd91517f10b" testListId="8c84fa94-04c1-424b-9868-57a2d4851a1d" />
  </TestEntries>
  <TestLists>
    <TestList name="Resultados sin formato de lista" id="8c84fa94-04c1-424b-9868-57a2d4851a1d" />
    <TestList name="Todos los resultados cargados" id="19431567-8539-422a-85d7-44ee4e166bda" />
  </TestLists>
  <ResultSummary outcome="Completed">
    <Counters total="61" executed="61" passed="61" failed="0" error="0" timeout="0" aborted="0" inconclusive="0" passedButRunAborted="0" notRunnable="0" notExecuted="0" disconnected="0" warning="0" completed="0" inProgress="0" pending="0" />
  </ResultSummary>
</TestRun>