<?xml version="1.0" encoding="utf-8"?>
<TestRun id="51548100-4aa7-41bb-bc27-1909307eba4e" name="sferrari@PC-SFERRARI 2021-06-14 09:52:04" runUser="PC-SFERRARI\sferrari" xmlns="http://microsoft.com/schemas/VisualStudio/TeamTest/2010">
  <Times creation="2021-06-14T09:52:04.8144690+02:00" queuing="2021-06-14T09:52:04.8144710+02:00" start="2021-06-14T09:52:00.9128226+02:00" finish="2021-06-14T09:52:05.6547518+02:00" />
  <TestSettings name="default" id="bd12a890-ccf0-404a-9b16-ac0dfc74aaa4">
    <Deployment runDeploymentRoot="sferrari_PC-SFERRARI_2021-06-14_09_52_04" />
  </TestSettings>
  <Results>
    <UnitTestResult executionId="174de874-7f27-4357-aa50-05123c722e11" testId="415af2c2-48c5-83e3-6a66-9f97dfd3ca3b" testName="GetPagedWhereIncludes" computerName="PC-SFERRARI" duration="00:00:00.0144007" startTime="2021-06-14T09:52:05.2195987+02:00" endTime="2021-06-14T09:52:05.2341283+02:00" testType="13cdc9d9-ddb5-4fa4-a97d-d965ccfc6d4b" outcome="Passed" testListId="8c84fa94-04c1-424b-9868-57a2d4851a1d" relativeResultsDirectory="174de874-7f27-4357-aa50-05123c722e11" />
    <UnitTestResult executionId="218783cc-0b28-44f3-a7bb-f35087f872b7" testId="2904dada-b209-1961-24d7-8d0a33434707" testName="EnumConvertValue" computerName="PC-SFERRARI" duration="00:00:00.0033940" startTime="2021-06-14T09:52:03.6637264+02:00" endTime="2021-06-14T09:52:03.6677808+02:00" testType="13cdc9d9-ddb5-4fa4-a97d-d965ccfc6d4b" outcome="Passed" testListId="8c84fa94-04c1-424b-9868-57a2d4851a1d" relativeResultsDirectory="218783cc-0b28-44f3-a7bb-f35087f872b7" />
    <UnitTestResult executionId="a1dc0485-1a25-47bf-b4fc-2d34a9490b3f" testId="2af74153-e33d-5a06-b5a0-4f03d73a67ed" testName="GetAllWhereIncludesSelect" computerName="PC-SFERRARI" duration="00:00:00.0013860" startTime="2021-06-14T09:52:05.1740289+02:00" endTime="2021-06-14T09:52:05.1755831+02:00" testType="13cdc9d9-ddb5-4fa4-a97d-d965ccfc6d4b" outcome="Passed" testListId="8c84fa94-04c1-424b-9868-57a2d4851a1d" relativeResultsDirectory="a1dc0485-1a25-47bf-b4fc-2d34a9490b3f" />
    <UnitTestResult executionId="1c27f53c-e6fc-4b03-a893-00a028f26bf3" testId="1d634575-eacb-5b74-f59b-3f918b61f3e1" testName="NameConvert" computerName="PC-SFERRARI" duration="00:00:00.0040663" startTime="2021-06-14T09:52:03.6813015+02:00" endTime="2021-06-14T09:52:03.6855355+02:00" testType="13cdc9d9-ddb5-4fa4-a97d-d965ccfc6d4b" outcome="Passed" testListId="8c84fa94-04c1-424b-9868-57a2d4851a1d" relativeResultsDirectory="1c27f53c-e6fc-4b03-a893-00a028f26bf3" />
    <UnitTestResult executionId="a084f61c-387c-4f36-9d08-bca9035611bb" testId="d2bcb9fa-a18a-460e-46dd-5ff81bc4280c" testName="GetAllAsyncWhereIncludes" computerName="PC-SFERRARI" duration="00:00:00.0097700" startTime="2021-06-14T09:52:05.1507185+02:00" endTime="2021-06-14T09:52:05.1606156+02:00" testType="13cdc9d9-ddb5-4fa4-a97d-d965ccfc6d4b" outcome="Passed" testListId="8c84fa94-04c1-424b-9868-57a2d4851a1d" relativeResultsDirectory="a084f61c-387c-4f36-9d08-bca9035611bb" />
    <UnitTestResult executionId="3ec8cb66-00c0-473d-87d6-0640090501a2" testId="54adf2ba-1f81-5c34-8f16-1b1e9af7a4da" testName="GetPagedSelectOrderByNavigationProperty" computerName="PC-SFERRARI" duration="00:00:00.0033913" startTime="2021-06-14T09:52:05.2569417+02:00" endTime="2021-06-14T09:52:05.2604546+02:00" testType="13cdc9d9-ddb5-4fa4-a97d-d965ccfc6d4b" outcome="Passed" testListId="8c84fa94-04c1-424b-9868-57a2d4851a1d" relativeResultsDirectory="3ec8cb66-00c0-473d-87d6-0640090501a2" />
    <UnitTestResult executionId="99e1dd3a-2658-4866-9b42-7946bb6e2cfe" testId="ea63432c-e9ba-8117-eb9e-c228c8eb32e3" testName="DeleteWhereAsynchronous" computerName="PC-SFERRARI" duration="00:00:00.0187996" startTime="2021-06-14T09:52:05.4109610+02:00" endTime="2021-06-14T09:52:05.4300532+02:00" testType="13cdc9d9-ddb5-4fa4-a97d-d965ccfc6d4b" outcome="Passed" testListId="8c84fa94-04c1-424b-9868-57a2d4851a1d" relativeResultsDirectory="99e1dd3a-2658-4866-9b42-7946bb6e2cfe" />
    <UnitTestResult executionId="a4148d4a-d468-4cd8-845d-0a7a093da501" testId="b1b1d371-f854-2591-5573-5df6eea9e240" testName="GetPagedAsync" computerName="PC-SFERRARI" duration="00:00:00.0246415" startTime="2021-06-14T09:52:05.1883879+02:00" endTime="2021-06-14T09:52:05.2133207+02:00" testType="13cdc9d9-ddb5-4fa4-a97d-d965ccfc6d4b" outcome="Passed" testListId="8c84fa94-04c1-424b-9868-57a2d4851a1d" relativeResultsDirectory="a4148d4a-d468-4cd8-845d-0a7a093da501" />
    <UnitTestResult executionId="1b946ca5-b8b4-40ff-8a8e-9c6501a873e2" testId="5ba747ad-1019-b721-43b2-f142ffc120a4" testName="GetPagedWhereSelect" computerName="PC-SFERRARI" duration="00:00:00.0044014" startTime="2021-06-14T09:52:05.2360750+02:00" endTime="2021-06-14T09:52:05.2405822+02:00" testType="13cdc9d9-ddb5-4fa4-a97d-d965ccfc6d4b" outcome="Passed" testListId="8c84fa94-04c1-424b-9868-57a2d4851a1d" relativeResultsDirectory="1b946ca5-b8b4-40ff-8a8e-9c6501a873e2" />
    <UnitTestResult executionId="556da094-75cf-426e-9d69-060ef2cd2587" testId="6c2f2404-94f9-827b-b6a9-1809a4e2cdda" testName="GetOneAsyncWhereInclude" computerName="PC-SFERRARI" duration="00:00:00.0213756" startTime="2021-06-14T09:52:05.0214405+02:00" endTime="2021-06-14T09:52:05.0429637+02:00" testType="13cdc9d9-ddb5-4fa4-a97d-d965ccfc6d4b" outcome="Passed" testListId="8c84fa94-04c1-424b-9868-57a2d4851a1d" relativeResultsDirectory="556da094-75cf-426e-9d69-060ef2cd2587" />
    <UnitTestResult executionId="901fb5d2-72e0-4782-b52d-3edeff819633" testId="422d7082-1203-53e5-1057-bff919c73d99" testName="UpdateSelect" computerName="PC-SFERRARI" duration="00:00:00.0020940" startTime="2021-06-14T09:52:05.3766209+02:00" endTime="2021-06-14T09:52:05.3788565+02:00" testType="13cdc9d9-ddb5-4fa4-a97d-d965ccfc6d4b" outcome="Passed" testListId="8c84fa94-04c1-424b-9868-57a2d4851a1d" relativeResultsDirectory="901fb5d2-72e0-4782-b52d-3edeff819633" />
    <UnitTestResult executionId="a2d64c55-8679-4c01-b866-76d86c8c33c1" testId="201d395d-f163-4974-d9af-e5ce77839475" testName="Find" computerName="PC-SFERRARI" duration="00:00:00.0156514" startTime="2021-06-14T09:52:05.2855242+02:00" endTime="2021-06-14T09:52:05.3013098+02:00" testType="13cdc9d9-ddb5-4fa4-a97d-d965ccfc6d4b" outcome="Passed" testListId="8c84fa94-04c1-424b-9868-57a2d4851a1d" relativeResultsDirectory="a2d64c55-8679-4c01-b866-76d86c8c33c1" />
    <UnitTestResult executionId="5b1110a9-ff71-4b53-8405-45b847ff2ce7" testId="80dc4908-905b-f38a-b5ec-758697553c91" testName="Delete" computerName="PC-SFERRARI" duration="00:00:00.0048658" startTime="2021-06-14T09:52:05.3841796+02:00" endTime="2021-06-14T09:52:05.3891583+02:00" testType="13cdc9d9-ddb5-4fa4-a97d-d965ccfc6d4b" outcome="Passed" testListId="8c84fa94-04c1-424b-9868-57a2d4851a1d" relativeResultsDirectory="5b1110a9-ff71-4b53-8405-45b847ff2ce7" />
    <UnitTestResult executionId="2c81fc20-a8ec-42a7-8d97-30d10b13f6a5" testId="950b479a-3777-3956-e04c-abf562004bfb" testName="GetOneAsyncWhere" computerName="PC-SFERRARI" duration="00:00:00.0340177" startTime="2021-06-14T09:52:04.9548909+02:00" endTime="2021-06-14T09:52:04.9891186+02:00" testType="13cdc9d9-ddb5-4fa4-a97d-d965ccfc6d4b" outcome="Passed" testListId="8c84fa94-04c1-424b-9868-57a2d4851a1d" relativeResultsDirectory="2c81fc20-a8ec-42a7-8d97-30d10b13f6a5" />
    <UnitTestResult executionId="dd0d4427-e358-495f-8291-1938b12415dd" testId="7f962fc1-c7df-4430-6a53-51cc5fa60478" testName="EnumConvertName" computerName="PC-SFERRARI" duration="00:00:00.5385535" startTime="2021-06-14T09:52:03.0847799+02:00" endTime="2021-06-14T09:52:03.6554126+02:00" testType="13cdc9d9-ddb5-4fa4-a97d-d965ccfc6d4b" outcome="Passed" testListId="8c84fa94-04c1-424b-9868-57a2d4851a1d" relativeResultsDirectory="dd0d4427-e358-495f-8291-1938b12415dd" />
    <UnitTestResult executionId="b347087e-b1d6-4cce-8727-94ffb99112dc" testId="c3f07b32-627e-c6ba-6d6d-4bf8eea8cf4b" testName="Any" computerName="PC-SFERRARI" duration="00:00:00.0029167" startTime="2021-06-14T09:52:05.4300878+02:00" endTime="2021-06-14T09:52:05.4331177+02:00" testType="13cdc9d9-ddb5-4fa4-a97d-d965ccfc6d4b" outcome="Passed" testListId="8c84fa94-04c1-424b-9868-57a2d4851a1d" relativeResultsDirectory="b347087e-b1d6-4cce-8727-94ffb99112dc" />
    <UnitTestResult executionId="cc8b0aaf-f4f6-4715-befc-65607e48e010" testId="42f1eda2-3af3-ae42-311a-2b53ffd7bce1" testName="EmailConvert" computerName="PC-SFERRARI" duration="00:00:00.0112510" startTime="2021-06-14T09:52:03.6699191+02:00" endTime="2021-06-14T09:52:03.6812537+02:00" testType="13cdc9d9-ddb5-4fa4-a97d-d965ccfc6d4b" outcome="Passed" testListId="8c84fa94-04c1-424b-9868-57a2d4851a1d" relativeResultsDirectory="cc8b0aaf-f4f6-4715-befc-65607e48e010" />
    <UnitTestResult executionId="6611b34b-83fd-485b-a715-593d29b8edc9" testId="a03ae96c-6c38-25f6-9090-1aeea469d720" testName="UpdateAsynchronous" computerName="PC-SFERRARI" duration="00:00:00.0015256" startTime="2021-06-14T09:52:05.3788809+02:00" endTime="2021-06-14T09:52:05.3805036+02:00" testType="13cdc9d9-ddb5-4fa4-a97d-d965ccfc6d4b" outcome="Passed" testListId="8c84fa94-04c1-424b-9868-57a2d4851a1d" relativeResultsDirectory="6611b34b-83fd-485b-a715-593d29b8edc9" />
    <UnitTestResult executionId="1f4cf7ee-a64e-4e71-9829-43bc0a46c175" testId="7c6a19db-2e0f-7e4b-e125-c757ac778264" testName="AddRange" computerName="PC-SFERRARI" duration="00:00:00.0070486" startTime="2021-06-14T09:52:05.3268539+02:00" endTime="2021-06-14T09:52:05.3340372+02:00" testType="13cdc9d9-ddb5-4fa4-a97d-d965ccfc6d4b" outcome="Passed" testListId="8c84fa94-04c1-424b-9868-57a2d4851a1d" relativeResultsDirectory="1f4cf7ee-a64e-4e71-9829-43bc0a46c175" />
    <UnitTestResult executionId="f2b49f68-49bc-4698-a687-1f2a12bdbb73" testId="2a859b64-8fef-e44f-496e-d0960bb4e811" testName="CountWhereAsync" computerName="PC-SFERRARI" duration="00:00:00.0040034" startTime="2021-06-14T09:52:05.4728674+02:00" endTime="2021-06-14T09:52:05.4770270+02:00" testType="13cdc9d9-ddb5-4fa4-a97d-d965ccfc6d4b" outcome="Passed" testListId="8c84fa94-04c1-424b-9868-57a2d4851a1d" relativeResultsDirectory="f2b49f68-49bc-4698-a687-1f2a12bdbb73" />
    <UnitTestResult executionId="f3d985b8-441e-4102-b683-49fc24b5cfb2" testId="81baf7fe-c54e-1f13-b5bf-a984adecb526" testName="GetPagedSelectOrderByProperty" computerName="PC-SFERRARI" duration="00:00:00.0024014" startTime="2021-06-14T09:52:05.2604838+02:00" endTime="2021-06-14T09:52:05.2630126+02:00" testType="13cdc9d9-ddb5-4fa4-a97d-d965ccfc6d4b" outcome="Passed" testListId="8c84fa94-04c1-424b-9868-57a2d4851a1d" relativeResultsDirectory="f3d985b8-441e-4102-b683-49fc24b5cfb2" />
    <UnitTestResult executionId="9828ecd6-b225-452b-8e72-c86432785347" testId="ee33180c-19d8-3ead-e8a1-108c53d1cb5d" testName="AnyWhereAsync" computerName="PC-SFERRARI" duration="00:00:00.0045007" startTime="2021-06-14T09:52:05.4432400+02:00" endTime="2021-06-14T09:52:05.4479009+02:00" testType="13cdc9d9-ddb5-4fa4-a97d-d965ccfc6d4b" outcome="Passed" testListId="8c84fa94-04c1-424b-9868-57a2d4851a1d" relativeResultsDirectory="9828ecd6-b225-452b-8e72-c86432785347" />
    <UnitTestResult executionId="6225a85a-1f5a-452d-8391-61ddf4ea14ee" testId="f103257a-f450-c0d5-64d8-7e6c84413865" testName="DeleteAsynchronous" computerName="PC-SFERRARI" duration="00:00:00.0023325" startTime="2021-06-14T09:52:05.3891837+02:00" endTime="2021-06-14T09:52:05.3916336+02:00" testType="13cdc9d9-ddb5-4fa4-a97d-d965ccfc6d4b" outcome="Passed" testListId="8c84fa94-04c1-424b-9868-57a2d4851a1d" relativeResultsDirectory="6225a85a-1f5a-452d-8391-61ddf4ea14ee" />
    <UnitTestResult executionId="ec5a09b9-ec6b-4b5b-88c0-9f253647b2a4" testId="80cf2e6d-51fa-dc95-be21-b256f75b0e62" testName="GetAllWhereIncludes" computerName="PC-SFERRARI" duration="00:00:00.0094226" startTime="2021-06-14T09:52:05.1411270+02:00" endTime="2021-06-14T09:52:05.1506884+02:00" testType="13cdc9d9-ddb5-4fa4-a97d-d965ccfc6d4b" outcome="Passed" testListId="8c84fa94-04c1-424b-9868-57a2d4851a1d" relativeResultsDirectory="ec5a09b9-ec6b-4b5b-88c0-9f253647b2a4" />
    <UnitTestResult executionId="6575cc9e-34c0-4f15-a14d-f191f75be062" testId="04aa4e1e-17b4-adeb-34e0-ccb0d168f316" testName="AnyWhere" computerName="PC-SFERRARI" duration="00:00:00.0043308" startTime="2021-06-14T09:52:05.4387313+02:00" endTime="2021-06-14T09:52:05.4432062+02:00" testType="13cdc9d9-ddb5-4fa4-a97d-d965ccfc6d4b" outcome="Passed" testListId="8c84fa94-04c1-424b-9868-57a2d4851a1d" relativeResultsDirectory="6575cc9e-34c0-4f15-a14d-f191f75be062" />
    <UnitTestResult executionId="653d0c95-a5cb-4541-a2cf-960e7e55aa89" testId="072ccf06-0d25-885d-29bf-a00924e8fa84" testName="GetAllWhereSelect" computerName="PC-SFERRARI" duration="00:00:00.0016399" startTime="2021-06-14T09:52:05.1606551+02:00" endTime="2021-06-14T09:52:05.1624331+02:00" testType="13cdc9d9-ddb5-4fa4-a97d-d965ccfc6d4b" outcome="Passed" testListId="8c84fa94-04c1-424b-9868-57a2d4851a1d" relativeResultsDirectory="653d0c95-a5cb-4541-a2cf-960e7e55aa89" />
    <UnitTestResult executionId="8ff12259-7e80-42b0-ace9-d33660ba8256" testId="6bd2f9a0-66a6-2a6f-d86d-74477d673d54" testName="GetAllAsync" computerName="PC-SFERRARI" duration="00:00:00.0226269" startTime="2021-06-14T09:52:05.0935803+02:00" endTime="2021-06-14T09:52:05.1164826+02:00" testType="13cdc9d9-ddb5-4fa4-a97d-d965ccfc6d4b" outcome="Passed" testListId="8c84fa94-04c1-424b-9868-57a2d4851a1d" relativeResultsDirectory="8ff12259-7e80-42b0-ace9-d33660ba8256" />
    <UnitTestResult executionId="20b76278-f767-4869-90e1-0212a2bce739" testId="aeb29584-5757-c8d5-ba00-a6e2def67d93" testName="DeleteWhere" computerName="PC-SFERRARI" duration="00:00:00.0143445" startTime="2021-06-14T09:52:05.3916628+02:00" endTime="2021-06-14T09:52:05.4061394+02:00" testType="13cdc9d9-ddb5-4fa4-a97d-d965ccfc6d4b" outcome="Passed" testListId="8c84fa94-04c1-424b-9868-57a2d4851a1d" relativeResultsDirectory="20b76278-f767-4869-90e1-0212a2bce739" />
    <UnitTestResult executionId="4b5d1d7f-9fca-4cad-a70e-8d08ff954680" testId="6da9ed80-28cc-d39a-2a5f-ae945961186e" testName="GetAllWhere" computerName="PC-SFERRARI" duration="00:00:00.0129347" startTime="2021-06-14T09:52:05.1165304+02:00" endTime="2021-06-14T09:52:05.1296599+02:00" testType="13cdc9d9-ddb5-4fa4-a97d-d965ccfc6d4b" outcome="Passed" testListId="8c84fa94-04c1-424b-9868-57a2d4851a1d" relativeResultsDirectory="4b5d1d7f-9fca-4cad-a70e-8d08ff954680" />
    <UnitTestResult executionId="c348df4e-69a5-4eb3-a885-9eb743807817" testId="5260acf7-43e7-d56b-bb11-234b6abb4fc9" testName="GetOnetWhereIncludesSelect" computerName="PC-SFERRARI" duration="00:00:00.0070599" startTime="2021-06-14T09:52:05.0635349+02:00" endTime="2021-06-14T09:52:05.0707404+02:00" testType="13cdc9d9-ddb5-4fa4-a97d-d965ccfc6d4b" outcome="Passed" testListId="8c84fa94-04c1-424b-9868-57a2d4851a1d" relativeResultsDirectory="c348df4e-69a5-4eb3-a885-9eb743807817" />
    <UnitTestResult executionId="3b37c87c-bc12-4544-90ec-39f42f865dae" testId="ba758f1a-bd5d-4526-b492-51aa9cd4ef94" testName="CountAsync" computerName="PC-SFERRARI" duration="00:00:00.0193323" startTime="2021-06-14T09:52:05.4489620+02:00" endTime="2021-06-14T09:52:05.4684261+02:00" testType="13cdc9d9-ddb5-4fa4-a97d-d965ccfc6d4b" outcome="Passed" testListId="8c84fa94-04c1-424b-9868-57a2d4851a1d" relativeResultsDirectory="3b37c87c-bc12-4544-90ec-39f42f865dae" />
    <UnitTestResult executionId="bcb7128f-15ec-4e70-b42a-bbbc25cfdb41" testId="67347929-ada1-2a19-d343-348502d3744d" testName="AddRangeAsync" computerName="PC-SFERRARI" duration="00:00:00.0029618" startTime="2021-06-14T09:52:05.3369681+02:00" endTime="2021-06-14T09:52:05.3400601+02:00" testType="13cdc9d9-ddb5-4fa4-a97d-d965ccfc6d4b" outcome="Passed" testListId="8c84fa94-04c1-424b-9868-57a2d4851a1d" relativeResultsDirectory="bcb7128f-15ec-4e70-b42a-bbbc25cfdb41" />
    <UnitTestResult executionId="fe2b5691-1f8d-46b2-91ad-1acd6137aa06" testId="ec221792-3703-943d-75b0-ffc511f23ece" testName="GetPagedAsyncWhere" computerName="PC-SFERRARI" duration="00:00:00.0020265" startTime="2021-06-14T09:52:05.2173457+02:00" endTime="2021-06-14T09:52:05.2195703+02:00" testType="13cdc9d9-ddb5-4fa4-a97d-d965ccfc6d4b" outcome="Passed" testListId="8c84fa94-04c1-424b-9868-57a2d4851a1d" relativeResultsDirectory="fe2b5691-1f8d-46b2-91ad-1acd6137aa06" />
    <UnitTestResult executionId="89a2d52b-8772-4294-b915-24503088053b" testId="30bb456b-8c24-fe13-fd9f-bdcafc3b9b0c" testName="Update" computerName="PC-SFERRARI" duration="00:00:00.0363568" startTime="2021-06-14T09:52:05.3401043+02:00" endTime="2021-06-14T09:52:05.3765872+02:00" testType="13cdc9d9-ddb5-4fa4-a97d-d965ccfc6d4b" outcome="Passed" testListId="8c84fa94-04c1-424b-9868-57a2d4851a1d" relativeResultsDirectory="89a2d52b-8772-4294-b915-24503088053b" />
    <UnitTestResult executionId="dfdc53d6-6dd9-4b28-8acd-6918d9f3fb18" testId="fe080451-4d74-df2d-1ea1-c9dc74796e3c" testName="StatusInactiveConvert" computerName="PC-SFERRARI" duration="00:00:00.0003294" startTime="2021-06-14T09:52:03.6694840+02:00" endTime="2021-06-14T09:52:03.6699013+02:00" testType="13cdc9d9-ddb5-4fa4-a97d-d965ccfc6d4b" outcome="Passed" testListId="8c84fa94-04c1-424b-9868-57a2d4851a1d" relativeResultsDirectory="dfdc53d6-6dd9-4b28-8acd-6918d9f3fb18" />
    <UnitTestResult executionId="1bb6df4a-1a02-440e-8300-ffbf83059dd0" testId="edffe8a4-7adf-0dbf-8ddc-968b66627820" testName="GetAllAsyncWhere" computerName="PC-SFERRARI" duration="00:00:00.0112415" startTime="2021-06-14T09:52:05.1297008+02:00" endTime="2021-06-14T09:52:05.1410885+02:00" testType="13cdc9d9-ddb5-4fa4-a97d-d965ccfc6d4b" outcome="Passed" testListId="8c84fa94-04c1-424b-9868-57a2d4851a1d" relativeResultsDirectory="1bb6df4a-1a02-440e-8300-ffbf83059dd0" />
    <UnitTestResult executionId="728594be-15c9-412b-9137-e68b699d371f" testId="64dd75c6-39da-d392-b807-ecc669cb2f59" testName="GetOneWhereInclude" computerName="PC-SFERRARI" duration="00:00:00.0321168" startTime="2021-06-14T09:52:04.9891544+02:00" endTime="2021-06-14T09:52:05.0214050+02:00" testType="13cdc9d9-ddb5-4fa4-a97d-d965ccfc6d4b" outcome="Passed" testListId="8c84fa94-04c1-424b-9868-57a2d4851a1d" relativeResultsDirectory="728594be-15c9-412b-9137-e68b699d371f" />
    <UnitTestResult executionId="2e86f5d4-70dc-4129-9321-25fc2248242d" testId="08d796e4-3805-05c9-6b90-8e054e547aab" testName="CountWhere" computerName="PC-SFERRARI" duration="00:00:00.0042250" startTime="2021-06-14T09:52:05.4684707+02:00" endTime="2021-06-14T09:52:05.4728393+02:00" testType="13cdc9d9-ddb5-4fa4-a97d-d965ccfc6d4b" outcome="Passed" testListId="8c84fa94-04c1-424b-9868-57a2d4851a1d" relativeResultsDirectory="2e86f5d4-70dc-4129-9321-25fc2248242d" />
    <UnitTestResult executionId="307f535c-b9ac-47d8-80f5-730d85e1e272" testId="ef63a22f-9706-f5ab-a12a-6b7f3e67e062" testName="UpdateValueObject" computerName="PC-SFERRARI" duration="00:00:00.0015167" startTime="2021-06-14T09:52:05.3825295+02:00" endTime="2021-06-14T09:52:05.3841577+02:00" testType="13cdc9d9-ddb5-4fa4-a97d-d965ccfc6d4b" outcome="Passed" testListId="8c84fa94-04c1-424b-9868-57a2d4851a1d" relativeResultsDirectory="307f535c-b9ac-47d8-80f5-730d85e1e272" />
    <UnitTestResult executionId="263f680b-3087-4951-ad97-b04c9580041b" testId="8fc0fc53-61cd-25ef-1dff-484ebd40d1f5" testName="QueryableOrderByDescending" computerName="PC-SFERRARI" duration="00:00:00.0223129" startTime="2021-06-14T09:52:05.2630443+02:00" endTime="2021-06-14T09:52:05.2854856+02:00" testType="13cdc9d9-ddb5-4fa4-a97d-d965ccfc6d4b" outcome="Passed" testListId="8c84fa94-04c1-424b-9868-57a2d4851a1d" relativeResultsDirectory="263f680b-3087-4951-ad97-b04c9580041b" />
    <UnitTestResult executionId="e8d6e2e4-540e-4d3f-bc62-fcda571c07ad" testId="eb1a9c41-91a8-fcc6-e850-a4d9acf34975" testName="GetPagedAsyncWhereSelect" computerName="PC-SFERRARI" duration="00:00:00.0038801" startTime="2021-06-14T09:52:05.2406179+02:00" endTime="2021-06-14T09:52:05.2446256+02:00" testType="13cdc9d9-ddb5-4fa4-a97d-d965ccfc6d4b" outcome="Passed" testListId="8c84fa94-04c1-424b-9868-57a2d4851a1d" relativeResultsDirectory="e8d6e2e4-540e-4d3f-bc62-fcda571c07ad" />
    <UnitTestResult executionId="84043425-348e-4573-85fa-d9662713216f" testId="efde178d-8304-a068-9dd4-333218c96a66" testName="GetOneAsyncWhereIncludesSelect" computerName="PC-SFERRARI" duration="00:00:00.0089576" startTime="2021-06-14T09:52:05.0707697+02:00" endTime="2021-06-14T09:52:05.0798529+02:00" testType="13cdc9d9-ddb5-4fa4-a97d-d965ccfc6d4b" outcome="Passed" testListId="8c84fa94-04c1-424b-9868-57a2d4851a1d" relativeResultsDirectory="84043425-348e-4573-85fa-d9662713216f" />
    <UnitTestResult executionId="c2a4118b-a4b0-4b39-a1a3-684051c658ae" testId="85e02974-23a2-ec37-3b31-58c24a4310f3" testName="GetAllAsyncWhereIncludesSelect" computerName="PC-SFERRARI" duration="00:00:00.0037759" startTime="2021-06-14T09:52:05.1756127+02:00" endTime="2021-06-14T09:52:05.1794996+02:00" testType="13cdc9d9-ddb5-4fa4-a97d-d965ccfc6d4b" outcome="Passed" testListId="8c84fa94-04c1-424b-9868-57a2d4851a1d" relativeResultsDirectory="c2a4118b-a4b0-4b39-a1a3-684051c658ae" />
    <UnitTestResult executionId="c165e669-6791-44f8-b6d8-e202d55d476d" testId="a5b363eb-4063-13b0-3940-dbd797fb33e6" testName="GetPaged" computerName="PC-SFERRARI" duration="00:00:00.0058169" startTime="2021-06-14T09:52:05.1823750+02:00" endTime="2021-06-14T09:52:05.1883458+02:00" testType="13cdc9d9-ddb5-4fa4-a97d-d965ccfc6d4b" outcome="Passed" testListId="8c84fa94-04c1-424b-9868-57a2d4851a1d" relativeResultsDirectory="c165e669-6791-44f8-b6d8-e202d55d476d" />
    <UnitTestResult executionId="f45a34e5-182d-4510-b632-cbe771a10f1c" testId="716b4372-94af-086a-4429-af7c705f625c" testName="SubdomainConvert" computerName="PC-SFERRARI" duration="00:00:00.0020102" startTime="2021-06-14T09:52:03.6855691+02:00" endTime="2021-06-14T09:52:03.6876930+02:00" testType="13cdc9d9-ddb5-4fa4-a97d-d965ccfc6d4b" outcome="Passed" testListId="8c84fa94-04c1-424b-9868-57a2d4851a1d" relativeResultsDirectory="f45a34e5-182d-4510-b632-cbe771a10f1c" />
    <UnitTestResult executionId="e77327b6-1647-41ae-9b38-189035ff7aad" testId="8e12190f-46f0-473e-48e7-dce493d198a6" testName="Add" computerName="PC-SFERRARI" duration="00:00:00.0012818" startTime="2021-06-14T09:52:05.3140830+02:00" endTime="2021-06-14T09:52:05.3154858+02:00" testType="13cdc9d9-ddb5-4fa4-a97d-d965ccfc6d4b" outcome="Passed" testListId="8c84fa94-04c1-424b-9868-57a2d4851a1d" relativeResultsDirectory="e77327b6-1647-41ae-9b38-189035ff7aad" />
    <UnitTestResult executionId="cf4b2ac6-6556-4797-a924-92f52182d145" testId="cc25d743-4885-4920-7249-bebbafd31696" testName="GetPagedAsyncWhereIncludes" computerName="PC-SFERRARI" duration="00:00:00.0017537" startTime="2021-06-14T09:52:05.2341597+02:00" endTime="2021-06-14T09:52:05.2360429+02:00" testType="13cdc9d9-ddb5-4fa4-a97d-d965ccfc6d4b" outcome="Passed" testListId="8c84fa94-04c1-424b-9868-57a2d4851a1d" relativeResultsDirectory="cf4b2ac6-6556-4797-a924-92f52182d145" />
    <UnitTestResult executionId="a765e064-f663-44c1-be17-d5a9590e8224" testId="aacbc091-cac6-472d-7a62-95f0e276eb96" testName="Count" computerName="PC-SFERRARI" duration="00:00:00.0008614" startTime="2021-06-14T09:52:05.4479370+02:00" endTime="2021-06-14T09:52:05.4489369+02:00" testType="13cdc9d9-ddb5-4fa4-a97d-d965ccfc6d4b" outcome="Passed" testListId="8c84fa94-04c1-424b-9868-57a2d4851a1d" relativeResultsDirectory="a765e064-f663-44c1-be17-d5a9590e8224" />
    <UnitTestResult executionId="7f34a7c7-0fc7-4536-b4ae-c2e18807ff8b" testId="f1b19c33-afce-6c0a-78e7-550904287f78" testName="UpdatePartial" computerName="PC-SFERRARI" duration="00:00:00.0018829" startTime="2021-06-14T09:52:05.3805257+02:00" endTime="2021-06-14T09:52:05.3825047+02:00" testType="13cdc9d9-ddb5-4fa4-a97d-d965ccfc6d4b" outcome="Passed" testListId="8c84fa94-04c1-424b-9868-57a2d4851a1d" relativeResultsDirectory="7f34a7c7-0fc7-4536-b4ae-c2e18807ff8b" />
    <UnitTestResult executionId="b0485e82-6afa-40e3-ba4b-e25970cab98b" testId="96d7f7f9-87b7-83da-bd92-36d8216849da" testName="GetPagedAsyncWhereIncludesSelect" computerName="PC-SFERRARI" duration="00:00:00.0022466" startTime="2021-06-14T09:52:05.2545152+02:00" endTime="2021-06-14T09:52:05.2569107+02:00" testType="13cdc9d9-ddb5-4fa4-a97d-d965ccfc6d4b" outcome="Passed" testListId="8c84fa94-04c1-424b-9868-57a2d4851a1d" relativeResultsDirectory="b0485e82-6afa-40e3-ba4b-e25970cab98b" />
    <UnitTestResult executionId="3b7feee8-f1b1-42ba-b1ec-b492e52ac4d3" testId="449cdc03-81fa-03c4-0e19-c951601f590c" testName="GetOnetWhereSelect" computerName="PC-SFERRARI" duration="00:00:00.0106826" startTime="2021-06-14T09:52:05.0429970+02:00" endTime="2021-06-14T09:52:05.0538170+02:00" testType="13cdc9d9-ddb5-4fa4-a97d-d965ccfc6d4b" outcome="Passed" testListId="8c84fa94-04c1-424b-9868-57a2d4851a1d" relativeResultsDirectory="3b7feee8-f1b1-42ba-b1ec-b492e52ac4d3" />
    <UnitTestResult executionId="bf9adc53-a2bc-44bd-b520-f176477b18fd" testId="0e07d823-c921-f6f8-2317-1b63ed7638ac" testName="StatusActiveConvert" computerName="PC-SFERRARI" duration="00:00:00.0014720" startTime="2021-06-14T09:52:03.6678587+02:00" endTime="2021-06-14T09:52:03.6694538+02:00" testType="13cdc9d9-ddb5-4fa4-a97d-d965ccfc6d4b" outcome="Passed" testListId="8c84fa94-04c1-424b-9868-57a2d4851a1d" relativeResultsDirectory="bf9adc53-a2bc-44bd-b520-f176477b18fd" />
    <UnitTestResult executionId="ef81ee3e-b6ed-4f51-991f-53b0c8675e7e" testId="03da262a-bfa4-5ae4-c1c4-084aedef8bcf" testName="GetOneAsyncWhereSelect" computerName="PC-SFERRARI" duration="00:00:00.0095263" startTime="2021-06-14T09:52:05.0538508+02:00" endTime="2021-06-14T09:52:05.0635017+02:00" testType="13cdc9d9-ddb5-4fa4-a97d-d965ccfc6d4b" outcome="Passed" testListId="8c84fa94-04c1-424b-9868-57a2d4851a1d" relativeResultsDirectory="ef81ee3e-b6ed-4f51-991f-53b0c8675e7e" />
    <UnitTestResult executionId="d723caaa-0b39-45ee-945f-c9a175695125" testId="0f152de7-4e3f-447b-bff4-9ddb954e4fca" testName="GetPagedWhere" computerName="PC-SFERRARI" duration="00:00:00.0037940" startTime="2021-06-14T09:52:05.2133547+02:00" endTime="2021-06-14T09:52:05.2173046+02:00" testType="13cdc9d9-ddb5-4fa4-a97d-d965ccfc6d4b" outcome="Passed" testListId="8c84fa94-04c1-424b-9868-57a2d4851a1d" relativeResultsDirectory="d723caaa-0b39-45ee-945f-c9a175695125" />
    <UnitTestResult executionId="47d0e030-e8cb-4742-a823-e9aa1b23415a" testId="144b21a3-bf36-64c0-5d61-fb1f5f807601" testName="GetAllAsyncWhereSelect" computerName="PC-SFERRARI" duration="00:00:00.0113918" startTime="2021-06-14T09:52:05.1624658+02:00" endTime="2021-06-14T09:52:05.1739847+02:00" testType="13cdc9d9-ddb5-4fa4-a97d-d965ccfc6d4b" outcome="Passed" testListId="8c84fa94-04c1-424b-9868-57a2d4851a1d" relativeResultsDirectory="47d0e030-e8cb-4742-a823-e9aa1b23415a" />
    <UnitTestResult executionId="879cae03-6929-4d57-b8ab-838122740ca6" testId="430152d5-4073-d77f-e2ee-53a6c3d62288" testName="FindAsync" computerName="PC-SFERRARI" duration="00:00:00.0125461" startTime="2021-06-14T09:52:05.3013424+02:00" endTime="2021-06-14T09:52:05.3140480+02:00" testType="13cdc9d9-ddb5-4fa4-a97d-d965ccfc6d4b" outcome="Passed" testListId="8c84fa94-04c1-424b-9868-57a2d4851a1d" relativeResultsDirectory="879cae03-6929-4d57-b8ab-838122740ca6" />
    <UnitTestResult executionId="91149299-a583-4f65-ad63-efda4d23f785" testId="f7b3f1d7-b3a9-14e3-de6d-190a6ba30b90" testName="AddAsync" computerName="PC-SFERRARI" duration="00:00:00.0111233" startTime="2021-06-14T09:52:05.3155232+02:00" endTime="2021-06-14T09:52:05.3268143+02:00" testType="13cdc9d9-ddb5-4fa4-a97d-d965ccfc6d4b" outcome="Passed" testListId="8c84fa94-04c1-424b-9868-57a2d4851a1d" relativeResultsDirectory="91149299-a583-4f65-ad63-efda4d23f785" />
    <UnitTestResult executionId="47a4ea87-220d-46cc-bbc9-fe21ea7660c2" testId="6043b47e-9b08-206d-8d03-25bac9107c46" testName="GetPagedWhereIncludesSelect" computerName="PC-SFERRARI" duration="00:00:00.0071067" startTime="2021-06-14T09:52:05.2446538+02:00" endTime="2021-06-14T09:52:05.2518843+02:00" testType="13cdc9d9-ddb5-4fa4-a97d-d965ccfc6d4b" outcome="Passed" testListId="8c84fa94-04c1-424b-9868-57a2d4851a1d" relativeResultsDirectory="47a4ea87-220d-46cc-bbc9-fe21ea7660c2" />
    <UnitTestResult executionId="7c4be1c1-e13a-40f4-8f85-dbdfca15d27f" testId="d73d5371-3160-f8c9-be64-a3ff374de612" testName="GetOneWhere" computerName="PC-SFERRARI" duration="00:00:01.2664762" startTime="2021-06-14T09:52:03.6877305+02:00" endTime="2021-06-14T09:52:04.9548519+02:00" testType="13cdc9d9-ddb5-4fa4-a97d-d965ccfc6d4b" outcome="Passed" testListId="8c84fa94-04c1-424b-9868-57a2d4851a1d" relativeResultsDirectory="7c4be1c1-e13a-40f4-8f85-dbdfca15d27f" />
    <UnitTestResult executionId="4dfe95c1-246b-44d4-aa52-f5026f87efab" testId="547b74f5-af3d-4901-099f-9b71e2cf95a8" testName="AnyAsync" computerName="PC-SFERRARI" duration="00:00:00.0054249" startTime="2021-06-14T09:52:05.4331432+02:00" endTime="2021-06-14T09:52:05.4386961+02:00" testType="13cdc9d9-ddb5-4fa4-a97d-d965ccfc6d4b" outcome="Passed" testListId="8c84fa94-04c1-424b-9868-57a2d4851a1d" relativeResultsDirectory="4dfe95c1-246b-44d4-aa52-f5026f87efab" />
    <UnitTestResult executionId="b632df69-abb7-4aba-bfe9-df88775badba" testId="dc2640e2-1199-2f27-9a1c-21a3988c0548" testName="GetAll" computerName="PC-SFERRARI" duration="00:00:00.0100290" startTime="2021-06-14T09:52:05.0798991+02:00" endTime="2021-06-14T09:52:05.0900936+02:00" testType="13cdc9d9-ddb5-4fa4-a97d-d965ccfc6d4b" outcome="Passed" testListId="8c84fa94-04c1-424b-9868-57a2d4851a1d" relativeResultsDirectory="b632df69-abb7-4aba-bfe9-df88775badba" />
  </Results>
  <TestDefinitions>
    <UnitTest name="UpdateSelect" storage="d:\sferrari\01 - trabajo\repos\netcore\libs\template-netcore-entityframework\kitpymes.core.entityframework.tests\bin\release\netcoreapp3.0\kitpymes.core.entityframework.tests.dll" id="422d7082-1203-53e5-1057-bff919c73d99">
      <Execution id="901fb5d2-72e0-4782-b52d-3edeff819633" />
      <TestMethod codeBase="D:\SFERRARI\01 - TRABAJO\repos\netcore\libs\template-netcore-entityframework\Kitpymes.Core.EntityFramework.Tests\bin\Release\netcoreapp3.0\Kitpymes.Core.EntityFramework.Tests.dll" adapterTypeName="executor://mstestadapter/v2" className="Kitpymes.Core.EntityFramework.Tests.EntityFrameworkRepositoryTests" name="UpdateSelect" />
    </UnitTest>
    <UnitTest name="GetOneAsyncWhere" storage="d:\sferrari\01 - trabajo\repos\netcore\libs\template-netcore-entityframework\kitpymes.core.entityframework.tests\bin\release\netcoreapp3.0\kitpymes.core.entityframework.tests.dll" id="950b479a-3777-3956-e04c-abf562004bfb">
      <Execution id="2c81fc20-a8ec-42a7-8d97-30d10b13f6a5" />
      <TestMethod codeBase="D:\SFERRARI\01 - TRABAJO\repos\netcore\libs\template-netcore-entityframework\Kitpymes.Core.EntityFramework.Tests\bin\Release\netcoreapp3.0\Kitpymes.Core.EntityFramework.Tests.dll" adapterTypeName="executor://mstestadapter/v2" className="Kitpymes.Core.EntityFramework.Tests.EntityFrameworkRepositoryTests" name="GetOneAsyncWhere" />
    </UnitTest>
    <UnitTest name="DeleteWhereAsynchronous" storage="d:\sferrari\01 - trabajo\repos\netcore\libs\template-netcore-entityframework\kitpymes.core.entityframework.tests\bin\release\netcoreapp3.0\kitpymes.core.entityframework.tests.dll" id="ea63432c-e9ba-8117-eb9e-c228c8eb32e3">
      <Execution id="99e1dd3a-2658-4866-9b42-7946bb6e2cfe" />
      <TestMethod codeBase="D:\SFERRARI\01 - TRABAJO\repos\netcore\libs\template-netcore-entityframework\Kitpymes.Core.EntityFramework.Tests\bin\Release\netcoreapp3.0\Kitpymes.Core.EntityFramework.Tests.dll" adapterTypeName="executor://mstestadapter/v2" className="Kitpymes.Core.EntityFramework.Tests.EntityFrameworkRepositoryTests" name="DeleteWhereAsynchronous" />
    </UnitTest>
    <UnitTest name="QueryableOrderByDescending" storage="d:\sferrari\01 - trabajo\repos\netcore\libs\template-netcore-entityframework\kitpymes.core.entityframework.tests\bin\release\netcoreapp3.0\kitpymes.core.entityframework.tests.dll" id="8fc0fc53-61cd-25ef-1dff-484ebd40d1f5">
      <Execution id="263f680b-3087-4951-ad97-b04c9580041b" />
      <TestMethod codeBase="D:\SFERRARI\01 - TRABAJO\repos\netcore\libs\template-netcore-entityframework\Kitpymes.Core.EntityFramework.Tests\bin\Release\netcoreapp3.0\Kitpymes.Core.EntityFramework.Tests.dll" adapterTypeName="executor://mstestadapter/v2" className="Kitpymes.Core.EntityFramework.Tests.EntityFrameworkRepositoryTests" name="QueryableOrderByDescending" />
    </UnitTest>
    <UnitTest name="UpdateAsynchronous" storage="d:\sferrari\01 - trabajo\repos\netcore\libs\template-netcore-entityframework\kitpymes.core.entityframework.tests\bin\release\netcoreapp3.0\kitpymes.core.entityframework.tests.dll" id="a03ae96c-6c38-25f6-9090-1aeea469d720">
      <Execution id="6611b34b-83fd-485b-a715-593d29b8edc9" />
      <TestMethod codeBase="D:\SFERRARI\01 - TRABAJO\repos\netcore\libs\template-netcore-entityframework\Kitpymes.Core.EntityFramework.Tests\bin\Release\netcoreapp3.0\Kitpymes.Core.EntityFramework.Tests.dll" adapterTypeName="executor://mstestadapter/v2" className="Kitpymes.Core.EntityFramework.Tests.EntityFrameworkRepositoryTests" name="UpdateAsynchronous" />
    </UnitTest>
    <UnitTest name="CountWhere" storage="d:\sferrari\01 - trabajo\repos\netcore\libs\template-netcore-entityframework\kitpymes.core.entityframework.tests\bin\release\netcoreapp3.0\kitpymes.core.entityframework.tests.dll" id="08d796e4-3805-05c9-6b90-8e054e547aab">
      <Execution id="2e86f5d4-70dc-4129-9321-25fc2248242d" />
      <TestMethod codeBase="D:\SFERRARI\01 - TRABAJO\repos\netcore\libs\template-netcore-entityframework\Kitpymes.Core.EntityFramework.Tests\bin\Release\netcoreapp3.0\Kitpymes.Core.EntityFramework.Tests.dll" adapterTypeName="executor://mstestadapter/v2" className="Kitpymes.Core.EntityFramework.Tests.EntityFrameworkRepositoryTests" name="CountWhere" />
    </UnitTest>
    <UnitTest name="FindAsync" storage="d:\sferrari\01 - trabajo\repos\netcore\libs\template-netcore-entityframework\kitpymes.core.entityframework.tests\bin\release\netcoreapp3.0\kitpymes.core.entityframework.tests.dll" id="430152d5-4073-d77f-e2ee-53a6c3d62288">
      <Execution id="879cae03-6929-4d57-b8ab-838122740ca6" />
      <TestMethod codeBase="D:\SFERRARI\01 - TRABAJO\repos\netcore\libs\template-netcore-entityframework\Kitpymes.Core.EntityFramework.Tests\bin\Release\netcoreapp3.0\Kitpymes.Core.EntityFramework.Tests.dll" adapterTypeName="executor://mstestadapter/v2" className="Kitpymes.Core.EntityFramework.Tests.EntityFrameworkRepositoryTests" name="FindAsync" />
    </UnitTest>
    <UnitTest name="DeleteWhere" storage="d:\sferrari\01 - trabajo\repos\netcore\libs\template-netcore-entityframework\kitpymes.core.entityframework.tests\bin\release\netcoreapp3.0\kitpymes.core.entityframework.tests.dll" id="aeb29584-5757-c8d5-ba00-a6e2def67d93">
      <Execution id="20b76278-f767-4869-90e1-0212a2bce739" />
      <TestMethod codeBase="D:\SFERRARI\01 - TRABAJO\repos\netcore\libs\template-netcore-entityframework\Kitpymes.Core.EntityFramework.Tests\bin\Release\netcoreapp3.0\Kitpymes.Core.EntityFramework.Tests.dll" adapterTypeName="executor://mstestadapter/v2" className="Kitpymes.Core.EntityFramework.Tests.EntityFrameworkRepositoryTests" name="DeleteWhere" />
    </UnitTest>
    <UnitTest name="GetOneWhere" storage="d:\sferrari\01 - trabajo\repos\netcore\libs\template-netcore-entityframework\kitpymes.core.entityframework.tests\bin\release\netcoreapp3.0\kitpymes.core.entityframework.tests.dll" id="d73d5371-3160-f8c9-be64-a3ff374de612">
      <Execution id="7c4be1c1-e13a-40f4-8f85-dbdfca15d27f" />
      <TestMethod codeBase="D:\SFERRARI\01 - TRABAJO\repos\netcore\libs\template-netcore-entityframework\Kitpymes.Core.EntityFramework.Tests\bin\Release\netcoreapp3.0\Kitpymes.Core.EntityFramework.Tests.dll" adapterTypeName="executor://mstestadapter/v2" className="Kitpymes.Core.EntityFramework.Tests.EntityFrameworkRepositoryTests" name="GetOneWhere" />
    </UnitTest>
    <UnitTest name="GetPagedAsyncWhere" storage="d:\sferrari\01 - trabajo\repos\netcore\libs\template-netcore-entityframework\kitpymes.core.entityframework.tests\bin\release\netcoreapp3.0\kitpymes.core.entityframework.tests.dll" id="ec221792-3703-943d-75b0-ffc511f23ece">
      <Execution id="fe2b5691-1f8d-46b2-91ad-1acd6137aa06" />
      <TestMethod codeBase="D:\SFERRARI\01 - TRABAJO\repos\netcore\libs\template-netcore-entityframework\Kitpymes.Core.EntityFramework.Tests\bin\Release\netcoreapp3.0\Kitpymes.Core.EntityFramework.Tests.dll" adapterTypeName="executor://mstestadapter/v2" className="Kitpymes.Core.EntityFramework.Tests.EntityFrameworkRepositoryTests" name="GetPagedAsyncWhere" />
    </UnitTest>
    <UnitTest name="GetPagedWhereIncludesSelect" storage="d:\sferrari\01 - trabajo\repos\netcore\libs\template-netcore-entityframework\kitpymes.core.entityframework.tests\bin\release\netcoreapp3.0\kitpymes.core.entityframework.tests.dll" id="6043b47e-9b08-206d-8d03-25bac9107c46">
      <Execution id="47a4ea87-220d-46cc-bbc9-fe21ea7660c2" />
      <TestMethod codeBase="D:\SFERRARI\01 - TRABAJO\repos\netcore\libs\template-netcore-entityframework\Kitpymes.Core.EntityFramework.Tests\bin\Release\netcoreapp3.0\Kitpymes.Core.EntityFramework.Tests.dll" adapterTypeName="executor://mstestadapter/v2" className="Kitpymes.Core.EntityFramework.Tests.EntityFrameworkRepositoryTests" name="GetPagedWhereIncludesSelect" />
    </UnitTest>
    <UnitTest name="StatusInactiveConvert" storage="d:\sferrari\01 - trabajo\repos\netcore\libs\template-netcore-entityframework\kitpymes.core.entityframework.tests\bin\release\netcoreapp3.0\kitpymes.core.entityframework.tests.dll" id="fe080451-4d74-df2d-1ea1-c9dc74796e3c">
      <Execution id="dfdc53d6-6dd9-4b28-8acd-6918d9f3fb18" />
      <TestMethod codeBase="D:\SFERRARI\01 - TRABAJO\repos\netcore\libs\template-netcore-entityframework\Kitpymes.Core.EntityFramework.Tests\bin\Release\netcoreapp3.0\Kitpymes.Core.EntityFramework.Tests.dll" adapterTypeName="executor://mstestadapter/v2" className="Kitpymes.Core.EntityFramework.Tests.EntityFrameworkConverterTests" name="StatusInactiveConvert" />
    </UnitTest>
    <UnitTest name="GetAllAsyncWhereIncludes" storage="d:\sferrari\01 - trabajo\repos\netcore\libs\template-netcore-entityframework\kitpymes.core.entityframework.tests\bin\release\netcoreapp3.0\kitpymes.core.entityframework.tests.dll" id="d2bcb9fa-a18a-460e-46dd-5ff81bc4280c">
      <Execution id="a084f61c-387c-4f36-9d08-bca9035611bb" />
      <TestMethod codeBase="D:\SFERRARI\01 - TRABAJO\repos\netcore\libs\template-netcore-entityframework\Kitpymes.Core.EntityFramework.Tests\bin\Release\netcoreapp3.0\Kitpymes.Core.EntityFramework.Tests.dll" adapterTypeName="executor://mstestadapter/v2" className="Kitpymes.Core.EntityFramework.Tests.EntityFrameworkRepositoryTests" name="GetAllAsyncWhereIncludes" />
    </UnitTest>
    <UnitTest name="GetOneAsyncWhereSelect" storage="d:\sferrari\01 - trabajo\repos\netcore\libs\template-netcore-entityframework\kitpymes.core.entityframework.tests\bin\release\netcoreapp3.0\kitpymes.core.entityframework.tests.dll" id="03da262a-bfa4-5ae4-c1c4-084aedef8bcf">
      <Execution id="ef81ee3e-b6ed-4f51-991f-53b0c8675e7e" />
      <TestMethod codeBase="D:\SFERRARI\01 - TRABAJO\repos\netcore\libs\template-netcore-entityframework\Kitpymes.Core.EntityFramework.Tests\bin\Release\netcoreapp3.0\Kitpymes.Core.EntityFramework.Tests.dll" adapterTypeName="executor://mstestadapter/v2" className="Kitpymes.Core.EntityFramework.Tests.EntityFrameworkRepositoryTests" name="GetOneAsyncWhereSelect" />
    </UnitTest>
    <UnitTest name="Delete" storage="d:\sferrari\01 - trabajo\repos\netcore\libs\template-netcore-entityframework\kitpymes.core.entityframework.tests\bin\release\netcoreapp3.0\kitpymes.core.entityframework.tests.dll" id="80dc4908-905b-f38a-b5ec-758697553c91">
      <Execution id="5b1110a9-ff71-4b53-8405-45b847ff2ce7" />
      <TestMethod codeBase="D:\SFERRARI\01 - TRABAJO\repos\netcore\libs\template-netcore-entityframework\Kitpymes.Core.EntityFramework.Tests\bin\Release\netcoreapp3.0\Kitpymes.Core.EntityFramework.Tests.dll" adapterTypeName="executor://mstestadapter/v2" className="Kitpymes.Core.EntityFramework.Tests.EntityFrameworkRepositoryTests" name="Delete" />
    </UnitTest>
    <UnitTest name="EmailConvert" storage="d:\sferrari\01 - trabajo\repos\netcore\libs\template-netcore-entityframework\kitpymes.core.entityframework.tests\bin\release\netcoreapp3.0\kitpymes.core.entityframework.tests.dll" id="42f1eda2-3af3-ae42-311a-2b53ffd7bce1">
      <Execution id="cc8b0aaf-f4f6-4715-befc-65607e48e010" />
      <TestMethod codeBase="D:\SFERRARI\01 - TRABAJO\repos\netcore\libs\template-netcore-entityframework\Kitpymes.Core.EntityFramework.Tests\bin\Release\netcoreapp3.0\Kitpymes.Core.EntityFramework.Tests.dll" adapterTypeName="executor://mstestadapter/v2" className="Kitpymes.Core.EntityFramework.Tests.EntityFrameworkConverterTests" name="EmailConvert" />
    </UnitTest>
    <UnitTest name="UpdateValueObject" storage="d:\sferrari\01 - trabajo\repos\netcore\libs\template-netcore-entityframework\kitpymes.core.entityframework.tests\bin\release\netcoreapp3.0\kitpymes.core.entityframework.tests.dll" id="ef63a22f-9706-f5ab-a12a-6b7f3e67e062">
      <Execution id="307f535c-b9ac-47d8-80f5-730d85e1e272" />
      <TestMethod codeBase="D:\SFERRARI\01 - TRABAJO\repos\netcore\libs\template-netcore-entityframework\Kitpymes.Core.EntityFramework.Tests\bin\Release\netcoreapp3.0\Kitpymes.Core.EntityFramework.Tests.dll" adapterTypeName="executor://mstestadapter/v2" className="Kitpymes.Core.EntityFramework.Tests.EntityFrameworkRepositoryTests" name="UpdateValueObject" />
    </UnitTest>
    <UnitTest name="GetAllAsync" storage="d:\sferrari\01 - trabajo\repos\netcore\libs\template-netcore-entityframework\kitpymes.core.entityframework.tests\bin\release\netcoreapp3.0\kitpymes.core.entityframework.tests.dll" id="6bd2f9a0-66a6-2a6f-d86d-74477d673d54">
      <Execution id="8ff12259-7e80-42b0-ace9-d33660ba8256" />
      <TestMethod codeBase="D:\SFERRARI\01 - TRABAJO\repos\netcore\libs\template-netcore-entityframework\Kitpymes.Core.EntityFramework.Tests\bin\Release\netcoreapp3.0\Kitpymes.Core.EntityFramework.Tests.dll" adapterTypeName="executor://mstestadapter/v2" className="Kitpymes.Core.EntityFramework.Tests.EntityFrameworkRepositoryTests" name="GetAllAsync" />
    </UnitTest>
    <UnitTest name="AnyWhereAsync" storage="d:\sferrari\01 - trabajo\repos\netcore\libs\template-netcore-entityframework\kitpymes.core.entityframework.tests\bin\release\netcoreapp3.0\kitpymes.core.entityframework.tests.dll" id="ee33180c-19d8-3ead-e8a1-108c53d1cb5d">
      <Execution id="9828ecd6-b225-452b-8e72-c86432785347" />
      <TestMethod codeBase="D:\SFERRARI\01 - TRABAJO\repos\netcore\libs\template-netcore-entityframework\Kitpymes.Core.EntityFramework.Tests\bin\Release\netcoreapp3.0\Kitpymes.Core.EntityFramework.Tests.dll" adapterTypeName="executor://mstestadapter/v2" className="Kitpymes.Core.EntityFramework.Tests.EntityFrameworkRepositoryTests" name="AnyWhereAsync" />
    </UnitTest>
    <UnitTest name="DeleteAsynchronous" storage="d:\sferrari\01 - trabajo\repos\netcore\libs\template-netcore-entityframework\kitpymes.core.entityframework.tests\bin\release\netcoreapp3.0\kitpymes.core.entityframework.tests.dll" id="f103257a-f450-c0d5-64d8-7e6c84413865">
      <Execution id="6225a85a-1f5a-452d-8391-61ddf4ea14ee" />
      <TestMethod codeBase="D:\SFERRARI\01 - TRABAJO\repos\netcore\libs\template-netcore-entityframework\Kitpymes.Core.EntityFramework.Tests\bin\Release\netcoreapp3.0\Kitpymes.Core.EntityFramework.Tests.dll" adapterTypeName="executor://mstestadapter/v2" className="Kitpymes.Core.EntityFramework.Tests.EntityFrameworkRepositoryTests" name="DeleteAsynchronous" />
    </UnitTest>
    <UnitTest name="GetAllWhereIncludesSelect" storage="d:\sferrari\01 - trabajo\repos\netcore\libs\template-netcore-entityframework\kitpymes.core.entityframework.tests\bin\release\netcoreapp3.0\kitpymes.core.entityframework.tests.dll" id="2af74153-e33d-5a06-b5a0-4f03d73a67ed">
      <Execution id="a1dc0485-1a25-47bf-b4fc-2d34a9490b3f" />
      <TestMethod codeBase="D:\SFERRARI\01 - TRABAJO\repos\netcore\libs\template-netcore-entityframework\Kitpymes.Core.EntityFramework.Tests\bin\Release\netcoreapp3.0\Kitpymes.Core.EntityFramework.Tests.dll" adapterTypeName="executor://mstestadapter/v2" className="Kitpymes.Core.EntityFramework.Tests.EntityFrameworkRepositoryTests" name="GetAllWhereIncludesSelect" />
    </UnitTest>
    <UnitTest name="GetOnetWhereIncludesSelect" storage="d:\sferrari\01 - trabajo\repos\netcore\libs\template-netcore-entityframework\kitpymes.core.entityframework.tests\bin\release\netcoreapp3.0\kitpymes.core.entityframework.tests.dll" id="5260acf7-43e7-d56b-bb11-234b6abb4fc9">
      <Execution id="c348df4e-69a5-4eb3-a885-9eb743807817" />
      <TestMethod codeBase="D:\SFERRARI\01 - TRABAJO\repos\netcore\libs\template-netcore-entityframework\Kitpymes.Core.EntityFramework.Tests\bin\Release\netcoreapp3.0\Kitpymes.Core.EntityFramework.Tests.dll" adapterTypeName="executor://mstestadapter/v2" className="Kitpymes.Core.EntityFramework.Tests.EntityFrameworkRepositoryTests" name="GetOnetWhereIncludesSelect" />
    </UnitTest>
    <UnitTest name="GetAll" storage="d:\sferrari\01 - trabajo\repos\netcore\libs\template-netcore-entityframework\kitpymes.core.entityframework.tests\bin\release\netcoreapp3.0\kitpymes.core.entityframework.tests.dll" id="dc2640e2-1199-2f27-9a1c-21a3988c0548">
      <Execution id="b632df69-abb7-4aba-bfe9-df88775badba" />
      <TestMethod codeBase="D:\SFERRARI\01 - TRABAJO\repos\netcore\libs\template-netcore-entityframework\Kitpymes.Core.EntityFramework.Tests\bin\Release\netcoreapp3.0\Kitpymes.Core.EntityFramework.Tests.dll" adapterTypeName="executor://mstestadapter/v2" className="Kitpymes.Core.EntityFramework.Tests.EntityFrameworkRepositoryTests" name="GetAll" />
    </UnitTest>
    <UnitTest name="EnumConvertName" storage="d:\sferrari\01 - trabajo\repos\netcore\libs\template-netcore-entityframework\kitpymes.core.entityframework.tests\bin\release\netcoreapp3.0\kitpymes.core.entityframework.tests.dll" id="7f962fc1-c7df-4430-6a53-51cc5fa60478">
      <Execution id="dd0d4427-e358-495f-8291-1938b12415dd" />
      <TestMethod codeBase="D:\SFERRARI\01 - TRABAJO\repos\netcore\libs\template-netcore-entityframework\Kitpymes.Core.EntityFramework.Tests\bin\Release\netcoreapp3.0\Kitpymes.Core.EntityFramework.Tests.dll" adapterTypeName="executor://mstestadapter/v2" className="Kitpymes.Core.EntityFramework.Tests.EntityFrameworkConverterTests" name="EnumConvertName" />
    </UnitTest>
    <UnitTest name="GetPagedSelectOrderByProperty" storage="d:\sferrari\01 - trabajo\repos\netcore\libs\template-netcore-entityframework\kitpymes.core.entityframework.tests\bin\release\netcoreapp3.0\kitpymes.core.entityframework.tests.dll" id="81baf7fe-c54e-1f13-b5bf-a984adecb526">
      <Execution id="f3d985b8-441e-4102-b683-49fc24b5cfb2" />
      <TestMethod codeBase="D:\SFERRARI\01 - TRABAJO\repos\netcore\libs\template-netcore-entityframework\Kitpymes.Core.EntityFramework.Tests\bin\Release\netcoreapp3.0\Kitpymes.Core.EntityFramework.Tests.dll" adapterTypeName="executor://mstestadapter/v2" className="Kitpymes.Core.EntityFramework.Tests.EntityFrameworkRepositoryTests" name="GetPagedSelectOrderByProperty" />
    </UnitTest>
    <UnitTest name="UpdatePartial" storage="d:\sferrari\01 - trabajo\repos\netcore\libs\template-netcore-entityframework\kitpymes.core.entityframework.tests\bin\release\netcoreapp3.0\kitpymes.core.entityframework.tests.dll" id="f1b19c33-afce-6c0a-78e7-550904287f78">
      <Execution id="7f34a7c7-0fc7-4536-b4ae-c2e18807ff8b" />
      <TestMethod codeBase="D:\SFERRARI\01 - TRABAJO\repos\netcore\libs\template-netcore-entityframework\Kitpymes.Core.EntityFramework.Tests\bin\Release\netcoreapp3.0\Kitpymes.Core.EntityFramework.Tests.dll" adapterTypeName="executor://mstestadapter/v2" className="Kitpymes.Core.EntityFramework.Tests.EntityFrameworkRepositoryTests" name="UpdatePartial" />
    </UnitTest>
    <UnitTest name="GetOneAsyncWhereIncludesSelect" storage="d:\sferrari\01 - trabajo\repos\netcore\libs\template-netcore-entityframework\kitpymes.core.entityframework.tests\bin\release\netcoreapp3.0\kitpymes.core.entityframework.tests.dll" id="efde178d-8304-a068-9dd4-333218c96a66">
      <Execution id="84043425-348e-4573-85fa-d9662713216f" />
      <TestMethod codeBase="D:\SFERRARI\01 - TRABAJO\repos\netcore\libs\template-netcore-entityframework\Kitpymes.Core.EntityFramework.Tests\bin\Release\netcoreapp3.0\Kitpymes.Core.EntityFramework.Tests.dll" adapterTypeName="executor://mstestadapter/v2" className="Kitpymes.Core.EntityFramework.Tests.EntityFrameworkRepositoryTests" name="GetOneAsyncWhereIncludesSelect" />
    </UnitTest>
    <UnitTest name="GetAllWhereSelect" storage="d:\sferrari\01 - trabajo\repos\netcore\libs\template-netcore-entityframework\kitpymes.core.entityframework.tests\bin\release\netcoreapp3.0\kitpymes.core.entityframework.tests.dll" id="072ccf06-0d25-885d-29bf-a00924e8fa84">
      <Execution id="653d0c95-a5cb-4541-a2cf-960e7e55aa89" />
      <TestMethod codeBase="D:\SFERRARI\01 - TRABAJO\repos\netcore\libs\template-netcore-entityframework\Kitpymes.Core.EntityFramework.Tests\bin\Release\netcoreapp3.0\Kitpymes.Core.EntityFramework.Tests.dll" adapterTypeName="executor://mstestadapter/v2" className="Kitpymes.Core.EntityFramework.Tests.EntityFrameworkRepositoryTests" name="GetAllWhereSelect" />
    </UnitTest>
    <UnitTest name="GetPagedWhereSelect" storage="d:\sferrari\01 - trabajo\repos\netcore\libs\template-netcore-entityframework\kitpymes.core.entityframework.tests\bin\release\netcoreapp3.0\kitpymes.core.entityframework.tests.dll" id="5ba747ad-1019-b721-43b2-f142ffc120a4">
      <Execution id="1b946ca5-b8b4-40ff-8a8e-9c6501a873e2" />
      <TestMethod codeBase="D:\SFERRARI\01 - TRABAJO\repos\netcore\libs\template-netcore-entityframework\Kitpymes.Core.EntityFramework.Tests\bin\Release\netcoreapp3.0\Kitpymes.Core.EntityFramework.Tests.dll" adapterTypeName="executor://mstestadapter/v2" className="Kitpymes.Core.EntityFramework.Tests.EntityFrameworkRepositoryTests" name="GetPagedWhereSelect" />
    </UnitTest>
    <UnitTest name="GetAllWhere" storage="d:\sferrari\01 - trabajo\repos\netcore\libs\template-netcore-entityframework\kitpymes.core.entityframework.tests\bin\release\netcoreapp3.0\kitpymes.core.entityframework.tests.dll" id="6da9ed80-28cc-d39a-2a5f-ae945961186e">
      <Execution id="4b5d1d7f-9fca-4cad-a70e-8d08ff954680" />
      <TestMethod codeBase="D:\SFERRARI\01 - TRABAJO\repos\netcore\libs\template-netcore-entityframework\Kitpymes.Core.EntityFramework.Tests\bin\Release\netcoreapp3.0\Kitpymes.Core.EntityFramework.Tests.dll" adapterTypeName="executor://mstestadapter/v2" className="Kitpymes.Core.EntityFramework.Tests.EntityFrameworkRepositoryTests" name="GetAllWhere" />
    </UnitTest>
    <UnitTest name="NameConvert" storage="d:\sferrari\01 - trabajo\repos\netcore\libs\template-netcore-entityframework\kitpymes.core.entityframework.tests\bin\release\netcoreapp3.0\kitpymes.core.entityframework.tests.dll" id="1d634575-eacb-5b74-f59b-3f918b61f3e1">
      <Execution id="1c27f53c-e6fc-4b03-a893-00a028f26bf3" />
      <TestMethod codeBase="D:\SFERRARI\01 - TRABAJO\repos\netcore\libs\template-netcore-entityframework\Kitpymes.Core.EntityFramework.Tests\bin\Release\netcoreapp3.0\Kitpymes.Core.EntityFramework.Tests.dll" adapterTypeName="executor://mstestadapter/v2" className="Kitpymes.Core.EntityFramework.Tests.EntityFrameworkConverterTests" name="NameConvert" />
    </UnitTest>
    <UnitTest name="GetAllAsyncWhereIncludesSelect" storage="d:\sferrari\01 - trabajo\repos\netcore\libs\template-netcore-entityframework\kitpymes.core.entityframework.tests\bin\release\netcoreapp3.0\kitpymes.core.entityframework.tests.dll" id="85e02974-23a2-ec37-3b31-58c24a4310f3">
      <Execution id="c2a4118b-a4b0-4b39-a1a3-684051c658ae" />
      <TestMethod codeBase="D:\SFERRARI\01 - TRABAJO\repos\netcore\libs\template-netcore-entityframework\Kitpymes.Core.EntityFramework.Tests\bin\Release\netcoreapp3.0\Kitpymes.Core.EntityFramework.Tests.dll" adapterTypeName="executor://mstestadapter/v2" className="Kitpymes.Core.EntityFramework.Tests.EntityFrameworkRepositoryTests" name="GetAllAsyncWhereIncludesSelect" />
    </UnitTest>
    <UnitTest name="AddRangeAsync" storage="d:\sferrari\01 - trabajo\repos\netcore\libs\template-netcore-entityframework\kitpymes.core.entityframework.tests\bin\release\netcoreapp3.0\kitpymes.core.entityframework.tests.dll" id="67347929-ada1-2a19-d343-348502d3744d">
      <Execution id="bcb7128f-15ec-4e70-b42a-bbbc25cfdb41" />
      <TestMethod codeBase="D:\SFERRARI\01 - TRABAJO\repos\netcore\libs\template-netcore-entityframework\Kitpymes.Core.EntityFramework.Tests\bin\Release\netcoreapp3.0\Kitpymes.Core.EntityFramework.Tests.dll" adapterTypeName="executor://mstestadapter/v2" className="Kitpymes.Core.EntityFramework.Tests.EntityFrameworkRepositoryTests" name="AddRangeAsync" />
    </UnitTest>
    <UnitTest name="AnyWhere" storage="d:\sferrari\01 - trabajo\repos\netcore\libs\template-netcore-entityframework\kitpymes.core.entityframework.tests\bin\release\netcoreapp3.0\kitpymes.core.entityframework.tests.dll" id="04aa4e1e-17b4-adeb-34e0-ccb0d168f316">
      <Execution id="6575cc9e-34c0-4f15-a14d-f191f75be062" />
      <TestMethod codeBase="D:\SFERRARI\01 - TRABAJO\repos\netcore\libs\template-netcore-entityframework\Kitpymes.Core.EntityFramework.Tests\bin\Release\netcoreapp3.0\Kitpymes.Core.EntityFramework.Tests.dll" adapterTypeName="executor://mstestadapter/v2" className="Kitpymes.Core.EntityFramework.Tests.EntityFrameworkRepositoryTests" name="AnyWhere" />
    </UnitTest>
    <UnitTest name="GetAllWhereIncludes" storage="d:\sferrari\01 - trabajo\repos\netcore\libs\template-netcore-entityframework\kitpymes.core.entityframework.tests\bin\release\netcoreapp3.0\kitpymes.core.entityframework.tests.dll" id="80cf2e6d-51fa-dc95-be21-b256f75b0e62">
      <Execution id="ec5a09b9-ec6b-4b5b-88c0-9f253647b2a4" />
      <TestMethod codeBase="D:\SFERRARI\01 - TRABAJO\repos\netcore\libs\template-netcore-entityframework\Kitpymes.Core.EntityFramework.Tests\bin\Release\netcoreapp3.0\Kitpymes.Core.EntityFramework.Tests.dll" adapterTypeName="executor://mstestadapter/v2" className="Kitpymes.Core.EntityFramework.Tests.EntityFrameworkRepositoryTests" name="GetAllWhereIncludes" />
    </UnitTest>
    <UnitTest name="GetPagedWhereIncludes" storage="d:\sferrari\01 - trabajo\repos\netcore\libs\template-netcore-entityframework\kitpymes.core.entityframework.tests\bin\release\netcoreapp3.0\kitpymes.core.entityframework.tests.dll" id="415af2c2-48c5-83e3-6a66-9f97dfd3ca3b">
      <Execution id="174de874-7f27-4357-aa50-05123c722e11" />
      <TestMethod codeBase="D:\SFERRARI\01 - TRABAJO\repos\netcore\libs\template-netcore-entityframework\Kitpymes.Core.EntityFramework.Tests\bin\Release\netcoreapp3.0\Kitpymes.Core.EntityFramework.Tests.dll" adapterTypeName="executor://mstestadapter/v2" className="Kitpymes.Core.EntityFramework.Tests.EntityFrameworkRepositoryTests" name="GetPagedWhereIncludes" />
    </UnitTest>
    <UnitTest name="GetOneWhereInclude" storage="d:\sferrari\01 - trabajo\repos\netcore\libs\template-netcore-entityframework\kitpymes.core.entityframework.tests\bin\release\netcoreapp3.0\kitpymes.core.entityframework.tests.dll" id="64dd75c6-39da-d392-b807-ecc669cb2f59">
      <Execution id="728594be-15c9-412b-9137-e68b699d371f" />
      <TestMethod codeBase="D:\SFERRARI\01 - TRABAJO\repos\netcore\libs\template-netcore-entityframework\Kitpymes.Core.EntityFramework.Tests\bin\Release\netcoreapp3.0\Kitpymes.Core.EntityFramework.Tests.dll" adapterTypeName="executor://mstestadapter/v2" className="Kitpymes.Core.EntityFramework.Tests.EntityFrameworkRepositoryTests" name="GetOneWhereInclude" />
    </UnitTest>
    <UnitTest name="Update" storage="d:\sferrari\01 - trabajo\repos\netcore\libs\template-netcore-entityframework\kitpymes.core.entityframework.tests\bin\release\netcoreapp3.0\kitpymes.core.entityframework.tests.dll" id="30bb456b-8c24-fe13-fd9f-bdcafc3b9b0c">
      <Execution id="89a2d52b-8772-4294-b915-24503088053b" />
      <TestMethod codeBase="D:\SFERRARI\01 - TRABAJO\repos\netcore\libs\template-netcore-entityframework\Kitpymes.Core.EntityFramework.Tests\bin\Release\netcoreapp3.0\Kitpymes.Core.EntityFramework.Tests.dll" adapterTypeName="executor://mstestadapter/v2" className="Kitpymes.Core.EntityFramework.Tests.EntityFrameworkRepositoryTests" name="Update" />
    </UnitTest>
    <UnitTest name="Any" storage="d:\sferrari\01 - trabajo\repos\netcore\libs\template-netcore-entityframework\kitpymes.core.entityframework.tests\bin\release\netcoreapp3.0\kitpymes.core.entityframework.tests.dll" id="c3f07b32-627e-c6ba-6d6d-4bf8eea8cf4b">
      <Execution id="b347087e-b1d6-4cce-8727-94ffb99112dc" />
      <TestMethod codeBase="D:\SFERRARI\01 - TRABAJO\repos\netcore\libs\template-netcore-entityframework\Kitpymes.Core.EntityFramework.Tests\bin\Release\netcoreapp3.0\Kitpymes.Core.EntityFramework.Tests.dll" adapterTypeName="executor://mstestadapter/v2" className="Kitpymes.Core.EntityFramework.Tests.EntityFrameworkRepositoryTests" name="Any" />
    </UnitTest>
    <UnitTest name="StatusActiveConvert" storage="d:\sferrari\01 - trabajo\repos\netcore\libs\template-netcore-entityframework\kitpymes.core.entityframework.tests\bin\release\netcoreapp3.0\kitpymes.core.entityframework.tests.dll" id="0e07d823-c921-f6f8-2317-1b63ed7638ac">
      <Execution id="bf9adc53-a2bc-44bd-b520-f176477b18fd" />
      <TestMethod codeBase="D:\SFERRARI\01 - TRABAJO\repos\netcore\libs\template-netcore-entityframework\Kitpymes.Core.EntityFramework.Tests\bin\Release\netcoreapp3.0\Kitpymes.Core.EntityFramework.Tests.dll" adapterTypeName="executor://mstestadapter/v2" className="Kitpymes.Core.EntityFramework.Tests.EntityFrameworkConverterTests" name="StatusActiveConvert" />
    </UnitTest>
    <UnitTest name="Count" storage="d:\sferrari\01 - trabajo\repos\netcore\libs\template-netcore-entityframework\kitpymes.core.entityframework.tests\bin\release\netcoreapp3.0\kitpymes.core.entityframework.tests.dll" id="aacbc091-cac6-472d-7a62-95f0e276eb96">
      <Execution id="a765e064-f663-44c1-be17-d5a9590e8224" />
      <TestMethod codeBase="D:\SFERRARI\01 - TRABAJO\repos\netcore\libs\template-netcore-entityframework\Kitpymes.Core.EntityFramework.Tests\bin\Release\netcoreapp3.0\Kitpymes.Core.EntityFramework.Tests.dll" adapterTypeName="executor://mstestadapter/v2" className="Kitpymes.Core.EntityFramework.Tests.EntityFrameworkRepositoryTests" name="Count" />
    </UnitTest>
    <UnitTest name="GetPagedAsync" storage="d:\sferrari\01 - trabajo\repos\netcore\libs\template-netcore-entityframework\kitpymes.core.entityframework.tests\bin\release\netcoreapp3.0\kitpymes.core.entityframework.tests.dll" id="b1b1d371-f854-2591-5573-5df6eea9e240">
      <Execution id="a4148d4a-d468-4cd8-845d-0a7a093da501" />
      <TestMethod codeBase="D:\SFERRARI\01 - TRABAJO\repos\netcore\libs\template-netcore-entityframework\Kitpymes.Core.EntityFramework.Tests\bin\Release\netcoreapp3.0\Kitpymes.Core.EntityFramework.Tests.dll" adapterTypeName="executor://mstestadapter/v2" className="Kitpymes.Core.EntityFramework.Tests.EntityFrameworkRepositoryTests" name="GetPagedAsync" />
    </UnitTest>
    <UnitTest name="GetAllAsyncWhere" storage="d:\sferrari\01 - trabajo\repos\netcore\libs\template-netcore-entityframework\kitpymes.core.entityframework.tests\bin\release\netcoreapp3.0\kitpymes.core.entityframework.tests.dll" id="edffe8a4-7adf-0dbf-8ddc-968b66627820">
      <Execution id="1bb6df4a-1a02-440e-8300-ffbf83059dd0" />
      <TestMethod codeBase="D:\SFERRARI\01 - TRABAJO\repos\netcore\libs\template-netcore-entityframework\Kitpymes.Core.EntityFramework.Tests\bin\Release\netcoreapp3.0\Kitpymes.Core.EntityFramework.Tests.dll" adapterTypeName="executor://mstestadapter/v2" className="Kitpymes.Core.EntityFramework.Tests.EntityFrameworkRepositoryTests" name="GetAllAsyncWhere" />
    </UnitTest>
    <UnitTest name="GetPaged" storage="d:\sferrari\01 - trabajo\repos\netcore\libs\template-netcore-entityframework\kitpymes.core.entityframework.tests\bin\release\netcoreapp3.0\kitpymes.core.entityframework.tests.dll" id="a5b363eb-4063-13b0-3940-dbd797fb33e6">
      <Execution id="c165e669-6791-44f8-b6d8-e202d55d476d" />
      <TestMethod codeBase="D:\SFERRARI\01 - TRABAJO\repos\netcore\libs\template-netcore-entityframework\Kitpymes.Core.EntityFramework.Tests\bin\Release\netcoreapp3.0\Kitpymes.Core.EntityFramework.Tests.dll" adapterTypeName="executor://mstestadapter/v2" className="Kitpymes.Core.EntityFramework.Tests.EntityFrameworkRepositoryTests" name="GetPaged" />
    </UnitTest>
    <UnitTest name="GetPagedWhere" storage="d:\sferrari\01 - trabajo\repos\netcore\libs\template-netcore-entityframework\kitpymes.core.entityframework.tests\bin\release\netcoreapp3.0\kitpymes.core.entityframework.tests.dll" id="0f152de7-4e3f-447b-bff4-9ddb954e4fca">
      <Execution id="d723caaa-0b39-45ee-945f-c9a175695125" />
      <TestMethod codeBase="D:\SFERRARI\01 - TRABAJO\repos\netcore\libs\template-netcore-entityframework\Kitpymes.Core.EntityFramework.Tests\bin\Release\netcoreapp3.0\Kitpymes.Core.EntityFramework.Tests.dll" adapterTypeName="executor://mstestadapter/v2" className="Kitpymes.Core.EntityFramework.Tests.EntityFrameworkRepositoryTests" name="GetPagedWhere" />
    </UnitTest>
    <UnitTest name="CountWhereAsync" storage="d:\sferrari\01 - trabajo\repos\netcore\libs\template-netcore-entityframework\kitpymes.core.entityframework.tests\bin\release\netcoreapp3.0\kitpymes.core.entityframework.tests.dll" id="2a859b64-8fef-e44f-496e-d0960bb4e811">
      <Execution id="f2b49f68-49bc-4698-a687-1f2a12bdbb73" />
      <TestMethod codeBase="D:\SFERRARI\01 - TRABAJO\repos\netcore\libs\template-netcore-entityframework\Kitpymes.Core.EntityFramework.Tests\bin\Release\netcoreapp3.0\Kitpymes.Core.EntityFramework.Tests.dll" adapterTypeName="executor://mstestadapter/v2" className="Kitpymes.Core.EntityFramework.Tests.EntityFrameworkRepositoryTests" name="CountWhereAsync" />
    </UnitTest>
    <UnitTest name="CountAsync" storage="d:\sferrari\01 - trabajo\repos\netcore\libs\template-netcore-entityframework\kitpymes.core.entityframework.tests\bin\release\netcoreapp3.0\kitpymes.core.entityframework.tests.dll" id="ba758f1a-bd5d-4526-b492-51aa9cd4ef94">
      <Execution id="3b37c87c-bc12-4544-90ec-39f42f865dae" />
      <TestMethod codeBase="D:\SFERRARI\01 - TRABAJO\repos\netcore\libs\template-netcore-entityframework\Kitpymes.Core.EntityFramework.Tests\bin\Release\netcoreapp3.0\Kitpymes.Core.EntityFramework.Tests.dll" adapterTypeName="executor://mstestadapter/v2" className="Kitpymes.Core.EntityFramework.Tests.EntityFrameworkRepositoryTests" name="CountAsync" />
    </UnitTest>
    <UnitTest name="AddAsync" storage="d:\sferrari\01 - trabajo\repos\netcore\libs\template-netcore-entityframework\kitpymes.core.entityframework.tests\bin\release\netcoreapp3.0\kitpymes.core.entityframework.tests.dll" id="f7b3f1d7-b3a9-14e3-de6d-190a6ba30b90">
      <Execution id="91149299-a583-4f65-ad63-efda4d23f785" />
      <TestMethod codeBase="D:\SFERRARI\01 - TRABAJO\repos\netcore\libs\template-netcore-entityframework\Kitpymes.Core.EntityFramework.Tests\bin\Release\netcoreapp3.0\Kitpymes.Core.EntityFramework.Tests.dll" adapterTypeName="executor://mstestadapter/v2" className="Kitpymes.Core.EntityFramework.Tests.EntityFrameworkRepositoryTests" name="AddAsync" />
    </UnitTest>
    <UnitTest name="GetOneAsyncWhereInclude" storage="d:\sferrari\01 - trabajo\repos\netcore\libs\template-netcore-entityframework\kitpymes.core.entityframework.tests\bin\release\netcoreapp3.0\kitpymes.core.entityframework.tests.dll" id="6c2f2404-94f9-827b-b6a9-1809a4e2cdda">
      <Execution id="556da094-75cf-426e-9d69-060ef2cd2587" />
      <TestMethod codeBase="D:\SFERRARI\01 - TRABAJO\repos\netcore\libs\template-netcore-entityframework\Kitpymes.Core.EntityFramework.Tests\bin\Release\netcoreapp3.0\Kitpymes.Core.EntityFramework.Tests.dll" adapterTypeName="executor://mstestadapter/v2" className="Kitpymes.Core.EntityFramework.Tests.EntityFrameworkRepositoryTests" name="GetOneAsyncWhereInclude" />
    </UnitTest>
    <UnitTest name="EnumConvertValue" storage="d:\sferrari\01 - trabajo\repos\netcore\libs\template-netcore-entityframework\kitpymes.core.entityframework.tests\bin\release\netcoreapp3.0\kitpymes.core.entityframework.tests.dll" id="2904dada-b209-1961-24d7-8d0a33434707">
      <Execution id="218783cc-0b28-44f3-a7bb-f35087f872b7" />
      <TestMethod codeBase="D:\SFERRARI\01 - TRABAJO\repos\netcore\libs\template-netcore-entityframework\Kitpymes.Core.EntityFramework.Tests\bin\Release\netcoreapp3.0\Kitpymes.Core.EntityFramework.Tests.dll" adapterTypeName="executor://mstestadapter/v2" className="Kitpymes.Core.EntityFramework.Tests.EntityFrameworkConverterTests" name="EnumConvertValue" />
    </UnitTest>
    <UnitTest name="GetOnetWhereSelect" storage="d:\sferrari\01 - trabajo\repos\netcore\libs\template-netcore-entityframework\kitpymes.core.entityframework.tests\bin\release\netcoreapp3.0\kitpymes.core.entityframework.tests.dll" id="449cdc03-81fa-03c4-0e19-c951601f590c">
      <Execution id="3b7feee8-f1b1-42ba-b1ec-b492e52ac4d3" />
      <TestMethod codeBase="D:\SFERRARI\01 - TRABAJO\repos\netcore\libs\template-netcore-entityframework\Kitpymes.Core.EntityFramework.Tests\bin\Release\netcoreapp3.0\Kitpymes.Core.EntityFramework.Tests.dll" adapterTypeName="executor://mstestadapter/v2" className="Kitpymes.Core.EntityFramework.Tests.EntityFrameworkRepositoryTests" name="GetOnetWhereSelect" />
    </UnitTest>
    <UnitTest name="AnyAsync" storage="d:\sferrari\01 - trabajo\repos\netcore\libs\template-netcore-entityframework\kitpymes.core.entityframework.tests\bin\release\netcoreapp3.0\kitpymes.core.entityframework.tests.dll" id="547b74f5-af3d-4901-099f-9b71e2cf95a8">
      <Execution id="4dfe95c1-246b-44d4-aa52-f5026f87efab" />
      <TestMethod codeBase="D:\SFERRARI\01 - TRABAJO\repos\netcore\libs\template-netcore-entityframework\Kitpymes.Core.EntityFramework.Tests\bin\Release\netcoreapp3.0\Kitpymes.Core.EntityFramework.Tests.dll" adapterTypeName="executor://mstestadapter/v2" className="Kitpymes.Core.EntityFramework.Tests.EntityFrameworkRepositoryTests" name="AnyAsync" />
    </UnitTest>
    <UnitTest name="GetAllAsyncWhereSelect" storage="d:\sferrari\01 - trabajo\repos\netcore\libs\template-netcore-entityframework\kitpymes.core.entityframework.tests\bin\release\netcoreapp3.0\kitpymes.core.entityframework.tests.dll" id="144b21a3-bf36-64c0-5d61-fb1f5f807601">
      <Execution id="47d0e030-e8cb-4742-a823-e9aa1b23415a" />
      <TestMethod codeBase="D:\SFERRARI\01 - TRABAJO\repos\netcore\libs\template-netcore-entityframework\Kitpymes.Core.EntityFramework.Tests\bin\Release\netcoreapp3.0\Kitpymes.Core.EntityFramework.Tests.dll" adapterTypeName="executor://mstestadapter/v2" className="Kitpymes.Core.EntityFramework.Tests.EntityFrameworkRepositoryTests" name="GetAllAsyncWhereSelect" />
    </UnitTest>
    <UnitTest name="GetPagedAsyncWhereIncludes" storage="d:\sferrari\01 - trabajo\repos\netcore\libs\template-netcore-entityframework\kitpymes.core.entityframework.tests\bin\release\netcoreapp3.0\kitpymes.core.entityframework.tests.dll" id="cc25d743-4885-4920-7249-bebbafd31696">
      <Execution id="cf4b2ac6-6556-4797-a924-92f52182d145" />
      <TestMethod codeBase="D:\SFERRARI\01 - TRABAJO\repos\netcore\libs\template-netcore-entityframework\Kitpymes.Core.EntityFramework.Tests\bin\Release\netcoreapp3.0\Kitpymes.Core.EntityFramework.Tests.dll" adapterTypeName="executor://mstestadapter/v2" className="Kitpymes.Core.EntityFramework.Tests.EntityFrameworkRepositoryTests" name="GetPagedAsyncWhereIncludes" />
    </UnitTest>
    <UnitTest name="GetPagedAsyncWhereIncludesSelect" storage="d:\sferrari\01 - trabajo\repos\netcore\libs\template-netcore-entityframework\kitpymes.core.entityframework.tests\bin\release\netcoreapp3.0\kitpymes.core.entityframework.tests.dll" id="96d7f7f9-87b7-83da-bd92-36d8216849da">
      <Execution id="b0485e82-6afa-40e3-ba4b-e25970cab98b" />
      <TestMethod codeBase="D:\SFERRARI\01 - TRABAJO\repos\netcore\libs\template-netcore-entityframework\Kitpymes.Core.EntityFramework.Tests\bin\Release\netcoreapp3.0\Kitpymes.Core.EntityFramework.Tests.dll" adapterTypeName="executor://mstestadapter/v2" className="Kitpymes.Core.EntityFramework.Tests.EntityFrameworkRepositoryTests" name="GetPagedAsyncWhereIncludesSelect" />
    </UnitTest>
    <UnitTest name="GetPagedSelectOrderByNavigationProperty" storage="d:\sferrari\01 - trabajo\repos\netcore\libs\template-netcore-entityframework\kitpymes.core.entityframework.tests\bin\release\netcoreapp3.0\kitpymes.core.entityframework.tests.dll" id="54adf2ba-1f81-5c34-8f16-1b1e9af7a4da">
      <Execution id="3ec8cb66-00c0-473d-87d6-0640090501a2" />
      <TestMethod codeBase="D:\SFERRARI\01 - TRABAJO\repos\netcore\libs\template-netcore-entityframework\Kitpymes.Core.EntityFramework.Tests\bin\Release\netcoreapp3.0\Kitpymes.Core.EntityFramework.Tests.dll" adapterTypeName="executor://mstestadapter/v2" className="Kitpymes.Core.EntityFramework.Tests.EntityFrameworkRepositoryTests" name="GetPagedSelectOrderByNavigationProperty" />
    </UnitTest>
    <UnitTest name="SubdomainConvert" storage="d:\sferrari\01 - trabajo\repos\netcore\libs\template-netcore-entityframework\kitpymes.core.entityframework.tests\bin\release\netcoreapp3.0\kitpymes.core.entityframework.tests.dll" id="716b4372-94af-086a-4429-af7c705f625c">
      <Execution id="f45a34e5-182d-4510-b632-cbe771a10f1c" />
      <TestMethod codeBase="D:\SFERRARI\01 - TRABAJO\repos\netcore\libs\template-netcore-entityframework\Kitpymes.Core.EntityFramework.Tests\bin\Release\netcoreapp3.0\Kitpymes.Core.EntityFramework.Tests.dll" adapterTypeName="executor://mstestadapter/v2" className="Kitpymes.Core.EntityFramework.Tests.EntityFrameworkConverterTests" name="SubdomainConvert" />
    </UnitTest>
    <UnitTest name="AddRange" storage="d:\sferrari\01 - trabajo\repos\netcore\libs\template-netcore-entityframework\kitpymes.core.entityframework.tests\bin\release\netcoreapp3.0\kitpymes.core.entityframework.tests.dll" id="7c6a19db-2e0f-7e4b-e125-c757ac778264">
      <Execution id="1f4cf7ee-a64e-4e71-9829-43bc0a46c175" />
      <TestMethod codeBase="D:\SFERRARI\01 - TRABAJO\repos\netcore\libs\template-netcore-entityframework\Kitpymes.Core.EntityFramework.Tests\bin\Release\netcoreapp3.0\Kitpymes.Core.EntityFramework.Tests.dll" adapterTypeName="executor://mstestadapter/v2" className="Kitpymes.Core.EntityFramework.Tests.EntityFrameworkRepositoryTests" name="AddRange" />
    </UnitTest>
    <UnitTest name="GetPagedAsyncWhereSelect" storage="d:\sferrari\01 - trabajo\repos\netcore\libs\template-netcore-entityframework\kitpymes.core.entityframework.tests\bin\release\netcoreapp3.0\kitpymes.core.entityframework.tests.dll" id="eb1a9c41-91a8-fcc6-e850-a4d9acf34975">
      <Execution id="e8d6e2e4-540e-4d3f-bc62-fcda571c07ad" />
      <TestMethod codeBase="D:\SFERRARI\01 - TRABAJO\repos\netcore\libs\template-netcore-entityframework\Kitpymes.Core.EntityFramework.Tests\bin\Release\netcoreapp3.0\Kitpymes.Core.EntityFramework.Tests.dll" adapterTypeName="executor://mstestadapter/v2" className="Kitpymes.Core.EntityFramework.Tests.EntityFrameworkRepositoryTests" name="GetPagedAsyncWhereSelect" />
    </UnitTest>
    <UnitTest name="Find" storage="d:\sferrari\01 - trabajo\repos\netcore\libs\template-netcore-entityframework\kitpymes.core.entityframework.tests\bin\release\netcoreapp3.0\kitpymes.core.entityframework.tests.dll" id="201d395d-f163-4974-d9af-e5ce77839475">
      <Execution id="a2d64c55-8679-4c01-b866-76d86c8c33c1" />
      <TestMethod codeBase="D:\SFERRARI\01 - TRABAJO\repos\netcore\libs\template-netcore-entityframework\Kitpymes.Core.EntityFramework.Tests\bin\Release\netcoreapp3.0\Kitpymes.Core.EntityFramework.Tests.dll" adapterTypeName="executor://mstestadapter/v2" className="Kitpymes.Core.EntityFramework.Tests.EntityFrameworkRepositoryTests" name="Find" />
    </UnitTest>
    <UnitTest name="Add" storage="d:\sferrari\01 - trabajo\repos\netcore\libs\template-netcore-entityframework\kitpymes.core.entityframework.tests\bin\release\netcoreapp3.0\kitpymes.core.entityframework.tests.dll" id="8e12190f-46f0-473e-48e7-dce493d198a6">
      <Execution id="e77327b6-1647-41ae-9b38-189035ff7aad" />
      <TestMethod codeBase="D:\SFERRARI\01 - TRABAJO\repos\netcore\libs\template-netcore-entityframework\Kitpymes.Core.EntityFramework.Tests\bin\Release\netcoreapp3.0\Kitpymes.Core.EntityFramework.Tests.dll" adapterTypeName="executor://mstestadapter/v2" className="Kitpymes.Core.EntityFramework.Tests.EntityFrameworkRepositoryTests" name="Add" />
    </UnitTest>
  </TestDefinitions>
  <TestEntries>
    <TestEntry testId="415af2c2-48c5-83e3-6a66-9f97dfd3ca3b" executionId="174de874-7f27-4357-aa50-05123c722e11" testListId="8c84fa94-04c1-424b-9868-57a2d4851a1d" />
    <TestEntry testId="2904dada-b209-1961-24d7-8d0a33434707" executionId="218783cc-0b28-44f3-a7bb-f35087f872b7" testListId="8c84fa94-04c1-424b-9868-57a2d4851a1d" />
    <TestEntry testId="2af74153-e33d-5a06-b5a0-4f03d73a67ed" executionId="a1dc0485-1a25-47bf-b4fc-2d34a9490b3f" testListId="8c84fa94-04c1-424b-9868-57a2d4851a1d" />
    <TestEntry testId="1d634575-eacb-5b74-f59b-3f918b61f3e1" executionId="1c27f53c-e6fc-4b03-a893-00a028f26bf3" testListId="8c84fa94-04c1-424b-9868-57a2d4851a1d" />
    <TestEntry testId="d2bcb9fa-a18a-460e-46dd-5ff81bc4280c" executionId="a084f61c-387c-4f36-9d08-bca9035611bb" testListId="8c84fa94-04c1-424b-9868-57a2d4851a1d" />
    <TestEntry testId="54adf2ba-1f81-5c34-8f16-1b1e9af7a4da" executionId="3ec8cb66-00c0-473d-87d6-0640090501a2" testListId="8c84fa94-04c1-424b-9868-57a2d4851a1d" />
    <TestEntry testId="ea63432c-e9ba-8117-eb9e-c228c8eb32e3" executionId="99e1dd3a-2658-4866-9b42-7946bb6e2cfe" testListId="8c84fa94-04c1-424b-9868-57a2d4851a1d" />
    <TestEntry testId="b1b1d371-f854-2591-5573-5df6eea9e240" executionId="a4148d4a-d468-4cd8-845d-0a7a093da501" testListId="8c84fa94-04c1-424b-9868-57a2d4851a1d" />
    <TestEntry testId="5ba747ad-1019-b721-43b2-f142ffc120a4" executionId="1b946ca5-b8b4-40ff-8a8e-9c6501a873e2" testListId="8c84fa94-04c1-424b-9868-57a2d4851a1d" />
    <TestEntry testId="6c2f2404-94f9-827b-b6a9-1809a4e2cdda" executionId="556da094-75cf-426e-9d69-060ef2cd2587" testListId="8c84fa94-04c1-424b-9868-57a2d4851a1d" />
    <TestEntry testId="422d7082-1203-53e5-1057-bff919c73d99" executionId="901fb5d2-72e0-4782-b52d-3edeff819633" testListId="8c84fa94-04c1-424b-9868-57a2d4851a1d" />
    <TestEntry testId="201d395d-f163-4974-d9af-e5ce77839475" executionId="a2d64c55-8679-4c01-b866-76d86c8c33c1" testListId="8c84fa94-04c1-424b-9868-57a2d4851a1d" />
    <TestEntry testId="80dc4908-905b-f38a-b5ec-758697553c91" executionId="5b1110a9-ff71-4b53-8405-45b847ff2ce7" testListId="8c84fa94-04c1-424b-9868-57a2d4851a1d" />
    <TestEntry testId="950b479a-3777-3956-e04c-abf562004bfb" executionId="2c81fc20-a8ec-42a7-8d97-30d10b13f6a5" testListId="8c84fa94-04c1-424b-9868-57a2d4851a1d" />
    <TestEntry testId="7f962fc1-c7df-4430-6a53-51cc5fa60478" executionId="dd0d4427-e358-495f-8291-1938b12415dd" testListId="8c84fa94-04c1-424b-9868-57a2d4851a1d" />
    <TestEntry testId="c3f07b32-627e-c6ba-6d6d-4bf8eea8cf4b" executionId="b347087e-b1d6-4cce-8727-94ffb99112dc" testListId="8c84fa94-04c1-424b-9868-57a2d4851a1d" />
    <TestEntry testId="42f1eda2-3af3-ae42-311a-2b53ffd7bce1" executionId="cc8b0aaf-f4f6-4715-befc-65607e48e010" testListId="8c84fa94-04c1-424b-9868-57a2d4851a1d" />
    <TestEntry testId="a03ae96c-6c38-25f6-9090-1aeea469d720" executionId="6611b34b-83fd-485b-a715-593d29b8edc9" testListId="8c84fa94-04c1-424b-9868-57a2d4851a1d" />
    <TestEntry testId="7c6a19db-2e0f-7e4b-e125-c757ac778264" executionId="1f4cf7ee-a64e-4e71-9829-43bc0a46c175" testListId="8c84fa94-04c1-424b-9868-57a2d4851a1d" />
    <TestEntry testId="2a859b64-8fef-e44f-496e-d0960bb4e811" executionId="f2b49f68-49bc-4698-a687-1f2a12bdbb73" testListId="8c84fa94-04c1-424b-9868-57a2d4851a1d" />
    <TestEntry testId="81baf7fe-c54e-1f13-b5bf-a984adecb526" executionId="f3d985b8-441e-4102-b683-49fc24b5cfb2" testListId="8c84fa94-04c1-424b-9868-57a2d4851a1d" />
    <TestEntry testId="ee33180c-19d8-3ead-e8a1-108c53d1cb5d" executionId="9828ecd6-b225-452b-8e72-c86432785347" testListId="8c84fa94-04c1-424b-9868-57a2d4851a1d" />
    <TestEntry testId="f103257a-f450-c0d5-64d8-7e6c84413865" executionId="6225a85a-1f5a-452d-8391-61ddf4ea14ee" testListId="8c84fa94-04c1-424b-9868-57a2d4851a1d" />
    <TestEntry testId="80cf2e6d-51fa-dc95-be21-b256f75b0e62" executionId="ec5a09b9-ec6b-4b5b-88c0-9f253647b2a4" testListId="8c84fa94-04c1-424b-9868-57a2d4851a1d" />
    <TestEntry testId="04aa4e1e-17b4-adeb-34e0-ccb0d168f316" executionId="6575cc9e-34c0-4f15-a14d-f191f75be062" testListId="8c84fa94-04c1-424b-9868-57a2d4851a1d" />
    <TestEntry testId="072ccf06-0d25-885d-29bf-a00924e8fa84" executionId="653d0c95-a5cb-4541-a2cf-960e7e55aa89" testListId="8c84fa94-04c1-424b-9868-57a2d4851a1d" />
    <TestEntry testId="6bd2f9a0-66a6-2a6f-d86d-74477d673d54" executionId="8ff12259-7e80-42b0-ace9-d33660ba8256" testListId="8c84fa94-04c1-424b-9868-57a2d4851a1d" />
    <TestEntry testId="aeb29584-5757-c8d5-ba00-a6e2def67d93" executionId="20b76278-f767-4869-90e1-0212a2bce739" testListId="8c84fa94-04c1-424b-9868-57a2d4851a1d" />
    <TestEntry testId="6da9ed80-28cc-d39a-2a5f-ae945961186e" executionId="4b5d1d7f-9fca-4cad-a70e-8d08ff954680" testListId="8c84fa94-04c1-424b-9868-57a2d4851a1d" />
    <TestEntry testId="5260acf7-43e7-d56b-bb11-234b6abb4fc9" executionId="c348df4e-69a5-4eb3-a885-9eb743807817" testListId="8c84fa94-04c1-424b-9868-57a2d4851a1d" />
    <TestEntry testId="ba758f1a-bd5d-4526-b492-51aa9cd4ef94" executionId="3b37c87c-bc12-4544-90ec-39f42f865dae" testListId="8c84fa94-04c1-424b-9868-57a2d4851a1d" />
    <TestEntry testId="67347929-ada1-2a19-d343-348502d3744d" executionId="bcb7128f-15ec-4e70-b42a-bbbc25cfdb41" testListId="8c84fa94-04c1-424b-9868-57a2d4851a1d" />
    <TestEntry testId="ec221792-3703-943d-75b0-ffc511f23ece" executionId="fe2b5691-1f8d-46b2-91ad-1acd6137aa06" testListId="8c84fa94-04c1-424b-9868-57a2d4851a1d" />
    <TestEntry testId="30bb456b-8c24-fe13-fd9f-bdcafc3b9b0c" executionId="89a2d52b-8772-4294-b915-24503088053b" testListId="8c84fa94-04c1-424b-9868-57a2d4851a1d" />
    <TestEntry testId="fe080451-4d74-df2d-1ea1-c9dc74796e3c" executionId="dfdc53d6-6dd9-4b28-8acd-6918d9f3fb18" testListId="8c84fa94-04c1-424b-9868-57a2d4851a1d" />
    <TestEntry testId="edffe8a4-7adf-0dbf-8ddc-968b66627820" executionId="1bb6df4a-1a02-440e-8300-ffbf83059dd0" testListId="8c84fa94-04c1-424b-9868-57a2d4851a1d" />
    <TestEntry testId="64dd75c6-39da-d392-b807-ecc669cb2f59" executionId="728594be-15c9-412b-9137-e68b699d371f" testListId="8c84fa94-04c1-424b-9868-57a2d4851a1d" />
    <TestEntry testId="08d796e4-3805-05c9-6b90-8e054e547aab" executionId="2e86f5d4-70dc-4129-9321-25fc2248242d" testListId="8c84fa94-04c1-424b-9868-57a2d4851a1d" />
    <TestEntry testId="ef63a22f-9706-f5ab-a12a-6b7f3e67e062" executionId="307f535c-b9ac-47d8-80f5-730d85e1e272" testListId="8c84fa94-04c1-424b-9868-57a2d4851a1d" />
    <TestEntry testId="8fc0fc53-61cd-25ef-1dff-484ebd40d1f5" executionId="263f680b-3087-4951-ad97-b04c9580041b" testListId="8c84fa94-04c1-424b-9868-57a2d4851a1d" />
    <TestEntry testId="eb1a9c41-91a8-fcc6-e850-a4d9acf34975" executionId="e8d6e2e4-540e-4d3f-bc62-fcda571c07ad" testListId="8c84fa94-04c1-424b-9868-57a2d4851a1d" />
    <TestEntry testId="efde178d-8304-a068-9dd4-333218c96a66" executionId="84043425-348e-4573-85fa-d9662713216f" testListId="8c84fa94-04c1-424b-9868-57a2d4851a1d" />
    <TestEntry testId="85e02974-23a2-ec37-3b31-58c24a4310f3" executionId="c2a4118b-a4b0-4b39-a1a3-684051c658ae" testListId="8c84fa94-04c1-424b-9868-57a2d4851a1d" />
    <TestEntry testId="a5b363eb-4063-13b0-3940-dbd797fb33e6" executionId="c165e669-6791-44f8-b6d8-e202d55d476d" testListId="8c84fa94-04c1-424b-9868-57a2d4851a1d" />
    <TestEntry testId="716b4372-94af-086a-4429-af7c705f625c" executionId="f45a34e5-182d-4510-b632-cbe771a10f1c" testListId="8c84fa94-04c1-424b-9868-57a2d4851a1d" />
    <TestEntry testId="8e12190f-46f0-473e-48e7-dce493d198a6" executionId="e77327b6-1647-41ae-9b38-189035ff7aad" testListId="8c84fa94-04c1-424b-9868-57a2d4851a1d" />
    <TestEntry testId="cc25d743-4885-4920-7249-bebbafd31696" executionId="cf4b2ac6-6556-4797-a924-92f52182d145" testListId="8c84fa94-04c1-424b-9868-57a2d4851a1d" />
    <TestEntry testId="aacbc091-cac6-472d-7a62-95f0e276eb96" executionId="a765e064-f663-44c1-be17-d5a9590e8224" testListId="8c84fa94-04c1-424b-9868-57a2d4851a1d" />
    <TestEntry testId="f1b19c33-afce-6c0a-78e7-550904287f78" executionId="7f34a7c7-0fc7-4536-b4ae-c2e18807ff8b" testListId="8c84fa94-04c1-424b-9868-57a2d4851a1d" />
    <TestEntry testId="96d7f7f9-87b7-83da-bd92-36d8216849da" executionId="b0485e82-6afa-40e3-ba4b-e25970cab98b" testListId="8c84fa94-04c1-424b-9868-57a2d4851a1d" />
    <TestEntry testId="449cdc03-81fa-03c4-0e19-c951601f590c" executionId="3b7feee8-f1b1-42ba-b1ec-b492e52ac4d3" testListId="8c84fa94-04c1-424b-9868-57a2d4851a1d" />
    <TestEntry testId="0e07d823-c921-f6f8-2317-1b63ed7638ac" executionId="bf9adc53-a2bc-44bd-b520-f176477b18fd" testListId="8c84fa94-04c1-424b-9868-57a2d4851a1d" />
    <TestEntry testId="03da262a-bfa4-5ae4-c1c4-084aedef8bcf" executionId="ef81ee3e-b6ed-4f51-991f-53b0c8675e7e" testListId="8c84fa94-04c1-424b-9868-57a2d4851a1d" />
    <TestEntry testId="0f152de7-4e3f-447b-bff4-9ddb954e4fca" executionId="d723caaa-0b39-45ee-945f-c9a175695125" testListId="8c84fa94-04c1-424b-9868-57a2d4851a1d" />
    <TestEntry testId="144b21a3-bf36-64c0-5d61-fb1f5f807601" executionId="47d0e030-e8cb-4742-a823-e9aa1b23415a" testListId="8c84fa94-04c1-424b-9868-57a2d4851a1d" />
    <TestEntry testId="430152d5-4073-d77f-e2ee-53a6c3d62288" executionId="879cae03-6929-4d57-b8ab-838122740ca6" testListId="8c84fa94-04c1-424b-9868-57a2d4851a1d" />
    <TestEntry testId="f7b3f1d7-b3a9-14e3-de6d-190a6ba30b90" executionId="91149299-a583-4f65-ad63-efda4d23f785" testListId="8c84fa94-04c1-424b-9868-57a2d4851a1d" />
    <TestEntry testId="6043b47e-9b08-206d-8d03-25bac9107c46" executionId="47a4ea87-220d-46cc-bbc9-fe21ea7660c2" testListId="8c84fa94-04c1-424b-9868-57a2d4851a1d" />
    <TestEntry testId="d73d5371-3160-f8c9-be64-a3ff374de612" executionId="7c4be1c1-e13a-40f4-8f85-dbdfca15d27f" testListId="8c84fa94-04c1-424b-9868-57a2d4851a1d" />
    <TestEntry testId="547b74f5-af3d-4901-099f-9b71e2cf95a8" executionId="4dfe95c1-246b-44d4-aa52-f5026f87efab" testListId="8c84fa94-04c1-424b-9868-57a2d4851a1d" />
    <TestEntry testId="dc2640e2-1199-2f27-9a1c-21a3988c0548" executionId="b632df69-abb7-4aba-bfe9-df88775badba" testListId="8c84fa94-04c1-424b-9868-57a2d4851a1d" />
  </TestEntries>
  <TestLists>
    <TestList name="Resultados sin formato de lista" id="8c84fa94-04c1-424b-9868-57a2d4851a1d" />
    <TestList name="Todos los resultados cargados" id="19431567-8539-422a-85d7-44ee4e166bda" />
  </TestLists>
  <ResultSummary outcome="Completed">
    <Counters total="61" executed="61" passed="61" failed="0" error="0" timeout="0" aborted="0" inconclusive="0" passedButRunAborted="0" notRunnable="0" notExecuted="0" disconnected="0" warning="0" completed="0" inProgress="0" pending="0" />
  </ResultSummary>
</TestRun>