<?xml version="1.0" encoding="utf-8"?>
<TestRun id="28e3accd-c4ef-4802-8a2f-1ebb404f6c5d" name="sferrari@PC-SFERRARI 2021-10-03 13:16:12" runUser="PC-SFERRARI\sferrari" xmlns="http://microsoft.com/schemas/VisualStudio/TeamTest/2010">
  <Times creation="2021-10-03T13:16:12.7672154+02:00" queuing="2021-10-03T13:16:12.7672170+02:00" start="2021-10-03T13:16:09.8194804+02:00" finish="2021-10-03T13:16:13.4347236+02:00" />
  <TestSettings name="default" id="256dfd6b-46f8-48b7-9491-529e8c15045d">
    <Deployment runDeploymentRoot="sferrari_PC-SFERRARI_2021-10-03_13_16_12" />
  </TestSettings>
  <Results>
    <UnitTestResult executionId="6d7ff4de-ee8c-46a7-839a-971cf5c74505" testId="ed5a3c89-0720-483e-ab94-4fc998cbc701" testName="UpdatePartial" computerName="PC-SFERRARI" duration="00:00:00.0029771" startTime="2021-10-03T13:16:13.1881777+02:00" endTime="2021-10-03T13:16:13.1912858+02:00" testType="13cdc9d9-ddb5-4fa4-a97d-d965ccfc6d4b" outcome="Passed" testListId="8c84fa94-04c1-424b-9868-57a2d4851a1d" relativeResultsDirectory="6d7ff4de-ee8c-46a7-839a-971cf5c74505" />
    <UnitTestResult executionId="5d19f603-9780-41bc-a5bf-b684301216a3" testId="343957e8-0d30-4fe7-bd14-e0bb046e6602" testName="AnyWhere" computerName="PC-SFERRARI" duration="00:00:00.0036029" startTime="2021-10-03T13:16:13.2439542+02:00" endTime="2021-10-03T13:16:13.2476696+02:00" testType="13cdc9d9-ddb5-4fa4-a97d-d965ccfc6d4b" outcome="Passed" testListId="8c84fa94-04c1-424b-9868-57a2d4851a1d" relativeResultsDirectory="5d19f603-9780-41bc-a5bf-b684301216a3" />
    <UnitTestResult executionId="2256c477-7fde-4e80-a97e-201343f1fa95" testId="505fa974-0f74-4736-a1eb-0462f8117f50" testName="GetPagedAsyncWhereIncludes" computerName="PC-SFERRARI" duration="00:00:00.0016176" startTime="2021-10-03T13:16:13.0440707+02:00" endTime="2021-10-03T13:16:13.0457883+02:00" testType="13cdc9d9-ddb5-4fa4-a97d-d965ccfc6d4b" outcome="Passed" testListId="8c84fa94-04c1-424b-9868-57a2d4851a1d" relativeResultsDirectory="2256c477-7fde-4e80-a97e-201343f1fa95" />
    <UnitTestResult executionId="f9c2406c-7820-486c-bef3-9afe57e91425" testId="ab0a997d-9ccf-4d39-b549-960b8341e4af" testName="GetAllWhereSelect" computerName="PC-SFERRARI" duration="00:00:00.0016067" startTime="2021-10-03T13:16:12.9818530+02:00" endTime="2021-10-03T13:16:12.9835671+02:00" testType="13cdc9d9-ddb5-4fa4-a97d-d965ccfc6d4b" outcome="Passed" testListId="8c84fa94-04c1-424b-9868-57a2d4851a1d" relativeResultsDirectory="f9c2406c-7820-486c-bef3-9afe57e91425" />
    <UnitTestResult executionId="9b3852a5-455c-43db-94a4-18b12f53b912" testId="ff1fa09a-7077-4728-9f64-e959ef6f2879" testName="StatusInactiveConvert" computerName="PC-SFERRARI" duration="00:00:00.0011582" startTime="2021-10-03T13:16:11.5792155+02:00" endTime="2021-10-03T13:16:11.5805668+02:00" testType="13cdc9d9-ddb5-4fa4-a97d-d965ccfc6d4b" outcome="Passed" testListId="8c84fa94-04c1-424b-9868-57a2d4851a1d" relativeResultsDirectory="9b3852a5-455c-43db-94a4-18b12f53b912" />
    <UnitTestResult executionId="48b853b5-fcdf-4814-8319-d1fb5a03fa53" testId="e9214a29-9cb7-4433-98fb-e76efaae2607" testName="UpdateSelect" computerName="PC-SFERRARI" duration="00:00:00.0027622" startTime="2021-10-03T13:16:13.1827274+02:00" endTime="2021-10-03T13:16:13.1856223+02:00" testType="13cdc9d9-ddb5-4fa4-a97d-d965ccfc6d4b" outcome="Passed" testListId="8c84fa94-04c1-424b-9868-57a2d4851a1d" relativeResultsDirectory="48b853b5-fcdf-4814-8319-d1fb5a03fa53" />
    <UnitTestResult executionId="12f7def2-56f9-4eb2-b7c6-905ad61c25fa" testId="cf03abcd-57ee-49bf-bd40-f70b04c579fc" testName="GetPagedWhereIncludesSelect" computerName="PC-SFERRARI" duration="00:00:00.0036970" startTime="2021-10-03T13:16:13.0553897+02:00" endTime="2021-10-03T13:16:13.0591779+02:00" testType="13cdc9d9-ddb5-4fa4-a97d-d965ccfc6d4b" outcome="Passed" testListId="8c84fa94-04c1-424b-9868-57a2d4851a1d" relativeResultsDirectory="12f7def2-56f9-4eb2-b7c6-905ad61c25fa" />
    <UnitTestResult executionId="bd068cf0-665b-416e-aedc-a66cdcec84fa" testId="b32a298f-1d6c-415c-ab84-56e327fe5d2b" testName="UpdateAsynchronous" computerName="PC-SFERRARI" duration="00:00:00.0022598" startTime="2021-10-03T13:16:13.1857095+02:00" endTime="2021-10-03T13:16:13.1880917+02:00" testType="13cdc9d9-ddb5-4fa4-a97d-d965ccfc6d4b" outcome="Passed" testListId="8c84fa94-04c1-424b-9868-57a2d4851a1d" relativeResultsDirectory="bd068cf0-665b-416e-aedc-a66cdcec84fa" />
    <UnitTestResult executionId="7e8a09f1-a7d4-4fd7-af6f-42da67eeae02" testId="8765359d-5b4c-41cd-8db0-72b52d60ca4c" testName="Delete" computerName="PC-SFERRARI" duration="00:00:00.0075901" startTime="2021-10-03T13:16:13.1942373+02:00" endTime="2021-10-03T13:16:13.2019679+02:00" testType="13cdc9d9-ddb5-4fa4-a97d-d965ccfc6d4b" outcome="Passed" testListId="8c84fa94-04c1-424b-9868-57a2d4851a1d" relativeResultsDirectory="7e8a09f1-a7d4-4fd7-af6f-42da67eeae02" />
    <UnitTestResult executionId="70c280ba-2db5-4cab-8264-a78d53ef0e0d" testId="6abc05b6-4598-40df-9f3f-45f451d6cd78" testName="EmailConvert" computerName="PC-SFERRARI" duration="00:00:00.0186564" startTime="2021-10-03T13:16:11.5806303+02:00" endTime="2021-10-03T13:16:11.5994244+02:00" testType="13cdc9d9-ddb5-4fa4-a97d-d965ccfc6d4b" outcome="Passed" testListId="8c84fa94-04c1-424b-9868-57a2d4851a1d" relativeResultsDirectory="70c280ba-2db5-4cab-8264-a78d53ef0e0d" />
    <UnitTestResult executionId="edea2826-9deb-40a8-b258-079acb4eeae1" testId="e6a5445a-04f7-4ba5-98b0-55ee6d4fb0fe" testName="DeleteAsynchronous" computerName="PC-SFERRARI" duration="00:00:00.0019473" startTime="2021-10-03T13:16:13.2020379+02:00" endTime="2021-10-03T13:16:13.2040729+02:00" testType="13cdc9d9-ddb5-4fa4-a97d-d965ccfc6d4b" outcome="Passed" testListId="8c84fa94-04c1-424b-9868-57a2d4851a1d" relativeResultsDirectory="edea2826-9deb-40a8-b258-079acb4eeae1" />
    <UnitTestResult executionId="25794b8d-d709-4eca-938e-52c3969f13d2" testId="4637012b-9ca5-491f-b170-1e517975f420" testName="NameConvert" computerName="PC-SFERRARI" duration="00:00:00.0043489" startTime="2021-10-03T13:16:11.5995049+02:00" endTime="2021-10-03T13:16:11.6039778+02:00" testType="13cdc9d9-ddb5-4fa4-a97d-d965ccfc6d4b" outcome="Passed" testListId="8c84fa94-04c1-424b-9868-57a2d4851a1d" relativeResultsDirectory="25794b8d-d709-4eca-938e-52c3969f13d2" />
    <UnitTestResult executionId="82001afa-972e-4667-8d49-f043e7b44dcd" testId="eca81d07-ddc0-429e-8e49-7b1fc225401e" testName="GetOnetWhereSelect" computerName="PC-SFERRARI" duration="00:00:00.0121490" startTime="2021-10-03T13:16:12.8725329+02:00" endTime="2021-10-03T13:16:12.8847912+02:00" testType="13cdc9d9-ddb5-4fa4-a97d-d965ccfc6d4b" outcome="Passed" testListId="8c84fa94-04c1-424b-9868-57a2d4851a1d" relativeResultsDirectory="82001afa-972e-4667-8d49-f043e7b44dcd" />
    <UnitTestResult executionId="f2507737-6eb9-4f76-9674-717cb81d2f40" testId="f9735730-0097-4fe0-8c6f-fd30047f64c7" testName="DeleteWhereAsynchronous" computerName="PC-SFERRARI" duration="00:00:00.0153514" startTime="2021-10-03T13:16:13.2194329+02:00" endTime="2021-10-03T13:16:13.2348894+02:00" testType="13cdc9d9-ddb5-4fa4-a97d-d965ccfc6d4b" outcome="Passed" testListId="8c84fa94-04c1-424b-9868-57a2d4851a1d" relativeResultsDirectory="f2507737-6eb9-4f76-9674-717cb81d2f40" />
    <UnitTestResult executionId="72ca855c-1e01-4c8a-8153-67de710d718b" testId="284de65a-5120-48fe-98a8-4ac691274d01" testName="AddRangeAsync" computerName="PC-SFERRARI" duration="00:00:00.0040676" startTime="2021-10-03T13:16:13.1388176+02:00" endTime="2021-10-03T13:16:13.1429919+02:00" testType="13cdc9d9-ddb5-4fa4-a97d-d965ccfc6d4b" outcome="Passed" testListId="8c84fa94-04c1-424b-9868-57a2d4851a1d" relativeResultsDirectory="72ca855c-1e01-4c8a-8153-67de710d718b" />
    <UnitTestResult executionId="d1445f13-eb42-4035-92d1-79e17ae215f9" testId="c8335a4e-3925-49ed-b1fe-aed8c7d7cb07" testName="CountWhere" computerName="PC-SFERRARI" duration="00:00:00.0036650" startTime="2021-10-03T13:16:13.2591759+02:00" endTime="2021-10-03T13:16:13.2629489+02:00" testType="13cdc9d9-ddb5-4fa4-a97d-d965ccfc6d4b" outcome="Passed" testListId="8c84fa94-04c1-424b-9868-57a2d4851a1d" relativeResultsDirectory="d1445f13-eb42-4035-92d1-79e17ae215f9" />
    <UnitTestResult executionId="ef2cb89e-7161-43b7-9e28-7e6360b5d5a3" testId="3d558b22-614f-4c4a-a3d8-f7aa8f7bc4b4" testName="EnumConvertName" computerName="PC-SFERRARI" duration="00:00:00.0816368" startTime="2021-10-03T13:16:11.4282698+02:00" endTime="2021-10-03T13:16:11.5395869+02:00" testType="13cdc9d9-ddb5-4fa4-a97d-d965ccfc6d4b" outcome="Passed" testListId="8c84fa94-04c1-424b-9868-57a2d4851a1d" relativeResultsDirectory="ef2cb89e-7161-43b7-9e28-7e6360b5d5a3" />
    <UnitTestResult executionId="befad597-1d02-49d0-bcc4-eeb540a27e01" testId="6e3edf24-0bc4-4894-8eed-53268600d696" testName="GetAllAsyncWhereSelect" computerName="PC-SFERRARI" duration="00:00:00.0138228" startTime="2021-10-03T13:16:12.9836336+02:00" endTime="2021-10-03T13:16:12.9975591+02:00" testType="13cdc9d9-ddb5-4fa4-a97d-d965ccfc6d4b" outcome="Passed" testListId="8c84fa94-04c1-424b-9868-57a2d4851a1d" relativeResultsDirectory="befad597-1d02-49d0-bcc4-eeb540a27e01" />
    <UnitTestResult executionId="fb934459-851f-4fba-ba13-1ae2c00e5c63" testId="737bd124-c8f3-472e-b3b0-1673c8114ab4" testName="GetPagedWhereSelect" computerName="PC-SFERRARI" duration="00:00:00.0046069" startTime="2021-10-03T13:16:13.0458736+02:00" endTime="2021-10-03T13:16:13.0505866+02:00" testType="13cdc9d9-ddb5-4fa4-a97d-d965ccfc6d4b" outcome="Passed" testListId="8c84fa94-04c1-424b-9868-57a2d4851a1d" relativeResultsDirectory="fb934459-851f-4fba-ba13-1ae2c00e5c63" />
    <UnitTestResult executionId="b85b0601-666b-4594-812b-6364247f93a9" testId="4d84ebb2-7b81-4397-bf8a-33cbc8bfdbf2" testName="GetPagedWhere" computerName="PC-SFERRARI" duration="00:00:00.0034709" startTime="2021-10-03T13:16:13.0180615+02:00" endTime="2021-10-03T13:16:13.0216402+02:00" testType="13cdc9d9-ddb5-4fa4-a97d-d965ccfc6d4b" outcome="Passed" testListId="8c84fa94-04c1-424b-9868-57a2d4851a1d" relativeResultsDirectory="b85b0601-666b-4594-812b-6364247f93a9" />
    <UnitTestResult executionId="252ee8ef-b975-4733-a047-6c06ee25aa88" testId="de6a6c47-9f98-4094-975d-962c9c5cf879" testName="GetAllAsyncWhereIncludesSelect" computerName="PC-SFERRARI" duration="00:00:00.0047619" startTime="2021-10-03T13:16:12.9992346+02:00" endTime="2021-10-03T13:16:13.0041077+02:00" testType="13cdc9d9-ddb5-4fa4-a97d-d965ccfc6d4b" outcome="Passed" testListId="8c84fa94-04c1-424b-9868-57a2d4851a1d" relativeResultsDirectory="252ee8ef-b975-4733-a047-6c06ee25aa88" />
    <UnitTestResult executionId="91e18964-22b1-45df-9e9a-04f6f738dd23" testId="9dad6d88-4c83-4145-9fcd-035207b3c84f" testName="DeleteWhere" computerName="PC-SFERRARI" duration="00:00:00.0138114" startTime="2021-10-03T13:16:13.2041266+02:00" endTime="2021-10-03T13:16:13.2180236+02:00" testType="13cdc9d9-ddb5-4fa4-a97d-d965ccfc6d4b" outcome="Passed" testListId="8c84fa94-04c1-424b-9868-57a2d4851a1d" relativeResultsDirectory="91e18964-22b1-45df-9e9a-04f6f738dd23" />
    <UnitTestResult executionId="54f5a2e1-dd18-4911-b81e-9ed72534dcb0" testId="e1014bd4-a243-47d7-99bd-687bb33b50d2" testName="GetOneAsyncWhere" computerName="PC-SFERRARI" duration="00:00:00.0482000" startTime="2021-10-03T13:16:12.7678230+02:00" endTime="2021-10-03T13:16:12.8161543+02:00" testType="13cdc9d9-ddb5-4fa4-a97d-d965ccfc6d4b" outcome="Passed" testListId="8c84fa94-04c1-424b-9868-57a2d4851a1d" relativeResultsDirectory="54f5a2e1-dd18-4911-b81e-9ed72534dcb0" />
    <UnitTestResult executionId="90cc8a6a-218d-4e9d-af89-3c616fcf6b90" testId="d5e914ff-c183-4489-a34e-a15c0a5cb8e6" testName="UpdateValueObject" computerName="PC-SFERRARI" duration="00:00:00.0026787" startTime="2021-10-03T13:16:13.1913580+02:00" endTime="2021-10-03T13:16:13.1941654+02:00" testType="13cdc9d9-ddb5-4fa4-a97d-d965ccfc6d4b" outcome="Passed" testListId="8c84fa94-04c1-424b-9868-57a2d4851a1d" relativeResultsDirectory="90cc8a6a-218d-4e9d-af89-3c616fcf6b90" />
    <UnitTestResult executionId="8f53a63e-9e9d-4a56-9695-b90e0e92e766" testId="aeccf958-9fd2-49bf-93b8-bddcc8aff5c3" testName="EnumConvertValue" computerName="PC-SFERRARI" duration="00:00:00.0084746" startTime="2021-10-03T13:16:11.5651220+02:00" endTime="2021-10-03T13:16:11.5738698+02:00" testType="13cdc9d9-ddb5-4fa4-a97d-d965ccfc6d4b" outcome="Passed" testListId="8c84fa94-04c1-424b-9868-57a2d4851a1d" relativeResultsDirectory="8f53a63e-9e9d-4a56-9695-b90e0e92e766" />
    <UnitTestResult executionId="83238888-ce55-4463-8be3-d8cbdfda3d6a" testId="d124ada9-49fe-4d1b-8b38-a16676fc4d01" testName="Find" computerName="PC-SFERRARI" duration="00:00:00.0152386" startTime="2021-10-03T13:16:13.0847561+02:00" endTime="2021-10-03T13:16:13.1001604+02:00" testType="13cdc9d9-ddb5-4fa4-a97d-d965ccfc6d4b" outcome="Passed" testListId="8c84fa94-04c1-424b-9868-57a2d4851a1d" relativeResultsDirectory="83238888-ce55-4463-8be3-d8cbdfda3d6a" />
    <UnitTestResult executionId="e9f1dee4-05ae-44cd-8ce9-71d89b73376f" testId="830764bb-3a28-4ffa-a3fc-130360853d69" testName="GetAllWhere" computerName="PC-SFERRARI" duration="00:00:00.0102207" startTime="2021-10-03T13:16:12.9426625+02:00" endTime="2021-10-03T13:16:12.9530612+02:00" testType="13cdc9d9-ddb5-4fa4-a97d-d965ccfc6d4b" outcome="Passed" testListId="8c84fa94-04c1-424b-9868-57a2d4851a1d" relativeResultsDirectory="e9f1dee4-05ae-44cd-8ce9-71d89b73376f" />
    <UnitTestResult executionId="b1cc1181-3622-42b0-b5d8-e4c65ef47d38" testId="b3f51e42-2ff8-4c81-815b-014c602aabba" testName="StatusActiveConvert" computerName="PC-SFERRARI" duration="00:00:00.0048097" startTime="2021-10-03T13:16:11.5740506+02:00" endTime="2021-10-03T13:16:11.5790705+02:00" testType="13cdc9d9-ddb5-4fa4-a97d-d965ccfc6d4b" outcome="Passed" testListId="8c84fa94-04c1-424b-9868-57a2d4851a1d" relativeResultsDirectory="b1cc1181-3622-42b0-b5d8-e4c65ef47d38" />
    <UnitTestResult executionId="66fb153b-a5e0-4bb7-b425-5909ab94e823" testId="faa2fa97-3d56-45f3-a0c8-74ee9f86e073" testName="GetPagedAsyncWhereSelect" computerName="PC-SFERRARI" duration="00:00:00.0045814" startTime="2021-10-03T13:16:13.0506487+02:00" endTime="2021-10-03T13:16:13.0553364+02:00" testType="13cdc9d9-ddb5-4fa4-a97d-d965ccfc6d4b" outcome="Passed" testListId="8c84fa94-04c1-424b-9868-57a2d4851a1d" relativeResultsDirectory="66fb153b-a5e0-4bb7-b425-5909ab94e823" />
    <UnitTestResult executionId="c1787613-ea40-4a52-acc0-747f56605c42" testId="8235966f-0c83-47c4-b551-6acbf0de6ac2" testName="GetAll" computerName="PC-SFERRARI" duration="00:00:00.0083409" startTime="2021-10-03T13:16:12.9102907+02:00" endTime="2021-10-03T13:16:12.9187359+02:00" testType="13cdc9d9-ddb5-4fa4-a97d-d965ccfc6d4b" outcome="Passed" testListId="8c84fa94-04c1-424b-9868-57a2d4851a1d" relativeResultsDirectory="c1787613-ea40-4a52-acc0-747f56605c42" />
    <UnitTestResult executionId="8d0ca091-f076-4588-9b00-872bf2acf0e1" testId="b2a87281-6a4b-4ab8-98d5-4ff719db5ec4" testName="GetOneAsyncWhereInclude" computerName="PC-SFERRARI" duration="00:00:00.0123745" startTime="2021-10-03T13:16:12.8597745+02:00" endTime="2021-10-03T13:16:12.8724586+02:00" testType="13cdc9d9-ddb5-4fa4-a97d-d965ccfc6d4b" outcome="Passed" testListId="8c84fa94-04c1-424b-9868-57a2d4851a1d" relativeResultsDirectory="8d0ca091-f076-4588-9b00-872bf2acf0e1" />
    <UnitTestResult executionId="ad2e8a67-91d9-4cec-a583-3acf998b7403" testId="65257207-a000-48e5-9548-3db439a8cc42" testName="CountWhereAsync" computerName="PC-SFERRARI" duration="00:00:00.0039046" startTime="2021-10-03T13:16:13.2630052+02:00" endTime="2021-10-03T13:16:13.2670124+02:00" testType="13cdc9d9-ddb5-4fa4-a97d-d965ccfc6d4b" outcome="Passed" testListId="8c84fa94-04c1-424b-9868-57a2d4851a1d" relativeResultsDirectory="ad2e8a67-91d9-4cec-a583-3acf998b7403" />
    <UnitTestResult executionId="972c3567-01e5-416e-91db-c5272b3740b9" testId="e961e309-76b9-4318-bf1c-bd6f20507b47" testName="GetAllAsyncWhere" computerName="PC-SFERRARI" duration="00:00:00.0111893" startTime="2021-10-03T13:16:12.9531253+02:00" endTime="2021-10-03T13:16:12.9644454+02:00" testType="13cdc9d9-ddb5-4fa4-a97d-d965ccfc6d4b" outcome="Passed" testListId="8c84fa94-04c1-424b-9868-57a2d4851a1d" relativeResultsDirectory="972c3567-01e5-416e-91db-c5272b3740b9" />
    <UnitTestResult executionId="fc43c3ac-2698-4d4b-9fa1-12bc0a11c94f" testId="fc552b72-4b16-4663-b9cf-0778f34cfa88" testName="GetPagedAsyncWhereIncludesSelect" computerName="PC-SFERRARI" duration="00:00:00.0018495" startTime="2021-10-03T13:16:13.0606289+02:00" endTime="2021-10-03T13:16:13.0625957+02:00" testType="13cdc9d9-ddb5-4fa4-a97d-d965ccfc6d4b" outcome="Passed" testListId="8c84fa94-04c1-424b-9868-57a2d4851a1d" relativeResultsDirectory="fc43c3ac-2698-4d4b-9fa1-12bc0a11c94f" />
    <UnitTestResult executionId="210bf77c-2f59-4829-9437-fd21281a0e86" testId="7df234f1-6e78-4c33-b0cd-f87e56148e38" testName="Any" computerName="PC-SFERRARI" duration="00:00:00.0028690" startTime="2021-10-03T13:16:13.2349552+02:00" endTime="2021-10-03T13:16:13.2379237+02:00" testType="13cdc9d9-ddb5-4fa4-a97d-d965ccfc6d4b" outcome="Passed" testListId="8c84fa94-04c1-424b-9868-57a2d4851a1d" relativeResultsDirectory="210bf77c-2f59-4829-9437-fd21281a0e86" />
    <UnitTestResult executionId="b3074fbf-4e5e-4772-8be8-7375ad72575b" testId="7147c585-567e-4ce0-b41e-1ab7c7f05a72" testName="GetAllAsync" computerName="PC-SFERRARI" duration="00:00:00.0215663" startTime="2021-10-03T13:16:12.9208811+02:00" endTime="2021-10-03T13:16:12.9425781+02:00" testType="13cdc9d9-ddb5-4fa4-a97d-d965ccfc6d4b" outcome="Passed" testListId="8c84fa94-04c1-424b-9868-57a2d4851a1d" relativeResultsDirectory="b3074fbf-4e5e-4772-8be8-7375ad72575b" />
    <UnitTestResult executionId="005139ee-5126-4043-8f08-b6a3028faacd" testId="a0925fd3-d522-4c52-9ea6-c569f6cb76ae" testName="GetOnetWhereIncludesSelect" computerName="PC-SFERRARI" duration="00:00:00.0067367" startTime="2021-10-03T13:16:12.8959959+02:00" endTime="2021-10-03T13:16:12.9028528+02:00" testType="13cdc9d9-ddb5-4fa4-a97d-d965ccfc6d4b" outcome="Passed" testListId="8c84fa94-04c1-424b-9868-57a2d4851a1d" relativeResultsDirectory="005139ee-5126-4043-8f08-b6a3028faacd" />
    <UnitTestResult executionId="0d52ad77-3fc2-4a8f-a668-fd59d0832a2b" testId="d2602981-4984-445f-ae13-7d7f93cd1d03" testName="AddAsync" computerName="PC-SFERRARI" duration="00:00:00.0141599" startTime="2021-10-03T13:16:13.1134693+02:00" endTime="2021-10-03T13:16:13.1277241+02:00" testType="13cdc9d9-ddb5-4fa4-a97d-d965ccfc6d4b" outcome="Passed" testListId="8c84fa94-04c1-424b-9868-57a2d4851a1d" relativeResultsDirectory="0d52ad77-3fc2-4a8f-a668-fd59d0832a2b" />
    <UnitTestResult executionId="7eb6a7ce-3fe9-4085-920b-ba8229d673c6" testId="82cdc41b-38b4-40b9-924c-cf0f4a23a070" testName="Add" computerName="PC-SFERRARI" duration="00:00:00.0017426" startTime="2021-10-03T13:16:13.1115706+02:00" endTime="2021-10-03T13:16:13.1134136+02:00" testType="13cdc9d9-ddb5-4fa4-a97d-d965ccfc6d4b" outcome="Passed" testListId="8c84fa94-04c1-424b-9868-57a2d4851a1d" relativeResultsDirectory="7eb6a7ce-3fe9-4085-920b-ba8229d673c6" />
    <UnitTestResult executionId="3bd5972a-e5f4-4b65-8b0c-fdfb58d782d6" testId="c0da1f88-99d4-42ae-ba3f-1ba78ee90213" testName="CountAsync" computerName="PC-SFERRARI" duration="00:00:00.0062737" startTime="2021-10-03T13:16:13.2527337+02:00" endTime="2021-10-03T13:16:13.2591113+02:00" testType="13cdc9d9-ddb5-4fa4-a97d-d965ccfc6d4b" outcome="Passed" testListId="8c84fa94-04c1-424b-9868-57a2d4851a1d" relativeResultsDirectory="3bd5972a-e5f4-4b65-8b0c-fdfb58d782d6" />
    <UnitTestResult executionId="9c70ad12-7921-4f0d-868c-16969535e145" testId="ca4496bf-7777-44d3-b750-346aae8e15f2" testName="AddRange" computerName="PC-SFERRARI" duration="00:00:00.0094109" startTime="2021-10-03T13:16:13.1277778+02:00" endTime="2021-10-03T13:16:13.1374001+02:00" testType="13cdc9d9-ddb5-4fa4-a97d-d965ccfc6d4b" outcome="Passed" testListId="8c84fa94-04c1-424b-9868-57a2d4851a1d" relativeResultsDirectory="9c70ad12-7921-4f0d-868c-16969535e145" />
    <UnitTestResult executionId="58da2344-d153-4509-b6fe-279653512bd6" testId="4115b415-c0cf-4633-8cd6-c433920222dc" testName="GetPagedSelectOrderByNavigationProperty" computerName="PC-SFERRARI" duration="00:00:00.0041393" startTime="2021-10-03T13:16:13.0626642+02:00" endTime="2021-10-03T13:16:13.0669036+02:00" testType="13cdc9d9-ddb5-4fa4-a97d-d965ccfc6d4b" outcome="Passed" testListId="8c84fa94-04c1-424b-9868-57a2d4851a1d" relativeResultsDirectory="58da2344-d153-4509-b6fe-279653512bd6" />
    <UnitTestResult executionId="4636fe93-0bfb-4933-b366-6fea904d420d" testId="85472c93-3669-4825-9835-48e48af663dc" testName="GetPaged" computerName="PC-SFERRARI" duration="00:00:00.0063149" startTime="2021-10-03T13:16:13.0064730+02:00" endTime="2021-10-03T13:16:13.0129554+02:00" testType="13cdc9d9-ddb5-4fa4-a97d-d965ccfc6d4b" outcome="Passed" testListId="8c84fa94-04c1-424b-9868-57a2d4851a1d" relativeResultsDirectory="4636fe93-0bfb-4933-b366-6fea904d420d" />
    <UnitTestResult executionId="309cc2d5-88b2-400d-8473-b177697e2836" testId="8070548c-f655-4d71-9499-4a3a6384eba6" testName="GetOneWhere" computerName="PC-SFERRARI" duration="00:00:01.1581190" startTime="2021-10-03T13:16:11.6073547+02:00" endTime="2021-10-03T13:16:12.7677480+02:00" testType="13cdc9d9-ddb5-4fa4-a97d-d965ccfc6d4b" outcome="Passed" testListId="8c84fa94-04c1-424b-9868-57a2d4851a1d" relativeResultsDirectory="309cc2d5-88b2-400d-8473-b177697e2836" />
    <UnitTestResult executionId="14e3aaf5-9d86-4bea-931d-d868c017fd3e" testId="cd128033-1ca5-4df1-91cb-cff0e0ebca8f" testName="GetOneAsyncWhereIncludesSelect" computerName="PC-SFERRARI" duration="00:00:00.0072061" startTime="2021-10-03T13:16:12.9029071+02:00" endTime="2021-10-03T13:16:12.9102121+02:00" testType="13cdc9d9-ddb5-4fa4-a97d-d965ccfc6d4b" outcome="Passed" testListId="8c84fa94-04c1-424b-9868-57a2d4851a1d" relativeResultsDirectory="14e3aaf5-9d86-4bea-931d-d868c017fd3e" />
    <UnitTestResult executionId="c575f062-d6fd-4977-981f-76869c06870a" testId="22647b87-36b1-46a1-9f41-32c855a9f51c" testName="Update" computerName="PC-SFERRARI" duration="00:00:00.0394842" startTime="2021-10-03T13:16:13.1430460+02:00" endTime="2021-10-03T13:16:13.1826524+02:00" testType="13cdc9d9-ddb5-4fa4-a97d-d965ccfc6d4b" outcome="Passed" testListId="8c84fa94-04c1-424b-9868-57a2d4851a1d" relativeResultsDirectory="c575f062-d6fd-4977-981f-76869c06870a" />
    <UnitTestResult executionId="a9d688d4-38ab-40dc-8381-7ba2f0d6afb1" testId="0340bc66-9206-4b9f-9fa8-62586442f9b5" testName="GetPagedAsyncWhere" computerName="PC-SFERRARI" duration="00:00:00.0018249" startTime="2021-10-03T13:16:13.0216935+02:00" endTime="2021-10-03T13:16:13.0236123+02:00" testType="13cdc9d9-ddb5-4fa4-a97d-d965ccfc6d4b" outcome="Passed" testListId="8c84fa94-04c1-424b-9868-57a2d4851a1d" relativeResultsDirectory="a9d688d4-38ab-40dc-8381-7ba2f0d6afb1" />
    <UnitTestResult executionId="77e7406c-11b3-452f-a23d-527381afe8a8" testId="3b92096b-0958-4d90-9c1c-9db223b1b6c4" testName="GetAllAsyncWhereIncludes" computerName="PC-SFERRARI" duration="00:00:00.0081368" startTime="2021-10-03T13:16:12.9735358+02:00" endTime="2021-10-03T13:16:12.9817840+02:00" testType="13cdc9d9-ddb5-4fa4-a97d-d965ccfc6d4b" outcome="Passed" testListId="8c84fa94-04c1-424b-9868-57a2d4851a1d" relativeResultsDirectory="77e7406c-11b3-452f-a23d-527381afe8a8" />
    <UnitTestResult executionId="5d8af7ff-2637-4e7b-adda-127c54455aa6" testId="d1cd8ce6-40ca-4d1b-aa55-62a141512caf" testName="SubdomainConvert" computerName="PC-SFERRARI" duration="00:00:00.0030598" startTime="2021-10-03T13:16:11.6040442+02:00" endTime="2021-10-03T13:16:11.6072167+02:00" testType="13cdc9d9-ddb5-4fa4-a97d-d965ccfc6d4b" outcome="Passed" testListId="8c84fa94-04c1-424b-9868-57a2d4851a1d" relativeResultsDirectory="5d8af7ff-2637-4e7b-adda-127c54455aa6" />
    <UnitTestResult executionId="857f48f8-f060-4479-bf6b-2cca288519fc" testId="811e9cf1-16b9-46e5-8dcc-fff4dc2baab0" testName="Count" computerName="PC-SFERRARI" duration="00:00:00.0007640" startTime="2021-10-03T13:16:13.2518251+02:00" endTime="2021-10-03T13:16:13.2526864+02:00" testType="13cdc9d9-ddb5-4fa4-a97d-d965ccfc6d4b" outcome="Passed" testListId="8c84fa94-04c1-424b-9868-57a2d4851a1d" relativeResultsDirectory="857f48f8-f060-4479-bf6b-2cca288519fc" />
    <UnitTestResult executionId="2dab8a62-f9ab-4f78-b6c1-3c2e4986be8f" testId="ac4b25c9-de65-452b-91a8-5447ac91ce1e" testName="GetPagedWhereIncludes" computerName="PC-SFERRARI" duration="00:00:00.0202545" startTime="2021-10-03T13:16:13.0236659+02:00" endTime="2021-10-03T13:16:13.0440136+02:00" testType="13cdc9d9-ddb5-4fa4-a97d-d965ccfc6d4b" outcome="Passed" testListId="8c84fa94-04c1-424b-9868-57a2d4851a1d" relativeResultsDirectory="2dab8a62-f9ab-4f78-b6c1-3c2e4986be8f" />
    <UnitTestResult executionId="69cf9846-c166-4071-828e-7c1219e45c1f" testId="8dd9caea-26ca-4413-92a4-cdee554e0772" testName="FindAsync" computerName="PC-SFERRARI" duration="00:00:00.0111681" startTime="2021-10-03T13:16:13.1002193+02:00" endTime="2021-10-03T13:16:13.1114898+02:00" testType="13cdc9d9-ddb5-4fa4-a97d-d965ccfc6d4b" outcome="Passed" testListId="8c84fa94-04c1-424b-9868-57a2d4851a1d" relativeResultsDirectory="69cf9846-c166-4071-828e-7c1219e45c1f" />
    <UnitTestResult executionId="bdf0d948-40b0-4dbf-b45e-bd129504cacd" testId="1c8b78ac-a7b9-4aac-9373-1c767b037dad" testName="AnyAsync" computerName="PC-SFERRARI" duration="00:00:00.0058032" startTime="2021-10-03T13:16:13.2379755+02:00" endTime="2021-10-03T13:16:13.2438893+02:00" testType="13cdc9d9-ddb5-4fa4-a97d-d965ccfc6d4b" outcome="Passed" testListId="8c84fa94-04c1-424b-9868-57a2d4851a1d" relativeResultsDirectory="bdf0d948-40b0-4dbf-b45e-bd129504cacd" />
    <UnitTestResult executionId="c8129813-7aa7-4835-8f56-1b722f1aa112" testId="38876eca-4828-4968-97d4-d8b7b367b903" testName="GetOneAsyncWhereSelect" computerName="PC-SFERRARI" duration="00:00:00.0109636" startTime="2021-10-03T13:16:12.8848651+02:00" endTime="2021-10-03T13:16:12.8959388+02:00" testType="13cdc9d9-ddb5-4fa4-a97d-d965ccfc6d4b" outcome="Passed" testListId="8c84fa94-04c1-424b-9868-57a2d4851a1d" relativeResultsDirectory="c8129813-7aa7-4835-8f56-1b722f1aa112" />
    <UnitTestResult executionId="a9cfc79c-fcc1-46a1-bb6b-45b12cb10a54" testId="6de953c7-929e-4e60-824b-82ddffdffb7d" testName="GetPagedAsync" computerName="PC-SFERRARI" duration="00:00:00.0048540" startTime="2021-10-03T13:16:13.0130103+02:00" endTime="2021-10-03T13:16:13.0179834+02:00" testType="13cdc9d9-ddb5-4fa4-a97d-d965ccfc6d4b" outcome="Passed" testListId="8c84fa94-04c1-424b-9868-57a2d4851a1d" relativeResultsDirectory="a9cfc79c-fcc1-46a1-bb6b-45b12cb10a54" />
    <UnitTestResult executionId="c9ebade2-2633-47a8-abe1-8185a49640ef" testId="98d4e43a-2b48-4f59-8ecd-3b31397aa751" testName="GetAllWhereIncludes" computerName="PC-SFERRARI" duration="00:00:00.0088462" startTime="2021-10-03T13:16:12.9645073+02:00" endTime="2021-10-03T13:16:12.9734739+02:00" testType="13cdc9d9-ddb5-4fa4-a97d-d965ccfc6d4b" outcome="Passed" testListId="8c84fa94-04c1-424b-9868-57a2d4851a1d" relativeResultsDirectory="c9ebade2-2633-47a8-abe1-8185a49640ef" />
    <UnitTestResult executionId="d02d09a8-7a73-4c2e-a091-e0e2e192f554" testId="b8b226d1-d39a-42ea-8d10-2ffa65012d6e" testName="GetOneWhereInclude" computerName="PC-SFERRARI" duration="00:00:00.0433792" startTime="2021-10-03T13:16:12.8162208+02:00" endTime="2021-10-03T13:16:12.8597133+02:00" testType="13cdc9d9-ddb5-4fa4-a97d-d965ccfc6d4b" outcome="Passed" testListId="8c84fa94-04c1-424b-9868-57a2d4851a1d" relativeResultsDirectory="d02d09a8-7a73-4c2e-a091-e0e2e192f554" />
    <UnitTestResult executionId="2caec6fd-ce8b-4950-bf49-3558f8014554" testId="4f1786f6-032b-4247-83ff-1eec1fdc9740" testName="AnyWhereAsync" computerName="PC-SFERRARI" duration="00:00:00.0039022" startTime="2021-10-03T13:16:13.2477286+02:00" endTime="2021-10-03T13:16:13.2517601+02:00" testType="13cdc9d9-ddb5-4fa4-a97d-d965ccfc6d4b" outcome="Passed" testListId="8c84fa94-04c1-424b-9868-57a2d4851a1d" relativeResultsDirectory="2caec6fd-ce8b-4950-bf49-3558f8014554" />
    <UnitTestResult executionId="2ee68128-cf40-4054-a6e6-d70fae7c8875" testId="8ddfdfe9-098b-48dd-a7d1-89a1926fd181" testName="GetAllWhereIncludesSelect" computerName="PC-SFERRARI" duration="00:00:00.0014236" startTime="2021-10-03T13:16:12.9976329+02:00" endTime="2021-10-03T13:16:12.9991750+02:00" testType="13cdc9d9-ddb5-4fa4-a97d-d965ccfc6d4b" outcome="Passed" testListId="8c84fa94-04c1-424b-9868-57a2d4851a1d" relativeResultsDirectory="2ee68128-cf40-4054-a6e6-d70fae7c8875" />
    <UnitTestResult executionId="24718a09-1ae5-4cd1-a798-325362c53fd5" testId="2a051cfb-a84b-469d-8a27-a2dcab38cfee" testName="QueryableOrderByDescending" computerName="PC-SFERRARI" duration="00:00:00.0147856" startTime="2021-10-03T13:16:13.0697825+02:00" endTime="2021-10-03T13:16:13.0846939+02:00" testType="13cdc9d9-ddb5-4fa4-a97d-d965ccfc6d4b" outcome="Passed" testListId="8c84fa94-04c1-424b-9868-57a2d4851a1d" relativeResultsDirectory="24718a09-1ae5-4cd1-a798-325362c53fd5" />
    <UnitTestResult executionId="d4ab0d65-f891-4d50-9d88-c9d6a6ff55f2" testId="a5708c0e-b545-464b-81c8-cf14c4ed1b51" testName="GetPagedSelectOrderByProperty" computerName="PC-SFERRARI" duration="00:00:00.0026626" startTime="2021-10-03T13:16:13.0669623+02:00" endTime="2021-10-03T13:16:13.0697264+02:00" testType="13cdc9d9-ddb5-4fa4-a97d-d965ccfc6d4b" outcome="Passed" testListId="8c84fa94-04c1-424b-9868-57a2d4851a1d" relativeResultsDirectory="d4ab0d65-f891-4d50-9d88-c9d6a6ff55f2" />
  </Results>
  <TestDefinitions>
    <UnitTest name="NameConvert" storage="d:\sferrari\01 - trabajo\repos\netcore\libs\template-netcore-entityframework\kitpymes.core.entityframework.tests\bin\release\net5.0\kitpymes.core.entityframework.tests.dll" id="4637012b-9ca5-491f-b170-1e517975f420">
      <Execution id="25794b8d-d709-4eca-938e-52c3969f13d2" />
      <TestMethod codeBase="D:\SFERRARI\01 - TRABAJO\repos\netcore\libs\template-netcore-entityframework\Kitpymes.Core.EntityFramework.Tests\bin\Release\net5.0\Kitpymes.Core.EntityFramework.Tests.dll" adapterTypeName="executor://mstestadapter/v2" className="Kitpymes.Core.EntityFramework.Tests.EntityFrameworkConverterTests" name="NameConvert" />
    </UnitTest>
    <UnitTest name="AnyAsync" storage="d:\sferrari\01 - trabajo\repos\netcore\libs\template-netcore-entityframework\kitpymes.core.entityframework.tests\bin\release\net5.0\kitpymes.core.entityframework.tests.dll" id="1c8b78ac-a7b9-4aac-9373-1c767b037dad">
      <Execution id="bdf0d948-40b0-4dbf-b45e-bd129504cacd" />
      <TestMethod codeBase="D:\SFERRARI\01 - TRABAJO\repos\netcore\libs\template-netcore-entityframework\Kitpymes.Core.EntityFramework.Tests\bin\Release\net5.0\Kitpymes.Core.EntityFramework.Tests.dll" adapterTypeName="executor://mstestadapter/v2" className="Kitpymes.Core.EntityFramework.Tests.EntityFrameworkRepositoryTests" name="AnyAsync" />
    </UnitTest>
    <UnitTest name="StatusActiveConvert" storage="d:\sferrari\01 - trabajo\repos\netcore\libs\template-netcore-entityframework\kitpymes.core.entityframework.tests\bin\release\net5.0\kitpymes.core.entityframework.tests.dll" id="b3f51e42-2ff8-4c81-815b-014c602aabba">
      <Execution id="b1cc1181-3622-42b0-b5d8-e4c65ef47d38" />
      <TestMethod codeBase="D:\SFERRARI\01 - TRABAJO\repos\netcore\libs\template-netcore-entityframework\Kitpymes.Core.EntityFramework.Tests\bin\Release\net5.0\Kitpymes.Core.EntityFramework.Tests.dll" adapterTypeName="executor://mstestadapter/v2" className="Kitpymes.Core.EntityFramework.Tests.EntityFrameworkConverterTests" name="StatusActiveConvert" />
    </UnitTest>
    <UnitTest name="GetPagedAsync" storage="d:\sferrari\01 - trabajo\repos\netcore\libs\template-netcore-entityframework\kitpymes.core.entityframework.tests\bin\release\net5.0\kitpymes.core.entityframework.tests.dll" id="6de953c7-929e-4e60-824b-82ddffdffb7d">
      <Execution id="a9cfc79c-fcc1-46a1-bb6b-45b12cb10a54" />
      <TestMethod codeBase="D:\SFERRARI\01 - TRABAJO\repos\netcore\libs\template-netcore-entityframework\Kitpymes.Core.EntityFramework.Tests\bin\Release\net5.0\Kitpymes.Core.EntityFramework.Tests.dll" adapterTypeName="executor://mstestadapter/v2" className="Kitpymes.Core.EntityFramework.Tests.EntityFrameworkRepositoryTests" name="GetPagedAsync" />
    </UnitTest>
    <UnitTest name="GetPagedWhereIncludesSelect" storage="d:\sferrari\01 - trabajo\repos\netcore\libs\template-netcore-entityframework\kitpymes.core.entityframework.tests\bin\release\net5.0\kitpymes.core.entityframework.tests.dll" id="cf03abcd-57ee-49bf-bd40-f70b04c579fc">
      <Execution id="12f7def2-56f9-4eb2-b7c6-905ad61c25fa" />
      <TestMethod codeBase="D:\SFERRARI\01 - TRABAJO\repos\netcore\libs\template-netcore-entityframework\Kitpymes.Core.EntityFramework.Tests\bin\Release\net5.0\Kitpymes.Core.EntityFramework.Tests.dll" adapterTypeName="executor://mstestadapter/v2" className="Kitpymes.Core.EntityFramework.Tests.EntityFrameworkRepositoryTests" name="GetPagedWhereIncludesSelect" />
    </UnitTest>
    <UnitTest name="GetPagedAsyncWhereIncludesSelect" storage="d:\sferrari\01 - trabajo\repos\netcore\libs\template-netcore-entityframework\kitpymes.core.entityframework.tests\bin\release\net5.0\kitpymes.core.entityframework.tests.dll" id="fc552b72-4b16-4663-b9cf-0778f34cfa88">
      <Execution id="fc43c3ac-2698-4d4b-9fa1-12bc0a11c94f" />
      <TestMethod codeBase="D:\SFERRARI\01 - TRABAJO\repos\netcore\libs\template-netcore-entityframework\Kitpymes.Core.EntityFramework.Tests\bin\Release\net5.0\Kitpymes.Core.EntityFramework.Tests.dll" adapterTypeName="executor://mstestadapter/v2" className="Kitpymes.Core.EntityFramework.Tests.EntityFrameworkRepositoryTests" name="GetPagedAsyncWhereIncludesSelect" />
    </UnitTest>
    <UnitTest name="Count" storage="d:\sferrari\01 - trabajo\repos\netcore\libs\template-netcore-entityframework\kitpymes.core.entityframework.tests\bin\release\net5.0\kitpymes.core.entityframework.tests.dll" id="811e9cf1-16b9-46e5-8dcc-fff4dc2baab0">
      <Execution id="857f48f8-f060-4479-bf6b-2cca288519fc" />
      <TestMethod codeBase="D:\SFERRARI\01 - TRABAJO\repos\netcore\libs\template-netcore-entityframework\Kitpymes.Core.EntityFramework.Tests\bin\Release\net5.0\Kitpymes.Core.EntityFramework.Tests.dll" adapterTypeName="executor://mstestadapter/v2" className="Kitpymes.Core.EntityFramework.Tests.EntityFrameworkRepositoryTests" name="Count" />
    </UnitTest>
    <UnitTest name="GetOneAsyncWhereSelect" storage="d:\sferrari\01 - trabajo\repos\netcore\libs\template-netcore-entityframework\kitpymes.core.entityframework.tests\bin\release\net5.0\kitpymes.core.entityframework.tests.dll" id="38876eca-4828-4968-97d4-d8b7b367b903">
      <Execution id="c8129813-7aa7-4835-8f56-1b722f1aa112" />
      <TestMethod codeBase="D:\SFERRARI\01 - TRABAJO\repos\netcore\libs\template-netcore-entityframework\Kitpymes.Core.EntityFramework.Tests\bin\Release\net5.0\Kitpymes.Core.EntityFramework.Tests.dll" adapterTypeName="executor://mstestadapter/v2" className="Kitpymes.Core.EntityFramework.Tests.EntityFrameworkRepositoryTests" name="GetOneAsyncWhereSelect" />
    </UnitTest>
    <UnitTest name="Delete" storage="d:\sferrari\01 - trabajo\repos\netcore\libs\template-netcore-entityframework\kitpymes.core.entityframework.tests\bin\release\net5.0\kitpymes.core.entityframework.tests.dll" id="8765359d-5b4c-41cd-8db0-72b52d60ca4c">
      <Execution id="7e8a09f1-a7d4-4fd7-af6f-42da67eeae02" />
      <TestMethod codeBase="D:\SFERRARI\01 - TRABAJO\repos\netcore\libs\template-netcore-entityframework\Kitpymes.Core.EntityFramework.Tests\bin\Release\net5.0\Kitpymes.Core.EntityFramework.Tests.dll" adapterTypeName="executor://mstestadapter/v2" className="Kitpymes.Core.EntityFramework.Tests.EntityFrameworkRepositoryTests" name="Delete" />
    </UnitTest>
    <UnitTest name="AddRange" storage="d:\sferrari\01 - trabajo\repos\netcore\libs\template-netcore-entityframework\kitpymes.core.entityframework.tests\bin\release\net5.0\kitpymes.core.entityframework.tests.dll" id="ca4496bf-7777-44d3-b750-346aae8e15f2">
      <Execution id="9c70ad12-7921-4f0d-868c-16969535e145" />
      <TestMethod codeBase="D:\SFERRARI\01 - TRABAJO\repos\netcore\libs\template-netcore-entityframework\Kitpymes.Core.EntityFramework.Tests\bin\Release\net5.0\Kitpymes.Core.EntityFramework.Tests.dll" adapterTypeName="executor://mstestadapter/v2" className="Kitpymes.Core.EntityFramework.Tests.EntityFrameworkRepositoryTests" name="AddRange" />
    </UnitTest>
    <UnitTest name="EmailConvert" storage="d:\sferrari\01 - trabajo\repos\netcore\libs\template-netcore-entityframework\kitpymes.core.entityframework.tests\bin\release\net5.0\kitpymes.core.entityframework.tests.dll" id="6abc05b6-4598-40df-9f3f-45f451d6cd78">
      <Execution id="70c280ba-2db5-4cab-8264-a78d53ef0e0d" />
      <TestMethod codeBase="D:\SFERRARI\01 - TRABAJO\repos\netcore\libs\template-netcore-entityframework\Kitpymes.Core.EntityFramework.Tests\bin\Release\net5.0\Kitpymes.Core.EntityFramework.Tests.dll" adapterTypeName="executor://mstestadapter/v2" className="Kitpymes.Core.EntityFramework.Tests.EntityFrameworkConverterTests" name="EmailConvert" />
    </UnitTest>
    <UnitTest name="GetOneAsyncWhereInclude" storage="d:\sferrari\01 - trabajo\repos\netcore\libs\template-netcore-entityframework\kitpymes.core.entityframework.tests\bin\release\net5.0\kitpymes.core.entityframework.tests.dll" id="b2a87281-6a4b-4ab8-98d5-4ff719db5ec4">
      <Execution id="8d0ca091-f076-4588-9b00-872bf2acf0e1" />
      <TestMethod codeBase="D:\SFERRARI\01 - TRABAJO\repos\netcore\libs\template-netcore-entityframework\Kitpymes.Core.EntityFramework.Tests\bin\Release\net5.0\Kitpymes.Core.EntityFramework.Tests.dll" adapterTypeName="executor://mstestadapter/v2" className="Kitpymes.Core.EntityFramework.Tests.EntityFrameworkRepositoryTests" name="GetOneAsyncWhereInclude" />
    </UnitTest>
    <UnitTest name="Any" storage="d:\sferrari\01 - trabajo\repos\netcore\libs\template-netcore-entityframework\kitpymes.core.entityframework.tests\bin\release\net5.0\kitpymes.core.entityframework.tests.dll" id="7df234f1-6e78-4c33-b0cd-f87e56148e38">
      <Execution id="210bf77c-2f59-4829-9437-fd21281a0e86" />
      <TestMethod codeBase="D:\SFERRARI\01 - TRABAJO\repos\netcore\libs\template-netcore-entityframework\Kitpymes.Core.EntityFramework.Tests\bin\Release\net5.0\Kitpymes.Core.EntityFramework.Tests.dll" adapterTypeName="executor://mstestadapter/v2" className="Kitpymes.Core.EntityFramework.Tests.EntityFrameworkRepositoryTests" name="Any" />
    </UnitTest>
    <UnitTest name="GetOneAsyncWhereIncludesSelect" storage="d:\sferrari\01 - trabajo\repos\netcore\libs\template-netcore-entityframework\kitpymes.core.entityframework.tests\bin\release\net5.0\kitpymes.core.entityframework.tests.dll" id="cd128033-1ca5-4df1-91cb-cff0e0ebca8f">
      <Execution id="14e3aaf5-9d86-4bea-931d-d868c017fd3e" />
      <TestMethod codeBase="D:\SFERRARI\01 - TRABAJO\repos\netcore\libs\template-netcore-entityframework\Kitpymes.Core.EntityFramework.Tests\bin\Release\net5.0\Kitpymes.Core.EntityFramework.Tests.dll" adapterTypeName="executor://mstestadapter/v2" className="Kitpymes.Core.EntityFramework.Tests.EntityFrameworkRepositoryTests" name="GetOneAsyncWhereIncludesSelect" />
    </UnitTest>
    <UnitTest name="SubdomainConvert" storage="d:\sferrari\01 - trabajo\repos\netcore\libs\template-netcore-entityframework\kitpymes.core.entityframework.tests\bin\release\net5.0\kitpymes.core.entityframework.tests.dll" id="d1cd8ce6-40ca-4d1b-aa55-62a141512caf">
      <Execution id="5d8af7ff-2637-4e7b-adda-127c54455aa6" />
      <TestMethod codeBase="D:\SFERRARI\01 - TRABAJO\repos\netcore\libs\template-netcore-entityframework\Kitpymes.Core.EntityFramework.Tests\bin\Release\net5.0\Kitpymes.Core.EntityFramework.Tests.dll" adapterTypeName="executor://mstestadapter/v2" className="Kitpymes.Core.EntityFramework.Tests.EntityFrameworkConverterTests" name="SubdomainConvert" />
    </UnitTest>
    <UnitTest name="GetOneWhere" storage="d:\sferrari\01 - trabajo\repos\netcore\libs\template-netcore-entityframework\kitpymes.core.entityframework.tests\bin\release\net5.0\kitpymes.core.entityframework.tests.dll" id="8070548c-f655-4d71-9499-4a3a6384eba6">
      <Execution id="309cc2d5-88b2-400d-8473-b177697e2836" />
      <TestMethod codeBase="D:\SFERRARI\01 - TRABAJO\repos\netcore\libs\template-netcore-entityframework\Kitpymes.Core.EntityFramework.Tests\bin\Release\net5.0\Kitpymes.Core.EntityFramework.Tests.dll" adapterTypeName="executor://mstestadapter/v2" className="Kitpymes.Core.EntityFramework.Tests.EntityFrameworkRepositoryTests" name="GetOneWhere" />
    </UnitTest>
    <UnitTest name="GetAll" storage="d:\sferrari\01 - trabajo\repos\netcore\libs\template-netcore-entityframework\kitpymes.core.entityframework.tests\bin\release\net5.0\kitpymes.core.entityframework.tests.dll" id="8235966f-0c83-47c4-b551-6acbf0de6ac2">
      <Execution id="c1787613-ea40-4a52-acc0-747f56605c42" />
      <TestMethod codeBase="D:\SFERRARI\01 - TRABAJO\repos\netcore\libs\template-netcore-entityframework\Kitpymes.Core.EntityFramework.Tests\bin\Release\net5.0\Kitpymes.Core.EntityFramework.Tests.dll" adapterTypeName="executor://mstestadapter/v2" className="Kitpymes.Core.EntityFramework.Tests.EntityFrameworkRepositoryTests" name="GetAll" />
    </UnitTest>
    <UnitTest name="Update" storage="d:\sferrari\01 - trabajo\repos\netcore\libs\template-netcore-entityframework\kitpymes.core.entityframework.tests\bin\release\net5.0\kitpymes.core.entityframework.tests.dll" id="22647b87-36b1-46a1-9f41-32c855a9f51c">
      <Execution id="c575f062-d6fd-4977-981f-76869c06870a" />
      <TestMethod codeBase="D:\SFERRARI\01 - TRABAJO\repos\netcore\libs\template-netcore-entityframework\Kitpymes.Core.EntityFramework.Tests\bin\Release\net5.0\Kitpymes.Core.EntityFramework.Tests.dll" adapterTypeName="executor://mstestadapter/v2" className="Kitpymes.Core.EntityFramework.Tests.EntityFrameworkRepositoryTests" name="Update" />
    </UnitTest>
    <UnitTest name="GetAllWhere" storage="d:\sferrari\01 - trabajo\repos\netcore\libs\template-netcore-entityframework\kitpymes.core.entityframework.tests\bin\release\net5.0\kitpymes.core.entityframework.tests.dll" id="830764bb-3a28-4ffa-a3fc-130360853d69">
      <Execution id="e9f1dee4-05ae-44cd-8ce9-71d89b73376f" />
      <TestMethod codeBase="D:\SFERRARI\01 - TRABAJO\repos\netcore\libs\template-netcore-entityframework\Kitpymes.Core.EntityFramework.Tests\bin\Release\net5.0\Kitpymes.Core.EntityFramework.Tests.dll" adapterTypeName="executor://mstestadapter/v2" className="Kitpymes.Core.EntityFramework.Tests.EntityFrameworkRepositoryTests" name="GetAllWhere" />
    </UnitTest>
    <UnitTest name="GetAllAsync" storage="d:\sferrari\01 - trabajo\repos\netcore\libs\template-netcore-entityframework\kitpymes.core.entityframework.tests\bin\release\net5.0\kitpymes.core.entityframework.tests.dll" id="7147c585-567e-4ce0-b41e-1ab7c7f05a72">
      <Execution id="b3074fbf-4e5e-4772-8be8-7375ad72575b" />
      <TestMethod codeBase="D:\SFERRARI\01 - TRABAJO\repos\netcore\libs\template-netcore-entityframework\Kitpymes.Core.EntityFramework.Tests\bin\Release\net5.0\Kitpymes.Core.EntityFramework.Tests.dll" adapterTypeName="executor://mstestadapter/v2" className="Kitpymes.Core.EntityFramework.Tests.EntityFrameworkRepositoryTests" name="GetAllAsync" />
    </UnitTest>
    <UnitTest name="GetOnetWhereSelect" storage="d:\sferrari\01 - trabajo\repos\netcore\libs\template-netcore-entityframework\kitpymes.core.entityframework.tests\bin\release\net5.0\kitpymes.core.entityframework.tests.dll" id="eca81d07-ddc0-429e-8e49-7b1fc225401e">
      <Execution id="82001afa-972e-4667-8d49-f043e7b44dcd" />
      <TestMethod codeBase="D:\SFERRARI\01 - TRABAJO\repos\netcore\libs\template-netcore-entityframework\Kitpymes.Core.EntityFramework.Tests\bin\Release\net5.0\Kitpymes.Core.EntityFramework.Tests.dll" adapterTypeName="executor://mstestadapter/v2" className="Kitpymes.Core.EntityFramework.Tests.EntityFrameworkRepositoryTests" name="GetOnetWhereSelect" />
    </UnitTest>
    <UnitTest name="GetAllAsyncWhereSelect" storage="d:\sferrari\01 - trabajo\repos\netcore\libs\template-netcore-entityframework\kitpymes.core.entityframework.tests\bin\release\net5.0\kitpymes.core.entityframework.tests.dll" id="6e3edf24-0bc4-4894-8eed-53268600d696">
      <Execution id="befad597-1d02-49d0-bcc4-eeb540a27e01" />
      <TestMethod codeBase="D:\SFERRARI\01 - TRABAJO\repos\netcore\libs\template-netcore-entityframework\Kitpymes.Core.EntityFramework.Tests\bin\Release\net5.0\Kitpymes.Core.EntityFramework.Tests.dll" adapterTypeName="executor://mstestadapter/v2" className="Kitpymes.Core.EntityFramework.Tests.EntityFrameworkRepositoryTests" name="GetAllAsyncWhereSelect" />
    </UnitTest>
    <UnitTest name="UpdateAsynchronous" storage="d:\sferrari\01 - trabajo\repos\netcore\libs\template-netcore-entityframework\kitpymes.core.entityframework.tests\bin\release\net5.0\kitpymes.core.entityframework.tests.dll" id="b32a298f-1d6c-415c-ab84-56e327fe5d2b">
      <Execution id="bd068cf0-665b-416e-aedc-a66cdcec84fa" />
      <TestMethod codeBase="D:\SFERRARI\01 - TRABAJO\repos\netcore\libs\template-netcore-entityframework\Kitpymes.Core.EntityFramework.Tests\bin\Release\net5.0\Kitpymes.Core.EntityFramework.Tests.dll" adapterTypeName="executor://mstestadapter/v2" className="Kitpymes.Core.EntityFramework.Tests.EntityFrameworkRepositoryTests" name="UpdateAsynchronous" />
    </UnitTest>
    <UnitTest name="Find" storage="d:\sferrari\01 - trabajo\repos\netcore\libs\template-netcore-entityframework\kitpymes.core.entityframework.tests\bin\release\net5.0\kitpymes.core.entityframework.tests.dll" id="d124ada9-49fe-4d1b-8b38-a16676fc4d01">
      <Execution id="83238888-ce55-4463-8be3-d8cbdfda3d6a" />
      <TestMethod codeBase="D:\SFERRARI\01 - TRABAJO\repos\netcore\libs\template-netcore-entityframework\Kitpymes.Core.EntityFramework.Tests\bin\Release\net5.0\Kitpymes.Core.EntityFramework.Tests.dll" adapterTypeName="executor://mstestadapter/v2" className="Kitpymes.Core.EntityFramework.Tests.EntityFrameworkRepositoryTests" name="Find" />
    </UnitTest>
    <UnitTest name="AnyWhereAsync" storage="d:\sferrari\01 - trabajo\repos\netcore\libs\template-netcore-entityframework\kitpymes.core.entityframework.tests\bin\release\net5.0\kitpymes.core.entityframework.tests.dll" id="4f1786f6-032b-4247-83ff-1eec1fdc9740">
      <Execution id="2caec6fd-ce8b-4950-bf49-3558f8014554" />
      <TestMethod codeBase="D:\SFERRARI\01 - TRABAJO\repos\netcore\libs\template-netcore-entityframework\Kitpymes.Core.EntityFramework.Tests\bin\Release\net5.0\Kitpymes.Core.EntityFramework.Tests.dll" adapterTypeName="executor://mstestadapter/v2" className="Kitpymes.Core.EntityFramework.Tests.EntityFrameworkRepositoryTests" name="AnyWhereAsync" />
    </UnitTest>
    <UnitTest name="GetAllWhereSelect" storage="d:\sferrari\01 - trabajo\repos\netcore\libs\template-netcore-entityframework\kitpymes.core.entityframework.tests\bin\release\net5.0\kitpymes.core.entityframework.tests.dll" id="ab0a997d-9ccf-4d39-b549-960b8341e4af">
      <Execution id="f9c2406c-7820-486c-bef3-9afe57e91425" />
      <TestMethod codeBase="D:\SFERRARI\01 - TRABAJO\repos\netcore\libs\template-netcore-entityframework\Kitpymes.Core.EntityFramework.Tests\bin\Release\net5.0\Kitpymes.Core.EntityFramework.Tests.dll" adapterTypeName="executor://mstestadapter/v2" className="Kitpymes.Core.EntityFramework.Tests.EntityFrameworkRepositoryTests" name="GetAllWhereSelect" />
    </UnitTest>
    <UnitTest name="AddRangeAsync" storage="d:\sferrari\01 - trabajo\repos\netcore\libs\template-netcore-entityframework\kitpymes.core.entityframework.tests\bin\release\net5.0\kitpymes.core.entityframework.tests.dll" id="284de65a-5120-48fe-98a8-4ac691274d01">
      <Execution id="72ca855c-1e01-4c8a-8153-67de710d718b" />
      <TestMethod codeBase="D:\SFERRARI\01 - TRABAJO\repos\netcore\libs\template-netcore-entityframework\Kitpymes.Core.EntityFramework.Tests\bin\Release\net5.0\Kitpymes.Core.EntityFramework.Tests.dll" adapterTypeName="executor://mstestadapter/v2" className="Kitpymes.Core.EntityFramework.Tests.EntityFrameworkRepositoryTests" name="AddRangeAsync" />
    </UnitTest>
    <UnitTest name="Add" storage="d:\sferrari\01 - trabajo\repos\netcore\libs\template-netcore-entityframework\kitpymes.core.entityframework.tests\bin\release\net5.0\kitpymes.core.entityframework.tests.dll" id="82cdc41b-38b4-40b9-924c-cf0f4a23a070">
      <Execution id="7eb6a7ce-3fe9-4085-920b-ba8229d673c6" />
      <TestMethod codeBase="D:\SFERRARI\01 - TRABAJO\repos\netcore\libs\template-netcore-entityframework\Kitpymes.Core.EntityFramework.Tests\bin\Release\net5.0\Kitpymes.Core.EntityFramework.Tests.dll" adapterTypeName="executor://mstestadapter/v2" className="Kitpymes.Core.EntityFramework.Tests.EntityFrameworkRepositoryTests" name="Add" />
    </UnitTest>
    <UnitTest name="GetAllWhereIncludes" storage="d:\sferrari\01 - trabajo\repos\netcore\libs\template-netcore-entityframework\kitpymes.core.entityframework.tests\bin\release\net5.0\kitpymes.core.entityframework.tests.dll" id="98d4e43a-2b48-4f59-8ecd-3b31397aa751">
      <Execution id="c9ebade2-2633-47a8-abe1-8185a49640ef" />
      <TestMethod codeBase="D:\SFERRARI\01 - TRABAJO\repos\netcore\libs\template-netcore-entityframework\Kitpymes.Core.EntityFramework.Tests\bin\Release\net5.0\Kitpymes.Core.EntityFramework.Tests.dll" adapterTypeName="executor://mstestadapter/v2" className="Kitpymes.Core.EntityFramework.Tests.EntityFrameworkRepositoryTests" name="GetAllWhereIncludes" />
    </UnitTest>
    <UnitTest name="GetPagedAsyncWhereSelect" storage="d:\sferrari\01 - trabajo\repos\netcore\libs\template-netcore-entityframework\kitpymes.core.entityframework.tests\bin\release\net5.0\kitpymes.core.entityframework.tests.dll" id="faa2fa97-3d56-45f3-a0c8-74ee9f86e073">
      <Execution id="66fb153b-a5e0-4bb7-b425-5909ab94e823" />
      <TestMethod codeBase="D:\SFERRARI\01 - TRABAJO\repos\netcore\libs\template-netcore-entityframework\Kitpymes.Core.EntityFramework.Tests\bin\Release\net5.0\Kitpymes.Core.EntityFramework.Tests.dll" adapterTypeName="executor://mstestadapter/v2" className="Kitpymes.Core.EntityFramework.Tests.EntityFrameworkRepositoryTests" name="GetPagedAsyncWhereSelect" />
    </UnitTest>
    <UnitTest name="DeleteWhere" storage="d:\sferrari\01 - trabajo\repos\netcore\libs\template-netcore-entityframework\kitpymes.core.entityframework.tests\bin\release\net5.0\kitpymes.core.entityframework.tests.dll" id="9dad6d88-4c83-4145-9fcd-035207b3c84f">
      <Execution id="91e18964-22b1-45df-9e9a-04f6f738dd23" />
      <TestMethod codeBase="D:\SFERRARI\01 - TRABAJO\repos\netcore\libs\template-netcore-entityframework\Kitpymes.Core.EntityFramework.Tests\bin\Release\net5.0\Kitpymes.Core.EntityFramework.Tests.dll" adapterTypeName="executor://mstestadapter/v2" className="Kitpymes.Core.EntityFramework.Tests.EntityFrameworkRepositoryTests" name="DeleteWhere" />
    </UnitTest>
    <UnitTest name="CountAsync" storage="d:\sferrari\01 - trabajo\repos\netcore\libs\template-netcore-entityframework\kitpymes.core.entityframework.tests\bin\release\net5.0\kitpymes.core.entityframework.tests.dll" id="c0da1f88-99d4-42ae-ba3f-1ba78ee90213">
      <Execution id="3bd5972a-e5f4-4b65-8b0c-fdfb58d782d6" />
      <TestMethod codeBase="D:\SFERRARI\01 - TRABAJO\repos\netcore\libs\template-netcore-entityframework\Kitpymes.Core.EntityFramework.Tests\bin\Release\net5.0\Kitpymes.Core.EntityFramework.Tests.dll" adapterTypeName="executor://mstestadapter/v2" className="Kitpymes.Core.EntityFramework.Tests.EntityFrameworkRepositoryTests" name="CountAsync" />
    </UnitTest>
    <UnitTest name="GetPaged" storage="d:\sferrari\01 - trabajo\repos\netcore\libs\template-netcore-entityframework\kitpymes.core.entityframework.tests\bin\release\net5.0\kitpymes.core.entityframework.tests.dll" id="85472c93-3669-4825-9835-48e48af663dc">
      <Execution id="4636fe93-0bfb-4933-b366-6fea904d420d" />
      <TestMethod codeBase="D:\SFERRARI\01 - TRABAJO\repos\netcore\libs\template-netcore-entityframework\Kitpymes.Core.EntityFramework.Tests\bin\Release\net5.0\Kitpymes.Core.EntityFramework.Tests.dll" adapterTypeName="executor://mstestadapter/v2" className="Kitpymes.Core.EntityFramework.Tests.EntityFrameworkRepositoryTests" name="GetPaged" />
    </UnitTest>
    <UnitTest name="UpdatePartial" storage="d:\sferrari\01 - trabajo\repos\netcore\libs\template-netcore-entityframework\kitpymes.core.entityframework.tests\bin\release\net5.0\kitpymes.core.entityframework.tests.dll" id="ed5a3c89-0720-483e-ab94-4fc998cbc701">
      <Execution id="6d7ff4de-ee8c-46a7-839a-971cf5c74505" />
      <TestMethod codeBase="D:\SFERRARI\01 - TRABAJO\repos\netcore\libs\template-netcore-entityframework\Kitpymes.Core.EntityFramework.Tests\bin\Release\net5.0\Kitpymes.Core.EntityFramework.Tests.dll" adapterTypeName="executor://mstestadapter/v2" className="Kitpymes.Core.EntityFramework.Tests.EntityFrameworkRepositoryTests" name="UpdatePartial" />
    </UnitTest>
    <UnitTest name="GetPagedAsyncWhere" storage="d:\sferrari\01 - trabajo\repos\netcore\libs\template-netcore-entityframework\kitpymes.core.entityframework.tests\bin\release\net5.0\kitpymes.core.entityframework.tests.dll" id="0340bc66-9206-4b9f-9fa8-62586442f9b5">
      <Execution id="a9d688d4-38ab-40dc-8381-7ba2f0d6afb1" />
      <TestMethod codeBase="D:\SFERRARI\01 - TRABAJO\repos\netcore\libs\template-netcore-entityframework\Kitpymes.Core.EntityFramework.Tests\bin\Release\net5.0\Kitpymes.Core.EntityFramework.Tests.dll" adapterTypeName="executor://mstestadapter/v2" className="Kitpymes.Core.EntityFramework.Tests.EntityFrameworkRepositoryTests" name="GetPagedAsyncWhere" />
    </UnitTest>
    <UnitTest name="GetAllAsyncWhere" storage="d:\sferrari\01 - trabajo\repos\netcore\libs\template-netcore-entityframework\kitpymes.core.entityframework.tests\bin\release\net5.0\kitpymes.core.entityframework.tests.dll" id="e961e309-76b9-4318-bf1c-bd6f20507b47">
      <Execution id="972c3567-01e5-416e-91db-c5272b3740b9" />
      <TestMethod codeBase="D:\SFERRARI\01 - TRABAJO\repos\netcore\libs\template-netcore-entityframework\Kitpymes.Core.EntityFramework.Tests\bin\Release\net5.0\Kitpymes.Core.EntityFramework.Tests.dll" adapterTypeName="executor://mstestadapter/v2" className="Kitpymes.Core.EntityFramework.Tests.EntityFrameworkRepositoryTests" name="GetAllAsyncWhere" />
    </UnitTest>
    <UnitTest name="CountWhere" storage="d:\sferrari\01 - trabajo\repos\netcore\libs\template-netcore-entityframework\kitpymes.core.entityframework.tests\bin\release\net5.0\kitpymes.core.entityframework.tests.dll" id="c8335a4e-3925-49ed-b1fe-aed8c7d7cb07">
      <Execution id="d1445f13-eb42-4035-92d1-79e17ae215f9" />
      <TestMethod codeBase="D:\SFERRARI\01 - TRABAJO\repos\netcore\libs\template-netcore-entityframework\Kitpymes.Core.EntityFramework.Tests\bin\Release\net5.0\Kitpymes.Core.EntityFramework.Tests.dll" adapterTypeName="executor://mstestadapter/v2" className="Kitpymes.Core.EntityFramework.Tests.EntityFrameworkRepositoryTests" name="CountWhere" />
    </UnitTest>
    <UnitTest name="GetOnetWhereIncludesSelect" storage="d:\sferrari\01 - trabajo\repos\netcore\libs\template-netcore-entityframework\kitpymes.core.entityframework.tests\bin\release\net5.0\kitpymes.core.entityframework.tests.dll" id="a0925fd3-d522-4c52-9ea6-c569f6cb76ae">
      <Execution id="005139ee-5126-4043-8f08-b6a3028faacd" />
      <TestMethod codeBase="D:\SFERRARI\01 - TRABAJO\repos\netcore\libs\template-netcore-entityframework\Kitpymes.Core.EntityFramework.Tests\bin\Release\net5.0\Kitpymes.Core.EntityFramework.Tests.dll" adapterTypeName="executor://mstestadapter/v2" className="Kitpymes.Core.EntityFramework.Tests.EntityFrameworkRepositoryTests" name="GetOnetWhereIncludesSelect" />
    </UnitTest>
    <UnitTest name="GetAllWhereIncludesSelect" storage="d:\sferrari\01 - trabajo\repos\netcore\libs\template-netcore-entityframework\kitpymes.core.entityframework.tests\bin\release\net5.0\kitpymes.core.entityframework.tests.dll" id="8ddfdfe9-098b-48dd-a7d1-89a1926fd181">
      <Execution id="2ee68128-cf40-4054-a6e6-d70fae7c8875" />
      <TestMethod codeBase="D:\SFERRARI\01 - TRABAJO\repos\netcore\libs\template-netcore-entityframework\Kitpymes.Core.EntityFramework.Tests\bin\Release\net5.0\Kitpymes.Core.EntityFramework.Tests.dll" adapterTypeName="executor://mstestadapter/v2" className="Kitpymes.Core.EntityFramework.Tests.EntityFrameworkRepositoryTests" name="GetAllWhereIncludesSelect" />
    </UnitTest>
    <UnitTest name="GetPagedSelectOrderByProperty" storage="d:\sferrari\01 - trabajo\repos\netcore\libs\template-netcore-entityframework\kitpymes.core.entityframework.tests\bin\release\net5.0\kitpymes.core.entityframework.tests.dll" id="a5708c0e-b545-464b-81c8-cf14c4ed1b51">
      <Execution id="d4ab0d65-f891-4d50-9d88-c9d6a6ff55f2" />
      <TestMethod codeBase="D:\SFERRARI\01 - TRABAJO\repos\netcore\libs\template-netcore-entityframework\Kitpymes.Core.EntityFramework.Tests\bin\Release\net5.0\Kitpymes.Core.EntityFramework.Tests.dll" adapterTypeName="executor://mstestadapter/v2" className="Kitpymes.Core.EntityFramework.Tests.EntityFrameworkRepositoryTests" name="GetPagedSelectOrderByProperty" />
    </UnitTest>
    <UnitTest name="GetPagedWhere" storage="d:\sferrari\01 - trabajo\repos\netcore\libs\template-netcore-entityframework\kitpymes.core.entityframework.tests\bin\release\net5.0\kitpymes.core.entityframework.tests.dll" id="4d84ebb2-7b81-4397-bf8a-33cbc8bfdbf2">
      <Execution id="b85b0601-666b-4594-812b-6364247f93a9" />
      <TestMethod codeBase="D:\SFERRARI\01 - TRABAJO\repos\netcore\libs\template-netcore-entityframework\Kitpymes.Core.EntityFramework.Tests\bin\Release\net5.0\Kitpymes.Core.EntityFramework.Tests.dll" adapterTypeName="executor://mstestadapter/v2" className="Kitpymes.Core.EntityFramework.Tests.EntityFrameworkRepositoryTests" name="GetPagedWhere" />
    </UnitTest>
    <UnitTest name="DeleteAsynchronous" storage="d:\sferrari\01 - trabajo\repos\netcore\libs\template-netcore-entityframework\kitpymes.core.entityframework.tests\bin\release\net5.0\kitpymes.core.entityframework.tests.dll" id="e6a5445a-04f7-4ba5-98b0-55ee6d4fb0fe">
      <Execution id="edea2826-9deb-40a8-b258-079acb4eeae1" />
      <TestMethod codeBase="D:\SFERRARI\01 - TRABAJO\repos\netcore\libs\template-netcore-entityframework\Kitpymes.Core.EntityFramework.Tests\bin\Release\net5.0\Kitpymes.Core.EntityFramework.Tests.dll" adapterTypeName="executor://mstestadapter/v2" className="Kitpymes.Core.EntityFramework.Tests.EntityFrameworkRepositoryTests" name="DeleteAsynchronous" />
    </UnitTest>
    <UnitTest name="DeleteWhereAsynchronous" storage="d:\sferrari\01 - trabajo\repos\netcore\libs\template-netcore-entityframework\kitpymes.core.entityframework.tests\bin\release\net5.0\kitpymes.core.entityframework.tests.dll" id="f9735730-0097-4fe0-8c6f-fd30047f64c7">
      <Execution id="f2507737-6eb9-4f76-9674-717cb81d2f40" />
      <TestMethod codeBase="D:\SFERRARI\01 - TRABAJO\repos\netcore\libs\template-netcore-entityframework\Kitpymes.Core.EntityFramework.Tests\bin\Release\net5.0\Kitpymes.Core.EntityFramework.Tests.dll" adapterTypeName="executor://mstestadapter/v2" className="Kitpymes.Core.EntityFramework.Tests.EntityFrameworkRepositoryTests" name="DeleteWhereAsynchronous" />
    </UnitTest>
    <UnitTest name="FindAsync" storage="d:\sferrari\01 - trabajo\repos\netcore\libs\template-netcore-entityframework\kitpymes.core.entityframework.tests\bin\release\net5.0\kitpymes.core.entityframework.tests.dll" id="8dd9caea-26ca-4413-92a4-cdee554e0772">
      <Execution id="69cf9846-c166-4071-828e-7c1219e45c1f" />
      <TestMethod codeBase="D:\SFERRARI\01 - TRABAJO\repos\netcore\libs\template-netcore-entityframework\Kitpymes.Core.EntityFramework.Tests\bin\Release\net5.0\Kitpymes.Core.EntityFramework.Tests.dll" adapterTypeName="executor://mstestadapter/v2" className="Kitpymes.Core.EntityFramework.Tests.EntityFrameworkRepositoryTests" name="FindAsync" />
    </UnitTest>
    <UnitTest name="GetPagedWhereIncludes" storage="d:\sferrari\01 - trabajo\repos\netcore\libs\template-netcore-entityframework\kitpymes.core.entityframework.tests\bin\release\net5.0\kitpymes.core.entityframework.tests.dll" id="ac4b25c9-de65-452b-91a8-5447ac91ce1e">
      <Execution id="2dab8a62-f9ab-4f78-b6c1-3c2e4986be8f" />
      <TestMethod codeBase="D:\SFERRARI\01 - TRABAJO\repos\netcore\libs\template-netcore-entityframework\Kitpymes.Core.EntityFramework.Tests\bin\Release\net5.0\Kitpymes.Core.EntityFramework.Tests.dll" adapterTypeName="executor://mstestadapter/v2" className="Kitpymes.Core.EntityFramework.Tests.EntityFrameworkRepositoryTests" name="GetPagedWhereIncludes" />
    </UnitTest>
    <UnitTest name="EnumConvertName" storage="d:\sferrari\01 - trabajo\repos\netcore\libs\template-netcore-entityframework\kitpymes.core.entityframework.tests\bin\release\net5.0\kitpymes.core.entityframework.tests.dll" id="3d558b22-614f-4c4a-a3d8-f7aa8f7bc4b4">
      <Execution id="ef2cb89e-7161-43b7-9e28-7e6360b5d5a3" />
      <TestMethod codeBase="D:\SFERRARI\01 - TRABAJO\repos\netcore\libs\template-netcore-entityframework\Kitpymes.Core.EntityFramework.Tests\bin\Release\net5.0\Kitpymes.Core.EntityFramework.Tests.dll" adapterTypeName="executor://mstestadapter/v2" className="Kitpymes.Core.EntityFramework.Tests.EntityFrameworkConverterTests" name="EnumConvertName" />
    </UnitTest>
    <UnitTest name="GetAllAsyncWhereIncludes" storage="d:\sferrari\01 - trabajo\repos\netcore\libs\template-netcore-entityframework\kitpymes.core.entityframework.tests\bin\release\net5.0\kitpymes.core.entityframework.tests.dll" id="3b92096b-0958-4d90-9c1c-9db223b1b6c4">
      <Execution id="77e7406c-11b3-452f-a23d-527381afe8a8" />
      <TestMethod codeBase="D:\SFERRARI\01 - TRABAJO\repos\netcore\libs\template-netcore-entityframework\Kitpymes.Core.EntityFramework.Tests\bin\Release\net5.0\Kitpymes.Core.EntityFramework.Tests.dll" adapterTypeName="executor://mstestadapter/v2" className="Kitpymes.Core.EntityFramework.Tests.EntityFrameworkRepositoryTests" name="GetAllAsyncWhereIncludes" />
    </UnitTest>
    <UnitTest name="AddAsync" storage="d:\sferrari\01 - trabajo\repos\netcore\libs\template-netcore-entityframework\kitpymes.core.entityframework.tests\bin\release\net5.0\kitpymes.core.entityframework.tests.dll" id="d2602981-4984-445f-ae13-7d7f93cd1d03">
      <Execution id="0d52ad77-3fc2-4a8f-a668-fd59d0832a2b" />
      <TestMethod codeBase="D:\SFERRARI\01 - TRABAJO\repos\netcore\libs\template-netcore-entityframework\Kitpymes.Core.EntityFramework.Tests\bin\Release\net5.0\Kitpymes.Core.EntityFramework.Tests.dll" adapterTypeName="executor://mstestadapter/v2" className="Kitpymes.Core.EntityFramework.Tests.EntityFrameworkRepositoryTests" name="AddAsync" />
    </UnitTest>
    <UnitTest name="GetOneAsyncWhere" storage="d:\sferrari\01 - trabajo\repos\netcore\libs\template-netcore-entityframework\kitpymes.core.entityframework.tests\bin\release\net5.0\kitpymes.core.entityframework.tests.dll" id="e1014bd4-a243-47d7-99bd-687bb33b50d2">
      <Execution id="54f5a2e1-dd18-4911-b81e-9ed72534dcb0" />
      <TestMethod codeBase="D:\SFERRARI\01 - TRABAJO\repos\netcore\libs\template-netcore-entityframework\Kitpymes.Core.EntityFramework.Tests\bin\Release\net5.0\Kitpymes.Core.EntityFramework.Tests.dll" adapterTypeName="executor://mstestadapter/v2" className="Kitpymes.Core.EntityFramework.Tests.EntityFrameworkRepositoryTests" name="GetOneAsyncWhere" />
    </UnitTest>
    <UnitTest name="EnumConvertValue" storage="d:\sferrari\01 - trabajo\repos\netcore\libs\template-netcore-entityframework\kitpymes.core.entityframework.tests\bin\release\net5.0\kitpymes.core.entityframework.tests.dll" id="aeccf958-9fd2-49bf-93b8-bddcc8aff5c3">
      <Execution id="8f53a63e-9e9d-4a56-9695-b90e0e92e766" />
      <TestMethod codeBase="D:\SFERRARI\01 - TRABAJO\repos\netcore\libs\template-netcore-entityframework\Kitpymes.Core.EntityFramework.Tests\bin\Release\net5.0\Kitpymes.Core.EntityFramework.Tests.dll" adapterTypeName="executor://mstestadapter/v2" className="Kitpymes.Core.EntityFramework.Tests.EntityFrameworkConverterTests" name="EnumConvertValue" />
    </UnitTest>
    <UnitTest name="UpdateValueObject" storage="d:\sferrari\01 - trabajo\repos\netcore\libs\template-netcore-entityframework\kitpymes.core.entityframework.tests\bin\release\net5.0\kitpymes.core.entityframework.tests.dll" id="d5e914ff-c183-4489-a34e-a15c0a5cb8e6">
      <Execution id="90cc8a6a-218d-4e9d-af89-3c616fcf6b90" />
      <TestMethod codeBase="D:\SFERRARI\01 - TRABAJO\repos\netcore\libs\template-netcore-entityframework\Kitpymes.Core.EntityFramework.Tests\bin\Release\net5.0\Kitpymes.Core.EntityFramework.Tests.dll" adapterTypeName="executor://mstestadapter/v2" className="Kitpymes.Core.EntityFramework.Tests.EntityFrameworkRepositoryTests" name="UpdateValueObject" />
    </UnitTest>
    <UnitTest name="GetPagedWhereSelect" storage="d:\sferrari\01 - trabajo\repos\netcore\libs\template-netcore-entityframework\kitpymes.core.entityframework.tests\bin\release\net5.0\kitpymes.core.entityframework.tests.dll" id="737bd124-c8f3-472e-b3b0-1673c8114ab4">
      <Execution id="fb934459-851f-4fba-ba13-1ae2c00e5c63" />
      <TestMethod codeBase="D:\SFERRARI\01 - TRABAJO\repos\netcore\libs\template-netcore-entityframework\Kitpymes.Core.EntityFramework.Tests\bin\Release\net5.0\Kitpymes.Core.EntityFramework.Tests.dll" adapterTypeName="executor://mstestadapter/v2" className="Kitpymes.Core.EntityFramework.Tests.EntityFrameworkRepositoryTests" name="GetPagedWhereSelect" />
    </UnitTest>
    <UnitTest name="GetAllAsyncWhereIncludesSelect" storage="d:\sferrari\01 - trabajo\repos\netcore\libs\template-netcore-entityframework\kitpymes.core.entityframework.tests\bin\release\net5.0\kitpymes.core.entityframework.tests.dll" id="de6a6c47-9f98-4094-975d-962c9c5cf879">
      <Execution id="252ee8ef-b975-4733-a047-6c06ee25aa88" />
      <TestMethod codeBase="D:\SFERRARI\01 - TRABAJO\repos\netcore\libs\template-netcore-entityframework\Kitpymes.Core.EntityFramework.Tests\bin\Release\net5.0\Kitpymes.Core.EntityFramework.Tests.dll" adapterTypeName="executor://mstestadapter/v2" className="Kitpymes.Core.EntityFramework.Tests.EntityFrameworkRepositoryTests" name="GetAllAsyncWhereIncludesSelect" />
    </UnitTest>
    <UnitTest name="GetPagedSelectOrderByNavigationProperty" storage="d:\sferrari\01 - trabajo\repos\netcore\libs\template-netcore-entityframework\kitpymes.core.entityframework.tests\bin\release\net5.0\kitpymes.core.entityframework.tests.dll" id="4115b415-c0cf-4633-8cd6-c433920222dc">
      <Execution id="58da2344-d153-4509-b6fe-279653512bd6" />
      <TestMethod codeBase="D:\SFERRARI\01 - TRABAJO\repos\netcore\libs\template-netcore-entityframework\Kitpymes.Core.EntityFramework.Tests\bin\Release\net5.0\Kitpymes.Core.EntityFramework.Tests.dll" adapterTypeName="executor://mstestadapter/v2" className="Kitpymes.Core.EntityFramework.Tests.EntityFrameworkRepositoryTests" name="GetPagedSelectOrderByNavigationProperty" />
    </UnitTest>
    <UnitTest name="StatusInactiveConvert" storage="d:\sferrari\01 - trabajo\repos\netcore\libs\template-netcore-entityframework\kitpymes.core.entityframework.tests\bin\release\net5.0\kitpymes.core.entityframework.tests.dll" id="ff1fa09a-7077-4728-9f64-e959ef6f2879">
      <Execution id="9b3852a5-455c-43db-94a4-18b12f53b912" />
      <TestMethod codeBase="D:\SFERRARI\01 - TRABAJO\repos\netcore\libs\template-netcore-entityframework\Kitpymes.Core.EntityFramework.Tests\bin\Release\net5.0\Kitpymes.Core.EntityFramework.Tests.dll" adapterTypeName="executor://mstestadapter/v2" className="Kitpymes.Core.EntityFramework.Tests.EntityFrameworkConverterTests" name="StatusInactiveConvert" />
    </UnitTest>
    <UnitTest name="QueryableOrderByDescending" storage="d:\sferrari\01 - trabajo\repos\netcore\libs\template-netcore-entityframework\kitpymes.core.entityframework.tests\bin\release\net5.0\kitpymes.core.entityframework.tests.dll" id="2a051cfb-a84b-469d-8a27-a2dcab38cfee">
      <Execution id="24718a09-1ae5-4cd1-a798-325362c53fd5" />
      <TestMethod codeBase="D:\SFERRARI\01 - TRABAJO\repos\netcore\libs\template-netcore-entityframework\Kitpymes.Core.EntityFramework.Tests\bin\Release\net5.0\Kitpymes.Core.EntityFramework.Tests.dll" adapterTypeName="executor://mstestadapter/v2" className="Kitpymes.Core.EntityFramework.Tests.EntityFrameworkRepositoryTests" name="QueryableOrderByDescending" />
    </UnitTest>
    <UnitTest name="GetOneWhereInclude" storage="d:\sferrari\01 - trabajo\repos\netcore\libs\template-netcore-entityframework\kitpymes.core.entityframework.tests\bin\release\net5.0\kitpymes.core.entityframework.tests.dll" id="b8b226d1-d39a-42ea-8d10-2ffa65012d6e">
      <Execution id="d02d09a8-7a73-4c2e-a091-e0e2e192f554" />
      <TestMethod codeBase="D:\SFERRARI\01 - TRABAJO\repos\netcore\libs\template-netcore-entityframework\Kitpymes.Core.EntityFramework.Tests\bin\Release\net5.0\Kitpymes.Core.EntityFramework.Tests.dll" adapterTypeName="executor://mstestadapter/v2" className="Kitpymes.Core.EntityFramework.Tests.EntityFrameworkRepositoryTests" name="GetOneWhereInclude" />
    </UnitTest>
    <UnitTest name="CountWhereAsync" storage="d:\sferrari\01 - trabajo\repos\netcore\libs\template-netcore-entityframework\kitpymes.core.entityframework.tests\bin\release\net5.0\kitpymes.core.entityframework.tests.dll" id="65257207-a000-48e5-9548-3db439a8cc42">
      <Execution id="ad2e8a67-91d9-4cec-a583-3acf998b7403" />
      <TestMethod codeBase="D:\SFERRARI\01 - TRABAJO\repos\netcore\libs\template-netcore-entityframework\Kitpymes.Core.EntityFramework.Tests\bin\Release\net5.0\Kitpymes.Core.EntityFramework.Tests.dll" adapterTypeName="executor://mstestadapter/v2" className="Kitpymes.Core.EntityFramework.Tests.EntityFrameworkRepositoryTests" name="CountWhereAsync" />
    </UnitTest>
    <UnitTest name="GetPagedAsyncWhereIncludes" storage="d:\sferrari\01 - trabajo\repos\netcore\libs\template-netcore-entityframework\kitpymes.core.entityframework.tests\bin\release\net5.0\kitpymes.core.entityframework.tests.dll" id="505fa974-0f74-4736-a1eb-0462f8117f50">
      <Execution id="2256c477-7fde-4e80-a97e-201343f1fa95" />
      <TestMethod codeBase="D:\SFERRARI\01 - TRABAJO\repos\netcore\libs\template-netcore-entityframework\Kitpymes.Core.EntityFramework.Tests\bin\Release\net5.0\Kitpymes.Core.EntityFramework.Tests.dll" adapterTypeName="executor://mstestadapter/v2" className="Kitpymes.Core.EntityFramework.Tests.EntityFrameworkRepositoryTests" name="GetPagedAsyncWhereIncludes" />
    </UnitTest>
    <UnitTest name="AnyWhere" storage="d:\sferrari\01 - trabajo\repos\netcore\libs\template-netcore-entityframework\kitpymes.core.entityframework.tests\bin\release\net5.0\kitpymes.core.entityframework.tests.dll" id="343957e8-0d30-4fe7-bd14-e0bb046e6602">
      <Execution id="5d19f603-9780-41bc-a5bf-b684301216a3" />
      <TestMethod codeBase="D:\SFERRARI\01 - TRABAJO\repos\netcore\libs\template-netcore-entityframework\Kitpymes.Core.EntityFramework.Tests\bin\Release\net5.0\Kitpymes.Core.EntityFramework.Tests.dll" adapterTypeName="executor://mstestadapter/v2" className="Kitpymes.Core.EntityFramework.Tests.EntityFrameworkRepositoryTests" name="AnyWhere" />
    </UnitTest>
    <UnitTest name="UpdateSelect" storage="d:\sferrari\01 - trabajo\repos\netcore\libs\template-netcore-entityframework\kitpymes.core.entityframework.tests\bin\release\net5.0\kitpymes.core.entityframework.tests.dll" id="e9214a29-9cb7-4433-98fb-e76efaae2607">
      <Execution id="48b853b5-fcdf-4814-8319-d1fb5a03fa53" />
      <TestMethod codeBase="D:\SFERRARI\01 - TRABAJO\repos\netcore\libs\template-netcore-entityframework\Kitpymes.Core.EntityFramework.Tests\bin\Release\net5.0\Kitpymes.Core.EntityFramework.Tests.dll" adapterTypeName="executor://mstestadapter/v2" className="Kitpymes.Core.EntityFramework.Tests.EntityFrameworkRepositoryTests" name="UpdateSelect" />
    </UnitTest>
  </TestDefinitions>
  <TestEntries>
    <TestEntry testId="ed5a3c89-0720-483e-ab94-4fc998cbc701" executionId="6d7ff4de-ee8c-46a7-839a-971cf5c74505" testListId="8c84fa94-04c1-424b-9868-57a2d4851a1d" />
    <TestEntry testId="343957e8-0d30-4fe7-bd14-e0bb046e6602" executionId="5d19f603-9780-41bc-a5bf-b684301216a3" testListId="8c84fa94-04c1-424b-9868-57a2d4851a1d" />
    <TestEntry testId="505fa974-0f74-4736-a1eb-0462f8117f50" executionId="2256c477-7fde-4e80-a97e-201343f1fa95" testListId="8c84fa94-04c1-424b-9868-57a2d4851a1d" />
    <TestEntry testId="ab0a997d-9ccf-4d39-b549-960b8341e4af" executionId="f9c2406c-7820-486c-bef3-9afe57e91425" testListId="8c84fa94-04c1-424b-9868-57a2d4851a1d" />
    <TestEntry testId="ff1fa09a-7077-4728-9f64-e959ef6f2879" executionId="9b3852a5-455c-43db-94a4-18b12f53b912" testListId="8c84fa94-04c1-424b-9868-57a2d4851a1d" />
    <TestEntry testId="e9214a29-9cb7-4433-98fb-e76efaae2607" executionId="48b853b5-fcdf-4814-8319-d1fb5a03fa53" testListId="8c84fa94-04c1-424b-9868-57a2d4851a1d" />
    <TestEntry testId="cf03abcd-57ee-49bf-bd40-f70b04c579fc" executionId="12f7def2-56f9-4eb2-b7c6-905ad61c25fa" testListId="8c84fa94-04c1-424b-9868-57a2d4851a1d" />
    <TestEntry testId="b32a298f-1d6c-415c-ab84-56e327fe5d2b" executionId="bd068cf0-665b-416e-aedc-a66cdcec84fa" testListId="8c84fa94-04c1-424b-9868-57a2d4851a1d" />
    <TestEntry testId="8765359d-5b4c-41cd-8db0-72b52d60ca4c" executionId="7e8a09f1-a7d4-4fd7-af6f-42da67eeae02" testListId="8c84fa94-04c1-424b-9868-57a2d4851a1d" />
    <TestEntry testId="6abc05b6-4598-40df-9f3f-45f451d6cd78" executionId="70c280ba-2db5-4cab-8264-a78d53ef0e0d" testListId="8c84fa94-04c1-424b-9868-57a2d4851a1d" />
    <TestEntry testId="e6a5445a-04f7-4ba5-98b0-55ee6d4fb0fe" executionId="edea2826-9deb-40a8-b258-079acb4eeae1" testListId="8c84fa94-04c1-424b-9868-57a2d4851a1d" />
    <TestEntry testId="4637012b-9ca5-491f-b170-1e517975f420" executionId="25794b8d-d709-4eca-938e-52c3969f13d2" testListId="8c84fa94-04c1-424b-9868-57a2d4851a1d" />
    <TestEntry testId="eca81d07-ddc0-429e-8e49-7b1fc225401e" executionId="82001afa-972e-4667-8d49-f043e7b44dcd" testListId="8c84fa94-04c1-424b-9868-57a2d4851a1d" />
    <TestEntry testId="f9735730-0097-4fe0-8c6f-fd30047f64c7" executionId="f2507737-6eb9-4f76-9674-717cb81d2f40" testListId="8c84fa94-04c1-424b-9868-57a2d4851a1d" />
    <TestEntry testId="284de65a-5120-48fe-98a8-4ac691274d01" executionId="72ca855c-1e01-4c8a-8153-67de710d718b" testListId="8c84fa94-04c1-424b-9868-57a2d4851a1d" />
    <TestEntry testId="c8335a4e-3925-49ed-b1fe-aed8c7d7cb07" executionId="d1445f13-eb42-4035-92d1-79e17ae215f9" testListId="8c84fa94-04c1-424b-9868-57a2d4851a1d" />
    <TestEntry testId="3d558b22-614f-4c4a-a3d8-f7aa8f7bc4b4" executionId="ef2cb89e-7161-43b7-9e28-7e6360b5d5a3" testListId="8c84fa94-04c1-424b-9868-57a2d4851a1d" />
    <TestEntry testId="6e3edf24-0bc4-4894-8eed-53268600d696" executionId="befad597-1d02-49d0-bcc4-eeb540a27e01" testListId="8c84fa94-04c1-424b-9868-57a2d4851a1d" />
    <TestEntry testId="737bd124-c8f3-472e-b3b0-1673c8114ab4" executionId="fb934459-851f-4fba-ba13-1ae2c00e5c63" testListId="8c84fa94-04c1-424b-9868-57a2d4851a1d" />
    <TestEntry testId="4d84ebb2-7b81-4397-bf8a-33cbc8bfdbf2" executionId="b85b0601-666b-4594-812b-6364247f93a9" testListId="8c84fa94-04c1-424b-9868-57a2d4851a1d" />
    <TestEntry testId="de6a6c47-9f98-4094-975d-962c9c5cf879" executionId="252ee8ef-b975-4733-a047-6c06ee25aa88" testListId="8c84fa94-04c1-424b-9868-57a2d4851a1d" />
    <TestEntry testId="9dad6d88-4c83-4145-9fcd-035207b3c84f" executionId="91e18964-22b1-45df-9e9a-04f6f738dd23" testListId="8c84fa94-04c1-424b-9868-57a2d4851a1d" />
    <TestEntry testId="e1014bd4-a243-47d7-99bd-687bb33b50d2" executionId="54f5a2e1-dd18-4911-b81e-9ed72534dcb0" testListId="8c84fa94-04c1-424b-9868-57a2d4851a1d" />
    <TestEntry testId="d5e914ff-c183-4489-a34e-a15c0a5cb8e6" executionId="90cc8a6a-218d-4e9d-af89-3c616fcf6b90" testListId="8c84fa94-04c1-424b-9868-57a2d4851a1d" />
    <TestEntry testId="aeccf958-9fd2-49bf-93b8-bddcc8aff5c3" executionId="8f53a63e-9e9d-4a56-9695-b90e0e92e766" testListId="8c84fa94-04c1-424b-9868-57a2d4851a1d" />
    <TestEntry testId="d124ada9-49fe-4d1b-8b38-a16676fc4d01" executionId="83238888-ce55-4463-8be3-d8cbdfda3d6a" testListId="8c84fa94-04c1-424b-9868-57a2d4851a1d" />
    <TestEntry testId="830764bb-3a28-4ffa-a3fc-130360853d69" executionId="e9f1dee4-05ae-44cd-8ce9-71d89b73376f" testListId="8c84fa94-04c1-424b-9868-57a2d4851a1d" />
    <TestEntry testId="b3f51e42-2ff8-4c81-815b-014c602aabba" executionId="b1cc1181-3622-42b0-b5d8-e4c65ef47d38" testListId="8c84fa94-04c1-424b-9868-57a2d4851a1d" />
    <TestEntry testId="faa2fa97-3d56-45f3-a0c8-74ee9f86e073" executionId="66fb153b-a5e0-4bb7-b425-5909ab94e823" testListId="8c84fa94-04c1-424b-9868-57a2d4851a1d" />
    <TestEntry testId="8235966f-0c83-47c4-b551-6acbf0de6ac2" executionId="c1787613-ea40-4a52-acc0-747f56605c42" testListId="8c84fa94-04c1-424b-9868-57a2d4851a1d" />
    <TestEntry testId="b2a87281-6a4b-4ab8-98d5-4ff719db5ec4" executionId="8d0ca091-f076-4588-9b00-872bf2acf0e1" testListId="8c84fa94-04c1-424b-9868-57a2d4851a1d" />
    <TestEntry testId="65257207-a000-48e5-9548-3db439a8cc42" executionId="ad2e8a67-91d9-4cec-a583-3acf998b7403" testListId="8c84fa94-04c1-424b-9868-57a2d4851a1d" />
    <TestEntry testId="e961e309-76b9-4318-bf1c-bd6f20507b47" executionId="972c3567-01e5-416e-91db-c5272b3740b9" testListId="8c84fa94-04c1-424b-9868-57a2d4851a1d" />
    <TestEntry testId="fc552b72-4b16-4663-b9cf-0778f34cfa88" executionId="fc43c3ac-2698-4d4b-9fa1-12bc0a11c94f" testListId="8c84fa94-04c1-424b-9868-57a2d4851a1d" />
    <TestEntry testId="7df234f1-6e78-4c33-b0cd-f87e56148e38" executionId="210bf77c-2f59-4829-9437-fd21281a0e86" testListId="8c84fa94-04c1-424b-9868-57a2d4851a1d" />
    <TestEntry testId="7147c585-567e-4ce0-b41e-1ab7c7f05a72" executionId="b3074fbf-4e5e-4772-8be8-7375ad72575b" testListId="8c84fa94-04c1-424b-9868-57a2d4851a1d" />
    <TestEntry testId="a0925fd3-d522-4c52-9ea6-c569f6cb76ae" executionId="005139ee-5126-4043-8f08-b6a3028faacd" testListId="8c84fa94-04c1-424b-9868-57a2d4851a1d" />
    <TestEntry testId="d2602981-4984-445f-ae13-7d7f93cd1d03" executionId="0d52ad77-3fc2-4a8f-a668-fd59d0832a2b" testListId="8c84fa94-04c1-424b-9868-57a2d4851a1d" />
    <TestEntry testId="82cdc41b-38b4-40b9-924c-cf0f4a23a070" executionId="7eb6a7ce-3fe9-4085-920b-ba8229d673c6" testListId="8c84fa94-04c1-424b-9868-57a2d4851a1d" />
    <TestEntry testId="c0da1f88-99d4-42ae-ba3f-1ba78ee90213" executionId="3bd5972a-e5f4-4b65-8b0c-fdfb58d782d6" testListId="8c84fa94-04c1-424b-9868-57a2d4851a1d" />
    <TestEntry testId="ca4496bf-7777-44d3-b750-346aae8e15f2" executionId="9c70ad12-7921-4f0d-868c-16969535e145" testListId="8c84fa94-04c1-424b-9868-57a2d4851a1d" />
    <TestEntry testId="4115b415-c0cf-4633-8cd6-c433920222dc" executionId="58da2344-d153-4509-b6fe-279653512bd6" testListId="8c84fa94-04c1-424b-9868-57a2d4851a1d" />
    <TestEntry testId="85472c93-3669-4825-9835-48e48af663dc" executionId="4636fe93-0bfb-4933-b366-6fea904d420d" testListId="8c84fa94-04c1-424b-9868-57a2d4851a1d" />
    <TestEntry testId="8070548c-f655-4d71-9499-4a3a6384eba6" executionId="309cc2d5-88b2-400d-8473-b177697e2836" testListId="8c84fa94-04c1-424b-9868-57a2d4851a1d" />
    <TestEntry testId="cd128033-1ca5-4df1-91cb-cff0e0ebca8f" executionId="14e3aaf5-9d86-4bea-931d-d868c017fd3e" testListId="8c84fa94-04c1-424b-9868-57a2d4851a1d" />
    <TestEntry testId="22647b87-36b1-46a1-9f41-32c855a9f51c" executionId="c575f062-d6fd-4977-981f-76869c06870a" testListId="8c84fa94-04c1-424b-9868-57a2d4851a1d" />
    <TestEntry testId="0340bc66-9206-4b9f-9fa8-62586442f9b5" executionId="a9d688d4-38ab-40dc-8381-7ba2f0d6afb1" testListId="8c84fa94-04c1-424b-9868-57a2d4851a1d" />
    <TestEntry testId="3b92096b-0958-4d90-9c1c-9db223b1b6c4" executionId="77e7406c-11b3-452f-a23d-527381afe8a8" testListId="8c84fa94-04c1-424b-9868-57a2d4851a1d" />
    <TestEntry testId="d1cd8ce6-40ca-4d1b-aa55-62a141512caf" executionId="5d8af7ff-2637-4e7b-adda-127c54455aa6" testListId="8c84fa94-04c1-424b-9868-57a2d4851a1d" />
    <TestEntry testId="811e9cf1-16b9-46e5-8dcc-fff4dc2baab0" executionId="857f48f8-f060-4479-bf6b-2cca288519fc" testListId="8c84fa94-04c1-424b-9868-57a2d4851a1d" />
    <TestEntry testId="ac4b25c9-de65-452b-91a8-5447ac91ce1e" executionId="2dab8a62-f9ab-4f78-b6c1-3c2e4986be8f" testListId="8c84fa94-04c1-424b-9868-57a2d4851a1d" />
    <TestEntry testId="8dd9caea-26ca-4413-92a4-cdee554e0772" executionId="69cf9846-c166-4071-828e-7c1219e45c1f" testListId="8c84fa94-04c1-424b-9868-57a2d4851a1d" />
    <TestEntry testId="1c8b78ac-a7b9-4aac-9373-1c767b037dad" executionId="bdf0d948-40b0-4dbf-b45e-bd129504cacd" testListId="8c84fa94-04c1-424b-9868-57a2d4851a1d" />
    <TestEntry testId="38876eca-4828-4968-97d4-d8b7b367b903" executionId="c8129813-7aa7-4835-8f56-1b722f1aa112" testListId="8c84fa94-04c1-424b-9868-57a2d4851a1d" />
    <TestEntry testId="6de953c7-929e-4e60-824b-82ddffdffb7d" executionId="a9cfc79c-fcc1-46a1-bb6b-45b12cb10a54" testListId="8c84fa94-04c1-424b-9868-57a2d4851a1d" />
    <TestEntry testId="98d4e43a-2b48-4f59-8ecd-3b31397aa751" executionId="c9ebade2-2633-47a8-abe1-8185a49640ef" testListId="8c84fa94-04c1-424b-9868-57a2d4851a1d" />
    <TestEntry testId="b8b226d1-d39a-42ea-8d10-2ffa65012d6e" executionId="d02d09a8-7a73-4c2e-a091-e0e2e192f554" testListId="8c84fa94-04c1-424b-9868-57a2d4851a1d" />
    <TestEntry testId="4f1786f6-032b-4247-83ff-1eec1fdc9740" executionId="2caec6fd-ce8b-4950-bf49-3558f8014554" testListId="8c84fa94-04c1-424b-9868-57a2d4851a1d" />
    <TestEntry testId="8ddfdfe9-098b-48dd-a7d1-89a1926fd181" executionId="2ee68128-cf40-4054-a6e6-d70fae7c8875" testListId="8c84fa94-04c1-424b-9868-57a2d4851a1d" />
    <TestEntry testId="2a051cfb-a84b-469d-8a27-a2dcab38cfee" executionId="24718a09-1ae5-4cd1-a798-325362c53fd5" testListId="8c84fa94-04c1-424b-9868-57a2d4851a1d" />
    <TestEntry testId="a5708c0e-b545-464b-81c8-cf14c4ed1b51" executionId="d4ab0d65-f891-4d50-9d88-c9d6a6ff55f2" testListId="8c84fa94-04c1-424b-9868-57a2d4851a1d" />
  </TestEntries>
  <TestLists>
    <TestList name="Resultados sin formato de lista" id="8c84fa94-04c1-424b-9868-57a2d4851a1d" />
    <TestList name="Todos los resultados cargados" id="19431567-8539-422a-85d7-44ee4e166bda" />
  </TestLists>
  <ResultSummary outcome="Completed">
    <Counters total="61" executed="61" passed="61" failed="0" error="0" timeout="0" aborted="0" inconclusive="0" passedButRunAborted="0" notRunnable="0" notExecuted="0" disconnected="0" warning="0" completed="0" inProgress="0" pending="0" />
  </ResultSummary>
</TestRun>