<?xml version="1.0" encoding="utf-8"?>
<TestRun id="11a5caed-11a2-48cc-a03e-54b6ef696f0a" name="sferrari@PC-SFERRARI 2021-10-05 11:58:35" runUser="PC-SFERRARI\sferrari" xmlns="http://microsoft.com/schemas/VisualStudio/TeamTest/2010">
  <Times creation="2021-10-05T11:58:35.5643721+02:00" queuing="2021-10-05T11:58:35.5643721+02:00" start="2021-10-05T11:58:33.3113702+02:00" finish="2021-10-05T11:58:36.2343719+02:00" />
  <TestSettings name="default" id="ad98d029-9011-4eb8-9e08-c4a9b8f672dd">
    <Deployment runDeploymentRoot="sferrari_PC-SFERRARI_2021-10-05_11_58_35" />
  </TestSettings>
  <Results>
    <UnitTestResult executionId="242a3621-a49d-4903-8411-33397c27494c" testId="6ff59a29-7368-4eae-a494-3e06e10fa70c" testName="GetPagedWhereIncludesSelect" computerName="PC-SFERRARI" duration="00:00:00.0015478" startTime="2021-10-05T11:58:36.0928813+02:00" endTime="2021-10-05T11:58:36.0945296+02:00" testType="13cdc9d9-ddb5-4fa4-a97d-d965ccfc6d4b" outcome="Passed" testListId="8c84fa94-04c1-424b-9868-57a2d4851a1d" relativeResultsDirectory="242a3621-a49d-4903-8411-33397c27494c" />
    <UnitTestResult executionId="e4c7d895-0d86-4bb9-9f3a-66ebe834e315" testId="9243a096-80d3-4e33-bbbf-4454efc4d300" testName="GetPagedAsyncWhere" computerName="PC-SFERRARI" duration="00:00:00.0028130" startTime="2021-10-05T11:58:36.0512925+02:00" endTime="2021-10-05T11:58:36.0542623+02:00" testType="13cdc9d9-ddb5-4fa4-a97d-d965ccfc6d4b" outcome="Passed" testListId="8c84fa94-04c1-424b-9868-57a2d4851a1d" relativeResultsDirectory="e4c7d895-0d86-4bb9-9f3a-66ebe834e315" />
    <UnitTestResult executionId="bc1099a0-0296-4a99-9989-a5be52ccb24a" testId="531ba0fb-72a0-453e-b502-2ae297cbd5d8" testName="GetOnetWhereIncludesSelect" computerName="PC-SFERRARI" duration="00:00:00.0081464" startTime="2021-10-05T11:58:36.0206522+02:00" endTime="2021-10-05T11:58:36.0289036+02:00" testType="13cdc9d9-ddb5-4fa4-a97d-d965ccfc6d4b" outcome="Passed" testListId="8c84fa94-04c1-424b-9868-57a2d4851a1d" relativeResultsDirectory="bc1099a0-0296-4a99-9989-a5be52ccb24a" />
    <UnitTestResult executionId="2c4ee95d-b2b0-468f-b85f-207907536932" testId="7e370963-3652-4fd2-8d34-3c59c2c70d77" testName="EnumConvertName" computerName="PC-SFERRARI" duration="00:00:00.0107007" startTime="2021-10-05T11:58:34.2969008+02:00" endTime="2021-10-05T11:58:34.3078469+02:00" testType="13cdc9d9-ddb5-4fa4-a97d-d965ccfc6d4b" outcome="Passed" testListId="8c84fa94-04c1-424b-9868-57a2d4851a1d" relativeResultsDirectory="2c4ee95d-b2b0-468f-b85f-207907536932" />
    <UnitTestResult executionId="c99ea15a-1a04-4769-84af-8f574f1aa700" testId="a7a17a94-4724-49be-b50d-b620a2b16587" testName="DeleteAsynchronous" computerName="PC-SFERRARI" duration="00:00:00.0019580" startTime="2021-10-05T11:58:35.7541313+02:00" endTime="2021-10-05T11:58:35.7561790+02:00" testType="13cdc9d9-ddb5-4fa4-a97d-d965ccfc6d4b" outcome="Passed" testListId="8c84fa94-04c1-424b-9868-57a2d4851a1d" relativeResultsDirectory="c99ea15a-1a04-4769-84af-8f574f1aa700" />
    <UnitTestResult executionId="da97b7bd-6bc0-4ba7-bc1f-26ccfb0f57b4" testId="7e6fbb90-51c7-4ef5-a056-4e8dd6a19b0d" testName="UpdateValueObject" computerName="PC-SFERRARI" duration="00:00:00.0014833" startTime="2021-10-05T11:58:36.1379651+02:00" endTime="2021-10-05T11:58:36.1395323+02:00" testType="13cdc9d9-ddb5-4fa4-a97d-d965ccfc6d4b" outcome="Passed" testListId="8c84fa94-04c1-424b-9868-57a2d4851a1d" relativeResultsDirectory="da97b7bd-6bc0-4ba7-bc1f-26ccfb0f57b4" />
    <UnitTestResult executionId="5c9d0750-0111-4de0-a17b-de579cbf2a98" testId="72ca0fbb-f340-4dde-a59a-d5b2d3950de7" testName="GetOneAsyncWhere" computerName="PC-SFERRARI" duration="00:00:00.0228791" startTime="2021-10-05T11:58:35.9206948+02:00" endTime="2021-10-05T11:58:35.9436969+02:00" testType="13cdc9d9-ddb5-4fa4-a97d-d965ccfc6d4b" outcome="Passed" testListId="8c84fa94-04c1-424b-9868-57a2d4851a1d" relativeResultsDirectory="5c9d0750-0111-4de0-a17b-de579cbf2a98" />
    <UnitTestResult executionId="bc60fccb-0062-427a-a29c-9d9398b38407" testId="6bcd3161-b48c-41a3-b950-cbf857d1f559" testName="UpdatePartial" computerName="PC-SFERRARI" duration="00:00:00.0034296" startTime="2021-10-05T11:58:36.1325822+02:00" endTime="2021-10-05T11:58:36.1361749+02:00" testType="13cdc9d9-ddb5-4fa4-a97d-d965ccfc6d4b" outcome="Passed" testListId="8c84fa94-04c1-424b-9868-57a2d4851a1d" relativeResultsDirectory="bc60fccb-0062-427a-a29c-9d9398b38407" />
    <UnitTestResult executionId="254fe0dd-5d50-4297-9e55-0e2e4601867f" testId="310fd149-3c6a-4033-8089-1125ef00ab0d" testName="GetAllWhereIncludes" computerName="PC-SFERRARI" duration="00:00:00.0085916" startTime="2021-10-05T11:58:35.9072443+02:00" endTime="2021-10-05T11:58:35.9159556+02:00" testType="13cdc9d9-ddb5-4fa4-a97d-d965ccfc6d4b" outcome="Passed" testListId="8c84fa94-04c1-424b-9868-57a2d4851a1d" relativeResultsDirectory="254fe0dd-5d50-4297-9e55-0e2e4601867f" />
    <UnitTestResult executionId="579fbaf2-d0a3-4060-9a47-2070d211b517" testId="cb707512-25c2-4a95-9825-6e5f54632a31" testName="GetAllWhereIncludesSelect" computerName="PC-SFERRARI" duration="00:00:00.0016673" startTime="2021-10-05T11:58:35.9161403+02:00" endTime="2021-10-05T11:58:35.9179662+02:00" testType="13cdc9d9-ddb5-4fa4-a97d-d965ccfc6d4b" outcome="Passed" testListId="8c84fa94-04c1-424b-9868-57a2d4851a1d" relativeResultsDirectory="579fbaf2-d0a3-4060-9a47-2070d211b517" />
    <UnitTestResult executionId="25b73b55-6468-43a5-9646-7bf0f331f19b" testId="82dd81f3-4549-428b-94ea-2461d7bf0587" testName="GetPagedSelectOrderByProperty" computerName="PC-SFERRARI" duration="00:00:00.0033741" startTime="2021-10-05T11:58:36.0842246+02:00" endTime="2021-10-05T11:58:36.0877103+02:00" testType="13cdc9d9-ddb5-4fa4-a97d-d965ccfc6d4b" outcome="Passed" testListId="8c84fa94-04c1-424b-9868-57a2d4851a1d" relativeResultsDirectory="25b73b55-6468-43a5-9646-7bf0f331f19b" />
    <UnitTestResult executionId="263ebcbd-988d-48e1-be17-2007066aee99" testId="eff1679c-9ebb-4313-8802-bbf72b90ec7d" testName="GetOnetWhereSelect" computerName="PC-SFERRARI" duration="00:00:00.0075302" startTime="2021-10-05T11:58:36.0289675+02:00" endTime="2021-10-05T11:58:36.0366011+02:00" testType="13cdc9d9-ddb5-4fa4-a97d-d965ccfc6d4b" outcome="Passed" testListId="8c84fa94-04c1-424b-9868-57a2d4851a1d" relativeResultsDirectory="263ebcbd-988d-48e1-be17-2007066aee99" />
    <UnitTestResult executionId="8898af8d-073a-47c4-a4b2-8ed01af5dc1f" testId="3ec7da4c-2191-4ab0-92a2-3ad8936269c4" testName="UpdateAsynchronous" computerName="PC-SFERRARI" duration="00:00:00.0039473" startTime="2021-10-05T11:58:36.1284419+02:00" endTime="2021-10-05T11:58:36.1325148+02:00" testType="13cdc9d9-ddb5-4fa4-a97d-d965ccfc6d4b" outcome="Passed" testListId="8c84fa94-04c1-424b-9868-57a2d4851a1d" relativeResultsDirectory="8898af8d-073a-47c4-a4b2-8ed01af5dc1f" />
    <UnitTestResult executionId="41efce83-e0a6-4a9a-a8ad-851376944dba" testId="00deb89f-2ac4-4ad4-abdd-6c07f736c417" testName="AnyAsync" computerName="PC-SFERRARI" duration="00:00:00.0109088" startTime="2021-10-05T11:58:35.5916460+02:00" endTime="2021-10-05T11:58:35.6026639+02:00" testType="13cdc9d9-ddb5-4fa4-a97d-d965ccfc6d4b" outcome="Passed" testListId="8c84fa94-04c1-424b-9868-57a2d4851a1d" relativeResultsDirectory="41efce83-e0a6-4a9a-a8ad-851376944dba" />
    <UnitTestResult executionId="98ded803-c177-4878-8cf4-a86bc44c837d" testId="3414c19c-00f1-4263-ae68-5059bf653498" testName="GetOneAsyncWhereSelect" computerName="PC-SFERRARI" duration="00:00:00.0106691" startTime="2021-10-05T11:58:35.9839656+02:00" endTime="2021-10-05T11:58:35.9947535+02:00" testType="13cdc9d9-ddb5-4fa4-a97d-d965ccfc6d4b" outcome="Passed" testListId="8c84fa94-04c1-424b-9868-57a2d4851a1d" relativeResultsDirectory="98ded803-c177-4878-8cf4-a86bc44c837d" />
    <UnitTestResult executionId="4f8d466e-c8d0-49af-a3d3-fcd6c1643a69" testId="15863443-7de9-4341-aeda-18c6ba86330d" testName="AnyWhereAsync" computerName="PC-SFERRARI" duration="00:00:00.0048493" startTime="2021-10-05T11:58:35.6279650+02:00" endTime="2021-10-05T11:58:35.6329346+02:00" testType="13cdc9d9-ddb5-4fa4-a97d-d965ccfc6d4b" outcome="Passed" testListId="8c84fa94-04c1-424b-9868-57a2d4851a1d" relativeResultsDirectory="4f8d466e-c8d0-49af-a3d3-fcd6c1643a69" />
    <UnitTestResult executionId="4dd69825-b3ca-42ac-9832-8825a89ab9d2" testId="06e1f2a1-89a4-4282-9673-c60069ea69ac" testName="StatusActiveConvert" computerName="PC-SFERRARI" duration="00:00:00.0016624" startTime="2021-10-05T11:58:34.3253251+02:00" endTime="2021-10-05T11:58:34.3271247+02:00" testType="13cdc9d9-ddb5-4fa4-a97d-d965ccfc6d4b" outcome="Passed" testListId="8c84fa94-04c1-424b-9868-57a2d4851a1d" relativeResultsDirectory="4dd69825-b3ca-42ac-9832-8825a89ab9d2" />
    <UnitTestResult executionId="625fc255-6661-4b2a-9ed5-5219ba569449" testId="7eb84795-1e5c-4a37-bf49-055d97c393c5" testName="GetPagedWhere" computerName="PC-SFERRARI" duration="00:00:00.0014467" startTime="2021-10-05T11:58:36.0877655+02:00" endTime="2021-10-05T11:58:36.0892997+02:00" testType="13cdc9d9-ddb5-4fa4-a97d-d965ccfc6d4b" outcome="Passed" testListId="8c84fa94-04c1-424b-9868-57a2d4851a1d" relativeResultsDirectory="625fc255-6661-4b2a-9ed5-5219ba569449" />
    <UnitTestResult executionId="ce127fcc-b42c-4c1a-a064-e42b29ca29a1" testId="6c098ea6-41a3-4cef-a6f3-550835162f87" testName="GetAllAsyncWhereSelect" computerName="PC-SFERRARI" duration="00:00:00.0028888" startTime="2021-10-05T11:58:35.8954653+02:00" endTime="2021-10-05T11:58:35.8984567+02:00" testType="13cdc9d9-ddb5-4fa4-a97d-d965ccfc6d4b" outcome="Passed" testListId="8c84fa94-04c1-424b-9868-57a2d4851a1d" relativeResultsDirectory="ce127fcc-b42c-4c1a-a064-e42b29ca29a1" />
    <UnitTestResult executionId="113c42b9-c81c-4ad3-a401-394695eac2f6" testId="28e6255f-e74c-4825-94d0-6b1d9c7d6e18" testName="GetPagedAsyncWhereSelect" computerName="PC-SFERRARI" duration="00:00:00.0029944" startTime="2021-10-05T11:58:36.0764900+02:00" endTime="2021-10-05T11:58:36.0795759+02:00" testType="13cdc9d9-ddb5-4fa4-a97d-d965ccfc6d4b" outcome="Passed" testListId="8c84fa94-04c1-424b-9868-57a2d4851a1d" relativeResultsDirectory="113c42b9-c81c-4ad3-a401-394695eac2f6" />
    <UnitTestResult executionId="35135368-5e19-4144-9e50-4f742323bf49" testId="36a2feca-2121-4105-bc92-e7629a78da31" testName="StatusInactiveConvert" computerName="PC-SFERRARI" duration="00:00:00.0006038" startTime="2021-10-05T11:58:34.3271841+02:00" endTime="2021-10-05T11:58:34.3279189+02:00" testType="13cdc9d9-ddb5-4fa4-a97d-d965ccfc6d4b" outcome="Passed" testListId="8c84fa94-04c1-424b-9868-57a2d4851a1d" relativeResultsDirectory="35135368-5e19-4144-9e50-4f742323bf49" />
    <UnitTestResult executionId="c808c966-0208-4dce-91e1-8fbfae5406e8" testId="d9902d75-f918-4b44-9557-1e900eb03a88" testName="DeleteWhereAsynchronous" computerName="PC-SFERRARI" duration="00:00:00.0117286" startTime="2021-10-05T11:58:35.7739640+02:00" endTime="2021-10-05T11:58:35.7858096+02:00" testType="13cdc9d9-ddb5-4fa4-a97d-d965ccfc6d4b" outcome="Passed" testListId="8c84fa94-04c1-424b-9868-57a2d4851a1d" relativeResultsDirectory="c808c966-0208-4dce-91e1-8fbfae5406e8" />
    <UnitTestResult executionId="bd020b7a-76fd-4f84-a7ee-451d17cbd05c" testId="2cbf0bca-c281-4ede-bb02-d6b896abc198" testName="AddAsync" computerName="PC-SFERRARI" duration="00:00:00.0472453" startTime="2021-10-05T11:58:35.4885229+02:00" endTime="2021-10-05T11:58:35.5359033+02:00" testType="13cdc9d9-ddb5-4fa4-a97d-d965ccfc6d4b" outcome="Passed" testListId="8c84fa94-04c1-424b-9868-57a2d4851a1d" relativeResultsDirectory="bd020b7a-76fd-4f84-a7ee-451d17cbd05c" />
    <UnitTestResult executionId="c11ad2bd-3950-4374-bd82-cd0855f8854f" testId="d2826c19-0b9d-4fb8-9377-67cbbbd550a7" testName="GetAllWhereSelect" computerName="PC-SFERRARI" duration="00:00:00.0007310" startTime="2021-10-05T11:58:35.9180249+02:00" endTime="2021-10-05T11:58:35.9188549+02:00" testType="13cdc9d9-ddb5-4fa4-a97d-d965ccfc6d4b" outcome="Passed" testListId="8c84fa94-04c1-424b-9868-57a2d4851a1d" relativeResultsDirectory="c11ad2bd-3950-4374-bd82-cd0855f8854f" />
    <UnitTestResult executionId="c5fdb053-b5a6-42fe-a31e-99b78f64cdf9" testId="d27d9b06-857d-402d-a697-c809b6791b10" testName="Any" computerName="PC-SFERRARI" duration="00:00:00.0026744" startTime="2021-10-05T11:58:35.5888000+02:00" endTime="2021-10-05T11:58:35.5915927+02:00" testType="13cdc9d9-ddb5-4fa4-a97d-d965ccfc6d4b" outcome="Passed" testListId="8c84fa94-04c1-424b-9868-57a2d4851a1d" relativeResultsDirectory="c5fdb053-b5a6-42fe-a31e-99b78f64cdf9" />
    <UnitTestResult executionId="6b9f238c-e19a-4d2f-87f6-7d48e8abe5c6" testId="f0df816b-5232-4c3e-aa6d-a49083ef9485" testName="GetPagedAsyncWhereIncludesSelect" computerName="PC-SFERRARI" duration="00:00:00.0064655" startTime="2021-10-05T11:58:36.0698711+02:00" endTime="2021-10-05T11:58:36.0764317+02:00" testType="13cdc9d9-ddb5-4fa4-a97d-d965ccfc6d4b" outcome="Passed" testListId="8c84fa94-04c1-424b-9868-57a2d4851a1d" relativeResultsDirectory="6b9f238c-e19a-4d2f-87f6-7d48e8abe5c6" />
    <UnitTestResult executionId="950bda1d-f0cc-4b47-a6e6-06eccf5fefd3" testId="a561ffee-6c2e-4ddb-9a00-7e01eb790022" testName="CountAsync" computerName="PC-SFERRARI" duration="00:00:00.0058949" startTime="2021-10-05T11:58:35.6340284+02:00" endTime="2021-10-05T11:58:35.6400263+02:00" testType="13cdc9d9-ddb5-4fa4-a97d-d965ccfc6d4b" outcome="Passed" testListId="8c84fa94-04c1-424b-9868-57a2d4851a1d" relativeResultsDirectory="950bda1d-f0cc-4b47-a6e6-06eccf5fefd3" />
    <UnitTestResult executionId="a8903985-2ba5-484c-9c58-f1e76b12aec7" testId="7f20a96b-36c7-4e3e-b975-1336226a4ce2" testName="GetPagedAsync" computerName="PC-SFERRARI" duration="00:00:00.0063021" startTime="2021-10-05T11:58:36.0447719+02:00" endTime="2021-10-05T11:58:36.0512020+02:00" testType="13cdc9d9-ddb5-4fa4-a97d-d965ccfc6d4b" outcome="Passed" testListId="8c84fa94-04c1-424b-9868-57a2d4851a1d" relativeResultsDirectory="a8903985-2ba5-484c-9c58-f1e76b12aec7" />
    <UnitTestResult executionId="5881dc2b-f352-4812-8334-9b12d3a3249b" testId="10263419-d80f-4ddc-a741-5527ea72a3fe" testName="GetPagedAsyncWhereIncludes" computerName="PC-SFERRARI" duration="00:00:00.0152879" startTime="2021-10-05T11:58:36.0543593+02:00" endTime="2021-10-05T11:58:36.0698100+02:00" testType="13cdc9d9-ddb5-4fa4-a97d-d965ccfc6d4b" outcome="Passed" testListId="8c84fa94-04c1-424b-9868-57a2d4851a1d" relativeResultsDirectory="5881dc2b-f352-4812-8334-9b12d3a3249b" />
    <UnitTestResult executionId="7a99bdf0-f3ba-49bc-811c-8ec5ae234319" testId="aefa73a9-324b-4f09-a119-d5e0cd41c9cc" testName="CountWhereAsync" computerName="PC-SFERRARI" duration="00:00:00.0097961" startTime="2021-10-05T11:58:35.6462700+02:00" endTime="2021-10-05T11:58:35.6562058+02:00" testType="13cdc9d9-ddb5-4fa4-a97d-d965ccfc6d4b" outcome="Passed" testListId="8c84fa94-04c1-424b-9868-57a2d4851a1d" relativeResultsDirectory="7a99bdf0-f3ba-49bc-811c-8ec5ae234319" />
    <UnitTestResult executionId="9446f8fa-a87d-4960-a5e4-a7faaf8e1b5a" testId="1f89718e-6e12-4f2c-985c-555e2281790d" testName="GetAllAsyncWhereIncludes" computerName="PC-SFERRARI" duration="00:00:00.0134612" startTime="2021-10-05T11:58:35.8680582+02:00" endTime="2021-10-05T11:58:35.8816210+02:00" testType="13cdc9d9-ddb5-4fa4-a97d-d965ccfc6d4b" outcome="Passed" testListId="8c84fa94-04c1-424b-9868-57a2d4851a1d" relativeResultsDirectory="9446f8fa-a87d-4960-a5e4-a7faaf8e1b5a" />
    <UnitTestResult executionId="df784f8a-1fb9-4a19-9de3-bdc7a710ae4d" testId="3187e401-4f17-43a3-972f-64292732fcf4" testName="Find" computerName="PC-SFERRARI" duration="00:00:00.0173463" startTime="2021-10-05T11:58:35.7859001+02:00" endTime="2021-10-05T11:58:35.8033611+02:00" testType="13cdc9d9-ddb5-4fa4-a97d-d965ccfc6d4b" outcome="Passed" testListId="8c84fa94-04c1-424b-9868-57a2d4851a1d" relativeResultsDirectory="df784f8a-1fb9-4a19-9de3-bdc7a710ae4d" />
    <UnitTestResult executionId="7d5aa50f-d757-4b95-9610-205bae8a03a5" testId="b024f3fa-424b-4884-8394-605c8ad4fd6c" testName="QueryableOrderByDescending" computerName="PC-SFERRARI" duration="00:00:00.0182108" startTime="2021-10-05T11:58:36.0963392+02:00" endTime="2021-10-05T11:58:36.1146890+02:00" testType="13cdc9d9-ddb5-4fa4-a97d-d965ccfc6d4b" outcome="Passed" testListId="8c84fa94-04c1-424b-9868-57a2d4851a1d" relativeResultsDirectory="7d5aa50f-d757-4b95-9610-205bae8a03a5" />
    <UnitTestResult executionId="e1618750-48e0-4b5c-bd6d-ce6f6f486146" testId="e14cc001-42e2-4fe8-a1f8-38fac05e3fbf" testName="GetPaged" computerName="PC-SFERRARI" duration="00:00:00.0064826" startTime="2021-10-05T11:58:36.0366653+02:00" endTime="2021-10-05T11:58:36.0432694+02:00" testType="13cdc9d9-ddb5-4fa4-a97d-d965ccfc6d4b" outcome="Passed" testListId="8c84fa94-04c1-424b-9868-57a2d4851a1d" relativeResultsDirectory="e1618750-48e0-4b5c-bd6d-ce6f6f486146" />
    <UnitTestResult executionId="43ce2dce-f0db-46dd-bbbb-6bca73ecf974" testId="370d4682-0c87-423b-ad4a-083fe428638b" testName="GetOneWhere" computerName="PC-SFERRARI" duration="00:00:00.0104864" startTime="2021-10-05T11:58:35.9948612+02:00" endTime="2021-10-05T11:58:36.0054642+02:00" testType="13cdc9d9-ddb5-4fa4-a97d-d965ccfc6d4b" outcome="Passed" testListId="8c84fa94-04c1-424b-9868-57a2d4851a1d" relativeResultsDirectory="43ce2dce-f0db-46dd-bbbb-6bca73ecf974" />
    <UnitTestResult executionId="fb420e1b-bb45-492c-8745-0e64e36ba99c" testId="f25f380a-6bee-4d39-981f-6720efec0358" testName="Delete" computerName="PC-SFERRARI" duration="00:00:00.0977027" startTime="2021-10-05T11:58:35.6562686+02:00" endTime="2021-10-05T11:58:35.7540698+02:00" testType="13cdc9d9-ddb5-4fa4-a97d-d965ccfc6d4b" outcome="Passed" testListId="8c84fa94-04c1-424b-9868-57a2d4851a1d" relativeResultsDirectory="fb420e1b-bb45-492c-8745-0e64e36ba99c" />
    <UnitTestResult executionId="d1b9f12d-8229-4001-8fa4-5b5f5aa5906c" testId="d2c6d726-d008-4c38-bbc2-aaf05fb71bf5" testName="GetOneAsyncWhereIncludesSelect" computerName="PC-SFERRARI" duration="00:00:00.0139199" startTime="2021-10-05T11:58:35.9698616+02:00" endTime="2021-10-05T11:58:35.9838943+02:00" testType="13cdc9d9-ddb5-4fa4-a97d-d965ccfc6d4b" outcome="Passed" testListId="8c84fa94-04c1-424b-9868-57a2d4851a1d" relativeResultsDirectory="d1b9f12d-8229-4001-8fa4-5b5f5aa5906c" />
    <UnitTestResult executionId="df506c38-327d-4b02-92d5-6c481cbe6059" testId="5e59bdf7-f5bd-4b76-97e1-ebe80dc046a7" testName="CountWhere" computerName="PC-SFERRARI" duration="00:00:00.0043768" startTime="2021-10-05T11:58:35.6416839+02:00" endTime="2021-10-05T11:58:35.6461891+02:00" testType="13cdc9d9-ddb5-4fa4-a97d-d965ccfc6d4b" outcome="Passed" testListId="8c84fa94-04c1-424b-9868-57a2d4851a1d" relativeResultsDirectory="df506c38-327d-4b02-92d5-6c481cbe6059" />
    <UnitTestResult executionId="b57dc79a-a788-41f2-a574-181068698e78" testId="66b82c9d-3792-4796-b9c5-89db6db6d4a7" testName="GetOneAsyncWhereInclude" computerName="PC-SFERRARI" duration="00:00:00.0259176" startTime="2021-10-05T11:58:35.9437636+02:00" endTime="2021-10-05T11:58:35.9697966+02:00" testType="13cdc9d9-ddb5-4fa4-a97d-d965ccfc6d4b" outcome="Passed" testListId="8c84fa94-04c1-424b-9868-57a2d4851a1d" relativeResultsDirectory="b57dc79a-a788-41f2-a574-181068698e78" />
    <UnitTestResult executionId="d0db90a6-ef6d-4e4f-a70d-e1b39a40d49f" testId="ea1ac828-1cb8-4d24-aa96-f4a764349829" testName="GetOneWhereInclude" computerName="PC-SFERRARI" duration="00:00:00.0149381" startTime="2021-10-05T11:58:36.0055295+02:00" endTime="2021-10-05T11:58:36.0205862+02:00" testType="13cdc9d9-ddb5-4fa4-a97d-d965ccfc6d4b" outcome="Passed" testListId="8c84fa94-04c1-424b-9868-57a2d4851a1d" relativeResultsDirectory="d0db90a6-ef6d-4e4f-a70d-e1b39a40d49f" />
    <UnitTestResult executionId="b71c6a79-1da3-4251-b41b-e6a52b09b8a5" testId="c19c2a98-6a0a-49b8-bc76-08a7025c94cd" testName="Add" computerName="PC-SFERRARI" duration="00:00:01.1564216" startTime="2021-10-05T11:58:34.3310234+02:00" endTime="2021-10-05T11:58:35.4884389+02:00" testType="13cdc9d9-ddb5-4fa4-a97d-d965ccfc6d4b" outcome="Passed" testListId="8c84fa94-04c1-424b-9868-57a2d4851a1d" relativeResultsDirectory="b71c6a79-1da3-4251-b41b-e6a52b09b8a5" />
    <UnitTestResult executionId="c6b419a7-5b93-41de-98b5-8a5a00bcf54f" testId="2dbb5630-f996-4163-ac6c-7daa7f9a7bc4" testName="NameConvert" computerName="PC-SFERRARI" duration="00:00:00.0091646" startTime="2021-10-05T11:58:34.3159614+02:00" endTime="2021-10-05T11:58:34.3252602+02:00" testType="13cdc9d9-ddb5-4fa4-a97d-d965ccfc6d4b" outcome="Passed" testListId="8c84fa94-04c1-424b-9868-57a2d4851a1d" relativeResultsDirectory="c6b419a7-5b93-41de-98b5-8a5a00bcf54f" />
    <UnitTestResult executionId="4a73436a-f7c4-45de-913a-936d610b1d7e" testId="a22d9979-77ee-4d03-81a1-048365960aec" testName="AnyWhere" computerName="PC-SFERRARI" duration="00:00:00.0250430" startTime="2021-10-05T11:58:35.6027307+02:00" endTime="2021-10-05T11:58:35.6279031+02:00" testType="13cdc9d9-ddb5-4fa4-a97d-d965ccfc6d4b" outcome="Passed" testListId="8c84fa94-04c1-424b-9868-57a2d4851a1d" relativeResultsDirectory="4a73436a-f7c4-45de-913a-936d610b1d7e" />
    <UnitTestResult executionId="bb8e56dd-3f78-4882-b8a8-c015a6e88581" testId="f7d1534f-eb3b-467e-9e10-0a114b4f14ee" testName="SubdomainConvert" computerName="PC-SFERRARI" duration="00:00:00.0027588" startTime="2021-10-05T11:58:34.3280003+02:00" endTime="2021-10-05T11:58:34.3309239+02:00" testType="13cdc9d9-ddb5-4fa4-a97d-d965ccfc6d4b" outcome="Passed" testListId="8c84fa94-04c1-424b-9868-57a2d4851a1d" relativeResultsDirectory="bb8e56dd-3f78-4882-b8a8-c015a6e88581" />
    <UnitTestResult executionId="97dcdd29-2436-4d7e-b2f8-3c02bad340f1" testId="1e90a539-108f-45c9-927b-e2da972139db" testName="GetAllAsyncWhereIncludesSelect" computerName="PC-SFERRARI" duration="00:00:00.0135702" startTime="2021-10-05T11:58:35.8816786+02:00" endTime="2021-10-05T11:58:35.8953465+02:00" testType="13cdc9d9-ddb5-4fa4-a97d-d965ccfc6d4b" outcome="Passed" testListId="8c84fa94-04c1-424b-9868-57a2d4851a1d" relativeResultsDirectory="97dcdd29-2436-4d7e-b2f8-3c02bad340f1" />
    <UnitTestResult executionId="a581070b-9692-49bb-acfc-d5f90cb54e11" testId="82f493e8-a521-4b1c-82ed-0c6edf896a9f" testName="EnumConvertValue" computerName="PC-SFERRARI" duration="00:00:00.0077871" startTime="2021-10-05T11:58:34.3079514+02:00" endTime="2021-10-05T11:58:34.3158778+02:00" testType="13cdc9d9-ddb5-4fa4-a97d-d965ccfc6d4b" outcome="Passed" testListId="8c84fa94-04c1-424b-9868-57a2d4851a1d" relativeResultsDirectory="a581070b-9692-49bb-acfc-d5f90cb54e11" />
    <UnitTestResult executionId="97772fb2-d049-44b5-8726-85a43ecaf9d6" testId="e19c0a93-ddcf-4a08-8790-2e232dc877be" testName="Update" computerName="PC-SFERRARI" duration="00:00:00.0134880" startTime="2021-10-05T11:58:36.1147520+02:00" endTime="2021-10-05T11:58:36.1283602+02:00" testType="13cdc9d9-ddb5-4fa4-a97d-d965ccfc6d4b" outcome="Passed" testListId="8c84fa94-04c1-424b-9868-57a2d4851a1d" relativeResultsDirectory="97772fb2-d049-44b5-8726-85a43ecaf9d6" />
    <UnitTestResult executionId="4cab0ca2-0b24-4d61-8e0f-795845ca1c36" testId="4a6edd6c-15c4-4265-b8c7-0dc1f7f96654" testName="GetAllWhere" computerName="PC-SFERRARI" duration="00:00:00.0085714" startTime="2021-10-05T11:58:35.8985123+02:00" endTime="2021-10-05T11:58:35.9071757+02:00" testType="13cdc9d9-ddb5-4fa4-a97d-d965ccfc6d4b" outcome="Passed" testListId="8c84fa94-04c1-424b-9868-57a2d4851a1d" relativeResultsDirectory="4cab0ca2-0b24-4d61-8e0f-795845ca1c36" />
    <UnitTestResult executionId="fd4fa09a-3ade-438d-b852-3c7ec682cb60" testId="ca3589af-f1e7-4805-baa8-32857dc0dd23" testName="EmailConvert" computerName="PC-SFERRARI" duration="00:00:00.0294424" startTime="2021-10-05T11:58:34.1699739+02:00" endTime="2021-10-05T11:58:34.2794671+02:00" testType="13cdc9d9-ddb5-4fa4-a97d-d965ccfc6d4b" outcome="Passed" testListId="8c84fa94-04c1-424b-9868-57a2d4851a1d" relativeResultsDirectory="fd4fa09a-3ade-438d-b852-3c7ec682cb60" />
    <UnitTestResult executionId="86d8fc12-23b5-49a6-a22c-ac1b7df9c643" testId="70f64e1b-6295-428d-b6a2-dc2550a14c27" testName="GetAllAsync" computerName="PC-SFERRARI" duration="00:00:00.0237567" startTime="2021-10-05T11:58:35.8340548+02:00" endTime="2021-10-05T11:58:35.8579367+02:00" testType="13cdc9d9-ddb5-4fa4-a97d-d965ccfc6d4b" outcome="Passed" testListId="8c84fa94-04c1-424b-9868-57a2d4851a1d" relativeResultsDirectory="86d8fc12-23b5-49a6-a22c-ac1b7df9c643" />
    <UnitTestResult executionId="c00e3b58-df85-46f8-bd3d-2547f17b5c82" testId="f2dd06c4-f61f-4f2f-b0be-01df5d03a2ea" testName="AddRangeAsync" computerName="PC-SFERRARI" duration="00:00:00.0038908" startTime="2021-10-05T11:58:35.5846991+02:00" endTime="2021-10-05T11:58:35.5887429+02:00" testType="13cdc9d9-ddb5-4fa4-a97d-d965ccfc6d4b" outcome="Passed" testListId="8c84fa94-04c1-424b-9868-57a2d4851a1d" relativeResultsDirectory="c00e3b58-df85-46f8-bd3d-2547f17b5c82" />
    <UnitTestResult executionId="48a64571-1932-4e52-8889-eef081ac927e" testId="34ca5621-4cad-4ee7-8f5f-83d9f5641b79" testName="FindAsync" computerName="PC-SFERRARI" duration="00:00:00.0201338" startTime="2021-10-05T11:58:35.8034318+02:00" endTime="2021-10-05T11:58:35.8236879+02:00" testType="13cdc9d9-ddb5-4fa4-a97d-d965ccfc6d4b" outcome="Passed" testListId="8c84fa94-04c1-424b-9868-57a2d4851a1d" relativeResultsDirectory="48a64571-1932-4e52-8889-eef081ac927e" />
    <UnitTestResult executionId="f3dec129-2ae6-4221-b4e7-9e24ad35886f" testId="c3e31feb-e9ae-4918-9119-7ec3ef990748" testName="AddRange" computerName="PC-SFERRARI" duration="00:00:00.0267104" startTime="2021-10-05T11:58:35.5577431+02:00" endTime="2021-10-05T11:58:35.5846088+02:00" testType="13cdc9d9-ddb5-4fa4-a97d-d965ccfc6d4b" outcome="Passed" testListId="8c84fa94-04c1-424b-9868-57a2d4851a1d" relativeResultsDirectory="f3dec129-2ae6-4221-b4e7-9e24ad35886f" />
    <UnitTestResult executionId="c3818cb7-289d-4c99-b661-b2963a45a349" testId="196d1cbb-772d-4286-9b92-6be87f4a8b12" testName="GetAllAsyncWhere" computerName="PC-SFERRARI" duration="00:00:00.0098961" startTime="2021-10-05T11:58:35.8580008+02:00" endTime="2021-10-05T11:58:35.8679990+02:00" testType="13cdc9d9-ddb5-4fa4-a97d-d965ccfc6d4b" outcome="Passed" testListId="8c84fa94-04c1-424b-9868-57a2d4851a1d" relativeResultsDirectory="c3818cb7-289d-4c99-b661-b2963a45a349" />
    <UnitTestResult executionId="014a05ac-c8f8-4156-ae02-24d94d4e6416" testId="8ff42d33-dd89-473b-8e1f-11f55d5c4a71" testName="GetPagedWhereIncludes" computerName="PC-SFERRARI" duration="00:00:00.0017512" startTime="2021-10-05T11:58:36.0893510+02:00" endTime="2021-10-05T11:58:36.0913615+02:00" testType="13cdc9d9-ddb5-4fa4-a97d-d965ccfc6d4b" outcome="Passed" testListId="8c84fa94-04c1-424b-9868-57a2d4851a1d" relativeResultsDirectory="014a05ac-c8f8-4156-ae02-24d94d4e6416" />
    <UnitTestResult executionId="890e5397-d9a4-4ec8-8ad4-a470f57722e3" testId="f11036f6-7b59-4e2b-8c90-e1ee2a5847b6" testName="GetPagedSelectOrderByNavigationProperty" computerName="PC-SFERRARI" duration="00:00:00.0043949" startTime="2021-10-05T11:58:36.0796301+02:00" endTime="2021-10-05T11:58:36.0841198+02:00" testType="13cdc9d9-ddb5-4fa4-a97d-d965ccfc6d4b" outcome="Passed" testListId="8c84fa94-04c1-424b-9868-57a2d4851a1d" relativeResultsDirectory="890e5397-d9a4-4ec8-8ad4-a470f57722e3" />
    <UnitTestResult executionId="3a6b04f2-e3e5-4a1d-9ea4-a51a9d821061" testId="3b7b65c6-6629-4dd6-bad7-57bdd6aac6ac" testName="UpdateSelect" computerName="PC-SFERRARI" duration="00:00:00.0015812" startTime="2021-10-05T11:58:36.1362302+02:00" endTime="2021-10-05T11:58:36.1379140+02:00" testType="13cdc9d9-ddb5-4fa4-a97d-d965ccfc6d4b" outcome="Passed" testListId="8c84fa94-04c1-424b-9868-57a2d4851a1d" relativeResultsDirectory="3a6b04f2-e3e5-4a1d-9ea4-a51a9d821061" />
    <UnitTestResult executionId="8d321981-6b9f-4372-8339-ddecf113780d" testId="9097dca7-28d1-405e-b22a-542af3ef4fde" testName="DeleteWhere" computerName="PC-SFERRARI" duration="00:00:00.0175469" startTime="2021-10-05T11:58:35.7562331+02:00" endTime="2021-10-05T11:58:35.7738800+02:00" testType="13cdc9d9-ddb5-4fa4-a97d-d965ccfc6d4b" outcome="Passed" testListId="8c84fa94-04c1-424b-9868-57a2d4851a1d" relativeResultsDirectory="8d321981-6b9f-4372-8339-ddecf113780d" />
    <UnitTestResult executionId="40d56929-4a5b-4706-9b2f-87d27db15229" testId="6c960b74-c46e-4b62-9317-8305825ddd40" testName="Count" computerName="PC-SFERRARI" duration="00:00:00.0008173" startTime="2021-10-05T11:58:35.6330169+02:00" endTime="2021-10-05T11:58:35.6339674+02:00" testType="13cdc9d9-ddb5-4fa4-a97d-d965ccfc6d4b" outcome="Passed" testListId="8c84fa94-04c1-424b-9868-57a2d4851a1d" relativeResultsDirectory="40d56929-4a5b-4706-9b2f-87d27db15229" />
    <UnitTestResult executionId="cb67ef13-b315-4cb4-8499-bba8c2e7e355" testId="ad5aa943-3a76-493d-9a68-88aa181b27f4" testName="GetPagedWhereSelect" computerName="PC-SFERRARI" duration="00:00:00.0015863" startTime="2021-10-05T11:58:36.0945842+02:00" endTime="2021-10-05T11:58:36.0962631+02:00" testType="13cdc9d9-ddb5-4fa4-a97d-d965ccfc6d4b" outcome="Passed" testListId="8c84fa94-04c1-424b-9868-57a2d4851a1d" relativeResultsDirectory="cb67ef13-b315-4cb4-8499-bba8c2e7e355" />
    <UnitTestResult executionId="36295b2e-8f12-4804-9af9-43616ed2d34a" testId="1abf3dc7-be19-4375-98a9-76ebae8549d7" testName="GetAll" computerName="PC-SFERRARI" duration="00:00:00.0087453" startTime="2021-10-05T11:58:35.8237566+02:00" endTime="2021-10-05T11:58:35.8326104+02:00" testType="13cdc9d9-ddb5-4fa4-a97d-d965ccfc6d4b" outcome="Passed" testListId="8c84fa94-04c1-424b-9868-57a2d4851a1d" relativeResultsDirectory="36295b2e-8f12-4804-9af9-43616ed2d34a" />
  </Results>
  <TestDefinitions>
    <UnitTest name="Any" storage="d:\sferrari\01 - trabajo\repos\netcore\libs\template-netcore-entityframework\kitpymes.core.entityframework.tests\bin\debug\net5.0\kitpymes.core.entityframework.tests.dll" id="d27d9b06-857d-402d-a697-c809b6791b10">
      <Execution id="c5fdb053-b5a6-42fe-a31e-99b78f64cdf9" />
      <TestMethod codeBase="D:\SFERRARI\01 - TRABAJO\repos\netcore\libs\template-netcore-entityframework\Kitpymes.Core.EntityFramework.Tests\bin\Debug\net5.0\Kitpymes.Core.EntityFramework.Tests.dll" adapterTypeName="executor://mstestadapter/v2" className="Kitpymes.Core.EntityFramework.Tests.EntityFrameworkRepositoryTests" name="Any" />
    </UnitTest>
    <UnitTest name="GetAllWhereIncludesSelect" storage="d:\sferrari\01 - trabajo\repos\netcore\libs\template-netcore-entityframework\kitpymes.core.entityframework.tests\bin\debug\net5.0\kitpymes.core.entityframework.tests.dll" id="cb707512-25c2-4a95-9825-6e5f54632a31">
      <Execution id="579fbaf2-d0a3-4060-9a47-2070d211b517" />
      <TestMethod codeBase="D:\SFERRARI\01 - TRABAJO\repos\netcore\libs\template-netcore-entityframework\Kitpymes.Core.EntityFramework.Tests\bin\Debug\net5.0\Kitpymes.Core.EntityFramework.Tests.dll" adapterTypeName="executor://mstestadapter/v2" className="Kitpymes.Core.EntityFramework.Tests.EntityFrameworkRepositoryTests" name="GetAllWhereIncludesSelect" />
    </UnitTest>
    <UnitTest name="GetPagedAsync" storage="d:\sferrari\01 - trabajo\repos\netcore\libs\template-netcore-entityframework\kitpymes.core.entityframework.tests\bin\debug\net5.0\kitpymes.core.entityframework.tests.dll" id="7f20a96b-36c7-4e3e-b975-1336226a4ce2">
      <Execution id="a8903985-2ba5-484c-9c58-f1e76b12aec7" />
      <TestMethod codeBase="D:\SFERRARI\01 - TRABAJO\repos\netcore\libs\template-netcore-entityframework\Kitpymes.Core.EntityFramework.Tests\bin\Debug\net5.0\Kitpymes.Core.EntityFramework.Tests.dll" adapterTypeName="executor://mstestadapter/v2" className="Kitpymes.Core.EntityFramework.Tests.EntityFrameworkRepositoryTests" name="GetPagedAsync" />
    </UnitTest>
    <UnitTest name="EnumConvertName" storage="d:\sferrari\01 - trabajo\repos\netcore\libs\template-netcore-entityframework\kitpymes.core.entityframework.tests\bin\debug\net5.0\kitpymes.core.entityframework.tests.dll" id="7e370963-3652-4fd2-8d34-3c59c2c70d77">
      <Execution id="2c4ee95d-b2b0-468f-b85f-207907536932" />
      <TestMethod codeBase="D:\SFERRARI\01 - TRABAJO\repos\netcore\libs\template-netcore-entityframework\Kitpymes.Core.EntityFramework.Tests\bin\Debug\net5.0\Kitpymes.Core.EntityFramework.Tests.dll" adapterTypeName="executor://mstestadapter/v2" className="Kitpymes.Core.EntityFramework.Tests.EntityFrameworkConverterTests" name="EnumConvertName" />
    </UnitTest>
    <UnitTest name="GetAll" storage="d:\sferrari\01 - trabajo\repos\netcore\libs\template-netcore-entityframework\kitpymes.core.entityframework.tests\bin\debug\net5.0\kitpymes.core.entityframework.tests.dll" id="1abf3dc7-be19-4375-98a9-76ebae8549d7">
      <Execution id="36295b2e-8f12-4804-9af9-43616ed2d34a" />
      <TestMethod codeBase="D:\SFERRARI\01 - TRABAJO\repos\netcore\libs\template-netcore-entityframework\Kitpymes.Core.EntityFramework.Tests\bin\Debug\net5.0\Kitpymes.Core.EntityFramework.Tests.dll" adapterTypeName="executor://mstestadapter/v2" className="Kitpymes.Core.EntityFramework.Tests.EntityFrameworkRepositoryTests" name="GetAll" />
    </UnitTest>
    <UnitTest name="GetPagedWhereIncludesSelect" storage="d:\sferrari\01 - trabajo\repos\netcore\libs\template-netcore-entityframework\kitpymes.core.entityframework.tests\bin\debug\net5.0\kitpymes.core.entityframework.tests.dll" id="6ff59a29-7368-4eae-a494-3e06e10fa70c">
      <Execution id="242a3621-a49d-4903-8411-33397c27494c" />
      <TestMethod codeBase="D:\SFERRARI\01 - TRABAJO\repos\netcore\libs\template-netcore-entityframework\Kitpymes.Core.EntityFramework.Tests\bin\Debug\net5.0\Kitpymes.Core.EntityFramework.Tests.dll" adapterTypeName="executor://mstestadapter/v2" className="Kitpymes.Core.EntityFramework.Tests.EntityFrameworkRepositoryTests" name="GetPagedWhereIncludesSelect" />
    </UnitTest>
    <UnitTest name="GetOnetWhereIncludesSelect" storage="d:\sferrari\01 - trabajo\repos\netcore\libs\template-netcore-entityframework\kitpymes.core.entityframework.tests\bin\debug\net5.0\kitpymes.core.entityframework.tests.dll" id="531ba0fb-72a0-453e-b502-2ae297cbd5d8">
      <Execution id="bc1099a0-0296-4a99-9989-a5be52ccb24a" />
      <TestMethod codeBase="D:\SFERRARI\01 - TRABAJO\repos\netcore\libs\template-netcore-entityframework\Kitpymes.Core.EntityFramework.Tests\bin\Debug\net5.0\Kitpymes.Core.EntityFramework.Tests.dll" adapterTypeName="executor://mstestadapter/v2" className="Kitpymes.Core.EntityFramework.Tests.EntityFrameworkRepositoryTests" name="GetOnetWhereIncludesSelect" />
    </UnitTest>
    <UnitTest name="DeleteAsynchronous" storage="d:\sferrari\01 - trabajo\repos\netcore\libs\template-netcore-entityframework\kitpymes.core.entityframework.tests\bin\debug\net5.0\kitpymes.core.entityframework.tests.dll" id="a7a17a94-4724-49be-b50d-b620a2b16587">
      <Execution id="c99ea15a-1a04-4769-84af-8f574f1aa700" />
      <TestMethod codeBase="D:\SFERRARI\01 - TRABAJO\repos\netcore\libs\template-netcore-entityframework\Kitpymes.Core.EntityFramework.Tests\bin\Debug\net5.0\Kitpymes.Core.EntityFramework.Tests.dll" adapterTypeName="executor://mstestadapter/v2" className="Kitpymes.Core.EntityFramework.Tests.EntityFrameworkRepositoryTests" name="DeleteAsynchronous" />
    </UnitTest>
    <UnitTest name="GetAllWhere" storage="d:\sferrari\01 - trabajo\repos\netcore\libs\template-netcore-entityframework\kitpymes.core.entityframework.tests\bin\debug\net5.0\kitpymes.core.entityframework.tests.dll" id="4a6edd6c-15c4-4265-b8c7-0dc1f7f96654">
      <Execution id="4cab0ca2-0b24-4d61-8e0f-795845ca1c36" />
      <TestMethod codeBase="D:\SFERRARI\01 - TRABAJO\repos\netcore\libs\template-netcore-entityframework\Kitpymes.Core.EntityFramework.Tests\bin\Debug\net5.0\Kitpymes.Core.EntityFramework.Tests.dll" adapterTypeName="executor://mstestadapter/v2" className="Kitpymes.Core.EntityFramework.Tests.EntityFrameworkRepositoryTests" name="GetAllWhere" />
    </UnitTest>
    <UnitTest name="EmailConvert" storage="d:\sferrari\01 - trabajo\repos\netcore\libs\template-netcore-entityframework\kitpymes.core.entityframework.tests\bin\debug\net5.0\kitpymes.core.entityframework.tests.dll" id="ca3589af-f1e7-4805-baa8-32857dc0dd23">
      <Execution id="fd4fa09a-3ade-438d-b852-3c7ec682cb60" />
      <TestMethod codeBase="D:\SFERRARI\01 - TRABAJO\repos\netcore\libs\template-netcore-entityframework\Kitpymes.Core.EntityFramework.Tests\bin\Debug\net5.0\Kitpymes.Core.EntityFramework.Tests.dll" adapterTypeName="executor://mstestadapter/v2" className="Kitpymes.Core.EntityFramework.Tests.EntityFrameworkConverterTests" name="EmailConvert" />
    </UnitTest>
    <UnitTest name="NameConvert" storage="d:\sferrari\01 - trabajo\repos\netcore\libs\template-netcore-entityframework\kitpymes.core.entityframework.tests\bin\debug\net5.0\kitpymes.core.entityframework.tests.dll" id="2dbb5630-f996-4163-ac6c-7daa7f9a7bc4">
      <Execution id="c6b419a7-5b93-41de-98b5-8a5a00bcf54f" />
      <TestMethod codeBase="D:\SFERRARI\01 - TRABAJO\repos\netcore\libs\template-netcore-entityframework\Kitpymes.Core.EntityFramework.Tests\bin\Debug\net5.0\Kitpymes.Core.EntityFramework.Tests.dll" adapterTypeName="executor://mstestadapter/v2" className="Kitpymes.Core.EntityFramework.Tests.EntityFrameworkConverterTests" name="NameConvert" />
    </UnitTest>
    <UnitTest name="GetOneWhere" storage="d:\sferrari\01 - trabajo\repos\netcore\libs\template-netcore-entityframework\kitpymes.core.entityframework.tests\bin\debug\net5.0\kitpymes.core.entityframework.tests.dll" id="370d4682-0c87-423b-ad4a-083fe428638b">
      <Execution id="43ce2dce-f0db-46dd-bbbb-6bca73ecf974" />
      <TestMethod codeBase="D:\SFERRARI\01 - TRABAJO\repos\netcore\libs\template-netcore-entityframework\Kitpymes.Core.EntityFramework.Tests\bin\Debug\net5.0\Kitpymes.Core.EntityFramework.Tests.dll" adapterTypeName="executor://mstestadapter/v2" className="Kitpymes.Core.EntityFramework.Tests.EntityFrameworkRepositoryTests" name="GetOneWhere" />
    </UnitTest>
    <UnitTest name="GetOneAsyncWhereSelect" storage="d:\sferrari\01 - trabajo\repos\netcore\libs\template-netcore-entityframework\kitpymes.core.entityframework.tests\bin\debug\net5.0\kitpymes.core.entityframework.tests.dll" id="3414c19c-00f1-4263-ae68-5059bf653498">
      <Execution id="98ded803-c177-4878-8cf4-a86bc44c837d" />
      <TestMethod codeBase="D:\SFERRARI\01 - TRABAJO\repos\netcore\libs\template-netcore-entityframework\Kitpymes.Core.EntityFramework.Tests\bin\Debug\net5.0\Kitpymes.Core.EntityFramework.Tests.dll" adapterTypeName="executor://mstestadapter/v2" className="Kitpymes.Core.EntityFramework.Tests.EntityFrameworkRepositoryTests" name="GetOneAsyncWhereSelect" />
    </UnitTest>
    <UnitTest name="GetAllAsyncWhereIncludes" storage="d:\sferrari\01 - trabajo\repos\netcore\libs\template-netcore-entityframework\kitpymes.core.entityframework.tests\bin\debug\net5.0\kitpymes.core.entityframework.tests.dll" id="1f89718e-6e12-4f2c-985c-555e2281790d">
      <Execution id="9446f8fa-a87d-4960-a5e4-a7faaf8e1b5a" />
      <TestMethod codeBase="D:\SFERRARI\01 - TRABAJO\repos\netcore\libs\template-netcore-entityframework\Kitpymes.Core.EntityFramework.Tests\bin\Debug\net5.0\Kitpymes.Core.EntityFramework.Tests.dll" adapterTypeName="executor://mstestadapter/v2" className="Kitpymes.Core.EntityFramework.Tests.EntityFrameworkRepositoryTests" name="GetAllAsyncWhereIncludes" />
    </UnitTest>
    <UnitTest name="AnyWhereAsync" storage="d:\sferrari\01 - trabajo\repos\netcore\libs\template-netcore-entityframework\kitpymes.core.entityframework.tests\bin\debug\net5.0\kitpymes.core.entityframework.tests.dll" id="15863443-7de9-4341-aeda-18c6ba86330d">
      <Execution id="4f8d466e-c8d0-49af-a3d3-fcd6c1643a69" />
      <TestMethod codeBase="D:\SFERRARI\01 - TRABAJO\repos\netcore\libs\template-netcore-entityframework\Kitpymes.Core.EntityFramework.Tests\bin\Debug\net5.0\Kitpymes.Core.EntityFramework.Tests.dll" adapterTypeName="executor://mstestadapter/v2" className="Kitpymes.Core.EntityFramework.Tests.EntityFrameworkRepositoryTests" name="AnyWhereAsync" />
    </UnitTest>
    <UnitTest name="Count" storage="d:\sferrari\01 - trabajo\repos\netcore\libs\template-netcore-entityframework\kitpymes.core.entityframework.tests\bin\debug\net5.0\kitpymes.core.entityframework.tests.dll" id="6c960b74-c46e-4b62-9317-8305825ddd40">
      <Execution id="40d56929-4a5b-4706-9b2f-87d27db15229" />
      <TestMethod codeBase="D:\SFERRARI\01 - TRABAJO\repos\netcore\libs\template-netcore-entityframework\Kitpymes.Core.EntityFramework.Tests\bin\Debug\net5.0\Kitpymes.Core.EntityFramework.Tests.dll" adapterTypeName="executor://mstestadapter/v2" className="Kitpymes.Core.EntityFramework.Tests.EntityFrameworkRepositoryTests" name="Count" />
    </UnitTest>
    <UnitTest name="Delete" storage="d:\sferrari\01 - trabajo\repos\netcore\libs\template-netcore-entityframework\kitpymes.core.entityframework.tests\bin\debug\net5.0\kitpymes.core.entityframework.tests.dll" id="f25f380a-6bee-4d39-981f-6720efec0358">
      <Execution id="fb420e1b-bb45-492c-8745-0e64e36ba99c" />
      <TestMethod codeBase="D:\SFERRARI\01 - TRABAJO\repos\netcore\libs\template-netcore-entityframework\Kitpymes.Core.EntityFramework.Tests\bin\Debug\net5.0\Kitpymes.Core.EntityFramework.Tests.dll" adapterTypeName="executor://mstestadapter/v2" className="Kitpymes.Core.EntityFramework.Tests.EntityFrameworkRepositoryTests" name="Delete" />
    </UnitTest>
    <UnitTest name="DeleteWhereAsynchronous" storage="d:\sferrari\01 - trabajo\repos\netcore\libs\template-netcore-entityframework\kitpymes.core.entityframework.tests\bin\debug\net5.0\kitpymes.core.entityframework.tests.dll" id="d9902d75-f918-4b44-9557-1e900eb03a88">
      <Execution id="c808c966-0208-4dce-91e1-8fbfae5406e8" />
      <TestMethod codeBase="D:\SFERRARI\01 - TRABAJO\repos\netcore\libs\template-netcore-entityframework\Kitpymes.Core.EntityFramework.Tests\bin\Debug\net5.0\Kitpymes.Core.EntityFramework.Tests.dll" adapterTypeName="executor://mstestadapter/v2" className="Kitpymes.Core.EntityFramework.Tests.EntityFrameworkRepositoryTests" name="DeleteWhereAsynchronous" />
    </UnitTest>
    <UnitTest name="AnyWhere" storage="d:\sferrari\01 - trabajo\repos\netcore\libs\template-netcore-entityframework\kitpymes.core.entityframework.tests\bin\debug\net5.0\kitpymes.core.entityframework.tests.dll" id="a22d9979-77ee-4d03-81a1-048365960aec">
      <Execution id="4a73436a-f7c4-45de-913a-936d610b1d7e" />
      <TestMethod codeBase="D:\SFERRARI\01 - TRABAJO\repos\netcore\libs\template-netcore-entityframework\Kitpymes.Core.EntityFramework.Tests\bin\Debug\net5.0\Kitpymes.Core.EntityFramework.Tests.dll" adapterTypeName="executor://mstestadapter/v2" className="Kitpymes.Core.EntityFramework.Tests.EntityFrameworkRepositoryTests" name="AnyWhere" />
    </UnitTest>
    <UnitTest name="CountAsync" storage="d:\sferrari\01 - trabajo\repos\netcore\libs\template-netcore-entityframework\kitpymes.core.entityframework.tests\bin\debug\net5.0\kitpymes.core.entityframework.tests.dll" id="a561ffee-6c2e-4ddb-9a00-7e01eb790022">
      <Execution id="950bda1d-f0cc-4b47-a6e6-06eccf5fefd3" />
      <TestMethod codeBase="D:\SFERRARI\01 - TRABAJO\repos\netcore\libs\template-netcore-entityframework\Kitpymes.Core.EntityFramework.Tests\bin\Debug\net5.0\Kitpymes.Core.EntityFramework.Tests.dll" adapterTypeName="executor://mstestadapter/v2" className="Kitpymes.Core.EntityFramework.Tests.EntityFrameworkRepositoryTests" name="CountAsync" />
    </UnitTest>
    <UnitTest name="AddRange" storage="d:\sferrari\01 - trabajo\repos\netcore\libs\template-netcore-entityframework\kitpymes.core.entityframework.tests\bin\debug\net5.0\kitpymes.core.entityframework.tests.dll" id="c3e31feb-e9ae-4918-9119-7ec3ef990748">
      <Execution id="f3dec129-2ae6-4221-b4e7-9e24ad35886f" />
      <TestMethod codeBase="D:\SFERRARI\01 - TRABAJO\repos\netcore\libs\template-netcore-entityframework\Kitpymes.Core.EntityFramework.Tests\bin\Debug\net5.0\Kitpymes.Core.EntityFramework.Tests.dll" adapterTypeName="executor://mstestadapter/v2" className="Kitpymes.Core.EntityFramework.Tests.EntityFrameworkRepositoryTests" name="AddRange" />
    </UnitTest>
    <UnitTest name="UpdateSelect" storage="d:\sferrari\01 - trabajo\repos\netcore\libs\template-netcore-entityframework\kitpymes.core.entityframework.tests\bin\debug\net5.0\kitpymes.core.entityframework.tests.dll" id="3b7b65c6-6629-4dd6-bad7-57bdd6aac6ac">
      <Execution id="3a6b04f2-e3e5-4a1d-9ea4-a51a9d821061" />
      <TestMethod codeBase="D:\SFERRARI\01 - TRABAJO\repos\netcore\libs\template-netcore-entityframework\Kitpymes.Core.EntityFramework.Tests\bin\Debug\net5.0\Kitpymes.Core.EntityFramework.Tests.dll" adapterTypeName="executor://mstestadapter/v2" className="Kitpymes.Core.EntityFramework.Tests.EntityFrameworkRepositoryTests" name="UpdateSelect" />
    </UnitTest>
    <UnitTest name="AddRangeAsync" storage="d:\sferrari\01 - trabajo\repos\netcore\libs\template-netcore-entityframework\kitpymes.core.entityframework.tests\bin\debug\net5.0\kitpymes.core.entityframework.tests.dll" id="f2dd06c4-f61f-4f2f-b0be-01df5d03a2ea">
      <Execution id="c00e3b58-df85-46f8-bd3d-2547f17b5c82" />
      <TestMethod codeBase="D:\SFERRARI\01 - TRABAJO\repos\netcore\libs\template-netcore-entityframework\Kitpymes.Core.EntityFramework.Tests\bin\Debug\net5.0\Kitpymes.Core.EntityFramework.Tests.dll" adapterTypeName="executor://mstestadapter/v2" className="Kitpymes.Core.EntityFramework.Tests.EntityFrameworkRepositoryTests" name="AddRangeAsync" />
    </UnitTest>
    <UnitTest name="GetOneAsyncWhereInclude" storage="d:\sferrari\01 - trabajo\repos\netcore\libs\template-netcore-entityframework\kitpymes.core.entityframework.tests\bin\debug\net5.0\kitpymes.core.entityframework.tests.dll" id="66b82c9d-3792-4796-b9c5-89db6db6d4a7">
      <Execution id="b57dc79a-a788-41f2-a574-181068698e78" />
      <TestMethod codeBase="D:\SFERRARI\01 - TRABAJO\repos\netcore\libs\template-netcore-entityframework\Kitpymes.Core.EntityFramework.Tests\bin\Debug\net5.0\Kitpymes.Core.EntityFramework.Tests.dll" adapterTypeName="executor://mstestadapter/v2" className="Kitpymes.Core.EntityFramework.Tests.EntityFrameworkRepositoryTests" name="GetOneAsyncWhereInclude" />
    </UnitTest>
    <UnitTest name="GetPagedWhereIncludes" storage="d:\sferrari\01 - trabajo\repos\netcore\libs\template-netcore-entityframework\kitpymes.core.entityframework.tests\bin\debug\net5.0\kitpymes.core.entityframework.tests.dll" id="8ff42d33-dd89-473b-8e1f-11f55d5c4a71">
      <Execution id="014a05ac-c8f8-4156-ae02-24d94d4e6416" />
      <TestMethod codeBase="D:\SFERRARI\01 - TRABAJO\repos\netcore\libs\template-netcore-entityframework\Kitpymes.Core.EntityFramework.Tests\bin\Debug\net5.0\Kitpymes.Core.EntityFramework.Tests.dll" adapterTypeName="executor://mstestadapter/v2" className="Kitpymes.Core.EntityFramework.Tests.EntityFrameworkRepositoryTests" name="GetPagedWhereIncludes" />
    </UnitTest>
    <UnitTest name="GetAllAsync" storage="d:\sferrari\01 - trabajo\repos\netcore\libs\template-netcore-entityframework\kitpymes.core.entityframework.tests\bin\debug\net5.0\kitpymes.core.entityframework.tests.dll" id="70f64e1b-6295-428d-b6a2-dc2550a14c27">
      <Execution id="86d8fc12-23b5-49a6-a22c-ac1b7df9c643" />
      <TestMethod codeBase="D:\SFERRARI\01 - TRABAJO\repos\netcore\libs\template-netcore-entityframework\Kitpymes.Core.EntityFramework.Tests\bin\Debug\net5.0\Kitpymes.Core.EntityFramework.Tests.dll" adapterTypeName="executor://mstestadapter/v2" className="Kitpymes.Core.EntityFramework.Tests.EntityFrameworkRepositoryTests" name="GetAllAsync" />
    </UnitTest>
    <UnitTest name="Find" storage="d:\sferrari\01 - trabajo\repos\netcore\libs\template-netcore-entityframework\kitpymes.core.entityframework.tests\bin\debug\net5.0\kitpymes.core.entityframework.tests.dll" id="3187e401-4f17-43a3-972f-64292732fcf4">
      <Execution id="df784f8a-1fb9-4a19-9de3-bdc7a710ae4d" />
      <TestMethod codeBase="D:\SFERRARI\01 - TRABAJO\repos\netcore\libs\template-netcore-entityframework\Kitpymes.Core.EntityFramework.Tests\bin\Debug\net5.0\Kitpymes.Core.EntityFramework.Tests.dll" adapterTypeName="executor://mstestadapter/v2" className="Kitpymes.Core.EntityFramework.Tests.EntityFrameworkRepositoryTests" name="Find" />
    </UnitTest>
    <UnitTest name="GetAllWhereSelect" storage="d:\sferrari\01 - trabajo\repos\netcore\libs\template-netcore-entityframework\kitpymes.core.entityframework.tests\bin\debug\net5.0\kitpymes.core.entityframework.tests.dll" id="d2826c19-0b9d-4fb8-9377-67cbbbd550a7">
      <Execution id="c11ad2bd-3950-4374-bd82-cd0855f8854f" />
      <TestMethod codeBase="D:\SFERRARI\01 - TRABAJO\repos\netcore\libs\template-netcore-entityframework\Kitpymes.Core.EntityFramework.Tests\bin\Debug\net5.0\Kitpymes.Core.EntityFramework.Tests.dll" adapterTypeName="executor://mstestadapter/v2" className="Kitpymes.Core.EntityFramework.Tests.EntityFrameworkRepositoryTests" name="GetAllWhereSelect" />
    </UnitTest>
    <UnitTest name="GetAllAsyncWhere" storage="d:\sferrari\01 - trabajo\repos\netcore\libs\template-netcore-entityframework\kitpymes.core.entityframework.tests\bin\debug\net5.0\kitpymes.core.entityframework.tests.dll" id="196d1cbb-772d-4286-9b92-6be87f4a8b12">
      <Execution id="c3818cb7-289d-4c99-b661-b2963a45a349" />
      <TestMethod codeBase="D:\SFERRARI\01 - TRABAJO\repos\netcore\libs\template-netcore-entityframework\Kitpymes.Core.EntityFramework.Tests\bin\Debug\net5.0\Kitpymes.Core.EntityFramework.Tests.dll" adapterTypeName="executor://mstestadapter/v2" className="Kitpymes.Core.EntityFramework.Tests.EntityFrameworkRepositoryTests" name="GetAllAsyncWhere" />
    </UnitTest>
    <UnitTest name="AnyAsync" storage="d:\sferrari\01 - trabajo\repos\netcore\libs\template-netcore-entityframework\kitpymes.core.entityframework.tests\bin\debug\net5.0\kitpymes.core.entityframework.tests.dll" id="00deb89f-2ac4-4ad4-abdd-6c07f736c417">
      <Execution id="41efce83-e0a6-4a9a-a8ad-851376944dba" />
      <TestMethod codeBase="D:\SFERRARI\01 - TRABAJO\repos\netcore\libs\template-netcore-entityframework\Kitpymes.Core.EntityFramework.Tests\bin\Debug\net5.0\Kitpymes.Core.EntityFramework.Tests.dll" adapterTypeName="executor://mstestadapter/v2" className="Kitpymes.Core.EntityFramework.Tests.EntityFrameworkRepositoryTests" name="AnyAsync" />
    </UnitTest>
    <UnitTest name="GetPagedAsyncWhere" storage="d:\sferrari\01 - trabajo\repos\netcore\libs\template-netcore-entityframework\kitpymes.core.entityframework.tests\bin\debug\net5.0\kitpymes.core.entityframework.tests.dll" id="9243a096-80d3-4e33-bbbf-4454efc4d300">
      <Execution id="e4c7d895-0d86-4bb9-9f3a-66ebe834e315" />
      <TestMethod codeBase="D:\SFERRARI\01 - TRABAJO\repos\netcore\libs\template-netcore-entityframework\Kitpymes.Core.EntityFramework.Tests\bin\Debug\net5.0\Kitpymes.Core.EntityFramework.Tests.dll" adapterTypeName="executor://mstestadapter/v2" className="Kitpymes.Core.EntityFramework.Tests.EntityFrameworkRepositoryTests" name="GetPagedAsyncWhere" />
    </UnitTest>
    <UnitTest name="Add" storage="d:\sferrari\01 - trabajo\repos\netcore\libs\template-netcore-entityframework\kitpymes.core.entityframework.tests\bin\debug\net5.0\kitpymes.core.entityframework.tests.dll" id="c19c2a98-6a0a-49b8-bc76-08a7025c94cd">
      <Execution id="b71c6a79-1da3-4251-b41b-e6a52b09b8a5" />
      <TestMethod codeBase="D:\SFERRARI\01 - TRABAJO\repos\netcore\libs\template-netcore-entityframework\Kitpymes.Core.EntityFramework.Tests\bin\Debug\net5.0\Kitpymes.Core.EntityFramework.Tests.dll" adapterTypeName="executor://mstestadapter/v2" className="Kitpymes.Core.EntityFramework.Tests.EntityFrameworkRepositoryTests" name="Add" />
    </UnitTest>
    <UnitTest name="StatusActiveConvert" storage="d:\sferrari\01 - trabajo\repos\netcore\libs\template-netcore-entityframework\kitpymes.core.entityframework.tests\bin\debug\net5.0\kitpymes.core.entityframework.tests.dll" id="06e1f2a1-89a4-4282-9673-c60069ea69ac">
      <Execution id="4dd69825-b3ca-42ac-9832-8825a89ab9d2" />
      <TestMethod codeBase="D:\SFERRARI\01 - TRABAJO\repos\netcore\libs\template-netcore-entityframework\Kitpymes.Core.EntityFramework.Tests\bin\Debug\net5.0\Kitpymes.Core.EntityFramework.Tests.dll" adapterTypeName="executor://mstestadapter/v2" className="Kitpymes.Core.EntityFramework.Tests.EntityFrameworkConverterTests" name="StatusActiveConvert" />
    </UnitTest>
    <UnitTest name="UpdateValueObject" storage="d:\sferrari\01 - trabajo\repos\netcore\libs\template-netcore-entityframework\kitpymes.core.entityframework.tests\bin\debug\net5.0\kitpymes.core.entityframework.tests.dll" id="7e6fbb90-51c7-4ef5-a056-4e8dd6a19b0d">
      <Execution id="da97b7bd-6bc0-4ba7-bc1f-26ccfb0f57b4" />
      <TestMethod codeBase="D:\SFERRARI\01 - TRABAJO\repos\netcore\libs\template-netcore-entityframework\Kitpymes.Core.EntityFramework.Tests\bin\Debug\net5.0\Kitpymes.Core.EntityFramework.Tests.dll" adapterTypeName="executor://mstestadapter/v2" className="Kitpymes.Core.EntityFramework.Tests.EntityFrameworkRepositoryTests" name="UpdateValueObject" />
    </UnitTest>
    <UnitTest name="EnumConvertValue" storage="d:\sferrari\01 - trabajo\repos\netcore\libs\template-netcore-entityframework\kitpymes.core.entityframework.tests\bin\debug\net5.0\kitpymes.core.entityframework.tests.dll" id="82f493e8-a521-4b1c-82ed-0c6edf896a9f">
      <Execution id="a581070b-9692-49bb-acfc-d5f90cb54e11" />
      <TestMethod codeBase="D:\SFERRARI\01 - TRABAJO\repos\netcore\libs\template-netcore-entityframework\Kitpymes.Core.EntityFramework.Tests\bin\Debug\net5.0\Kitpymes.Core.EntityFramework.Tests.dll" adapterTypeName="executor://mstestadapter/v2" className="Kitpymes.Core.EntityFramework.Tests.EntityFrameworkConverterTests" name="EnumConvertValue" />
    </UnitTest>
    <UnitTest name="GetPagedAsyncWhereIncludesSelect" storage="d:\sferrari\01 - trabajo\repos\netcore\libs\template-netcore-entityframework\kitpymes.core.entityframework.tests\bin\debug\net5.0\kitpymes.core.entityframework.tests.dll" id="f0df816b-5232-4c3e-aa6d-a49083ef9485">
      <Execution id="6b9f238c-e19a-4d2f-87f6-7d48e8abe5c6" />
      <TestMethod codeBase="D:\SFERRARI\01 - TRABAJO\repos\netcore\libs\template-netcore-entityframework\Kitpymes.Core.EntityFramework.Tests\bin\Debug\net5.0\Kitpymes.Core.EntityFramework.Tests.dll" adapterTypeName="executor://mstestadapter/v2" className="Kitpymes.Core.EntityFramework.Tests.EntityFrameworkRepositoryTests" name="GetPagedAsyncWhereIncludesSelect" />
    </UnitTest>
    <UnitTest name="AddAsync" storage="d:\sferrari\01 - trabajo\repos\netcore\libs\template-netcore-entityframework\kitpymes.core.entityframework.tests\bin\debug\net5.0\kitpymes.core.entityframework.tests.dll" id="2cbf0bca-c281-4ede-bb02-d6b896abc198">
      <Execution id="bd020b7a-76fd-4f84-a7ee-451d17cbd05c" />
      <TestMethod codeBase="D:\SFERRARI\01 - TRABAJO\repos\netcore\libs\template-netcore-entityframework\Kitpymes.Core.EntityFramework.Tests\bin\Debug\net5.0\Kitpymes.Core.EntityFramework.Tests.dll" adapterTypeName="executor://mstestadapter/v2" className="Kitpymes.Core.EntityFramework.Tests.EntityFrameworkRepositoryTests" name="AddAsync" />
    </UnitTest>
    <UnitTest name="GetAllAsyncWhereIncludesSelect" storage="d:\sferrari\01 - trabajo\repos\netcore\libs\template-netcore-entityframework\kitpymes.core.entityframework.tests\bin\debug\net5.0\kitpymes.core.entityframework.tests.dll" id="1e90a539-108f-45c9-927b-e2da972139db">
      <Execution id="97dcdd29-2436-4d7e-b2f8-3c02bad340f1" />
      <TestMethod codeBase="D:\SFERRARI\01 - TRABAJO\repos\netcore\libs\template-netcore-entityframework\Kitpymes.Core.EntityFramework.Tests\bin\Debug\net5.0\Kitpymes.Core.EntityFramework.Tests.dll" adapterTypeName="executor://mstestadapter/v2" className="Kitpymes.Core.EntityFramework.Tests.EntityFrameworkRepositoryTests" name="GetAllAsyncWhereIncludesSelect" />
    </UnitTest>
    <UnitTest name="CountWhere" storage="d:\sferrari\01 - trabajo\repos\netcore\libs\template-netcore-entityframework\kitpymes.core.entityframework.tests\bin\debug\net5.0\kitpymes.core.entityframework.tests.dll" id="5e59bdf7-f5bd-4b76-97e1-ebe80dc046a7">
      <Execution id="df506c38-327d-4b02-92d5-6c481cbe6059" />
      <TestMethod codeBase="D:\SFERRARI\01 - TRABAJO\repos\netcore\libs\template-netcore-entityframework\Kitpymes.Core.EntityFramework.Tests\bin\Debug\net5.0\Kitpymes.Core.EntityFramework.Tests.dll" adapterTypeName="executor://mstestadapter/v2" className="Kitpymes.Core.EntityFramework.Tests.EntityFrameworkRepositoryTests" name="CountWhere" />
    </UnitTest>
    <UnitTest name="GetPagedSelectOrderByNavigationProperty" storage="d:\sferrari\01 - trabajo\repos\netcore\libs\template-netcore-entityframework\kitpymes.core.entityframework.tests\bin\debug\net5.0\kitpymes.core.entityframework.tests.dll" id="f11036f6-7b59-4e2b-8c90-e1ee2a5847b6">
      <Execution id="890e5397-d9a4-4ec8-8ad4-a470f57722e3" />
      <TestMethod codeBase="D:\SFERRARI\01 - TRABAJO\repos\netcore\libs\template-netcore-entityframework\Kitpymes.Core.EntityFramework.Tests\bin\Debug\net5.0\Kitpymes.Core.EntityFramework.Tests.dll" adapterTypeName="executor://mstestadapter/v2" className="Kitpymes.Core.EntityFramework.Tests.EntityFrameworkRepositoryTests" name="GetPagedSelectOrderByNavigationProperty" />
    </UnitTest>
    <UnitTest name="GetAllWhereIncludes" storage="d:\sferrari\01 - trabajo\repos\netcore\libs\template-netcore-entityframework\kitpymes.core.entityframework.tests\bin\debug\net5.0\kitpymes.core.entityframework.tests.dll" id="310fd149-3c6a-4033-8089-1125ef00ab0d">
      <Execution id="254fe0dd-5d50-4297-9e55-0e2e4601867f" />
      <TestMethod codeBase="D:\SFERRARI\01 - TRABAJO\repos\netcore\libs\template-netcore-entityframework\Kitpymes.Core.EntityFramework.Tests\bin\Debug\net5.0\Kitpymes.Core.EntityFramework.Tests.dll" adapterTypeName="executor://mstestadapter/v2" className="Kitpymes.Core.EntityFramework.Tests.EntityFrameworkRepositoryTests" name="GetAllWhereIncludes" />
    </UnitTest>
    <UnitTest name="GetAllAsyncWhereSelect" storage="d:\sferrari\01 - trabajo\repos\netcore\libs\template-netcore-entityframework\kitpymes.core.entityframework.tests\bin\debug\net5.0\kitpymes.core.entityframework.tests.dll" id="6c098ea6-41a3-4cef-a6f3-550835162f87">
      <Execution id="ce127fcc-b42c-4c1a-a064-e42b29ca29a1" />
      <TestMethod codeBase="D:\SFERRARI\01 - TRABAJO\repos\netcore\libs\template-netcore-entityframework\Kitpymes.Core.EntityFramework.Tests\bin\Debug\net5.0\Kitpymes.Core.EntityFramework.Tests.dll" adapterTypeName="executor://mstestadapter/v2" className="Kitpymes.Core.EntityFramework.Tests.EntityFrameworkRepositoryTests" name="GetAllAsyncWhereSelect" />
    </UnitTest>
    <UnitTest name="SubdomainConvert" storage="d:\sferrari\01 - trabajo\repos\netcore\libs\template-netcore-entityframework\kitpymes.core.entityframework.tests\bin\debug\net5.0\kitpymes.core.entityframework.tests.dll" id="f7d1534f-eb3b-467e-9e10-0a114b4f14ee">
      <Execution id="bb8e56dd-3f78-4882-b8a8-c015a6e88581" />
      <TestMethod codeBase="D:\SFERRARI\01 - TRABAJO\repos\netcore\libs\template-netcore-entityframework\Kitpymes.Core.EntityFramework.Tests\bin\Debug\net5.0\Kitpymes.Core.EntityFramework.Tests.dll" adapterTypeName="executor://mstestadapter/v2" className="Kitpymes.Core.EntityFramework.Tests.EntityFrameworkConverterTests" name="SubdomainConvert" />
    </UnitTest>
    <UnitTest name="UpdatePartial" storage="d:\sferrari\01 - trabajo\repos\netcore\libs\template-netcore-entityframework\kitpymes.core.entityframework.tests\bin\debug\net5.0\kitpymes.core.entityframework.tests.dll" id="6bcd3161-b48c-41a3-b950-cbf857d1f559">
      <Execution id="bc60fccb-0062-427a-a29c-9d9398b38407" />
      <TestMethod codeBase="D:\SFERRARI\01 - TRABAJO\repos\netcore\libs\template-netcore-entityframework\Kitpymes.Core.EntityFramework.Tests\bin\Debug\net5.0\Kitpymes.Core.EntityFramework.Tests.dll" adapterTypeName="executor://mstestadapter/v2" className="Kitpymes.Core.EntityFramework.Tests.EntityFrameworkRepositoryTests" name="UpdatePartial" />
    </UnitTest>
    <UnitTest name="GetPagedWhere" storage="d:\sferrari\01 - trabajo\repos\netcore\libs\template-netcore-entityframework\kitpymes.core.entityframework.tests\bin\debug\net5.0\kitpymes.core.entityframework.tests.dll" id="7eb84795-1e5c-4a37-bf49-055d97c393c5">
      <Execution id="625fc255-6661-4b2a-9ed5-5219ba569449" />
      <TestMethod codeBase="D:\SFERRARI\01 - TRABAJO\repos\netcore\libs\template-netcore-entityframework\Kitpymes.Core.EntityFramework.Tests\bin\Debug\net5.0\Kitpymes.Core.EntityFramework.Tests.dll" adapterTypeName="executor://mstestadapter/v2" className="Kitpymes.Core.EntityFramework.Tests.EntityFrameworkRepositoryTests" name="GetPagedWhere" />
    </UnitTest>
    <UnitTest name="GetOneAsyncWhereIncludesSelect" storage="d:\sferrari\01 - trabajo\repos\netcore\libs\template-netcore-entityframework\kitpymes.core.entityframework.tests\bin\debug\net5.0\kitpymes.core.entityframework.tests.dll" id="d2c6d726-d008-4c38-bbc2-aaf05fb71bf5">
      <Execution id="d1b9f12d-8229-4001-8fa4-5b5f5aa5906c" />
      <TestMethod codeBase="D:\SFERRARI\01 - TRABAJO\repos\netcore\libs\template-netcore-entityframework\Kitpymes.Core.EntityFramework.Tests\bin\Debug\net5.0\Kitpymes.Core.EntityFramework.Tests.dll" adapterTypeName="executor://mstestadapter/v2" className="Kitpymes.Core.EntityFramework.Tests.EntityFrameworkRepositoryTests" name="GetOneAsyncWhereIncludesSelect" />
    </UnitTest>
    <UnitTest name="GetOneWhereInclude" storage="d:\sferrari\01 - trabajo\repos\netcore\libs\template-netcore-entityframework\kitpymes.core.entityframework.tests\bin\debug\net5.0\kitpymes.core.entityframework.tests.dll" id="ea1ac828-1cb8-4d24-aa96-f4a764349829">
      <Execution id="d0db90a6-ef6d-4e4f-a70d-e1b39a40d49f" />
      <TestMethod codeBase="D:\SFERRARI\01 - TRABAJO\repos\netcore\libs\template-netcore-entityframework\Kitpymes.Core.EntityFramework.Tests\bin\Debug\net5.0\Kitpymes.Core.EntityFramework.Tests.dll" adapterTypeName="executor://mstestadapter/v2" className="Kitpymes.Core.EntityFramework.Tests.EntityFrameworkRepositoryTests" name="GetOneWhereInclude" />
    </UnitTest>
    <UnitTest name="FindAsync" storage="d:\sferrari\01 - trabajo\repos\netcore\libs\template-netcore-entityframework\kitpymes.core.entityframework.tests\bin\debug\net5.0\kitpymes.core.entityframework.tests.dll" id="34ca5621-4cad-4ee7-8f5f-83d9f5641b79">
      <Execution id="48a64571-1932-4e52-8889-eef081ac927e" />
      <TestMethod codeBase="D:\SFERRARI\01 - TRABAJO\repos\netcore\libs\template-netcore-entityframework\Kitpymes.Core.EntityFramework.Tests\bin\Debug\net5.0\Kitpymes.Core.EntityFramework.Tests.dll" adapterTypeName="executor://mstestadapter/v2" className="Kitpymes.Core.EntityFramework.Tests.EntityFrameworkRepositoryTests" name="FindAsync" />
    </UnitTest>
    <UnitTest name="StatusInactiveConvert" storage="d:\sferrari\01 - trabajo\repos\netcore\libs\template-netcore-entityframework\kitpymes.core.entityframework.tests\bin\debug\net5.0\kitpymes.core.entityframework.tests.dll" id="36a2feca-2121-4105-bc92-e7629a78da31">
      <Execution id="35135368-5e19-4144-9e50-4f742323bf49" />
      <TestMethod codeBase="D:\SFERRARI\01 - TRABAJO\repos\netcore\libs\template-netcore-entityframework\Kitpymes.Core.EntityFramework.Tests\bin\Debug\net5.0\Kitpymes.Core.EntityFramework.Tests.dll" adapterTypeName="executor://mstestadapter/v2" className="Kitpymes.Core.EntityFramework.Tests.EntityFrameworkConverterTests" name="StatusInactiveConvert" />
    </UnitTest>
    <UnitTest name="UpdateAsynchronous" storage="d:\sferrari\01 - trabajo\repos\netcore\libs\template-netcore-entityframework\kitpymes.core.entityframework.tests\bin\debug\net5.0\kitpymes.core.entityframework.tests.dll" id="3ec7da4c-2191-4ab0-92a2-3ad8936269c4">
      <Execution id="8898af8d-073a-47c4-a4b2-8ed01af5dc1f" />
      <TestMethod codeBase="D:\SFERRARI\01 - TRABAJO\repos\netcore\libs\template-netcore-entityframework\Kitpymes.Core.EntityFramework.Tests\bin\Debug\net5.0\Kitpymes.Core.EntityFramework.Tests.dll" adapterTypeName="executor://mstestadapter/v2" className="Kitpymes.Core.EntityFramework.Tests.EntityFrameworkRepositoryTests" name="UpdateAsynchronous" />
    </UnitTest>
    <UnitTest name="GetOneAsyncWhere" storage="d:\sferrari\01 - trabajo\repos\netcore\libs\template-netcore-entityframework\kitpymes.core.entityframework.tests\bin\debug\net5.0\kitpymes.core.entityframework.tests.dll" id="72ca0fbb-f340-4dde-a59a-d5b2d3950de7">
      <Execution id="5c9d0750-0111-4de0-a17b-de579cbf2a98" />
      <TestMethod codeBase="D:\SFERRARI\01 - TRABAJO\repos\netcore\libs\template-netcore-entityframework\Kitpymes.Core.EntityFramework.Tests\bin\Debug\net5.0\Kitpymes.Core.EntityFramework.Tests.dll" adapterTypeName="executor://mstestadapter/v2" className="Kitpymes.Core.EntityFramework.Tests.EntityFrameworkRepositoryTests" name="GetOneAsyncWhere" />
    </UnitTest>
    <UnitTest name="QueryableOrderByDescending" storage="d:\sferrari\01 - trabajo\repos\netcore\libs\template-netcore-entityframework\kitpymes.core.entityframework.tests\bin\debug\net5.0\kitpymes.core.entityframework.tests.dll" id="b024f3fa-424b-4884-8394-605c8ad4fd6c">
      <Execution id="7d5aa50f-d757-4b95-9610-205bae8a03a5" />
      <TestMethod codeBase="D:\SFERRARI\01 - TRABAJO\repos\netcore\libs\template-netcore-entityframework\Kitpymes.Core.EntityFramework.Tests\bin\Debug\net5.0\Kitpymes.Core.EntityFramework.Tests.dll" adapterTypeName="executor://mstestadapter/v2" className="Kitpymes.Core.EntityFramework.Tests.EntityFrameworkRepositoryTests" name="QueryableOrderByDescending" />
    </UnitTest>
    <UnitTest name="DeleteWhere" storage="d:\sferrari\01 - trabajo\repos\netcore\libs\template-netcore-entityframework\kitpymes.core.entityframework.tests\bin\debug\net5.0\kitpymes.core.entityframework.tests.dll" id="9097dca7-28d1-405e-b22a-542af3ef4fde">
      <Execution id="8d321981-6b9f-4372-8339-ddecf113780d" />
      <TestMethod codeBase="D:\SFERRARI\01 - TRABAJO\repos\netcore\libs\template-netcore-entityframework\Kitpymes.Core.EntityFramework.Tests\bin\Debug\net5.0\Kitpymes.Core.EntityFramework.Tests.dll" adapterTypeName="executor://mstestadapter/v2" className="Kitpymes.Core.EntityFramework.Tests.EntityFrameworkRepositoryTests" name="DeleteWhere" />
    </UnitTest>
    <UnitTest name="GetPagedSelectOrderByProperty" storage="d:\sferrari\01 - trabajo\repos\netcore\libs\template-netcore-entityframework\kitpymes.core.entityframework.tests\bin\debug\net5.0\kitpymes.core.entityframework.tests.dll" id="82dd81f3-4549-428b-94ea-2461d7bf0587">
      <Execution id="25b73b55-6468-43a5-9646-7bf0f331f19b" />
      <TestMethod codeBase="D:\SFERRARI\01 - TRABAJO\repos\netcore\libs\template-netcore-entityframework\Kitpymes.Core.EntityFramework.Tests\bin\Debug\net5.0\Kitpymes.Core.EntityFramework.Tests.dll" adapterTypeName="executor://mstestadapter/v2" className="Kitpymes.Core.EntityFramework.Tests.EntityFrameworkRepositoryTests" name="GetPagedSelectOrderByProperty" />
    </UnitTest>
    <UnitTest name="Update" storage="d:\sferrari\01 - trabajo\repos\netcore\libs\template-netcore-entityframework\kitpymes.core.entityframework.tests\bin\debug\net5.0\kitpymes.core.entityframework.tests.dll" id="e19c0a93-ddcf-4a08-8790-2e232dc877be">
      <Execution id="97772fb2-d049-44b5-8726-85a43ecaf9d6" />
      <TestMethod codeBase="D:\SFERRARI\01 - TRABAJO\repos\netcore\libs\template-netcore-entityframework\Kitpymes.Core.EntityFramework.Tests\bin\Debug\net5.0\Kitpymes.Core.EntityFramework.Tests.dll" adapterTypeName="executor://mstestadapter/v2" className="Kitpymes.Core.EntityFramework.Tests.EntityFrameworkRepositoryTests" name="Update" />
    </UnitTest>
    <UnitTest name="GetOnetWhereSelect" storage="d:\sferrari\01 - trabajo\repos\netcore\libs\template-netcore-entityframework\kitpymes.core.entityframework.tests\bin\debug\net5.0\kitpymes.core.entityframework.tests.dll" id="eff1679c-9ebb-4313-8802-bbf72b90ec7d">
      <Execution id="263ebcbd-988d-48e1-be17-2007066aee99" />
      <TestMethod codeBase="D:\SFERRARI\01 - TRABAJO\repos\netcore\libs\template-netcore-entityframework\Kitpymes.Core.EntityFramework.Tests\bin\Debug\net5.0\Kitpymes.Core.EntityFramework.Tests.dll" adapterTypeName="executor://mstestadapter/v2" className="Kitpymes.Core.EntityFramework.Tests.EntityFrameworkRepositoryTests" name="GetOnetWhereSelect" />
    </UnitTest>
    <UnitTest name="GetPagedAsyncWhereSelect" storage="d:\sferrari\01 - trabajo\repos\netcore\libs\template-netcore-entityframework\kitpymes.core.entityframework.tests\bin\debug\net5.0\kitpymes.core.entityframework.tests.dll" id="28e6255f-e74c-4825-94d0-6b1d9c7d6e18">
      <Execution id="113c42b9-c81c-4ad3-a401-394695eac2f6" />
      <TestMethod codeBase="D:\SFERRARI\01 - TRABAJO\repos\netcore\libs\template-netcore-entityframework\Kitpymes.Core.EntityFramework.Tests\bin\Debug\net5.0\Kitpymes.Core.EntityFramework.Tests.dll" adapterTypeName="executor://mstestadapter/v2" className="Kitpymes.Core.EntityFramework.Tests.EntityFrameworkRepositoryTests" name="GetPagedAsyncWhereSelect" />
    </UnitTest>
    <UnitTest name="CountWhereAsync" storage="d:\sferrari\01 - trabajo\repos\netcore\libs\template-netcore-entityframework\kitpymes.core.entityframework.tests\bin\debug\net5.0\kitpymes.core.entityframework.tests.dll" id="aefa73a9-324b-4f09-a119-d5e0cd41c9cc">
      <Execution id="7a99bdf0-f3ba-49bc-811c-8ec5ae234319" />
      <TestMethod codeBase="D:\SFERRARI\01 - TRABAJO\repos\netcore\libs\template-netcore-entityframework\Kitpymes.Core.EntityFramework.Tests\bin\Debug\net5.0\Kitpymes.Core.EntityFramework.Tests.dll" adapterTypeName="executor://mstestadapter/v2" className="Kitpymes.Core.EntityFramework.Tests.EntityFrameworkRepositoryTests" name="CountWhereAsync" />
    </UnitTest>
    <UnitTest name="GetPaged" storage="d:\sferrari\01 - trabajo\repos\netcore\libs\template-netcore-entityframework\kitpymes.core.entityframework.tests\bin\debug\net5.0\kitpymes.core.entityframework.tests.dll" id="e14cc001-42e2-4fe8-a1f8-38fac05e3fbf">
      <Execution id="e1618750-48e0-4b5c-bd6d-ce6f6f486146" />
      <TestMethod codeBase="D:\SFERRARI\01 - TRABAJO\repos\netcore\libs\template-netcore-entityframework\Kitpymes.Core.EntityFramework.Tests\bin\Debug\net5.0\Kitpymes.Core.EntityFramework.Tests.dll" adapterTypeName="executor://mstestadapter/v2" className="Kitpymes.Core.EntityFramework.Tests.EntityFrameworkRepositoryTests" name="GetPaged" />
    </UnitTest>
    <UnitTest name="GetPagedWhereSelect" storage="d:\sferrari\01 - trabajo\repos\netcore\libs\template-netcore-entityframework\kitpymes.core.entityframework.tests\bin\debug\net5.0\kitpymes.core.entityframework.tests.dll" id="ad5aa943-3a76-493d-9a68-88aa181b27f4">
      <Execution id="cb67ef13-b315-4cb4-8499-bba8c2e7e355" />
      <TestMethod codeBase="D:\SFERRARI\01 - TRABAJO\repos\netcore\libs\template-netcore-entityframework\Kitpymes.Core.EntityFramework.Tests\bin\Debug\net5.0\Kitpymes.Core.EntityFramework.Tests.dll" adapterTypeName="executor://mstestadapter/v2" className="Kitpymes.Core.EntityFramework.Tests.EntityFrameworkRepositoryTests" name="GetPagedWhereSelect" />
    </UnitTest>
    <UnitTest name="GetPagedAsyncWhereIncludes" storage="d:\sferrari\01 - trabajo\repos\netcore\libs\template-netcore-entityframework\kitpymes.core.entityframework.tests\bin\debug\net5.0\kitpymes.core.entityframework.tests.dll" id="10263419-d80f-4ddc-a741-5527ea72a3fe">
      <Execution id="5881dc2b-f352-4812-8334-9b12d3a3249b" />
      <TestMethod codeBase="D:\SFERRARI\01 - TRABAJO\repos\netcore\libs\template-netcore-entityframework\Kitpymes.Core.EntityFramework.Tests\bin\Debug\net5.0\Kitpymes.Core.EntityFramework.Tests.dll" adapterTypeName="executor://mstestadapter/v2" className="Kitpymes.Core.EntityFramework.Tests.EntityFrameworkRepositoryTests" name="GetPagedAsyncWhereIncludes" />
    </UnitTest>
  </TestDefinitions>
  <TestEntries>
    <TestEntry testId="6ff59a29-7368-4eae-a494-3e06e10fa70c" executionId="242a3621-a49d-4903-8411-33397c27494c" testListId="8c84fa94-04c1-424b-9868-57a2d4851a1d" />
    <TestEntry testId="9243a096-80d3-4e33-bbbf-4454efc4d300" executionId="e4c7d895-0d86-4bb9-9f3a-66ebe834e315" testListId="8c84fa94-04c1-424b-9868-57a2d4851a1d" />
    <TestEntry testId="531ba0fb-72a0-453e-b502-2ae297cbd5d8" executionId="bc1099a0-0296-4a99-9989-a5be52ccb24a" testListId="8c84fa94-04c1-424b-9868-57a2d4851a1d" />
    <TestEntry testId="7e370963-3652-4fd2-8d34-3c59c2c70d77" executionId="2c4ee95d-b2b0-468f-b85f-207907536932" testListId="8c84fa94-04c1-424b-9868-57a2d4851a1d" />
    <TestEntry testId="a7a17a94-4724-49be-b50d-b620a2b16587" executionId="c99ea15a-1a04-4769-84af-8f574f1aa700" testListId="8c84fa94-04c1-424b-9868-57a2d4851a1d" />
    <TestEntry testId="7e6fbb90-51c7-4ef5-a056-4e8dd6a19b0d" executionId="da97b7bd-6bc0-4ba7-bc1f-26ccfb0f57b4" testListId="8c84fa94-04c1-424b-9868-57a2d4851a1d" />
    <TestEntry testId="72ca0fbb-f340-4dde-a59a-d5b2d3950de7" executionId="5c9d0750-0111-4de0-a17b-de579cbf2a98" testListId="8c84fa94-04c1-424b-9868-57a2d4851a1d" />
    <TestEntry testId="6bcd3161-b48c-41a3-b950-cbf857d1f559" executionId="bc60fccb-0062-427a-a29c-9d9398b38407" testListId="8c84fa94-04c1-424b-9868-57a2d4851a1d" />
    <TestEntry testId="310fd149-3c6a-4033-8089-1125ef00ab0d" executionId="254fe0dd-5d50-4297-9e55-0e2e4601867f" testListId="8c84fa94-04c1-424b-9868-57a2d4851a1d" />
    <TestEntry testId="cb707512-25c2-4a95-9825-6e5f54632a31" executionId="579fbaf2-d0a3-4060-9a47-2070d211b517" testListId="8c84fa94-04c1-424b-9868-57a2d4851a1d" />
    <TestEntry testId="82dd81f3-4549-428b-94ea-2461d7bf0587" executionId="25b73b55-6468-43a5-9646-7bf0f331f19b" testListId="8c84fa94-04c1-424b-9868-57a2d4851a1d" />
    <TestEntry testId="eff1679c-9ebb-4313-8802-bbf72b90ec7d" executionId="263ebcbd-988d-48e1-be17-2007066aee99" testListId="8c84fa94-04c1-424b-9868-57a2d4851a1d" />
    <TestEntry testId="3ec7da4c-2191-4ab0-92a2-3ad8936269c4" executionId="8898af8d-073a-47c4-a4b2-8ed01af5dc1f" testListId="8c84fa94-04c1-424b-9868-57a2d4851a1d" />
    <TestEntry testId="00deb89f-2ac4-4ad4-abdd-6c07f736c417" executionId="41efce83-e0a6-4a9a-a8ad-851376944dba" testListId="8c84fa94-04c1-424b-9868-57a2d4851a1d" />
    <TestEntry testId="3414c19c-00f1-4263-ae68-5059bf653498" executionId="98ded803-c177-4878-8cf4-a86bc44c837d" testListId="8c84fa94-04c1-424b-9868-57a2d4851a1d" />
    <TestEntry testId="15863443-7de9-4341-aeda-18c6ba86330d" executionId="4f8d466e-c8d0-49af-a3d3-fcd6c1643a69" testListId="8c84fa94-04c1-424b-9868-57a2d4851a1d" />
    <TestEntry testId="06e1f2a1-89a4-4282-9673-c60069ea69ac" executionId="4dd69825-b3ca-42ac-9832-8825a89ab9d2" testListId="8c84fa94-04c1-424b-9868-57a2d4851a1d" />
    <TestEntry testId="7eb84795-1e5c-4a37-bf49-055d97c393c5" executionId="625fc255-6661-4b2a-9ed5-5219ba569449" testListId="8c84fa94-04c1-424b-9868-57a2d4851a1d" />
    <TestEntry testId="6c098ea6-41a3-4cef-a6f3-550835162f87" executionId="ce127fcc-b42c-4c1a-a064-e42b29ca29a1" testListId="8c84fa94-04c1-424b-9868-57a2d4851a1d" />
    <TestEntry testId="28e6255f-e74c-4825-94d0-6b1d9c7d6e18" executionId="113c42b9-c81c-4ad3-a401-394695eac2f6" testListId="8c84fa94-04c1-424b-9868-57a2d4851a1d" />
    <TestEntry testId="36a2feca-2121-4105-bc92-e7629a78da31" executionId="35135368-5e19-4144-9e50-4f742323bf49" testListId="8c84fa94-04c1-424b-9868-57a2d4851a1d" />
    <TestEntry testId="d9902d75-f918-4b44-9557-1e900eb03a88" executionId="c808c966-0208-4dce-91e1-8fbfae5406e8" testListId="8c84fa94-04c1-424b-9868-57a2d4851a1d" />
    <TestEntry testId="2cbf0bca-c281-4ede-bb02-d6b896abc198" executionId="bd020b7a-76fd-4f84-a7ee-451d17cbd05c" testListId="8c84fa94-04c1-424b-9868-57a2d4851a1d" />
    <TestEntry testId="d2826c19-0b9d-4fb8-9377-67cbbbd550a7" executionId="c11ad2bd-3950-4374-bd82-cd0855f8854f" testListId="8c84fa94-04c1-424b-9868-57a2d4851a1d" />
    <TestEntry testId="d27d9b06-857d-402d-a697-c809b6791b10" executionId="c5fdb053-b5a6-42fe-a31e-99b78f64cdf9" testListId="8c84fa94-04c1-424b-9868-57a2d4851a1d" />
    <TestEntry testId="f0df816b-5232-4c3e-aa6d-a49083ef9485" executionId="6b9f238c-e19a-4d2f-87f6-7d48e8abe5c6" testListId="8c84fa94-04c1-424b-9868-57a2d4851a1d" />
    <TestEntry testId="a561ffee-6c2e-4ddb-9a00-7e01eb790022" executionId="950bda1d-f0cc-4b47-a6e6-06eccf5fefd3" testListId="8c84fa94-04c1-424b-9868-57a2d4851a1d" />
    <TestEntry testId="7f20a96b-36c7-4e3e-b975-1336226a4ce2" executionId="a8903985-2ba5-484c-9c58-f1e76b12aec7" testListId="8c84fa94-04c1-424b-9868-57a2d4851a1d" />
    <TestEntry testId="10263419-d80f-4ddc-a741-5527ea72a3fe" executionId="5881dc2b-f352-4812-8334-9b12d3a3249b" testListId="8c84fa94-04c1-424b-9868-57a2d4851a1d" />
    <TestEntry testId="aefa73a9-324b-4f09-a119-d5e0cd41c9cc" executionId="7a99bdf0-f3ba-49bc-811c-8ec5ae234319" testListId="8c84fa94-04c1-424b-9868-57a2d4851a1d" />
    <TestEntry testId="1f89718e-6e12-4f2c-985c-555e2281790d" executionId="9446f8fa-a87d-4960-a5e4-a7faaf8e1b5a" testListId="8c84fa94-04c1-424b-9868-57a2d4851a1d" />
    <TestEntry testId="3187e401-4f17-43a3-972f-64292732fcf4" executionId="df784f8a-1fb9-4a19-9de3-bdc7a710ae4d" testListId="8c84fa94-04c1-424b-9868-57a2d4851a1d" />
    <TestEntry testId="b024f3fa-424b-4884-8394-605c8ad4fd6c" executionId="7d5aa50f-d757-4b95-9610-205bae8a03a5" testListId="8c84fa94-04c1-424b-9868-57a2d4851a1d" />
    <TestEntry testId="e14cc001-42e2-4fe8-a1f8-38fac05e3fbf" executionId="e1618750-48e0-4b5c-bd6d-ce6f6f486146" testListId="8c84fa94-04c1-424b-9868-57a2d4851a1d" />
    <TestEntry testId="370d4682-0c87-423b-ad4a-083fe428638b" executionId="43ce2dce-f0db-46dd-bbbb-6bca73ecf974" testListId="8c84fa94-04c1-424b-9868-57a2d4851a1d" />
    <TestEntry testId="f25f380a-6bee-4d39-981f-6720efec0358" executionId="fb420e1b-bb45-492c-8745-0e64e36ba99c" testListId="8c84fa94-04c1-424b-9868-57a2d4851a1d" />
    <TestEntry testId="d2c6d726-d008-4c38-bbc2-aaf05fb71bf5" executionId="d1b9f12d-8229-4001-8fa4-5b5f5aa5906c" testListId="8c84fa94-04c1-424b-9868-57a2d4851a1d" />
    <TestEntry testId="5e59bdf7-f5bd-4b76-97e1-ebe80dc046a7" executionId="df506c38-327d-4b02-92d5-6c481cbe6059" testListId="8c84fa94-04c1-424b-9868-57a2d4851a1d" />
    <TestEntry testId="66b82c9d-3792-4796-b9c5-89db6db6d4a7" executionId="b57dc79a-a788-41f2-a574-181068698e78" testListId="8c84fa94-04c1-424b-9868-57a2d4851a1d" />
    <TestEntry testId="ea1ac828-1cb8-4d24-aa96-f4a764349829" executionId="d0db90a6-ef6d-4e4f-a70d-e1b39a40d49f" testListId="8c84fa94-04c1-424b-9868-57a2d4851a1d" />
    <TestEntry testId="c19c2a98-6a0a-49b8-bc76-08a7025c94cd" executionId="b71c6a79-1da3-4251-b41b-e6a52b09b8a5" testListId="8c84fa94-04c1-424b-9868-57a2d4851a1d" />
    <TestEntry testId="2dbb5630-f996-4163-ac6c-7daa7f9a7bc4" executionId="c6b419a7-5b93-41de-98b5-8a5a00bcf54f" testListId="8c84fa94-04c1-424b-9868-57a2d4851a1d" />
    <TestEntry testId="a22d9979-77ee-4d03-81a1-048365960aec" executionId="4a73436a-f7c4-45de-913a-936d610b1d7e" testListId="8c84fa94-04c1-424b-9868-57a2d4851a1d" />
    <TestEntry testId="f7d1534f-eb3b-467e-9e10-0a114b4f14ee" executionId="bb8e56dd-3f78-4882-b8a8-c015a6e88581" testListId="8c84fa94-04c1-424b-9868-57a2d4851a1d" />
    <TestEntry testId="1e90a539-108f-45c9-927b-e2da972139db" executionId="97dcdd29-2436-4d7e-b2f8-3c02bad340f1" testListId="8c84fa94-04c1-424b-9868-57a2d4851a1d" />
    <TestEntry testId="82f493e8-a521-4b1c-82ed-0c6edf896a9f" executionId="a581070b-9692-49bb-acfc-d5f90cb54e11" testListId="8c84fa94-04c1-424b-9868-57a2d4851a1d" />
    <TestEntry testId="e19c0a93-ddcf-4a08-8790-2e232dc877be" executionId="97772fb2-d049-44b5-8726-85a43ecaf9d6" testListId="8c84fa94-04c1-424b-9868-57a2d4851a1d" />
    <TestEntry testId="4a6edd6c-15c4-4265-b8c7-0dc1f7f96654" executionId="4cab0ca2-0b24-4d61-8e0f-795845ca1c36" testListId="8c84fa94-04c1-424b-9868-57a2d4851a1d" />
    <TestEntry testId="ca3589af-f1e7-4805-baa8-32857dc0dd23" executionId="fd4fa09a-3ade-438d-b852-3c7ec682cb60" testListId="8c84fa94-04c1-424b-9868-57a2d4851a1d" />
    <TestEntry testId="70f64e1b-6295-428d-b6a2-dc2550a14c27" executionId="86d8fc12-23b5-49a6-a22c-ac1b7df9c643" testListId="8c84fa94-04c1-424b-9868-57a2d4851a1d" />
    <TestEntry testId="f2dd06c4-f61f-4f2f-b0be-01df5d03a2ea" executionId="c00e3b58-df85-46f8-bd3d-2547f17b5c82" testListId="8c84fa94-04c1-424b-9868-57a2d4851a1d" />
    <TestEntry testId="34ca5621-4cad-4ee7-8f5f-83d9f5641b79" executionId="48a64571-1932-4e52-8889-eef081ac927e" testListId="8c84fa94-04c1-424b-9868-57a2d4851a1d" />
    <TestEntry testId="c3e31feb-e9ae-4918-9119-7ec3ef990748" executionId="f3dec129-2ae6-4221-b4e7-9e24ad35886f" testListId="8c84fa94-04c1-424b-9868-57a2d4851a1d" />
    <TestEntry testId="196d1cbb-772d-4286-9b92-6be87f4a8b12" executionId="c3818cb7-289d-4c99-b661-b2963a45a349" testListId="8c84fa94-04c1-424b-9868-57a2d4851a1d" />
    <TestEntry testId="8ff42d33-dd89-473b-8e1f-11f55d5c4a71" executionId="014a05ac-c8f8-4156-ae02-24d94d4e6416" testListId="8c84fa94-04c1-424b-9868-57a2d4851a1d" />
    <TestEntry testId="f11036f6-7b59-4e2b-8c90-e1ee2a5847b6" executionId="890e5397-d9a4-4ec8-8ad4-a470f57722e3" testListId="8c84fa94-04c1-424b-9868-57a2d4851a1d" />
    <TestEntry testId="3b7b65c6-6629-4dd6-bad7-57bdd6aac6ac" executionId="3a6b04f2-e3e5-4a1d-9ea4-a51a9d821061" testListId="8c84fa94-04c1-424b-9868-57a2d4851a1d" />
    <TestEntry testId="9097dca7-28d1-405e-b22a-542af3ef4fde" executionId="8d321981-6b9f-4372-8339-ddecf113780d" testListId="8c84fa94-04c1-424b-9868-57a2d4851a1d" />
    <TestEntry testId="6c960b74-c46e-4b62-9317-8305825ddd40" executionId="40d56929-4a5b-4706-9b2f-87d27db15229" testListId="8c84fa94-04c1-424b-9868-57a2d4851a1d" />
    <TestEntry testId="ad5aa943-3a76-493d-9a68-88aa181b27f4" executionId="cb67ef13-b315-4cb4-8499-bba8c2e7e355" testListId="8c84fa94-04c1-424b-9868-57a2d4851a1d" />
    <TestEntry testId="1abf3dc7-be19-4375-98a9-76ebae8549d7" executionId="36295b2e-8f12-4804-9af9-43616ed2d34a" testListId="8c84fa94-04c1-424b-9868-57a2d4851a1d" />
  </TestEntries>
  <TestLists>
    <TestList name="Resultados sin formato de lista" id="8c84fa94-04c1-424b-9868-57a2d4851a1d" />
    <TestList name="Todos los resultados cargados" id="19431567-8539-422a-85d7-44ee4e166bda" />
  </TestLists>
  <ResultSummary outcome="Completed">
    <Counters total="61" executed="61" passed="61" failed="0" error="0" timeout="0" aborted="0" inconclusive="0" passedButRunAborted="0" notRunnable="0" notExecuted="0" disconnected="0" warning="0" completed="0" inProgress="0" pending="0" />
  </ResultSummary>
</TestRun>