<?xml version="1.0" encoding="utf-8"?>
<TestRun id="4cc4585d-2574-42ca-b004-75c4403d075b" name="sferrari@PC-SFERRARI 2021-06-14 11:45:21" runUser="PC-SFERRARI\sferrari" xmlns="http://microsoft.com/schemas/VisualStudio/TeamTest/2010">
  <Times creation="2021-06-14T11:45:21.3920760+02:00" queuing="2021-06-14T11:45:21.3920760+02:00" start="2021-06-14T11:44:51.8057400+02:00" finish="2021-06-14T11:45:21.3930725+02:00" />
  <TestSettings name="default" id="6b5c1640-51ef-4670-aac9-54182b59fead">
    <Deployment runDeploymentRoot="sferrari_PC-SFERRARI_2021-06-14_11_45_21" />
  </TestSettings>
  <TestLists>
    <TestList name="Resultados sin formato de lista" id="8c84fa94-04c1-424b-9868-57a2d4851a1d" />
    <TestList name="Todos los resultados cargados" id="19431567-8539-422a-85d7-44ee4e166bda" />
  </TestLists>
  <ResultSummary outcome="Failed">
    <Counters total="0" executed="0" passed="0" failed="0" error="0" timeout="0" aborted="0" inconclusive="0" passedButRunAborted="0" notRunnable="0" notExecuted="0" disconnected="0" warning="0" completed="0" inProgress="0" pending="0" />
    <RunInfos>
      <RunInfo computerName="PC-SFERRARI" outcome="Error" timestamp="2021-06-14T11:45:21.3920760+02:00">
        <Text>Se ha anulado la serie de pruebas activa. Motivo: Proceso de host de pruebas bloqueado</Text>
      </RunInfo>
    </RunInfos>
  </ResultSummary>
</TestRun>