<?xml version="1.0" encoding="utf-8"?>
<TestRun id="16ed3669-4c67-49f3-83a9-935cb38b0c6b" name="sferrari@PC-SFERRARI 2021-10-10 21:09:25" runUser="PC-SFERRARI\sferrari" xmlns="http://microsoft.com/schemas/VisualStudio/TeamTest/2010">
  <Times creation="2021-10-10T21:09:25.7651321+02:00" queuing="2021-10-10T21:09:25.7651334+02:00" start="2021-10-10T21:09:22.4091206+02:00" finish="2021-10-10T21:09:26.9117054+02:00" />
  <TestSettings name="default" id="84ea1893-6dbc-440c-85a8-6ec14ca9885d">
    <Deployment runDeploymentRoot="sferrari_PC-SFERRARI_2021-10-10_21_09_25" />
  </TestSettings>
  <Results>
    <UnitTestResult executionId="2700c1a6-72ad-4e38-8223-e0bd65320040" testId="e4e3fa55-cd83-4a66-8a7f-ec29e3ad7d92" testName="EmailConvert" computerName="PC-SFERRARI" duration="00:00:00.2250173" startTime="2021-10-10T21:09:24.5031553+02:00" endTime="2021-10-10T21:09:24.7282997+02:00" testType="13cdc9d9-ddb5-4fa4-a97d-d965ccfc6d4b" outcome="Passed" testListId="8c84fa94-04c1-424b-9868-57a2d4851a1d" relativeResultsDirectory="2700c1a6-72ad-4e38-8223-e0bd65320040" />
    <UnitTestResult executionId="9b2faecb-62eb-466a-9992-9882d87870d1" testId="52b338ca-e7d6-4196-a032-f80e80a60b08" testName="GetAllAsyncWhereSelect" computerName="PC-SFERRARI" duration="00:00:00.0114227" startTime="2021-10-10T21:09:26.4504977+02:00" endTime="2021-10-10T21:09:26.4620331+02:00" testType="13cdc9d9-ddb5-4fa4-a97d-d965ccfc6d4b" outcome="Passed" testListId="8c84fa94-04c1-424b-9868-57a2d4851a1d" relativeResultsDirectory="9b2faecb-62eb-466a-9992-9882d87870d1" />
    <UnitTestResult executionId="26398f3c-bdfe-4a70-b018-9ea5e934b030" testId="228fe240-6b72-4b60-8245-d8d6f7fb13c1" testName="AddAsync" computerName="PC-SFERRARI" duration="00:00:00.0149383" startTime="2021-10-10T21:09:26.5818459+02:00" endTime="2021-10-10T21:09:26.5968626+02:00" testType="13cdc9d9-ddb5-4fa4-a97d-d965ccfc6d4b" outcome="Passed" testListId="8c84fa94-04c1-424b-9868-57a2d4851a1d" relativeResultsDirectory="26398f3c-bdfe-4a70-b018-9ea5e934b030" />
    <UnitTestResult executionId="16c2eb36-ddbf-401b-b9d1-2abe789dfde9" testId="ef3ce41d-9981-4232-a29c-4b14eba7bb44" testName="GetAllAsyncWhereIncludesSelect" computerName="PC-SFERRARI" duration="00:00:00.0029808" startTime="2021-10-10T21:09:26.4630002+02:00" endTime="2021-10-10T21:09:26.4660742+02:00" testType="13cdc9d9-ddb5-4fa4-a97d-d965ccfc6d4b" outcome="Passed" testListId="8c84fa94-04c1-424b-9868-57a2d4851a1d" relativeResultsDirectory="16c2eb36-ddbf-401b-b9d1-2abe789dfde9" />
    <UnitTestResult executionId="754c037c-7d50-4fb5-8d09-3c3d7816ac95" testId="451866da-f62a-40fa-8e07-365fd45f47fb" testName="GetOneAsyncWhereSelect" computerName="PC-SFERRARI" duration="00:00:00.0100191" startTime="2021-10-10T21:09:26.3552496+02:00" endTime="2021-10-10T21:09:26.3653723+02:00" testType="13cdc9d9-ddb5-4fa4-a97d-d965ccfc6d4b" outcome="Passed" testListId="8c84fa94-04c1-424b-9868-57a2d4851a1d" relativeResultsDirectory="754c037c-7d50-4fb5-8d09-3c3d7816ac95" />
    <UnitTestResult executionId="f0c95e9f-fcff-49d7-a0b4-58b333f0bf7b" testId="676a5f62-07d7-4c25-bff8-0db1746d1881" testName="EnumConvertName" computerName="PC-SFERRARI" duration="00:00:00.1579346" startTime="2021-10-10T21:09:24.2675033+02:00" endTime="2021-10-10T21:09:24.4777036+02:00" testType="13cdc9d9-ddb5-4fa4-a97d-d965ccfc6d4b" outcome="Passed" testListId="8c84fa94-04c1-424b-9868-57a2d4851a1d" relativeResultsDirectory="f0c95e9f-fcff-49d7-a0b4-58b333f0bf7b" />
    <UnitTestResult executionId="299da070-bb79-44fd-b4d0-d06ae0bf4c78" testId="5bcf8af6-eee5-4278-9eda-ec6d75572d4f" testName="GetPagedAsyncWhere" computerName="PC-SFERRARI" duration="00:00:00.0037184" startTime="2021-10-10T21:09:26.4972737+02:00" endTime="2021-10-10T21:09:26.5010892+02:00" testType="13cdc9d9-ddb5-4fa4-a97d-d965ccfc6d4b" outcome="Passed" testListId="8c84fa94-04c1-424b-9868-57a2d4851a1d" relativeResultsDirectory="299da070-bb79-44fd-b4d0-d06ae0bf4c78" />
    <UnitTestResult executionId="cff65317-460e-4287-a870-d1700a455e8a" testId="0567146e-0608-4fcc-8c78-1154702dbb73" testName="GetAllWhereIncludes" computerName="PC-SFERRARI" duration="00:00:00.0086094" startTime="2021-10-10T21:09:26.4286646+02:00" endTime="2021-10-10T21:09:26.4373801+02:00" testType="13cdc9d9-ddb5-4fa4-a97d-d965ccfc6d4b" outcome="Passed" testListId="8c84fa94-04c1-424b-9868-57a2d4851a1d" relativeResultsDirectory="cff65317-460e-4287-a870-d1700a455e8a" />
    <UnitTestResult executionId="a0637453-7f6f-430a-81a1-f9dd155cbce8" testId="0c5072f0-0ab3-4b37-80a4-2df3bba4d32c" testName="GetAllWhere" computerName="PC-SFERRARI" duration="00:00:00.0098664" startTime="2021-10-10T21:09:26.4078250+02:00" endTime="2021-10-10T21:09:26.4177987+02:00" testType="13cdc9d9-ddb5-4fa4-a97d-d965ccfc6d4b" outcome="Passed" testListId="8c84fa94-04c1-424b-9868-57a2d4851a1d" relativeResultsDirectory="a0637453-7f6f-430a-81a1-f9dd155cbce8" />
    <UnitTestResult executionId="34d5d6eb-3490-454f-a1b5-764f787dc90d" testId="e144a8f6-a2d0-48c5-9d3f-81db61285e2b" testName="GetOneWhereInclude" computerName="PC-SFERRARI" duration="00:00:00.0429577" startTime="2021-10-10T21:09:26.2857747+02:00" endTime="2021-10-10T21:09:26.3288692+02:00" testType="13cdc9d9-ddb5-4fa4-a97d-d965ccfc6d4b" outcome="Passed" testListId="8c84fa94-04c1-424b-9868-57a2d4851a1d" relativeResultsDirectory="34d5d6eb-3490-454f-a1b5-764f787dc90d" />
    <UnitTestResult executionId="4048c1ce-2ab5-4f5d-ba64-833c25eba5e2" testId="21786632-56c3-4c3d-a286-62c0eae4ae09" testName="Add" computerName="PC-SFERRARI" duration="00:00:00.0009350" startTime="2021-10-10T21:09:26.5807761+02:00" endTime="2021-10-10T21:09:26.5818011+02:00" testType="13cdc9d9-ddb5-4fa4-a97d-d965ccfc6d4b" outcome="Passed" testListId="8c84fa94-04c1-424b-9868-57a2d4851a1d" relativeResultsDirectory="4048c1ce-2ab5-4f5d-ba64-833c25eba5e2" />
    <UnitTestResult executionId="c5781ea1-d13d-4b2e-878a-ac164370e5d5" testId="9eb5f2f7-402e-4751-b8fd-ba2601030e07" testName="DeleteWhereAsynchronous" computerName="PC-SFERRARI" duration="00:00:00.0253008" startTime="2021-10-10T21:09:26.6978900+02:00" endTime="2021-10-10T21:09:26.7233397+02:00" testType="13cdc9d9-ddb5-4fa4-a97d-d965ccfc6d4b" outcome="Passed" testListId="8c84fa94-04c1-424b-9868-57a2d4851a1d" relativeResultsDirectory="c5781ea1-d13d-4b2e-878a-ac164370e5d5" />
    <UnitTestResult executionId="adb629b1-b436-40c1-a5fa-3f8d116677c7" testId="61609053-62af-4174-9d5f-177f609322f6" testName="UpdateValueObject" computerName="PC-SFERRARI" duration="00:00:00.0014157" startTime="2021-10-10T21:09:26.6656053+02:00" endTime="2021-10-10T21:09:26.6671132+02:00" testType="13cdc9d9-ddb5-4fa4-a97d-d965ccfc6d4b" outcome="Passed" testListId="8c84fa94-04c1-424b-9868-57a2d4851a1d" relativeResultsDirectory="adb629b1-b436-40c1-a5fa-3f8d116677c7" />
    <UnitTestResult executionId="4fb7f80d-57a3-4348-be1f-8be88ac29e3a" testId="f2bbec9f-5a82-4abf-b17f-9469c14a83cf" testName="Find" computerName="PC-SFERRARI" duration="00:00:00.0161832" startTime="2021-10-10T21:09:26.5520644+02:00" endTime="2021-10-10T21:09:26.5683505+02:00" testType="13cdc9d9-ddb5-4fa4-a97d-d965ccfc6d4b" outcome="Passed" testListId="8c84fa94-04c1-424b-9868-57a2d4851a1d" relativeResultsDirectory="4fb7f80d-57a3-4348-be1f-8be88ac29e3a" />
    <UnitTestResult executionId="c50d2655-7ce7-423c-94e9-b33bde20fe87" testId="1c7d62a4-aef2-484a-98eb-879973f29191" testName="FindAsync" computerName="PC-SFERRARI" duration="00:00:00.0122075" startTime="2021-10-10T21:09:26.5684084+02:00" endTime="2021-10-10T21:09:26.5807106+02:00" testType="13cdc9d9-ddb5-4fa4-a97d-d965ccfc6d4b" outcome="Passed" testListId="8c84fa94-04c1-424b-9868-57a2d4851a1d" relativeResultsDirectory="c50d2655-7ce7-423c-94e9-b33bde20fe87" />
    <UnitTestResult executionId="f665090e-2ba5-4a18-9569-31f9fc9f8614" testId="26eea94c-8f31-43d0-92b0-ef370a9ef599" testName="GetPagedSelectOrderByProperty" computerName="PC-SFERRARI" duration="00:00:00.0022496" startTime="2021-10-10T21:09:26.5343779+02:00" endTime="2021-10-10T21:09:26.5367258+02:00" testType="13cdc9d9-ddb5-4fa4-a97d-d965ccfc6d4b" outcome="Passed" testListId="8c84fa94-04c1-424b-9868-57a2d4851a1d" relativeResultsDirectory="f665090e-2ba5-4a18-9569-31f9fc9f8614" />
    <UnitTestResult executionId="4aede406-4879-497f-b290-b99707bc0ec9" testId="69ada3da-819e-4f23-b5cf-421a87a18ddd" testName="GetAllAsyncWhereIncludes" computerName="PC-SFERRARI" duration="00:00:00.0112122" startTime="2021-10-10T21:09:26.4374397+02:00" endTime="2021-10-10T21:09:26.4487589+02:00" testType="13cdc9d9-ddb5-4fa4-a97d-d965ccfc6d4b" outcome="Passed" testListId="8c84fa94-04c1-424b-9868-57a2d4851a1d" relativeResultsDirectory="4aede406-4879-497f-b290-b99707bc0ec9" />
    <UnitTestResult executionId="db61f182-ae01-49a4-8bec-d327e2ef1fe7" testId="7f530ca6-964b-457c-a06b-1c1dcfef5afd" testName="AnyAsync" computerName="PC-SFERRARI" duration="00:00:00.0056746" startTime="2021-10-10T21:09:26.7241219+02:00" endTime="2021-10-10T21:09:26.7298893+02:00" testType="13cdc9d9-ddb5-4fa4-a97d-d965ccfc6d4b" outcome="Passed" testListId="8c84fa94-04c1-424b-9868-57a2d4851a1d" relativeResultsDirectory="db61f182-ae01-49a4-8bec-d327e2ef1fe7" />
    <UnitTestResult executionId="ce8a777d-9bc9-4c51-aadb-e8dfd717e259" testId="6ed98692-b807-4313-80dd-4411080a9739" testName="NameConvert" computerName="PC-SFERRARI" duration="00:00:00.0178939" startTime="2021-10-10T21:09:24.7286294+02:00" endTime="2021-10-10T21:09:24.7472323+02:00" testType="13cdc9d9-ddb5-4fa4-a97d-d965ccfc6d4b" outcome="Passed" testListId="8c84fa94-04c1-424b-9868-57a2d4851a1d" relativeResultsDirectory="ce8a777d-9bc9-4c51-aadb-e8dfd717e259" />
    <UnitTestResult executionId="0a9d095e-1832-4433-8e39-5c7bd38a99bb" testId="1f6a0eb9-5ce6-4878-b102-2a95bbd8dc36" testName="CountAsync" computerName="PC-SFERRARI" duration="00:00:00.0059672" startTime="2021-10-10T21:09:26.7393732+02:00" endTime="2021-10-10T21:09:26.7454285+02:00" testType="13cdc9d9-ddb5-4fa4-a97d-d965ccfc6d4b" outcome="Passed" testListId="8c84fa94-04c1-424b-9868-57a2d4851a1d" relativeResultsDirectory="0a9d095e-1832-4433-8e39-5c7bd38a99bb" />
    <UnitTestResult executionId="b7c7dd26-7c07-4aab-98af-96fae15e29da" testId="162581a7-63b9-4448-9334-59bde9bb8e89" testName="AddRangeAsync" computerName="PC-SFERRARI" duration="00:00:00.0035759" startTime="2021-10-10T21:09:26.6095075+02:00" endTime="2021-10-10T21:09:26.6131893+02:00" testType="13cdc9d9-ddb5-4fa4-a97d-d965ccfc6d4b" outcome="Passed" testListId="8c84fa94-04c1-424b-9868-57a2d4851a1d" relativeResultsDirectory="b7c7dd26-7c07-4aab-98af-96fae15e29da" />
    <UnitTestResult executionId="8065715a-84a3-4fcb-a956-4981ba545c7b" testId="44dc81fc-f3b7-4c8a-9175-54ea0f4b0ef8" testName="Count" computerName="PC-SFERRARI" duration="00:00:00.0004789" startTime="2021-10-10T21:09:26.7387545+02:00" endTime="2021-10-10T21:09:26.7393330+02:00" testType="13cdc9d9-ddb5-4fa4-a97d-d965ccfc6d4b" outcome="Passed" testListId="8c84fa94-04c1-424b-9868-57a2d4851a1d" relativeResultsDirectory="8065715a-84a3-4fcb-a956-4981ba545c7b" />
    <UnitTestResult executionId="3fce26d5-ce7c-4424-8e5c-6430d93871fc" testId="c4ede28e-f849-448a-9f13-e1d0678be515" testName="GetPagedWhereIncludesSelect" computerName="PC-SFERRARI" duration="00:00:00.0032777" startTime="2021-10-10T21:09:26.5244575+02:00" endTime="2021-10-10T21:09:26.5278240+02:00" testType="13cdc9d9-ddb5-4fa4-a97d-d965ccfc6d4b" outcome="Passed" testListId="8c84fa94-04c1-424b-9868-57a2d4851a1d" relativeResultsDirectory="3fce26d5-ce7c-4424-8e5c-6430d93871fc" />
    <UnitTestResult executionId="59f383c2-a15b-40ac-a15a-b74b99acd7b4" testId="7991fab4-81e6-415a-ad34-65afa519da49" testName="GetPagedSelectOrderByNavigationProperty" computerName="PC-SFERRARI" duration="00:00:00.0032971" startTime="2021-10-10T21:09:26.5309157+02:00" endTime="2021-10-10T21:09:26.5343204+02:00" testType="13cdc9d9-ddb5-4fa4-a97d-d965ccfc6d4b" outcome="Passed" testListId="8c84fa94-04c1-424b-9868-57a2d4851a1d" relativeResultsDirectory="59f383c2-a15b-40ac-a15a-b74b99acd7b4" />
    <UnitTestResult executionId="9ff13414-5396-4947-afd6-d353015ee51e" testId="1908bea1-44bf-4ad8-8b76-2fa66cd49334" testName="GetAllWhereIncludesSelect" computerName="PC-SFERRARI" duration="00:00:00.0007394" startTime="2021-10-10T21:09:26.4621003+02:00" endTime="2021-10-10T21:09:26.4629384+02:00" testType="13cdc9d9-ddb5-4fa4-a97d-d965ccfc6d4b" outcome="Passed" testListId="8c84fa94-04c1-424b-9868-57a2d4851a1d" relativeResultsDirectory="9ff13414-5396-4947-afd6-d353015ee51e" />
    <UnitTestResult executionId="80477a67-2644-488c-95b8-a2de9e052b1b" testId="46f2ea0a-4ada-4c69-b7ef-dd0f65a7962b" testName="GetPagedAsync" computerName="PC-SFERRARI" duration="00:00:00.0182668" startTime="2021-10-10T21:09:26.4753484+02:00" endTime="2021-10-10T21:09:26.4937225+02:00" testType="13cdc9d9-ddb5-4fa4-a97d-d965ccfc6d4b" outcome="Passed" testListId="8c84fa94-04c1-424b-9868-57a2d4851a1d" relativeResultsDirectory="80477a67-2644-488c-95b8-a2de9e052b1b" />
    <UnitTestResult executionId="a11eb28d-a363-4e42-83c5-8b219dbfca18" testId="dcd6f6ee-a7b2-412b-a06e-c1b32b072cf2" testName="Delete" computerName="PC-SFERRARI" duration="00:00:00.0128209" startTime="2021-10-10T21:09:26.6671588+02:00" endTime="2021-10-10T21:09:26.6800734+02:00" testType="13cdc9d9-ddb5-4fa4-a97d-d965ccfc6d4b" outcome="Passed" testListId="8c84fa94-04c1-424b-9868-57a2d4851a1d" relativeResultsDirectory="a11eb28d-a363-4e42-83c5-8b219dbfca18" />
    <UnitTestResult executionId="4b0ae92d-1bd0-470b-ad90-30be5151ef73" testId="5134f9e2-85c4-4b0b-9e28-0ac77e59efd1" testName="UpdateSelect" computerName="PC-SFERRARI" duration="00:00:00.0019586" startTime="2021-10-10T21:09:26.6590099+02:00" endTime="2021-10-10T21:09:26.6611192+02:00" testType="13cdc9d9-ddb5-4fa4-a97d-d965ccfc6d4b" outcome="Passed" testListId="8c84fa94-04c1-424b-9868-57a2d4851a1d" relativeResultsDirectory="4b0ae92d-1bd0-470b-ad90-30be5151ef73" />
    <UnitTestResult executionId="07f70d47-fd43-4aef-b9fb-79dbfd30d16a" testId="cf7a5e9a-2acd-4ce4-aaca-46171aa2e1f4" testName="CountWhere" computerName="PC-SFERRARI" duration="00:00:00.0033853" startTime="2021-10-10T21:09:26.7454990+02:00" endTime="2021-10-10T21:09:26.7490232+02:00" testType="13cdc9d9-ddb5-4fa4-a97d-d965ccfc6d4b" outcome="Passed" testListId="8c84fa94-04c1-424b-9868-57a2d4851a1d" relativeResultsDirectory="07f70d47-fd43-4aef-b9fb-79dbfd30d16a" />
    <UnitTestResult executionId="4516f8a0-3748-4a79-b413-7b805530d06e" testId="e6999583-ae71-49a4-9f77-a044e3c7370e" testName="QueryableOrderByDescending" computerName="PC-SFERRARI" duration="00:00:00.0151199" startTime="2021-10-10T21:09:26.5367875+02:00" endTime="2021-10-10T21:09:26.5520069+02:00" testType="13cdc9d9-ddb5-4fa4-a97d-d965ccfc6d4b" outcome="Passed" testListId="8c84fa94-04c1-424b-9868-57a2d4851a1d" relativeResultsDirectory="4516f8a0-3748-4a79-b413-7b805530d06e" />
    <UnitTestResult executionId="76135f9d-37de-47dd-b3a4-5fc195e66d63" testId="38fb9f73-e8f5-4ec3-8d7b-2236209d5252" testName="DeleteAsynchronous" computerName="PC-SFERRARI" duration="00:00:00.0033654" startTime="2021-10-10T21:09:26.6801250+02:00" endTime="2021-10-10T21:09:26.6835793+02:00" testType="13cdc9d9-ddb5-4fa4-a97d-d965ccfc6d4b" outcome="Passed" testListId="8c84fa94-04c1-424b-9868-57a2d4851a1d" relativeResultsDirectory="76135f9d-37de-47dd-b3a4-5fc195e66d63" />
    <UnitTestResult executionId="83161308-a6da-4808-9ab4-6d8fbeb484e5" testId="6b697b7b-5414-459c-964e-cb688ecbbd7d" testName="StatusActiveConvert" computerName="PC-SFERRARI" duration="00:00:00.0014753" startTime="2021-10-10T21:09:24.5010606+02:00" endTime="2021-10-10T21:09:24.5026209+02:00" testType="13cdc9d9-ddb5-4fa4-a97d-d965ccfc6d4b" outcome="Passed" testListId="8c84fa94-04c1-424b-9868-57a2d4851a1d" relativeResultsDirectory="83161308-a6da-4808-9ab4-6d8fbeb484e5" />
    <UnitTestResult executionId="7bf62b05-70f0-4c61-bd2f-551f39a3e338" testId="0ca41d91-4cdf-4d3f-831b-c4a5eb02c310" testName="DeleteWhere" computerName="PC-SFERRARI" duration="00:00:00.0117400" startTime="2021-10-10T21:09:26.6836320+02:00" endTime="2021-10-10T21:09:26.6954595+02:00" testType="13cdc9d9-ddb5-4fa4-a97d-d965ccfc6d4b" outcome="Passed" testListId="8c84fa94-04c1-424b-9868-57a2d4851a1d" relativeResultsDirectory="7bf62b05-70f0-4c61-bd2f-551f39a3e338" />
    <UnitTestResult executionId="c07e65da-6699-4d75-a54e-0bf1ed1a1c0d" testId="570ceb0e-85b0-44da-942f-4be1575b83f7" testName="GetOnetWhereSelect" computerName="PC-SFERRARI" duration="00:00:00.0120960" startTime="2021-10-10T21:09:26.3429928+02:00" endTime="2021-10-10T21:09:26.3551906+02:00" testType="13cdc9d9-ddb5-4fa4-a97d-d965ccfc6d4b" outcome="Passed" testListId="8c84fa94-04c1-424b-9868-57a2d4851a1d" relativeResultsDirectory="c07e65da-6699-4d75-a54e-0bf1ed1a1c0d" />
    <UnitTestResult executionId="ad6bc19f-61ca-4569-913d-d94a4a452d9a" testId="50130c81-4c0c-4ef7-a7ed-4b6012fdf014" testName="GetPagedWhere" computerName="PC-SFERRARI" duration="00:00:00.0032893" startTime="2021-10-10T21:09:26.4937964+02:00" endTime="2021-10-10T21:09:26.4972198+02:00" testType="13cdc9d9-ddb5-4fa4-a97d-d965ccfc6d4b" outcome="Passed" testListId="8c84fa94-04c1-424b-9868-57a2d4851a1d" relativeResultsDirectory="ad6bc19f-61ca-4569-913d-d94a4a452d9a" />
    <UnitTestResult executionId="936a838e-c0c4-46b6-8c81-cfbfc0e8f756" testId="29489a8b-da1e-4c59-be2c-83ad1d4fe968" testName="GetPaged" computerName="PC-SFERRARI" duration="00:00:00.0072890" startTime="2021-10-10T21:09:26.4678050+02:00" endTime="2021-10-10T21:09:26.4752924+02:00" testType="13cdc9d9-ddb5-4fa4-a97d-d965ccfc6d4b" outcome="Passed" testListId="8c84fa94-04c1-424b-9868-57a2d4851a1d" relativeResultsDirectory="936a838e-c0c4-46b6-8c81-cfbfc0e8f756" />
    <UnitTestResult executionId="ab2bb043-b399-4876-8c9d-46a378492d6e" testId="075b31a5-d1e9-49de-b3e1-6852a4958bc9" testName="EnumConvertValue" computerName="PC-SFERRARI" duration="00:00:00.0038167" startTime="2021-10-10T21:09:24.4970169+02:00" endTime="2021-10-10T21:09:24.5009765+02:00" testType="13cdc9d9-ddb5-4fa4-a97d-d965ccfc6d4b" outcome="Passed" testListId="8c84fa94-04c1-424b-9868-57a2d4851a1d" relativeResultsDirectory="ab2bb043-b399-4876-8c9d-46a378492d6e" />
    <UnitTestResult executionId="a23e8fea-5278-4a13-bba7-c1f450f75517" testId="43b2bf9f-a3dd-498e-b504-a635ca5245fd" testName="UpdateAsynchronous" computerName="PC-SFERRARI" duration="00:00:00.0016664" startTime="2021-10-10T21:09:26.6611878+02:00" endTime="2021-10-10T21:09:26.6629964+02:00" testType="13cdc9d9-ddb5-4fa4-a97d-d965ccfc6d4b" outcome="Passed" testListId="8c84fa94-04c1-424b-9868-57a2d4851a1d" relativeResultsDirectory="a23e8fea-5278-4a13-bba7-c1f450f75517" />
    <UnitTestResult executionId="ba72cb06-be16-4035-84d2-8a3e23d1e2ed" testId="e9969af6-ebe9-438a-bd8b-49f717194955" testName="GetPagedAsyncWhereIncludesSelect" computerName="PC-SFERRARI" duration="00:00:00.0015285" startTime="2021-10-10T21:09:26.5292184+02:00" endTime="2021-10-10T21:09:26.5308616+02:00" testType="13cdc9d9-ddb5-4fa4-a97d-d965ccfc6d4b" outcome="Passed" testListId="8c84fa94-04c1-424b-9868-57a2d4851a1d" relativeResultsDirectory="ba72cb06-be16-4035-84d2-8a3e23d1e2ed" />
    <UnitTestResult executionId="72b22ca4-003d-4349-be44-1438ff4c43d1" testId="06727ad7-7cdd-4c2a-8985-3e7be62c618e" testName="GetPagedAsyncWhereIncludes" computerName="PC-SFERRARI" duration="00:00:00.0013872" startTime="2021-10-10T21:09:26.5144391+02:00" endTime="2021-10-10T21:09:26.5159219+02:00" testType="13cdc9d9-ddb5-4fa4-a97d-d965ccfc6d4b" outcome="Passed" testListId="8c84fa94-04c1-424b-9868-57a2d4851a1d" relativeResultsDirectory="72b22ca4-003d-4349-be44-1438ff4c43d1" />
    <UnitTestResult executionId="7e905552-ecd2-40c1-af62-3aac8aec13d8" testId="2f1edcd4-f693-43b8-92de-ebadcdd21462" testName="GetOneAsyncWhere" computerName="PC-SFERRARI" duration="00:00:00.0484591" startTime="2021-10-10T21:09:26.2371048+02:00" endTime="2021-10-10T21:09:26.2856962+02:00" testType="13cdc9d9-ddb5-4fa4-a97d-d965ccfc6d4b" outcome="Passed" testListId="8c84fa94-04c1-424b-9868-57a2d4851a1d" relativeResultsDirectory="7e905552-ecd2-40c1-af62-3aac8aec13d8" />
    <UnitTestResult executionId="7f8088d3-2168-494e-86c7-aa4b8bb9e6fa" testId="69b5a3cb-6340-4254-a835-cbecf9ccb49b" testName="GetOneWhere" computerName="PC-SFERRARI" duration="00:00:01.4788555" startTime="2021-10-10T21:09:24.7565514+02:00" endTime="2021-10-10T21:09:26.2370352+02:00" testType="13cdc9d9-ddb5-4fa4-a97d-d965ccfc6d4b" outcome="Passed" testListId="8c84fa94-04c1-424b-9868-57a2d4851a1d" relativeResultsDirectory="7f8088d3-2168-494e-86c7-aa4b8bb9e6fa" />
    <UnitTestResult executionId="856d1dcf-018b-455c-aead-eef9c2160d41" testId="93eb6a5e-8e33-4b60-be79-9d1ab1cfe3e5" testName="StatusInactiveConvert" computerName="PC-SFERRARI" duration="00:00:00.0003942" startTime="2021-10-10T21:09:24.5026604+02:00" endTime="2021-10-10T21:09:24.5031255+02:00" testType="13cdc9d9-ddb5-4fa4-a97d-d965ccfc6d4b" outcome="Passed" testListId="8c84fa94-04c1-424b-9868-57a2d4851a1d" relativeResultsDirectory="856d1dcf-018b-455c-aead-eef9c2160d41" />
    <UnitTestResult executionId="c187fff3-62c2-4ea9-a71a-38299966a1c6" testId="dbf023d3-a5a2-450a-9fd5-e503bc99a008" testName="Update" computerName="PC-SFERRARI" duration="00:00:00.0455746" startTime="2021-10-10T21:09:26.6132622+02:00" endTime="2021-10-10T21:09:26.6589419+02:00" testType="13cdc9d9-ddb5-4fa4-a97d-d965ccfc6d4b" outcome="Passed" testListId="8c84fa94-04c1-424b-9868-57a2d4851a1d" relativeResultsDirectory="c187fff3-62c2-4ea9-a71a-38299966a1c6" />
    <UnitTestResult executionId="9c2c506e-c8b2-4a3e-be68-f9f3287cc9ab" testId="e4982a59-2d8d-42f9-a0d5-c2d2c0ce38c0" testName="GetOneAsyncWhereIncludesSelect" computerName="PC-SFERRARI" duration="00:00:00.0069372" startTime="2021-10-10T21:09:26.3724035+02:00" endTime="2021-10-10T21:09:26.3794384+02:00" testType="13cdc9d9-ddb5-4fa4-a97d-d965ccfc6d4b" outcome="Passed" testListId="8c84fa94-04c1-424b-9868-57a2d4851a1d" relativeResultsDirectory="9c2c506e-c8b2-4a3e-be68-f9f3287cc9ab" />
    <UnitTestResult executionId="4d97dc35-8903-477c-85d7-e2435dfc6daf" testId="604d3033-4b31-4200-8979-a4d7016f37f6" testName="GetAllAsync" computerName="PC-SFERRARI" duration="00:00:00.0165229" startTime="2021-10-10T21:09:26.3911201+02:00" endTime="2021-10-10T21:09:26.4077641+02:00" testType="13cdc9d9-ddb5-4fa4-a97d-d965ccfc6d4b" outcome="Passed" testListId="8c84fa94-04c1-424b-9868-57a2d4851a1d" relativeResultsDirectory="4d97dc35-8903-477c-85d7-e2435dfc6daf" />
    <UnitTestResult executionId="61cafe88-bb7d-4403-a492-d8f33da7998b" testId="4e60adcd-000f-4f29-b532-0c58bb0afbfb" testName="GetOnetWhereIncludesSelect" computerName="PC-SFERRARI" duration="00:00:00.0068028" startTime="2021-10-10T21:09:26.3654363+02:00" endTime="2021-10-10T21:09:26.3723497+02:00" testType="13cdc9d9-ddb5-4fa4-a97d-d965ccfc6d4b" outcome="Passed" testListId="8c84fa94-04c1-424b-9868-57a2d4851a1d" relativeResultsDirectory="61cafe88-bb7d-4403-a492-d8f33da7998b" />
    <UnitTestResult executionId="f08b2f5d-968a-4f51-b5eb-a143a6f4ffb4" testId="908c3d0d-38f5-483a-bd0f-d0a1323da6ea" testName="GetPagedWhereIncludes" computerName="PC-SFERRARI" duration="00:00:00.0131287" startTime="2021-10-10T21:09:26.5011468+02:00" endTime="2021-10-10T21:09:26.5143839+02:00" testType="13cdc9d9-ddb5-4fa4-a97d-d965ccfc6d4b" outcome="Passed" testListId="8c84fa94-04c1-424b-9868-57a2d4851a1d" relativeResultsDirectory="f08b2f5d-968a-4f51-b5eb-a143a6f4ffb4" />
    <UnitTestResult executionId="78da2579-5a3f-421f-a421-8071555610ff" testId="22fbe365-0ff8-4307-99ba-edd403049670" testName="Any" computerName="PC-SFERRARI" duration="00:00:00.0005841" startTime="2021-10-10T21:09:26.7233978+02:00" endTime="2021-10-10T21:09:26.7240815+02:00" testType="13cdc9d9-ddb5-4fa4-a97d-d965ccfc6d4b" outcome="Passed" testListId="8c84fa94-04c1-424b-9868-57a2d4851a1d" relativeResultsDirectory="78da2579-5a3f-421f-a421-8071555610ff" />
    <UnitTestResult executionId="ed314408-e183-4704-9c53-1a1a5efeee58" testId="f4621f6a-5422-4f52-97d4-d1c0f68a0cec" testName="GetPagedWhereSelect" computerName="PC-SFERRARI" duration="00:00:00.0038999" startTime="2021-10-10T21:09:26.5159845+02:00" endTime="2021-10-10T21:09:26.5199682+02:00" testType="13cdc9d9-ddb5-4fa4-a97d-d965ccfc6d4b" outcome="Passed" testListId="8c84fa94-04c1-424b-9868-57a2d4851a1d" relativeResultsDirectory="ed314408-e183-4704-9c53-1a1a5efeee58" />
    <UnitTestResult executionId="f286949d-55c3-4121-a659-6633a926d597" testId="c5682aae-c9f3-423c-bedc-affc2ee763e8" testName="GetAll" computerName="PC-SFERRARI" duration="00:00:00.0099571" startTime="2021-10-10T21:09:26.3794980+02:00" endTime="2021-10-10T21:09:26.3895557+02:00" testType="13cdc9d9-ddb5-4fa4-a97d-d965ccfc6d4b" outcome="Passed" testListId="8c84fa94-04c1-424b-9868-57a2d4851a1d" relativeResultsDirectory="f286949d-55c3-4121-a659-6633a926d597" />
    <UnitTestResult executionId="65dfec63-005c-4a7d-9648-8f439bc9e87b" testId="6e521e4a-092d-49dc-913f-70dc33fb443b" testName="AddRange" computerName="PC-SFERRARI" duration="00:00:00.0110614" startTime="2021-10-10T21:09:26.5969177+02:00" endTime="2021-10-10T21:09:26.6081289+02:00" testType="13cdc9d9-ddb5-4fa4-a97d-d965ccfc6d4b" outcome="Passed" testListId="8c84fa94-04c1-424b-9868-57a2d4851a1d" relativeResultsDirectory="65dfec63-005c-4a7d-9648-8f439bc9e87b" />
    <UnitTestResult executionId="6fa56678-0ff6-4d81-ae64-b13cc0e6a96e" testId="99dbd233-80fc-4024-9ac0-79ef2e37a5e3" testName="GetAllWhereSelect" computerName="PC-SFERRARI" duration="00:00:00.0014407" startTime="2021-10-10T21:09:26.4488386+02:00" endTime="2021-10-10T21:09:26.4504388+02:00" testType="13cdc9d9-ddb5-4fa4-a97d-d965ccfc6d4b" outcome="Passed" testListId="8c84fa94-04c1-424b-9868-57a2d4851a1d" relativeResultsDirectory="6fa56678-0ff6-4d81-ae64-b13cc0e6a96e" />
    <UnitTestResult executionId="397673f4-3306-4be5-9aec-bcdcdf2f29a3" testId="c1a2c1de-8785-4365-ae54-7fa2acebd223" testName="UpdatePartial" computerName="PC-SFERRARI" duration="00:00:00.0024143" startTime="2021-10-10T21:09:26.6630466+02:00" endTime="2021-10-10T21:09:26.6655501+02:00" testType="13cdc9d9-ddb5-4fa4-a97d-d965ccfc6d4b" outcome="Passed" testListId="8c84fa94-04c1-424b-9868-57a2d4851a1d" relativeResultsDirectory="397673f4-3306-4be5-9aec-bcdcdf2f29a3" />
    <UnitTestResult executionId="67e35770-eb11-4fa3-8ade-9df2c20f9fd8" testId="17f6fafc-9555-4d56-9755-e108ca2054fe" testName="GetPagedAsyncWhereSelect" computerName="PC-SFERRARI" duration="00:00:00.0042970" startTime="2021-10-10T21:09:26.5200194+02:00" endTime="2021-10-10T21:09:26.5244044+02:00" testType="13cdc9d9-ddb5-4fa4-a97d-d965ccfc6d4b" outcome="Passed" testListId="8c84fa94-04c1-424b-9868-57a2d4851a1d" relativeResultsDirectory="67e35770-eb11-4fa3-8ade-9df2c20f9fd8" />
    <UnitTestResult executionId="76e61df2-fab6-4df6-9653-dafd83a52386" testId="a0c0bfe0-efbd-4cd0-a08c-5aedbf34acd5" testName="SubdomainConvert" computerName="PC-SFERRARI" duration="00:00:00.0084851" startTime="2021-10-10T21:09:24.7475667+02:00" endTime="2021-10-10T21:09:24.7563895+02:00" testType="13cdc9d9-ddb5-4fa4-a97d-d965ccfc6d4b" outcome="Passed" testListId="8c84fa94-04c1-424b-9868-57a2d4851a1d" relativeResultsDirectory="76e61df2-fab6-4df6-9653-dafd83a52386" />
    <UnitTestResult executionId="366b6658-e309-4f97-8e66-12e024815de1" testId="f5438c1a-7e09-4b23-ae71-6582a45c49b7" testName="AnyWhereAsync" computerName="PC-SFERRARI" duration="00:00:00.0039406" startTime="2021-10-10T21:09:26.7346154+02:00" endTime="2021-10-10T21:09:26.7386811+02:00" testType="13cdc9d9-ddb5-4fa4-a97d-d965ccfc6d4b" outcome="Passed" testListId="8c84fa94-04c1-424b-9868-57a2d4851a1d" relativeResultsDirectory="366b6658-e309-4f97-8e66-12e024815de1" />
    <UnitTestResult executionId="8f5e05dd-f36f-4b07-9622-db7963a408d2" testId="cb8489d9-e0a0-4dd3-9f3a-114e5b2c6c1b" testName="GetOneAsyncWhereInclude" computerName="PC-SFERRARI" duration="00:00:00.0138310" startTime="2021-10-10T21:09:26.3289303+02:00" endTime="2021-10-10T21:09:26.3429232+02:00" testType="13cdc9d9-ddb5-4fa4-a97d-d965ccfc6d4b" outcome="Passed" testListId="8c84fa94-04c1-424b-9868-57a2d4851a1d" relativeResultsDirectory="8f5e05dd-f36f-4b07-9622-db7963a408d2" />
    <UnitTestResult executionId="a713af1b-1e63-4c45-8a9d-38e9903cd336" testId="bffdc218-8d1c-4adb-bf38-9635f9ae3334" testName="CountWhereAsync" computerName="PC-SFERRARI" duration="00:00:00.0036708" startTime="2021-10-10T21:09:26.7490812+02:00" endTime="2021-10-10T21:09:26.7528505+02:00" testType="13cdc9d9-ddb5-4fa4-a97d-d965ccfc6d4b" outcome="Passed" testListId="8c84fa94-04c1-424b-9868-57a2d4851a1d" relativeResultsDirectory="a713af1b-1e63-4c45-8a9d-38e9903cd336" />
    <UnitTestResult executionId="250039e9-6457-45ae-9858-d9cfa1d30d39" testId="f11ea638-efaa-482a-9aea-2e08fa7df2f6" testName="AnyWhere" computerName="PC-SFERRARI" duration="00:00:00.0044072" startTime="2021-10-10T21:09:26.7299792+02:00" endTime="2021-10-10T21:09:26.7345249+02:00" testType="13cdc9d9-ddb5-4fa4-a97d-d965ccfc6d4b" outcome="Passed" testListId="8c84fa94-04c1-424b-9868-57a2d4851a1d" relativeResultsDirectory="250039e9-6457-45ae-9858-d9cfa1d30d39" />
    <UnitTestResult executionId="0d546825-e3d6-4dba-a9e7-d6d24e746a3e" testId="1c3dd2d4-a976-4604-92c4-eae6a31c47a7" testName="GetAllAsyncWhere" computerName="PC-SFERRARI" duration="00:00:00.0106429" startTime="2021-10-10T21:09:26.4178574+02:00" endTime="2021-10-10T21:09:26.4286009+02:00" testType="13cdc9d9-ddb5-4fa4-a97d-d965ccfc6d4b" outcome="Passed" testListId="8c84fa94-04c1-424b-9868-57a2d4851a1d" relativeResultsDirectory="0d546825-e3d6-4dba-a9e7-d6d24e746a3e" />
  </Results>
  <TestDefinitions>
    <UnitTest name="GetAllAsync" storage="d:\sferrari\01 - trabajo\repos\netcore\libs\template-netcore-entityframework\kitpymes.core.entityframework.tests\bin\release\net5.0\kitpymes.core.entityframework.tests.dll" id="604d3033-4b31-4200-8979-a4d7016f37f6">
      <Execution id="4d97dc35-8903-477c-85d7-e2435dfc6daf" />
      <TestMethod codeBase="D:\SFERRARI\01 - TRABAJO\repos\netcore\libs\template-netcore-entityframework\Kitpymes.Core.EntityFramework.Tests\bin\Release\net5.0\Kitpymes.Core.EntityFramework.Tests.dll" adapterTypeName="executor://mstestadapter/v2" className="Kitpymes.Core.EntityFramework.Tests.EntityFrameworkRepositoryTests" name="GetAllAsync" />
    </UnitTest>
    <UnitTest name="GetAllAsyncWhereIncludesSelect" storage="d:\sferrari\01 - trabajo\repos\netcore\libs\template-netcore-entityframework\kitpymes.core.entityframework.tests\bin\release\net5.0\kitpymes.core.entityframework.tests.dll" id="ef3ce41d-9981-4232-a29c-4b14eba7bb44">
      <Execution id="16c2eb36-ddbf-401b-b9d1-2abe789dfde9" />
      <TestMethod codeBase="D:\SFERRARI\01 - TRABAJO\repos\netcore\libs\template-netcore-entityframework\Kitpymes.Core.EntityFramework.Tests\bin\Release\net5.0\Kitpymes.Core.EntityFramework.Tests.dll" adapterTypeName="executor://mstestadapter/v2" className="Kitpymes.Core.EntityFramework.Tests.EntityFrameworkRepositoryTests" name="GetAllAsyncWhereIncludesSelect" />
    </UnitTest>
    <UnitTest name="GetOnetWhereIncludesSelect" storage="d:\sferrari\01 - trabajo\repos\netcore\libs\template-netcore-entityframework\kitpymes.core.entityframework.tests\bin\release\net5.0\kitpymes.core.entityframework.tests.dll" id="4e60adcd-000f-4f29-b532-0c58bb0afbfb">
      <Execution id="61cafe88-bb7d-4403-a492-d8f33da7998b" />
      <TestMethod codeBase="D:\SFERRARI\01 - TRABAJO\repos\netcore\libs\template-netcore-entityframework\Kitpymes.Core.EntityFramework.Tests\bin\Release\net5.0\Kitpymes.Core.EntityFramework.Tests.dll" adapterTypeName="executor://mstestadapter/v2" className="Kitpymes.Core.EntityFramework.Tests.EntityFrameworkRepositoryTests" name="GetOnetWhereIncludesSelect" />
    </UnitTest>
    <UnitTest name="GetPagedWhereIncludes" storage="d:\sferrari\01 - trabajo\repos\netcore\libs\template-netcore-entityframework\kitpymes.core.entityframework.tests\bin\release\net5.0\kitpymes.core.entityframework.tests.dll" id="908c3d0d-38f5-483a-bd0f-d0a1323da6ea">
      <Execution id="f08b2f5d-968a-4f51-b5eb-a143a6f4ffb4" />
      <TestMethod codeBase="D:\SFERRARI\01 - TRABAJO\repos\netcore\libs\template-netcore-entityframework\Kitpymes.Core.EntityFramework.Tests\bin\Release\net5.0\Kitpymes.Core.EntityFramework.Tests.dll" adapterTypeName="executor://mstestadapter/v2" className="Kitpymes.Core.EntityFramework.Tests.EntityFrameworkRepositoryTests" name="GetPagedWhereIncludes" />
    </UnitTest>
    <UnitTest name="CountAsync" storage="d:\sferrari\01 - trabajo\repos\netcore\libs\template-netcore-entityframework\kitpymes.core.entityframework.tests\bin\release\net5.0\kitpymes.core.entityframework.tests.dll" id="1f6a0eb9-5ce6-4878-b102-2a95bbd8dc36">
      <Execution id="0a9d095e-1832-4433-8e39-5c7bd38a99bb" />
      <TestMethod codeBase="D:\SFERRARI\01 - TRABAJO\repos\netcore\libs\template-netcore-entityframework\Kitpymes.Core.EntityFramework.Tests\bin\Release\net5.0\Kitpymes.Core.EntityFramework.Tests.dll" adapterTypeName="executor://mstestadapter/v2" className="Kitpymes.Core.EntityFramework.Tests.EntityFrameworkRepositoryTests" name="CountAsync" />
    </UnitTest>
    <UnitTest name="FindAsync" storage="d:\sferrari\01 - trabajo\repos\netcore\libs\template-netcore-entityframework\kitpymes.core.entityframework.tests\bin\release\net5.0\kitpymes.core.entityframework.tests.dll" id="1c7d62a4-aef2-484a-98eb-879973f29191">
      <Execution id="c50d2655-7ce7-423c-94e9-b33bde20fe87" />
      <TestMethod codeBase="D:\SFERRARI\01 - TRABAJO\repos\netcore\libs\template-netcore-entityframework\Kitpymes.Core.EntityFramework.Tests\bin\Release\net5.0\Kitpymes.Core.EntityFramework.Tests.dll" adapterTypeName="executor://mstestadapter/v2" className="Kitpymes.Core.EntityFramework.Tests.EntityFrameworkRepositoryTests" name="FindAsync" />
    </UnitTest>
    <UnitTest name="GetPagedWhereSelect" storage="d:\sferrari\01 - trabajo\repos\netcore\libs\template-netcore-entityframework\kitpymes.core.entityframework.tests\bin\release\net5.0\kitpymes.core.entityframework.tests.dll" id="f4621f6a-5422-4f52-97d4-d1c0f68a0cec">
      <Execution id="ed314408-e183-4704-9c53-1a1a5efeee58" />
      <TestMethod codeBase="D:\SFERRARI\01 - TRABAJO\repos\netcore\libs\template-netcore-entityframework\Kitpymes.Core.EntityFramework.Tests\bin\Release\net5.0\Kitpymes.Core.EntityFramework.Tests.dll" adapterTypeName="executor://mstestadapter/v2" className="Kitpymes.Core.EntityFramework.Tests.EntityFrameworkRepositoryTests" name="GetPagedWhereSelect" />
    </UnitTest>
    <UnitTest name="GetPagedAsyncWhereSelect" storage="d:\sferrari\01 - trabajo\repos\netcore\libs\template-netcore-entityframework\kitpymes.core.entityframework.tests\bin\release\net5.0\kitpymes.core.entityframework.tests.dll" id="17f6fafc-9555-4d56-9755-e108ca2054fe">
      <Execution id="67e35770-eb11-4fa3-8ade-9df2c20f9fd8" />
      <TestMethod codeBase="D:\SFERRARI\01 - TRABAJO\repos\netcore\libs\template-netcore-entityframework\Kitpymes.Core.EntityFramework.Tests\bin\Release\net5.0\Kitpymes.Core.EntityFramework.Tests.dll" adapterTypeName="executor://mstestadapter/v2" className="Kitpymes.Core.EntityFramework.Tests.EntityFrameworkRepositoryTests" name="GetPagedAsyncWhereSelect" />
    </UnitTest>
    <UnitTest name="GetAllWhereIncludes" storage="d:\sferrari\01 - trabajo\repos\netcore\libs\template-netcore-entityframework\kitpymes.core.entityframework.tests\bin\release\net5.0\kitpymes.core.entityframework.tests.dll" id="0567146e-0608-4fcc-8c78-1154702dbb73">
      <Execution id="cff65317-460e-4287-a870-d1700a455e8a" />
      <TestMethod codeBase="D:\SFERRARI\01 - TRABAJO\repos\netcore\libs\template-netcore-entityframework\Kitpymes.Core.EntityFramework.Tests\bin\Release\net5.0\Kitpymes.Core.EntityFramework.Tests.dll" adapterTypeName="executor://mstestadapter/v2" className="Kitpymes.Core.EntityFramework.Tests.EntityFrameworkRepositoryTests" name="GetAllWhereIncludes" />
    </UnitTest>
    <UnitTest name="Count" storage="d:\sferrari\01 - trabajo\repos\netcore\libs\template-netcore-entityframework\kitpymes.core.entityframework.tests\bin\release\net5.0\kitpymes.core.entityframework.tests.dll" id="44dc81fc-f3b7-4c8a-9175-54ea0f4b0ef8">
      <Execution id="8065715a-84a3-4fcb-a956-4981ba545c7b" />
      <TestMethod codeBase="D:\SFERRARI\01 - TRABAJO\repos\netcore\libs\template-netcore-entityframework\Kitpymes.Core.EntityFramework.Tests\bin\Release\net5.0\Kitpymes.Core.EntityFramework.Tests.dll" adapterTypeName="executor://mstestadapter/v2" className="Kitpymes.Core.EntityFramework.Tests.EntityFrameworkRepositoryTests" name="Count" />
    </UnitTest>
    <UnitTest name="CountWhere" storage="d:\sferrari\01 - trabajo\repos\netcore\libs\template-netcore-entityframework\kitpymes.core.entityframework.tests\bin\release\net5.0\kitpymes.core.entityframework.tests.dll" id="cf7a5e9a-2acd-4ce4-aaca-46171aa2e1f4">
      <Execution id="07f70d47-fd43-4aef-b9fb-79dbfd30d16a" />
      <TestMethod codeBase="D:\SFERRARI\01 - TRABAJO\repos\netcore\libs\template-netcore-entityframework\Kitpymes.Core.EntityFramework.Tests\bin\Release\net5.0\Kitpymes.Core.EntityFramework.Tests.dll" adapterTypeName="executor://mstestadapter/v2" className="Kitpymes.Core.EntityFramework.Tests.EntityFrameworkRepositoryTests" name="CountWhere" />
    </UnitTest>
    <UnitTest name="StatusInactiveConvert" storage="d:\sferrari\01 - trabajo\repos\netcore\libs\template-netcore-entityframework\kitpymes.core.entityframework.tests\bin\release\net5.0\kitpymes.core.entityframework.tests.dll" id="93eb6a5e-8e33-4b60-be79-9d1ab1cfe3e5">
      <Execution id="856d1dcf-018b-455c-aead-eef9c2160d41" />
      <TestMethod codeBase="D:\SFERRARI\01 - TRABAJO\repos\netcore\libs\template-netcore-entityframework\Kitpymes.Core.EntityFramework.Tests\bin\Release\net5.0\Kitpymes.Core.EntityFramework.Tests.dll" adapterTypeName="executor://mstestadapter/v2" className="Kitpymes.Core.EntityFramework.Tests.EntityFrameworkConverterTests" name="StatusInactiveConvert" />
    </UnitTest>
    <UnitTest name="GetPagedAsyncWhereIncludesSelect" storage="d:\sferrari\01 - trabajo\repos\netcore\libs\template-netcore-entityframework\kitpymes.core.entityframework.tests\bin\release\net5.0\kitpymes.core.entityframework.tests.dll" id="e9969af6-ebe9-438a-bd8b-49f717194955">
      <Execution id="ba72cb06-be16-4035-84d2-8a3e23d1e2ed" />
      <TestMethod codeBase="D:\SFERRARI\01 - TRABAJO\repos\netcore\libs\template-netcore-entityframework\Kitpymes.Core.EntityFramework.Tests\bin\Release\net5.0\Kitpymes.Core.EntityFramework.Tests.dll" adapterTypeName="executor://mstestadapter/v2" className="Kitpymes.Core.EntityFramework.Tests.EntityFrameworkRepositoryTests" name="GetPagedAsyncWhereIncludesSelect" />
    </UnitTest>
    <UnitTest name="EnumConvertValue" storage="d:\sferrari\01 - trabajo\repos\netcore\libs\template-netcore-entityframework\kitpymes.core.entityframework.tests\bin\release\net5.0\kitpymes.core.entityframework.tests.dll" id="075b31a5-d1e9-49de-b3e1-6852a4958bc9">
      <Execution id="ab2bb043-b399-4876-8c9d-46a378492d6e" />
      <TestMethod codeBase="D:\SFERRARI\01 - TRABAJO\repos\netcore\libs\template-netcore-entityframework\Kitpymes.Core.EntityFramework.Tests\bin\Release\net5.0\Kitpymes.Core.EntityFramework.Tests.dll" adapterTypeName="executor://mstestadapter/v2" className="Kitpymes.Core.EntityFramework.Tests.EntityFrameworkConverterTests" name="EnumConvertValue" />
    </UnitTest>
    <UnitTest name="GetPagedSelectOrderByProperty" storage="d:\sferrari\01 - trabajo\repos\netcore\libs\template-netcore-entityframework\kitpymes.core.entityframework.tests\bin\release\net5.0\kitpymes.core.entityframework.tests.dll" id="26eea94c-8f31-43d0-92b0-ef370a9ef599">
      <Execution id="f665090e-2ba5-4a18-9569-31f9fc9f8614" />
      <TestMethod codeBase="D:\SFERRARI\01 - TRABAJO\repos\netcore\libs\template-netcore-entityframework\Kitpymes.Core.EntityFramework.Tests\bin\Release\net5.0\Kitpymes.Core.EntityFramework.Tests.dll" adapterTypeName="executor://mstestadapter/v2" className="Kitpymes.Core.EntityFramework.Tests.EntityFrameworkRepositoryTests" name="GetPagedSelectOrderByProperty" />
    </UnitTest>
    <UnitTest name="Add" storage="d:\sferrari\01 - trabajo\repos\netcore\libs\template-netcore-entityframework\kitpymes.core.entityframework.tests\bin\release\net5.0\kitpymes.core.entityframework.tests.dll" id="21786632-56c3-4c3d-a286-62c0eae4ae09">
      <Execution id="4048c1ce-2ab5-4f5d-ba64-833c25eba5e2" />
      <TestMethod codeBase="D:\SFERRARI\01 - TRABAJO\repos\netcore\libs\template-netcore-entityframework\Kitpymes.Core.EntityFramework.Tests\bin\Release\net5.0\Kitpymes.Core.EntityFramework.Tests.dll" adapterTypeName="executor://mstestadapter/v2" className="Kitpymes.Core.EntityFramework.Tests.EntityFrameworkRepositoryTests" name="Add" />
    </UnitTest>
    <UnitTest name="AnyAsync" storage="d:\sferrari\01 - trabajo\repos\netcore\libs\template-netcore-entityframework\kitpymes.core.entityframework.tests\bin\release\net5.0\kitpymes.core.entityframework.tests.dll" id="7f530ca6-964b-457c-a06b-1c1dcfef5afd">
      <Execution id="db61f182-ae01-49a4-8bec-d327e2ef1fe7" />
      <TestMethod codeBase="D:\SFERRARI\01 - TRABAJO\repos\netcore\libs\template-netcore-entityframework\Kitpymes.Core.EntityFramework.Tests\bin\Release\net5.0\Kitpymes.Core.EntityFramework.Tests.dll" adapterTypeName="executor://mstestadapter/v2" className="Kitpymes.Core.EntityFramework.Tests.EntityFrameworkRepositoryTests" name="AnyAsync" />
    </UnitTest>
    <UnitTest name="AddRangeAsync" storage="d:\sferrari\01 - trabajo\repos\netcore\libs\template-netcore-entityframework\kitpymes.core.entityframework.tests\bin\release\net5.0\kitpymes.core.entityframework.tests.dll" id="162581a7-63b9-4448-9334-59bde9bb8e89">
      <Execution id="b7c7dd26-7c07-4aab-98af-96fae15e29da" />
      <TestMethod codeBase="D:\SFERRARI\01 - TRABAJO\repos\netcore\libs\template-netcore-entityframework\Kitpymes.Core.EntityFramework.Tests\bin\Release\net5.0\Kitpymes.Core.EntityFramework.Tests.dll" adapterTypeName="executor://mstestadapter/v2" className="Kitpymes.Core.EntityFramework.Tests.EntityFrameworkRepositoryTests" name="AddRangeAsync" />
    </UnitTest>
    <UnitTest name="GetPagedWhere" storage="d:\sferrari\01 - trabajo\repos\netcore\libs\template-netcore-entityframework\kitpymes.core.entityframework.tests\bin\release\net5.0\kitpymes.core.entityframework.tests.dll" id="50130c81-4c0c-4ef7-a7ed-4b6012fdf014">
      <Execution id="ad6bc19f-61ca-4569-913d-d94a4a452d9a" />
      <TestMethod codeBase="D:\SFERRARI\01 - TRABAJO\repos\netcore\libs\template-netcore-entityframework\Kitpymes.Core.EntityFramework.Tests\bin\Release\net5.0\Kitpymes.Core.EntityFramework.Tests.dll" adapterTypeName="executor://mstestadapter/v2" className="Kitpymes.Core.EntityFramework.Tests.EntityFrameworkRepositoryTests" name="GetPagedWhere" />
    </UnitTest>
    <UnitTest name="GetPagedWhereIncludesSelect" storage="d:\sferrari\01 - trabajo\repos\netcore\libs\template-netcore-entityframework\kitpymes.core.entityframework.tests\bin\release\net5.0\kitpymes.core.entityframework.tests.dll" id="c4ede28e-f849-448a-9f13-e1d0678be515">
      <Execution id="3fce26d5-ce7c-4424-8e5c-6430d93871fc" />
      <TestMethod codeBase="D:\SFERRARI\01 - TRABAJO\repos\netcore\libs\template-netcore-entityframework\Kitpymes.Core.EntityFramework.Tests\bin\Release\net5.0\Kitpymes.Core.EntityFramework.Tests.dll" adapterTypeName="executor://mstestadapter/v2" className="Kitpymes.Core.EntityFramework.Tests.EntityFrameworkRepositoryTests" name="GetPagedWhereIncludesSelect" />
    </UnitTest>
    <UnitTest name="SubdomainConvert" storage="d:\sferrari\01 - trabajo\repos\netcore\libs\template-netcore-entityframework\kitpymes.core.entityframework.tests\bin\release\net5.0\kitpymes.core.entityframework.tests.dll" id="a0c0bfe0-efbd-4cd0-a08c-5aedbf34acd5">
      <Execution id="76e61df2-fab6-4df6-9653-dafd83a52386" />
      <TestMethod codeBase="D:\SFERRARI\01 - TRABAJO\repos\netcore\libs\template-netcore-entityframework\Kitpymes.Core.EntityFramework.Tests\bin\Release\net5.0\Kitpymes.Core.EntityFramework.Tests.dll" adapterTypeName="executor://mstestadapter/v2" className="Kitpymes.Core.EntityFramework.Tests.EntityFrameworkConverterTests" name="SubdomainConvert" />
    </UnitTest>
    <UnitTest name="GetPagedAsync" storage="d:\sferrari\01 - trabajo\repos\netcore\libs\template-netcore-entityframework\kitpymes.core.entityframework.tests\bin\release\net5.0\kitpymes.core.entityframework.tests.dll" id="46f2ea0a-4ada-4c69-b7ef-dd0f65a7962b">
      <Execution id="80477a67-2644-488c-95b8-a2de9e052b1b" />
      <TestMethod codeBase="D:\SFERRARI\01 - TRABAJO\repos\netcore\libs\template-netcore-entityframework\Kitpymes.Core.EntityFramework.Tests\bin\Release\net5.0\Kitpymes.Core.EntityFramework.Tests.dll" adapterTypeName="executor://mstestadapter/v2" className="Kitpymes.Core.EntityFramework.Tests.EntityFrameworkRepositoryTests" name="GetPagedAsync" />
    </UnitTest>
    <UnitTest name="AddRange" storage="d:\sferrari\01 - trabajo\repos\netcore\libs\template-netcore-entityframework\kitpymes.core.entityframework.tests\bin\release\net5.0\kitpymes.core.entityframework.tests.dll" id="6e521e4a-092d-49dc-913f-70dc33fb443b">
      <Execution id="65dfec63-005c-4a7d-9648-8f439bc9e87b" />
      <TestMethod codeBase="D:\SFERRARI\01 - TRABAJO\repos\netcore\libs\template-netcore-entityframework\Kitpymes.Core.EntityFramework.Tests\bin\Release\net5.0\Kitpymes.Core.EntityFramework.Tests.dll" adapterTypeName="executor://mstestadapter/v2" className="Kitpymes.Core.EntityFramework.Tests.EntityFrameworkRepositoryTests" name="AddRange" />
    </UnitTest>
    <UnitTest name="DeleteAsynchronous" storage="d:\sferrari\01 - trabajo\repos\netcore\libs\template-netcore-entityframework\kitpymes.core.entityframework.tests\bin\release\net5.0\kitpymes.core.entityframework.tests.dll" id="38fb9f73-e8f5-4ec3-8d7b-2236209d5252">
      <Execution id="76135f9d-37de-47dd-b3a4-5fc195e66d63" />
      <TestMethod codeBase="D:\SFERRARI\01 - TRABAJO\repos\netcore\libs\template-netcore-entityframework\Kitpymes.Core.EntityFramework.Tests\bin\Release\net5.0\Kitpymes.Core.EntityFramework.Tests.dll" adapterTypeName="executor://mstestadapter/v2" className="Kitpymes.Core.EntityFramework.Tests.EntityFrameworkRepositoryTests" name="DeleteAsynchronous" />
    </UnitTest>
    <UnitTest name="GetPagedSelectOrderByNavigationProperty" storage="d:\sferrari\01 - trabajo\repos\netcore\libs\template-netcore-entityframework\kitpymes.core.entityframework.tests\bin\release\net5.0\kitpymes.core.entityframework.tests.dll" id="7991fab4-81e6-415a-ad34-65afa519da49">
      <Execution id="59f383c2-a15b-40ac-a15a-b74b99acd7b4" />
      <TestMethod codeBase="D:\SFERRARI\01 - TRABAJO\repos\netcore\libs\template-netcore-entityframework\Kitpymes.Core.EntityFramework.Tests\bin\Release\net5.0\Kitpymes.Core.EntityFramework.Tests.dll" adapterTypeName="executor://mstestadapter/v2" className="Kitpymes.Core.EntityFramework.Tests.EntityFrameworkRepositoryTests" name="GetPagedSelectOrderByNavigationProperty" />
    </UnitTest>
    <UnitTest name="GetAllAsyncWhere" storage="d:\sferrari\01 - trabajo\repos\netcore\libs\template-netcore-entityframework\kitpymes.core.entityframework.tests\bin\release\net5.0\kitpymes.core.entityframework.tests.dll" id="1c3dd2d4-a976-4604-92c4-eae6a31c47a7">
      <Execution id="0d546825-e3d6-4dba-a9e7-d6d24e746a3e" />
      <TestMethod codeBase="D:\SFERRARI\01 - TRABAJO\repos\netcore\libs\template-netcore-entityframework\Kitpymes.Core.EntityFramework.Tests\bin\Release\net5.0\Kitpymes.Core.EntityFramework.Tests.dll" adapterTypeName="executor://mstestadapter/v2" className="Kitpymes.Core.EntityFramework.Tests.EntityFrameworkRepositoryTests" name="GetAllAsyncWhere" />
    </UnitTest>
    <UnitTest name="Any" storage="d:\sferrari\01 - trabajo\repos\netcore\libs\template-netcore-entityframework\kitpymes.core.entityframework.tests\bin\release\net5.0\kitpymes.core.entityframework.tests.dll" id="22fbe365-0ff8-4307-99ba-edd403049670">
      <Execution id="78da2579-5a3f-421f-a421-8071555610ff" />
      <TestMethod codeBase="D:\SFERRARI\01 - TRABAJO\repos\netcore\libs\template-netcore-entityframework\Kitpymes.Core.EntityFramework.Tests\bin\Release\net5.0\Kitpymes.Core.EntityFramework.Tests.dll" adapterTypeName="executor://mstestadapter/v2" className="Kitpymes.Core.EntityFramework.Tests.EntityFrameworkRepositoryTests" name="Any" />
    </UnitTest>
    <UnitTest name="GetOneWhere" storage="d:\sferrari\01 - trabajo\repos\netcore\libs\template-netcore-entityframework\kitpymes.core.entityframework.tests\bin\release\net5.0\kitpymes.core.entityframework.tests.dll" id="69b5a3cb-6340-4254-a835-cbecf9ccb49b">
      <Execution id="7f8088d3-2168-494e-86c7-aa4b8bb9e6fa" />
      <TestMethod codeBase="D:\SFERRARI\01 - TRABAJO\repos\netcore\libs\template-netcore-entityframework\Kitpymes.Core.EntityFramework.Tests\bin\Release\net5.0\Kitpymes.Core.EntityFramework.Tests.dll" adapterTypeName="executor://mstestadapter/v2" className="Kitpymes.Core.EntityFramework.Tests.EntityFrameworkRepositoryTests" name="GetOneWhere" />
    </UnitTest>
    <UnitTest name="GetAllWhere" storage="d:\sferrari\01 - trabajo\repos\netcore\libs\template-netcore-entityframework\kitpymes.core.entityframework.tests\bin\release\net5.0\kitpymes.core.entityframework.tests.dll" id="0c5072f0-0ab3-4b37-80a4-2df3bba4d32c">
      <Execution id="a0637453-7f6f-430a-81a1-f9dd155cbce8" />
      <TestMethod codeBase="D:\SFERRARI\01 - TRABAJO\repos\netcore\libs\template-netcore-entityframework\Kitpymes.Core.EntityFramework.Tests\bin\Release\net5.0\Kitpymes.Core.EntityFramework.Tests.dll" adapterTypeName="executor://mstestadapter/v2" className="Kitpymes.Core.EntityFramework.Tests.EntityFrameworkRepositoryTests" name="GetAllWhere" />
    </UnitTest>
    <UnitTest name="GetOneWhereInclude" storage="d:\sferrari\01 - trabajo\repos\netcore\libs\template-netcore-entityframework\kitpymes.core.entityframework.tests\bin\release\net5.0\kitpymes.core.entityframework.tests.dll" id="e144a8f6-a2d0-48c5-9d3f-81db61285e2b">
      <Execution id="34d5d6eb-3490-454f-a1b5-764f787dc90d" />
      <TestMethod codeBase="D:\SFERRARI\01 - TRABAJO\repos\netcore\libs\template-netcore-entityframework\Kitpymes.Core.EntityFramework.Tests\bin\Release\net5.0\Kitpymes.Core.EntityFramework.Tests.dll" adapterTypeName="executor://mstestadapter/v2" className="Kitpymes.Core.EntityFramework.Tests.EntityFrameworkRepositoryTests" name="GetOneWhereInclude" />
    </UnitTest>
    <UnitTest name="Find" storage="d:\sferrari\01 - trabajo\repos\netcore\libs\template-netcore-entityframework\kitpymes.core.entityframework.tests\bin\release\net5.0\kitpymes.core.entityframework.tests.dll" id="f2bbec9f-5a82-4abf-b17f-9469c14a83cf">
      <Execution id="4fb7f80d-57a3-4348-be1f-8be88ac29e3a" />
      <TestMethod codeBase="D:\SFERRARI\01 - TRABAJO\repos\netcore\libs\template-netcore-entityframework\Kitpymes.Core.EntityFramework.Tests\bin\Release\net5.0\Kitpymes.Core.EntityFramework.Tests.dll" adapterTypeName="executor://mstestadapter/v2" className="Kitpymes.Core.EntityFramework.Tests.EntityFrameworkRepositoryTests" name="Find" />
    </UnitTest>
    <UnitTest name="QueryableOrderByDescending" storage="d:\sferrari\01 - trabajo\repos\netcore\libs\template-netcore-entityframework\kitpymes.core.entityframework.tests\bin\release\net5.0\kitpymes.core.entityframework.tests.dll" id="e6999583-ae71-49a4-9f77-a044e3c7370e">
      <Execution id="4516f8a0-3748-4a79-b413-7b805530d06e" />
      <TestMethod codeBase="D:\SFERRARI\01 - TRABAJO\repos\netcore\libs\template-netcore-entityframework\Kitpymes.Core.EntityFramework.Tests\bin\Release\net5.0\Kitpymes.Core.EntityFramework.Tests.dll" adapterTypeName="executor://mstestadapter/v2" className="Kitpymes.Core.EntityFramework.Tests.EntityFrameworkRepositoryTests" name="QueryableOrderByDescending" />
    </UnitTest>
    <UnitTest name="EnumConvertName" storage="d:\sferrari\01 - trabajo\repos\netcore\libs\template-netcore-entityframework\kitpymes.core.entityframework.tests\bin\release\net5.0\kitpymes.core.entityframework.tests.dll" id="676a5f62-07d7-4c25-bff8-0db1746d1881">
      <Execution id="f0c95e9f-fcff-49d7-a0b4-58b333f0bf7b" />
      <TestMethod codeBase="D:\SFERRARI\01 - TRABAJO\repos\netcore\libs\template-netcore-entityframework\Kitpymes.Core.EntityFramework.Tests\bin\Release\net5.0\Kitpymes.Core.EntityFramework.Tests.dll" adapterTypeName="executor://mstestadapter/v2" className="Kitpymes.Core.EntityFramework.Tests.EntityFrameworkConverterTests" name="EnumConvertName" />
    </UnitTest>
    <UnitTest name="UpdateSelect" storage="d:\sferrari\01 - trabajo\repos\netcore\libs\template-netcore-entityframework\kitpymes.core.entityframework.tests\bin\release\net5.0\kitpymes.core.entityframework.tests.dll" id="5134f9e2-85c4-4b0b-9e28-0ac77e59efd1">
      <Execution id="4b0ae92d-1bd0-470b-ad90-30be5151ef73" />
      <TestMethod codeBase="D:\SFERRARI\01 - TRABAJO\repos\netcore\libs\template-netcore-entityframework\Kitpymes.Core.EntityFramework.Tests\bin\Release\net5.0\Kitpymes.Core.EntityFramework.Tests.dll" adapterTypeName="executor://mstestadapter/v2" className="Kitpymes.Core.EntityFramework.Tests.EntityFrameworkRepositoryTests" name="UpdateSelect" />
    </UnitTest>
    <UnitTest name="AnyWhereAsync" storage="d:\sferrari\01 - trabajo\repos\netcore\libs\template-netcore-entityframework\kitpymes.core.entityframework.tests\bin\release\net5.0\kitpymes.core.entityframework.tests.dll" id="f5438c1a-7e09-4b23-ae71-6582a45c49b7">
      <Execution id="366b6658-e309-4f97-8e66-12e024815de1" />
      <TestMethod codeBase="D:\SFERRARI\01 - TRABAJO\repos\netcore\libs\template-netcore-entityframework\Kitpymes.Core.EntityFramework.Tests\bin\Release\net5.0\Kitpymes.Core.EntityFramework.Tests.dll" adapterTypeName="executor://mstestadapter/v2" className="Kitpymes.Core.EntityFramework.Tests.EntityFrameworkRepositoryTests" name="AnyWhereAsync" />
    </UnitTest>
    <UnitTest name="GetAllAsyncWhereIncludes" storage="d:\sferrari\01 - trabajo\repos\netcore\libs\template-netcore-entityframework\kitpymes.core.entityframework.tests\bin\release\net5.0\kitpymes.core.entityframework.tests.dll" id="69ada3da-819e-4f23-b5cf-421a87a18ddd">
      <Execution id="4aede406-4879-497f-b290-b99707bc0ec9" />
      <TestMethod codeBase="D:\SFERRARI\01 - TRABAJO\repos\netcore\libs\template-netcore-entityframework\Kitpymes.Core.EntityFramework.Tests\bin\Release\net5.0\Kitpymes.Core.EntityFramework.Tests.dll" adapterTypeName="executor://mstestadapter/v2" className="Kitpymes.Core.EntityFramework.Tests.EntityFrameworkRepositoryTests" name="GetAllAsyncWhereIncludes" />
    </UnitTest>
    <UnitTest name="GetPagedAsyncWhereIncludes" storage="d:\sferrari\01 - trabajo\repos\netcore\libs\template-netcore-entityframework\kitpymes.core.entityframework.tests\bin\release\net5.0\kitpymes.core.entityframework.tests.dll" id="06727ad7-7cdd-4c2a-8985-3e7be62c618e">
      <Execution id="72b22ca4-003d-4349-be44-1438ff4c43d1" />
      <TestMethod codeBase="D:\SFERRARI\01 - TRABAJO\repos\netcore\libs\template-netcore-entityframework\Kitpymes.Core.EntityFramework.Tests\bin\Release\net5.0\Kitpymes.Core.EntityFramework.Tests.dll" adapterTypeName="executor://mstestadapter/v2" className="Kitpymes.Core.EntityFramework.Tests.EntityFrameworkRepositoryTests" name="GetPagedAsyncWhereIncludes" />
    </UnitTest>
    <UnitTest name="GetPaged" storage="d:\sferrari\01 - trabajo\repos\netcore\libs\template-netcore-entityframework\kitpymes.core.entityframework.tests\bin\release\net5.0\kitpymes.core.entityframework.tests.dll" id="29489a8b-da1e-4c59-be2c-83ad1d4fe968">
      <Execution id="936a838e-c0c4-46b6-8c81-cfbfc0e8f756" />
      <TestMethod codeBase="D:\SFERRARI\01 - TRABAJO\repos\netcore\libs\template-netcore-entityframework\Kitpymes.Core.EntityFramework.Tests\bin\Release\net5.0\Kitpymes.Core.EntityFramework.Tests.dll" adapterTypeName="executor://mstestadapter/v2" className="Kitpymes.Core.EntityFramework.Tests.EntityFrameworkRepositoryTests" name="GetPaged" />
    </UnitTest>
    <UnitTest name="GetOnetWhereSelect" storage="d:\sferrari\01 - trabajo\repos\netcore\libs\template-netcore-entityframework\kitpymes.core.entityframework.tests\bin\release\net5.0\kitpymes.core.entityframework.tests.dll" id="570ceb0e-85b0-44da-942f-4be1575b83f7">
      <Execution id="c07e65da-6699-4d75-a54e-0bf1ed1a1c0d" />
      <TestMethod codeBase="D:\SFERRARI\01 - TRABAJO\repos\netcore\libs\template-netcore-entityframework\Kitpymes.Core.EntityFramework.Tests\bin\Release\net5.0\Kitpymes.Core.EntityFramework.Tests.dll" adapterTypeName="executor://mstestadapter/v2" className="Kitpymes.Core.EntityFramework.Tests.EntityFrameworkRepositoryTests" name="GetOnetWhereSelect" />
    </UnitTest>
    <UnitTest name="EmailConvert" storage="d:\sferrari\01 - trabajo\repos\netcore\libs\template-netcore-entityframework\kitpymes.core.entityframework.tests\bin\release\net5.0\kitpymes.core.entityframework.tests.dll" id="e4e3fa55-cd83-4a66-8a7f-ec29e3ad7d92">
      <Execution id="2700c1a6-72ad-4e38-8223-e0bd65320040" />
      <TestMethod codeBase="D:\SFERRARI\01 - TRABAJO\repos\netcore\libs\template-netcore-entityframework\Kitpymes.Core.EntityFramework.Tests\bin\Release\net5.0\Kitpymes.Core.EntityFramework.Tests.dll" adapterTypeName="executor://mstestadapter/v2" className="Kitpymes.Core.EntityFramework.Tests.EntityFrameworkConverterTests" name="EmailConvert" />
    </UnitTest>
    <UnitTest name="UpdateAsynchronous" storage="d:\sferrari\01 - trabajo\repos\netcore\libs\template-netcore-entityframework\kitpymes.core.entityframework.tests\bin\release\net5.0\kitpymes.core.entityframework.tests.dll" id="43b2bf9f-a3dd-498e-b504-a635ca5245fd">
      <Execution id="a23e8fea-5278-4a13-bba7-c1f450f75517" />
      <TestMethod codeBase="D:\SFERRARI\01 - TRABAJO\repos\netcore\libs\template-netcore-entityframework\Kitpymes.Core.EntityFramework.Tests\bin\Release\net5.0\Kitpymes.Core.EntityFramework.Tests.dll" adapterTypeName="executor://mstestadapter/v2" className="Kitpymes.Core.EntityFramework.Tests.EntityFrameworkRepositoryTests" name="UpdateAsynchronous" />
    </UnitTest>
    <UnitTest name="GetPagedAsyncWhere" storage="d:\sferrari\01 - trabajo\repos\netcore\libs\template-netcore-entityframework\kitpymes.core.entityframework.tests\bin\release\net5.0\kitpymes.core.entityframework.tests.dll" id="5bcf8af6-eee5-4278-9eda-ec6d75572d4f">
      <Execution id="299da070-bb79-44fd-b4d0-d06ae0bf4c78" />
      <TestMethod codeBase="D:\SFERRARI\01 - TRABAJO\repos\netcore\libs\template-netcore-entityframework\Kitpymes.Core.EntityFramework.Tests\bin\Release\net5.0\Kitpymes.Core.EntityFramework.Tests.dll" adapterTypeName="executor://mstestadapter/v2" className="Kitpymes.Core.EntityFramework.Tests.EntityFrameworkRepositoryTests" name="GetPagedAsyncWhere" />
    </UnitTest>
    <UnitTest name="UpdateValueObject" storage="d:\sferrari\01 - trabajo\repos\netcore\libs\template-netcore-entityframework\kitpymes.core.entityframework.tests\bin\release\net5.0\kitpymes.core.entityframework.tests.dll" id="61609053-62af-4174-9d5f-177f609322f6">
      <Execution id="adb629b1-b436-40c1-a5fa-3f8d116677c7" />
      <TestMethod codeBase="D:\SFERRARI\01 - TRABAJO\repos\netcore\libs\template-netcore-entityframework\Kitpymes.Core.EntityFramework.Tests\bin\Release\net5.0\Kitpymes.Core.EntityFramework.Tests.dll" adapterTypeName="executor://mstestadapter/v2" className="Kitpymes.Core.EntityFramework.Tests.EntityFrameworkRepositoryTests" name="UpdateValueObject" />
    </UnitTest>
    <UnitTest name="AddAsync" storage="d:\sferrari\01 - trabajo\repos\netcore\libs\template-netcore-entityframework\kitpymes.core.entityframework.tests\bin\release\net5.0\kitpymes.core.entityframework.tests.dll" id="228fe240-6b72-4b60-8245-d8d6f7fb13c1">
      <Execution id="26398f3c-bdfe-4a70-b018-9ea5e934b030" />
      <TestMethod codeBase="D:\SFERRARI\01 - TRABAJO\repos\netcore\libs\template-netcore-entityframework\Kitpymes.Core.EntityFramework.Tests\bin\Release\net5.0\Kitpymes.Core.EntityFramework.Tests.dll" adapterTypeName="executor://mstestadapter/v2" className="Kitpymes.Core.EntityFramework.Tests.EntityFrameworkRepositoryTests" name="AddAsync" />
    </UnitTest>
    <UnitTest name="DeleteWhereAsynchronous" storage="d:\sferrari\01 - trabajo\repos\netcore\libs\template-netcore-entityframework\kitpymes.core.entityframework.tests\bin\release\net5.0\kitpymes.core.entityframework.tests.dll" id="9eb5f2f7-402e-4751-b8fd-ba2601030e07">
      <Execution id="c5781ea1-d13d-4b2e-878a-ac164370e5d5" />
      <TestMethod codeBase="D:\SFERRARI\01 - TRABAJO\repos\netcore\libs\template-netcore-entityframework\Kitpymes.Core.EntityFramework.Tests\bin\Release\net5.0\Kitpymes.Core.EntityFramework.Tests.dll" adapterTypeName="executor://mstestadapter/v2" className="Kitpymes.Core.EntityFramework.Tests.EntityFrameworkRepositoryTests" name="DeleteWhereAsynchronous" />
    </UnitTest>
    <UnitTest name="GetOneAsyncWhereIncludesSelect" storage="d:\sferrari\01 - trabajo\repos\netcore\libs\template-netcore-entityframework\kitpymes.core.entityframework.tests\bin\release\net5.0\kitpymes.core.entityframework.tests.dll" id="e4982a59-2d8d-42f9-a0d5-c2d2c0ce38c0">
      <Execution id="9c2c506e-c8b2-4a3e-be68-f9f3287cc9ab" />
      <TestMethod codeBase="D:\SFERRARI\01 - TRABAJO\repos\netcore\libs\template-netcore-entityframework\Kitpymes.Core.EntityFramework.Tests\bin\Release\net5.0\Kitpymes.Core.EntityFramework.Tests.dll" adapterTypeName="executor://mstestadapter/v2" className="Kitpymes.Core.EntityFramework.Tests.EntityFrameworkRepositoryTests" name="GetOneAsyncWhereIncludesSelect" />
    </UnitTest>
    <UnitTest name="GetAllWhereSelect" storage="d:\sferrari\01 - trabajo\repos\netcore\libs\template-netcore-entityframework\kitpymes.core.entityframework.tests\bin\release\net5.0\kitpymes.core.entityframework.tests.dll" id="99dbd233-80fc-4024-9ac0-79ef2e37a5e3">
      <Execution id="6fa56678-0ff6-4d81-ae64-b13cc0e6a96e" />
      <TestMethod codeBase="D:\SFERRARI\01 - TRABAJO\repos\netcore\libs\template-netcore-entityframework\Kitpymes.Core.EntityFramework.Tests\bin\Release\net5.0\Kitpymes.Core.EntityFramework.Tests.dll" adapterTypeName="executor://mstestadapter/v2" className="Kitpymes.Core.EntityFramework.Tests.EntityFrameworkRepositoryTests" name="GetAllWhereSelect" />
    </UnitTest>
    <UnitTest name="GetAllAsyncWhereSelect" storage="d:\sferrari\01 - trabajo\repos\netcore\libs\template-netcore-entityframework\kitpymes.core.entityframework.tests\bin\release\net5.0\kitpymes.core.entityframework.tests.dll" id="52b338ca-e7d6-4196-a032-f80e80a60b08">
      <Execution id="9b2faecb-62eb-466a-9992-9882d87870d1" />
      <TestMethod codeBase="D:\SFERRARI\01 - TRABAJO\repos\netcore\libs\template-netcore-entityframework\Kitpymes.Core.EntityFramework.Tests\bin\Release\net5.0\Kitpymes.Core.EntityFramework.Tests.dll" adapterTypeName="executor://mstestadapter/v2" className="Kitpymes.Core.EntityFramework.Tests.EntityFrameworkRepositoryTests" name="GetAllAsyncWhereSelect" />
    </UnitTest>
    <UnitTest name="StatusActiveConvert" storage="d:\sferrari\01 - trabajo\repos\netcore\libs\template-netcore-entityframework\kitpymes.core.entityframework.tests\bin\release\net5.0\kitpymes.core.entityframework.tests.dll" id="6b697b7b-5414-459c-964e-cb688ecbbd7d">
      <Execution id="83161308-a6da-4808-9ab4-6d8fbeb484e5" />
      <TestMethod codeBase="D:\SFERRARI\01 - TRABAJO\repos\netcore\libs\template-netcore-entityframework\Kitpymes.Core.EntityFramework.Tests\bin\Release\net5.0\Kitpymes.Core.EntityFramework.Tests.dll" adapterTypeName="executor://mstestadapter/v2" className="Kitpymes.Core.EntityFramework.Tests.EntityFrameworkConverterTests" name="StatusActiveConvert" />
    </UnitTest>
    <UnitTest name="GetAllWhereIncludesSelect" storage="d:\sferrari\01 - trabajo\repos\netcore\libs\template-netcore-entityframework\kitpymes.core.entityframework.tests\bin\release\net5.0\kitpymes.core.entityframework.tests.dll" id="1908bea1-44bf-4ad8-8b76-2fa66cd49334">
      <Execution id="9ff13414-5396-4947-afd6-d353015ee51e" />
      <TestMethod codeBase="D:\SFERRARI\01 - TRABAJO\repos\netcore\libs\template-netcore-entityframework\Kitpymes.Core.EntityFramework.Tests\bin\Release\net5.0\Kitpymes.Core.EntityFramework.Tests.dll" adapterTypeName="executor://mstestadapter/v2" className="Kitpymes.Core.EntityFramework.Tests.EntityFrameworkRepositoryTests" name="GetAllWhereIncludesSelect" />
    </UnitTest>
    <UnitTest name="Delete" storage="d:\sferrari\01 - trabajo\repos\netcore\libs\template-netcore-entityframework\kitpymes.core.entityframework.tests\bin\release\net5.0\kitpymes.core.entityframework.tests.dll" id="dcd6f6ee-a7b2-412b-a06e-c1b32b072cf2">
      <Execution id="a11eb28d-a363-4e42-83c5-8b219dbfca18" />
      <TestMethod codeBase="D:\SFERRARI\01 - TRABAJO\repos\netcore\libs\template-netcore-entityframework\Kitpymes.Core.EntityFramework.Tests\bin\Release\net5.0\Kitpymes.Core.EntityFramework.Tests.dll" adapterTypeName="executor://mstestadapter/v2" className="Kitpymes.Core.EntityFramework.Tests.EntityFrameworkRepositoryTests" name="Delete" />
    </UnitTest>
    <UnitTest name="DeleteWhere" storage="d:\sferrari\01 - trabajo\repos\netcore\libs\template-netcore-entityframework\kitpymes.core.entityframework.tests\bin\release\net5.0\kitpymes.core.entityframework.tests.dll" id="0ca41d91-4cdf-4d3f-831b-c4a5eb02c310">
      <Execution id="7bf62b05-70f0-4c61-bd2f-551f39a3e338" />
      <TestMethod codeBase="D:\SFERRARI\01 - TRABAJO\repos\netcore\libs\template-netcore-entityframework\Kitpymes.Core.EntityFramework.Tests\bin\Release\net5.0\Kitpymes.Core.EntityFramework.Tests.dll" adapterTypeName="executor://mstestadapter/v2" className="Kitpymes.Core.EntityFramework.Tests.EntityFrameworkRepositoryTests" name="DeleteWhere" />
    </UnitTest>
    <UnitTest name="AnyWhere" storage="d:\sferrari\01 - trabajo\repos\netcore\libs\template-netcore-entityframework\kitpymes.core.entityframework.tests\bin\release\net5.0\kitpymes.core.entityframework.tests.dll" id="f11ea638-efaa-482a-9aea-2e08fa7df2f6">
      <Execution id="250039e9-6457-45ae-9858-d9cfa1d30d39" />
      <TestMethod codeBase="D:\SFERRARI\01 - TRABAJO\repos\netcore\libs\template-netcore-entityframework\Kitpymes.Core.EntityFramework.Tests\bin\Release\net5.0\Kitpymes.Core.EntityFramework.Tests.dll" adapterTypeName="executor://mstestadapter/v2" className="Kitpymes.Core.EntityFramework.Tests.EntityFrameworkRepositoryTests" name="AnyWhere" />
    </UnitTest>
    <UnitTest name="CountWhereAsync" storage="d:\sferrari\01 - trabajo\repos\netcore\libs\template-netcore-entityframework\kitpymes.core.entityframework.tests\bin\release\net5.0\kitpymes.core.entityframework.tests.dll" id="bffdc218-8d1c-4adb-bf38-9635f9ae3334">
      <Execution id="a713af1b-1e63-4c45-8a9d-38e9903cd336" />
      <TestMethod codeBase="D:\SFERRARI\01 - TRABAJO\repos\netcore\libs\template-netcore-entityframework\Kitpymes.Core.EntityFramework.Tests\bin\Release\net5.0\Kitpymes.Core.EntityFramework.Tests.dll" adapterTypeName="executor://mstestadapter/v2" className="Kitpymes.Core.EntityFramework.Tests.EntityFrameworkRepositoryTests" name="CountWhereAsync" />
    </UnitTest>
    <UnitTest name="GetOneAsyncWhere" storage="d:\sferrari\01 - trabajo\repos\netcore\libs\template-netcore-entityframework\kitpymes.core.entityframework.tests\bin\release\net5.0\kitpymes.core.entityframework.tests.dll" id="2f1edcd4-f693-43b8-92de-ebadcdd21462">
      <Execution id="7e905552-ecd2-40c1-af62-3aac8aec13d8" />
      <TestMethod codeBase="D:\SFERRARI\01 - TRABAJO\repos\netcore\libs\template-netcore-entityframework\Kitpymes.Core.EntityFramework.Tests\bin\Release\net5.0\Kitpymes.Core.EntityFramework.Tests.dll" adapterTypeName="executor://mstestadapter/v2" className="Kitpymes.Core.EntityFramework.Tests.EntityFrameworkRepositoryTests" name="GetOneAsyncWhere" />
    </UnitTest>
    <UnitTest name="NameConvert" storage="d:\sferrari\01 - trabajo\repos\netcore\libs\template-netcore-entityframework\kitpymes.core.entityframework.tests\bin\release\net5.0\kitpymes.core.entityframework.tests.dll" id="6ed98692-b807-4313-80dd-4411080a9739">
      <Execution id="ce8a777d-9bc9-4c51-aadb-e8dfd717e259" />
      <TestMethod codeBase="D:\SFERRARI\01 - TRABAJO\repos\netcore\libs\template-netcore-entityframework\Kitpymes.Core.EntityFramework.Tests\bin\Release\net5.0\Kitpymes.Core.EntityFramework.Tests.dll" adapterTypeName="executor://mstestadapter/v2" className="Kitpymes.Core.EntityFramework.Tests.EntityFrameworkConverterTests" name="NameConvert" />
    </UnitTest>
    <UnitTest name="GetOneAsyncWhereInclude" storage="d:\sferrari\01 - trabajo\repos\netcore\libs\template-netcore-entityframework\kitpymes.core.entityframework.tests\bin\release\net5.0\kitpymes.core.entityframework.tests.dll" id="cb8489d9-e0a0-4dd3-9f3a-114e5b2c6c1b">
      <Execution id="8f5e05dd-f36f-4b07-9622-db7963a408d2" />
      <TestMethod codeBase="D:\SFERRARI\01 - TRABAJO\repos\netcore\libs\template-netcore-entityframework\Kitpymes.Core.EntityFramework.Tests\bin\Release\net5.0\Kitpymes.Core.EntityFramework.Tests.dll" adapterTypeName="executor://mstestadapter/v2" className="Kitpymes.Core.EntityFramework.Tests.EntityFrameworkRepositoryTests" name="GetOneAsyncWhereInclude" />
    </UnitTest>
    <UnitTest name="GetAll" storage="d:\sferrari\01 - trabajo\repos\netcore\libs\template-netcore-entityframework\kitpymes.core.entityframework.tests\bin\release\net5.0\kitpymes.core.entityframework.tests.dll" id="c5682aae-c9f3-423c-bedc-affc2ee763e8">
      <Execution id="f286949d-55c3-4121-a659-6633a926d597" />
      <TestMethod codeBase="D:\SFERRARI\01 - TRABAJO\repos\netcore\libs\template-netcore-entityframework\Kitpymes.Core.EntityFramework.Tests\bin\Release\net5.0\Kitpymes.Core.EntityFramework.Tests.dll" adapterTypeName="executor://mstestadapter/v2" className="Kitpymes.Core.EntityFramework.Tests.EntityFrameworkRepositoryTests" name="GetAll" />
    </UnitTest>
    <UnitTest name="UpdatePartial" storage="d:\sferrari\01 - trabajo\repos\netcore\libs\template-netcore-entityframework\kitpymes.core.entityframework.tests\bin\release\net5.0\kitpymes.core.entityframework.tests.dll" id="c1a2c1de-8785-4365-ae54-7fa2acebd223">
      <Execution id="397673f4-3306-4be5-9aec-bcdcdf2f29a3" />
      <TestMethod codeBase="D:\SFERRARI\01 - TRABAJO\repos\netcore\libs\template-netcore-entityframework\Kitpymes.Core.EntityFramework.Tests\bin\Release\net5.0\Kitpymes.Core.EntityFramework.Tests.dll" adapterTypeName="executor://mstestadapter/v2" className="Kitpymes.Core.EntityFramework.Tests.EntityFrameworkRepositoryTests" name="UpdatePartial" />
    </UnitTest>
    <UnitTest name="Update" storage="d:\sferrari\01 - trabajo\repos\netcore\libs\template-netcore-entityframework\kitpymes.core.entityframework.tests\bin\release\net5.0\kitpymes.core.entityframework.tests.dll" id="dbf023d3-a5a2-450a-9fd5-e503bc99a008">
      <Execution id="c187fff3-62c2-4ea9-a71a-38299966a1c6" />
      <TestMethod codeBase="D:\SFERRARI\01 - TRABAJO\repos\netcore\libs\template-netcore-entityframework\Kitpymes.Core.EntityFramework.Tests\bin\Release\net5.0\Kitpymes.Core.EntityFramework.Tests.dll" adapterTypeName="executor://mstestadapter/v2" className="Kitpymes.Core.EntityFramework.Tests.EntityFrameworkRepositoryTests" name="Update" />
    </UnitTest>
    <UnitTest name="GetOneAsyncWhereSelect" storage="d:\sferrari\01 - trabajo\repos\netcore\libs\template-netcore-entityframework\kitpymes.core.entityframework.tests\bin\release\net5.0\kitpymes.core.entityframework.tests.dll" id="451866da-f62a-40fa-8e07-365fd45f47fb">
      <Execution id="754c037c-7d50-4fb5-8d09-3c3d7816ac95" />
      <TestMethod codeBase="D:\SFERRARI\01 - TRABAJO\repos\netcore\libs\template-netcore-entityframework\Kitpymes.Core.EntityFramework.Tests\bin\Release\net5.0\Kitpymes.Core.EntityFramework.Tests.dll" adapterTypeName="executor://mstestadapter/v2" className="Kitpymes.Core.EntityFramework.Tests.EntityFrameworkRepositoryTests" name="GetOneAsyncWhereSelect" />
    </UnitTest>
  </TestDefinitions>
  <TestEntries>
    <TestEntry testId="e4e3fa55-cd83-4a66-8a7f-ec29e3ad7d92" executionId="2700c1a6-72ad-4e38-8223-e0bd65320040" testListId="8c84fa94-04c1-424b-9868-57a2d4851a1d" />
    <TestEntry testId="52b338ca-e7d6-4196-a032-f80e80a60b08" executionId="9b2faecb-62eb-466a-9992-9882d87870d1" testListId="8c84fa94-04c1-424b-9868-57a2d4851a1d" />
    <TestEntry testId="228fe240-6b72-4b60-8245-d8d6f7fb13c1" executionId="26398f3c-bdfe-4a70-b018-9ea5e934b030" testListId="8c84fa94-04c1-424b-9868-57a2d4851a1d" />
    <TestEntry testId="ef3ce41d-9981-4232-a29c-4b14eba7bb44" executionId="16c2eb36-ddbf-401b-b9d1-2abe789dfde9" testListId="8c84fa94-04c1-424b-9868-57a2d4851a1d" />
    <TestEntry testId="451866da-f62a-40fa-8e07-365fd45f47fb" executionId="754c037c-7d50-4fb5-8d09-3c3d7816ac95" testListId="8c84fa94-04c1-424b-9868-57a2d4851a1d" />
    <TestEntry testId="676a5f62-07d7-4c25-bff8-0db1746d1881" executionId="f0c95e9f-fcff-49d7-a0b4-58b333f0bf7b" testListId="8c84fa94-04c1-424b-9868-57a2d4851a1d" />
    <TestEntry testId="5bcf8af6-eee5-4278-9eda-ec6d75572d4f" executionId="299da070-bb79-44fd-b4d0-d06ae0bf4c78" testListId="8c84fa94-04c1-424b-9868-57a2d4851a1d" />
    <TestEntry testId="0567146e-0608-4fcc-8c78-1154702dbb73" executionId="cff65317-460e-4287-a870-d1700a455e8a" testListId="8c84fa94-04c1-424b-9868-57a2d4851a1d" />
    <TestEntry testId="0c5072f0-0ab3-4b37-80a4-2df3bba4d32c" executionId="a0637453-7f6f-430a-81a1-f9dd155cbce8" testListId="8c84fa94-04c1-424b-9868-57a2d4851a1d" />
    <TestEntry testId="e144a8f6-a2d0-48c5-9d3f-81db61285e2b" executionId="34d5d6eb-3490-454f-a1b5-764f787dc90d" testListId="8c84fa94-04c1-424b-9868-57a2d4851a1d" />
    <TestEntry testId="21786632-56c3-4c3d-a286-62c0eae4ae09" executionId="4048c1ce-2ab5-4f5d-ba64-833c25eba5e2" testListId="8c84fa94-04c1-424b-9868-57a2d4851a1d" />
    <TestEntry testId="9eb5f2f7-402e-4751-b8fd-ba2601030e07" executionId="c5781ea1-d13d-4b2e-878a-ac164370e5d5" testListId="8c84fa94-04c1-424b-9868-57a2d4851a1d" />
    <TestEntry testId="61609053-62af-4174-9d5f-177f609322f6" executionId="adb629b1-b436-40c1-a5fa-3f8d116677c7" testListId="8c84fa94-04c1-424b-9868-57a2d4851a1d" />
    <TestEntry testId="f2bbec9f-5a82-4abf-b17f-9469c14a83cf" executionId="4fb7f80d-57a3-4348-be1f-8be88ac29e3a" testListId="8c84fa94-04c1-424b-9868-57a2d4851a1d" />
    <TestEntry testId="1c7d62a4-aef2-484a-98eb-879973f29191" executionId="c50d2655-7ce7-423c-94e9-b33bde20fe87" testListId="8c84fa94-04c1-424b-9868-57a2d4851a1d" />
    <TestEntry testId="26eea94c-8f31-43d0-92b0-ef370a9ef599" executionId="f665090e-2ba5-4a18-9569-31f9fc9f8614" testListId="8c84fa94-04c1-424b-9868-57a2d4851a1d" />
    <TestEntry testId="69ada3da-819e-4f23-b5cf-421a87a18ddd" executionId="4aede406-4879-497f-b290-b99707bc0ec9" testListId="8c84fa94-04c1-424b-9868-57a2d4851a1d" />
    <TestEntry testId="7f530ca6-964b-457c-a06b-1c1dcfef5afd" executionId="db61f182-ae01-49a4-8bec-d327e2ef1fe7" testListId="8c84fa94-04c1-424b-9868-57a2d4851a1d" />
    <TestEntry testId="6ed98692-b807-4313-80dd-4411080a9739" executionId="ce8a777d-9bc9-4c51-aadb-e8dfd717e259" testListId="8c84fa94-04c1-424b-9868-57a2d4851a1d" />
    <TestEntry testId="1f6a0eb9-5ce6-4878-b102-2a95bbd8dc36" executionId="0a9d095e-1832-4433-8e39-5c7bd38a99bb" testListId="8c84fa94-04c1-424b-9868-57a2d4851a1d" />
    <TestEntry testId="162581a7-63b9-4448-9334-59bde9bb8e89" executionId="b7c7dd26-7c07-4aab-98af-96fae15e29da" testListId="8c84fa94-04c1-424b-9868-57a2d4851a1d" />
    <TestEntry testId="44dc81fc-f3b7-4c8a-9175-54ea0f4b0ef8" executionId="8065715a-84a3-4fcb-a956-4981ba545c7b" testListId="8c84fa94-04c1-424b-9868-57a2d4851a1d" />
    <TestEntry testId="c4ede28e-f849-448a-9f13-e1d0678be515" executionId="3fce26d5-ce7c-4424-8e5c-6430d93871fc" testListId="8c84fa94-04c1-424b-9868-57a2d4851a1d" />
    <TestEntry testId="7991fab4-81e6-415a-ad34-65afa519da49" executionId="59f383c2-a15b-40ac-a15a-b74b99acd7b4" testListId="8c84fa94-04c1-424b-9868-57a2d4851a1d" />
    <TestEntry testId="1908bea1-44bf-4ad8-8b76-2fa66cd49334" executionId="9ff13414-5396-4947-afd6-d353015ee51e" testListId="8c84fa94-04c1-424b-9868-57a2d4851a1d" />
    <TestEntry testId="46f2ea0a-4ada-4c69-b7ef-dd0f65a7962b" executionId="80477a67-2644-488c-95b8-a2de9e052b1b" testListId="8c84fa94-04c1-424b-9868-57a2d4851a1d" />
    <TestEntry testId="dcd6f6ee-a7b2-412b-a06e-c1b32b072cf2" executionId="a11eb28d-a363-4e42-83c5-8b219dbfca18" testListId="8c84fa94-04c1-424b-9868-57a2d4851a1d" />
    <TestEntry testId="5134f9e2-85c4-4b0b-9e28-0ac77e59efd1" executionId="4b0ae92d-1bd0-470b-ad90-30be5151ef73" testListId="8c84fa94-04c1-424b-9868-57a2d4851a1d" />
    <TestEntry testId="cf7a5e9a-2acd-4ce4-aaca-46171aa2e1f4" executionId="07f70d47-fd43-4aef-b9fb-79dbfd30d16a" testListId="8c84fa94-04c1-424b-9868-57a2d4851a1d" />
    <TestEntry testId="e6999583-ae71-49a4-9f77-a044e3c7370e" executionId="4516f8a0-3748-4a79-b413-7b805530d06e" testListId="8c84fa94-04c1-424b-9868-57a2d4851a1d" />
    <TestEntry testId="38fb9f73-e8f5-4ec3-8d7b-2236209d5252" executionId="76135f9d-37de-47dd-b3a4-5fc195e66d63" testListId="8c84fa94-04c1-424b-9868-57a2d4851a1d" />
    <TestEntry testId="6b697b7b-5414-459c-964e-cb688ecbbd7d" executionId="83161308-a6da-4808-9ab4-6d8fbeb484e5" testListId="8c84fa94-04c1-424b-9868-57a2d4851a1d" />
    <TestEntry testId="0ca41d91-4cdf-4d3f-831b-c4a5eb02c310" executionId="7bf62b05-70f0-4c61-bd2f-551f39a3e338" testListId="8c84fa94-04c1-424b-9868-57a2d4851a1d" />
    <TestEntry testId="570ceb0e-85b0-44da-942f-4be1575b83f7" executionId="c07e65da-6699-4d75-a54e-0bf1ed1a1c0d" testListId="8c84fa94-04c1-424b-9868-57a2d4851a1d" />
    <TestEntry testId="50130c81-4c0c-4ef7-a7ed-4b6012fdf014" executionId="ad6bc19f-61ca-4569-913d-d94a4a452d9a" testListId="8c84fa94-04c1-424b-9868-57a2d4851a1d" />
    <TestEntry testId="29489a8b-da1e-4c59-be2c-83ad1d4fe968" executionId="936a838e-c0c4-46b6-8c81-cfbfc0e8f756" testListId="8c84fa94-04c1-424b-9868-57a2d4851a1d" />
    <TestEntry testId="075b31a5-d1e9-49de-b3e1-6852a4958bc9" executionId="ab2bb043-b399-4876-8c9d-46a378492d6e" testListId="8c84fa94-04c1-424b-9868-57a2d4851a1d" />
    <TestEntry testId="43b2bf9f-a3dd-498e-b504-a635ca5245fd" executionId="a23e8fea-5278-4a13-bba7-c1f450f75517" testListId="8c84fa94-04c1-424b-9868-57a2d4851a1d" />
    <TestEntry testId="e9969af6-ebe9-438a-bd8b-49f717194955" executionId="ba72cb06-be16-4035-84d2-8a3e23d1e2ed" testListId="8c84fa94-04c1-424b-9868-57a2d4851a1d" />
    <TestEntry testId="06727ad7-7cdd-4c2a-8985-3e7be62c618e" executionId="72b22ca4-003d-4349-be44-1438ff4c43d1" testListId="8c84fa94-04c1-424b-9868-57a2d4851a1d" />
    <TestEntry testId="2f1edcd4-f693-43b8-92de-ebadcdd21462" executionId="7e905552-ecd2-40c1-af62-3aac8aec13d8" testListId="8c84fa94-04c1-424b-9868-57a2d4851a1d" />
    <TestEntry testId="69b5a3cb-6340-4254-a835-cbecf9ccb49b" executionId="7f8088d3-2168-494e-86c7-aa4b8bb9e6fa" testListId="8c84fa94-04c1-424b-9868-57a2d4851a1d" />
    <TestEntry testId="93eb6a5e-8e33-4b60-be79-9d1ab1cfe3e5" executionId="856d1dcf-018b-455c-aead-eef9c2160d41" testListId="8c84fa94-04c1-424b-9868-57a2d4851a1d" />
    <TestEntry testId="dbf023d3-a5a2-450a-9fd5-e503bc99a008" executionId="c187fff3-62c2-4ea9-a71a-38299966a1c6" testListId="8c84fa94-04c1-424b-9868-57a2d4851a1d" />
    <TestEntry testId="e4982a59-2d8d-42f9-a0d5-c2d2c0ce38c0" executionId="9c2c506e-c8b2-4a3e-be68-f9f3287cc9ab" testListId="8c84fa94-04c1-424b-9868-57a2d4851a1d" />
    <TestEntry testId="604d3033-4b31-4200-8979-a4d7016f37f6" executionId="4d97dc35-8903-477c-85d7-e2435dfc6daf" testListId="8c84fa94-04c1-424b-9868-57a2d4851a1d" />
    <TestEntry testId="4e60adcd-000f-4f29-b532-0c58bb0afbfb" executionId="61cafe88-bb7d-4403-a492-d8f33da7998b" testListId="8c84fa94-04c1-424b-9868-57a2d4851a1d" />
    <TestEntry testId="908c3d0d-38f5-483a-bd0f-d0a1323da6ea" executionId="f08b2f5d-968a-4f51-b5eb-a143a6f4ffb4" testListId="8c84fa94-04c1-424b-9868-57a2d4851a1d" />
    <TestEntry testId="22fbe365-0ff8-4307-99ba-edd403049670" executionId="78da2579-5a3f-421f-a421-8071555610ff" testListId="8c84fa94-04c1-424b-9868-57a2d4851a1d" />
    <TestEntry testId="f4621f6a-5422-4f52-97d4-d1c0f68a0cec" executionId="ed314408-e183-4704-9c53-1a1a5efeee58" testListId="8c84fa94-04c1-424b-9868-57a2d4851a1d" />
    <TestEntry testId="c5682aae-c9f3-423c-bedc-affc2ee763e8" executionId="f286949d-55c3-4121-a659-6633a926d597" testListId="8c84fa94-04c1-424b-9868-57a2d4851a1d" />
    <TestEntry testId="6e521e4a-092d-49dc-913f-70dc33fb443b" executionId="65dfec63-005c-4a7d-9648-8f439bc9e87b" testListId="8c84fa94-04c1-424b-9868-57a2d4851a1d" />
    <TestEntry testId="99dbd233-80fc-4024-9ac0-79ef2e37a5e3" executionId="6fa56678-0ff6-4d81-ae64-b13cc0e6a96e" testListId="8c84fa94-04c1-424b-9868-57a2d4851a1d" />
    <TestEntry testId="c1a2c1de-8785-4365-ae54-7fa2acebd223" executionId="397673f4-3306-4be5-9aec-bcdcdf2f29a3" testListId="8c84fa94-04c1-424b-9868-57a2d4851a1d" />
    <TestEntry testId="17f6fafc-9555-4d56-9755-e108ca2054fe" executionId="67e35770-eb11-4fa3-8ade-9df2c20f9fd8" testListId="8c84fa94-04c1-424b-9868-57a2d4851a1d" />
    <TestEntry testId="a0c0bfe0-efbd-4cd0-a08c-5aedbf34acd5" executionId="76e61df2-fab6-4df6-9653-dafd83a52386" testListId="8c84fa94-04c1-424b-9868-57a2d4851a1d" />
    <TestEntry testId="f5438c1a-7e09-4b23-ae71-6582a45c49b7" executionId="366b6658-e309-4f97-8e66-12e024815de1" testListId="8c84fa94-04c1-424b-9868-57a2d4851a1d" />
    <TestEntry testId="cb8489d9-e0a0-4dd3-9f3a-114e5b2c6c1b" executionId="8f5e05dd-f36f-4b07-9622-db7963a408d2" testListId="8c84fa94-04c1-424b-9868-57a2d4851a1d" />
    <TestEntry testId="bffdc218-8d1c-4adb-bf38-9635f9ae3334" executionId="a713af1b-1e63-4c45-8a9d-38e9903cd336" testListId="8c84fa94-04c1-424b-9868-57a2d4851a1d" />
    <TestEntry testId="f11ea638-efaa-482a-9aea-2e08fa7df2f6" executionId="250039e9-6457-45ae-9858-d9cfa1d30d39" testListId="8c84fa94-04c1-424b-9868-57a2d4851a1d" />
    <TestEntry testId="1c3dd2d4-a976-4604-92c4-eae6a31c47a7" executionId="0d546825-e3d6-4dba-a9e7-d6d24e746a3e" testListId="8c84fa94-04c1-424b-9868-57a2d4851a1d" />
  </TestEntries>
  <TestLists>
    <TestList name="Resultados sin formato de lista" id="8c84fa94-04c1-424b-9868-57a2d4851a1d" />
    <TestList name="Todos los resultados cargados" id="19431567-8539-422a-85d7-44ee4e166bda" />
  </TestLists>
  <ResultSummary outcome="Completed">
    <Counters total="61" executed="61" passed="61" failed="0" error="0" timeout="0" aborted="0" inconclusive="0" passedButRunAborted="0" notRunnable="0" notExecuted="0" disconnected="0" warning="0" completed="0" inProgress="0" pending="0" />
  </ResultSummary>
</TestRun>